[DEBUG] 2021-04-15 12:37:23.766 [main] IntegratorServiceImpl - Adding Integrator [org.hibernate.cfg.beanvalidation.BeanValidationIntegrator].
[DEBUG] 2021-04-15 12:37:23.783 [main] IntegratorServiceImpl - Adding Integrator [org.hibernate.secure.spi.JaccIntegrator].
[DEBUG] 2021-04-15 12:37:23.794 [main] IntegratorServiceImpl - Adding Integrator [org.hibernate.cache.internal.CollectionCacheInvalidator].
[INFO ] 2021-04-15 12:37:23.991 [main] Version - HHH000412: Hibernate Core {5.4.4.Final}
[DEBUG] 2021-04-15 12:37:23.995 [main] Environment - HHH000206: hibernate.properties not found
[DEBUG] 2021-04-15 12:37:24.461 [main] JaxbCfgProcessor - cfg.xml document did not define namespaces; wrapping in custom event reader to introduce namespace information
[DEBUG] 2021-04-15 12:37:25.005 [main] ServiceBinding - Overriding existing service binding [org.hibernate.secure.spi.JaccService]
[DEBUG] 2021-04-15 12:37:25.063 [main] RegionFactoryInitiator - Cannot default RegionFactory based on registered strategies as `[]` RegionFactory strategies were registered
[DEBUG] 2021-04-15 12:37:25.067 [main] RegionFactoryInitiator - Cache region factory : org.hibernate.cache.internal.NoCachingRegionFactory
[INFO ] 2021-04-15 12:37:25.129 [main] Version - HCANN000001: Hibernate Commons Annotations {5.1.0.Final}
[DEBUG] 2021-04-15 12:37:25.256 [main] BasicTypeRegistry - Adding type registration boolean -> org.hibernate.type.BooleanType@4567e53d
[DEBUG] 2021-04-15 12:37:25.257 [main] BasicTypeRegistry - Adding type registration boolean -> org.hibernate.type.BooleanType@4567e53d
[DEBUG] 2021-04-15 12:37:25.257 [main] BasicTypeRegistry - Adding type registration java.lang.Boolean -> org.hibernate.type.BooleanType@4567e53d
[DEBUG] 2021-04-15 12:37:25.259 [main] BasicTypeRegistry - Adding type registration numeric_boolean -> org.hibernate.type.NumericBooleanType@4074023c
[DEBUG] 2021-04-15 12:37:25.260 [main] BasicTypeRegistry - Adding type registration true_false -> org.hibernate.type.TrueFalseType@6e91893
[DEBUG] 2021-04-15 12:37:25.262 [main] BasicTypeRegistry - Adding type registration yes_no -> org.hibernate.type.YesNoType@1a35993f
[DEBUG] 2021-04-15 12:37:25.266 [main] BasicTypeRegistry - Adding type registration byte -> org.hibernate.type.ByteType@14e2e1c3
[DEBUG] 2021-04-15 12:37:25.267 [main] BasicTypeRegistry - Adding type registration byte -> org.hibernate.type.ByteType@14e2e1c3
[DEBUG] 2021-04-15 12:37:25.267 [main] BasicTypeRegistry - Adding type registration java.lang.Byte -> org.hibernate.type.ByteType@14e2e1c3
[DEBUG] 2021-04-15 12:37:25.271 [main] BasicTypeRegistry - Adding type registration character -> org.hibernate.type.CharacterType@aac3f4e
[DEBUG] 2021-04-15 12:37:25.271 [main] BasicTypeRegistry - Adding type registration char -> org.hibernate.type.CharacterType@aac3f4e
[DEBUG] 2021-04-15 12:37:25.273 [main] BasicTypeRegistry - Adding type registration java.lang.Character -> org.hibernate.type.CharacterType@aac3f4e
[DEBUG] 2021-04-15 12:37:25.276 [main] BasicTypeRegistry - Adding type registration short -> org.hibernate.type.ShortType@6edcd0d8
[DEBUG] 2021-04-15 12:37:25.276 [main] BasicTypeRegistry - Adding type registration short -> org.hibernate.type.ShortType@6edcd0d8
[DEBUG] 2021-04-15 12:37:25.277 [main] BasicTypeRegistry - Adding type registration java.lang.Short -> org.hibernate.type.ShortType@6edcd0d8
[DEBUG] 2021-04-15 12:37:25.279 [main] BasicTypeRegistry - Adding type registration integer -> org.hibernate.type.IntegerType@2a27cb34
[DEBUG] 2021-04-15 12:37:25.279 [main] BasicTypeRegistry - Adding type registration int -> org.hibernate.type.IntegerType@2a27cb34
[DEBUG] 2021-04-15 12:37:25.279 [main] BasicTypeRegistry - Adding type registration java.lang.Integer -> org.hibernate.type.IntegerType@2a27cb34
[DEBUG] 2021-04-15 12:37:25.281 [main] BasicTypeRegistry - Adding type registration long -> org.hibernate.type.LongType@64aad6db
[DEBUG] 2021-04-15 12:37:25.281 [main] BasicTypeRegistry - Adding type registration long -> org.hibernate.type.LongType@64aad6db
[DEBUG] 2021-04-15 12:37:25.282 [main] BasicTypeRegistry - Adding type registration java.lang.Long -> org.hibernate.type.LongType@64aad6db
[DEBUG] 2021-04-15 12:37:25.286 [main] BasicTypeRegistry - Adding type registration float -> org.hibernate.type.FloatType@2822c6ff
[DEBUG] 2021-04-15 12:37:25.286 [main] BasicTypeRegistry - Adding type registration float -> org.hibernate.type.FloatType@2822c6ff
[DEBUG] 2021-04-15 12:37:25.286 [main] BasicTypeRegistry - Adding type registration java.lang.Float -> org.hibernate.type.FloatType@2822c6ff
[DEBUG] 2021-04-15 12:37:25.290 [main] BasicTypeRegistry - Adding type registration double -> org.hibernate.type.DoubleType@74ad8d05
[DEBUG] 2021-04-15 12:37:25.290 [main] BasicTypeRegistry - Adding type registration double -> org.hibernate.type.DoubleType@74ad8d05
[DEBUG] 2021-04-15 12:37:25.290 [main] BasicTypeRegistry - Adding type registration java.lang.Double -> org.hibernate.type.DoubleType@74ad8d05
[DEBUG] 2021-04-15 12:37:25.293 [main] BasicTypeRegistry - Adding type registration big_decimal -> org.hibernate.type.BigDecimalType@7159139f
[DEBUG] 2021-04-15 12:37:25.293 [main] BasicTypeRegistry - Adding type registration java.math.BigDecimal -> org.hibernate.type.BigDecimalType@7159139f
[DEBUG] 2021-04-15 12:37:25.294 [main] BasicTypeRegistry - Adding type registration big_integer -> org.hibernate.type.BigIntegerType@37c2eacb
[DEBUG] 2021-04-15 12:37:25.295 [main] BasicTypeRegistry - Adding type registration java.math.BigInteger -> org.hibernate.type.BigIntegerType@37c2eacb
[DEBUG] 2021-04-15 12:37:25.297 [main] BasicTypeRegistry - Adding type registration string -> org.hibernate.type.StringType@385ef531
[DEBUG] 2021-04-15 12:37:25.297 [main] BasicTypeRegistry - Adding type registration java.lang.String -> org.hibernate.type.StringType@385ef531
[DEBUG] 2021-04-15 12:37:25.298 [main] BasicTypeRegistry - Adding type registration nstring -> org.hibernate.type.StringNVarcharType@3cbcd8f3
[DEBUG] 2021-04-15 12:37:25.300 [main] BasicTypeRegistry - Adding type registration ncharacter -> org.hibernate.type.CharacterNCharType@2301b75
[DEBUG] 2021-04-15 12:37:25.303 [main] BasicTypeRegistry - Adding type registration url -> org.hibernate.type.UrlType@4930539b
[DEBUG] 2021-04-15 12:37:25.304 [main] BasicTypeRegistry - Adding type registration java.net.URL -> org.hibernate.type.UrlType@4930539b
[DEBUG] 2021-04-15 12:37:25.305 [main] BasicTypeRegistry - Adding type registration Duration -> org.hibernate.type.DurationType@29a4f594
[DEBUG] 2021-04-15 12:37:25.305 [main] BasicTypeRegistry - Adding type registration java.time.Duration -> org.hibernate.type.DurationType@29a4f594
[DEBUG] 2021-04-15 12:37:25.316 [main] BasicTypeRegistry - Adding type registration Instant -> org.hibernate.type.InstantType@5bca7664
[DEBUG] 2021-04-15 12:37:25.316 [main] BasicTypeRegistry - Adding type registration java.time.Instant -> org.hibernate.type.InstantType@5bca7664
[DEBUG] 2021-04-15 12:37:25.318 [main] BasicTypeRegistry - Adding type registration LocalDateTime -> org.hibernate.type.LocalDateTimeType@78830d9a
[DEBUG] 2021-04-15 12:37:25.318 [main] BasicTypeRegistry - Adding type registration java.time.LocalDateTime -> org.hibernate.type.LocalDateTimeType@78830d9a
[DEBUG] 2021-04-15 12:37:25.321 [main] BasicTypeRegistry - Adding type registration LocalDate -> org.hibernate.type.LocalDateType@7ad54c55
[DEBUG] 2021-04-15 12:37:25.321 [main] BasicTypeRegistry - Adding type registration java.time.LocalDate -> org.hibernate.type.LocalDateType@7ad54c55
[DEBUG] 2021-04-15 12:37:25.323 [main] BasicTypeRegistry - Adding type registration LocalTime -> org.hibernate.type.LocalTimeType@34a0ef00
[DEBUG] 2021-04-15 12:37:25.323 [main] BasicTypeRegistry - Adding type registration java.time.LocalTime -> org.hibernate.type.LocalTimeType@34a0ef00
[DEBUG] 2021-04-15 12:37:25.324 [main] BasicTypeRegistry - Adding type registration OffsetDateTime -> org.hibernate.type.OffsetDateTimeType@e344ad3
[DEBUG] 2021-04-15 12:37:25.325 [main] BasicTypeRegistry - Adding type registration java.time.OffsetDateTime -> org.hibernate.type.OffsetDateTimeType@e344ad3
[DEBUG] 2021-04-15 12:37:25.326 [main] BasicTypeRegistry - Adding type registration OffsetTime -> org.hibernate.type.OffsetTimeType@4cbf4f53
[DEBUG] 2021-04-15 12:37:25.326 [main] BasicTypeRegistry - Adding type registration java.time.OffsetTime -> org.hibernate.type.OffsetTimeType@4cbf4f53
[DEBUG] 2021-04-15 12:37:25.328 [main] BasicTypeRegistry - Adding type registration ZonedDateTime -> org.hibernate.type.ZonedDateTimeType@3eee3e2b
[DEBUG] 2021-04-15 12:37:25.328 [main] BasicTypeRegistry - Adding type registration java.time.ZonedDateTime -> org.hibernate.type.ZonedDateTimeType@3eee3e2b
[DEBUG] 2021-04-15 12:37:25.330 [main] BasicTypeRegistry - Adding type registration date -> org.hibernate.type.DateType@5c748168
[DEBUG] 2021-04-15 12:37:25.330 [main] BasicTypeRegistry - Adding type registration java.sql.Date -> org.hibernate.type.DateType@5c748168
[DEBUG] 2021-04-15 12:37:25.333 [main] BasicTypeRegistry - Adding type registration time -> org.hibernate.type.TimeType@58d63b16
[DEBUG] 2021-04-15 12:37:25.333 [main] BasicTypeRegistry - Adding type registration java.sql.Time -> org.hibernate.type.TimeType@58d63b16
[DEBUG] 2021-04-15 12:37:25.334 [main] BasicTypeRegistry - Adding type registration timestamp -> org.hibernate.type.TimestampType@76d05cc9
[DEBUG] 2021-04-15 12:37:25.334 [main] BasicTypeRegistry - Adding type registration java.sql.Timestamp -> org.hibernate.type.TimestampType@76d05cc9
[DEBUG] 2021-04-15 12:37:25.335 [main] BasicTypeRegistry - Adding type registration java.util.Date -> org.hibernate.type.TimestampType@76d05cc9
[DEBUG] 2021-04-15 12:37:25.336 [main] BasicTypeRegistry - Adding type registration dbtimestamp -> org.hibernate.type.DbTimestampType@5177e388
[DEBUG] 2021-04-15 12:37:25.337 [main] BasicTypeRegistry - Adding type registration calendar -> org.hibernate.type.CalendarType@6cf31447
[DEBUG] 2021-04-15 12:37:25.337 [main] BasicTypeRegistry - Adding type registration java.util.Calendar -> org.hibernate.type.CalendarType@6cf31447
[DEBUG] 2021-04-15 12:37:25.338 [main] BasicTypeRegistry - Adding type registration java.util.GregorianCalendar -> org.hibernate.type.CalendarType@6cf31447
[DEBUG] 2021-04-15 12:37:25.338 [main] BasicTypeRegistry - Adding type registration calendar_date -> org.hibernate.type.CalendarDateType@47547132
[DEBUG] 2021-04-15 12:37:25.339 [main] BasicTypeRegistry - Adding type registration locale -> org.hibernate.type.LocaleType@6f3f0fae
[DEBUG] 2021-04-15 12:37:25.339 [main] BasicTypeRegistry - Adding type registration java.util.Locale -> org.hibernate.type.LocaleType@6f3f0fae
[DEBUG] 2021-04-15 12:37:25.341 [main] BasicTypeRegistry - Adding type registration currency -> org.hibernate.type.CurrencyType@46678e49
[DEBUG] 2021-04-15 12:37:25.341 [main] BasicTypeRegistry - Adding type registration java.util.Currency -> org.hibernate.type.CurrencyType@46678e49
[DEBUG] 2021-04-15 12:37:25.342 [main] BasicTypeRegistry - Adding type registration timezone -> org.hibernate.type.TimeZoneType@1abc9f14
[DEBUG] 2021-04-15 12:37:25.342 [main] BasicTypeRegistry - Adding type registration java.util.TimeZone -> org.hibernate.type.TimeZoneType@1abc9f14
[DEBUG] 2021-04-15 12:37:25.343 [main] BasicTypeRegistry - Adding type registration class -> org.hibernate.type.ClassType@3e4f80cb
[DEBUG] 2021-04-15 12:37:25.343 [main] BasicTypeRegistry - Adding type registration java.lang.Class -> org.hibernate.type.ClassType@3e4f80cb
[DEBUG] 2021-04-15 12:37:25.344 [main] BasicTypeRegistry - Adding type registration uuid-binary -> org.hibernate.type.UUIDBinaryType@e04ccf8
[DEBUG] 2021-04-15 12:37:25.344 [main] BasicTypeRegistry - Adding type registration java.util.UUID -> org.hibernate.type.UUIDBinaryType@e04ccf8
[DEBUG] 2021-04-15 12:37:25.345 [main] BasicTypeRegistry - Adding type registration uuid-char -> org.hibernate.type.UUIDCharType@6e0cff20
[DEBUG] 2021-04-15 12:37:25.346 [main] BasicTypeRegistry - Adding type registration binary -> org.hibernate.type.BinaryType@2c6ee758
[DEBUG] 2021-04-15 12:37:25.346 [main] BasicTypeRegistry - Adding type registration byte[] -> org.hibernate.type.BinaryType@2c6ee758
[DEBUG] 2021-04-15 12:37:25.346 [main] BasicTypeRegistry - Adding type registration [B -> org.hibernate.type.BinaryType@2c6ee758
[DEBUG] 2021-04-15 12:37:25.347 [main] BasicTypeRegistry - Adding type registration wrapper-binary -> org.hibernate.type.WrapperBinaryType@256aa5f2
[DEBUG] 2021-04-15 12:37:25.347 [main] BasicTypeRegistry - Adding type registration Byte[] -> org.hibernate.type.WrapperBinaryType@256aa5f2
[DEBUG] 2021-04-15 12:37:25.348 [main] BasicTypeRegistry - Adding type registration [Ljava.lang.Byte; -> org.hibernate.type.WrapperBinaryType@256aa5f2
[DEBUG] 2021-04-15 12:37:25.349 [main] BasicTypeRegistry - Adding type registration row_version -> org.hibernate.type.RowVersionType@7cb2651f
[DEBUG] 2021-04-15 12:37:25.351 [main] BasicTypeRegistry - Adding type registration image -> org.hibernate.type.ImageType@dcc6211
[DEBUG] 2021-04-15 12:37:25.354 [main] BasicTypeRegistry - Adding type registration characters -> org.hibernate.type.CharArrayType@776802b0
[DEBUG] 2021-04-15 12:37:25.354 [main] BasicTypeRegistry - Adding type registration char[] -> org.hibernate.type.CharArrayType@776802b0
[DEBUG] 2021-04-15 12:37:25.354 [main] BasicTypeRegistry - Adding type registration [C -> org.hibernate.type.CharArrayType@776802b0
[DEBUG] 2021-04-15 12:37:25.356 [main] BasicTypeRegistry - Adding type registration wrapper-characters -> org.hibernate.type.CharacterArrayType@14f3c6fc
[DEBUG] 2021-04-15 12:37:25.357 [main] BasicTypeRegistry - Adding type registration [Ljava.lang.Character; -> org.hibernate.type.CharacterArrayType@14f3c6fc
[DEBUG] 2021-04-15 12:37:25.357 [main] BasicTypeRegistry - Adding type registration Character[] -> org.hibernate.type.CharacterArrayType@14f3c6fc
[DEBUG] 2021-04-15 12:37:25.357 [main] BasicTypeRegistry - Adding type registration text -> org.hibernate.type.TextType@1cc9cfb2
[DEBUG] 2021-04-15 12:37:25.358 [main] BasicTypeRegistry - Adding type registration ntext -> org.hibernate.type.NTextType@46d9aec8
[DEBUG] 2021-04-15 12:37:25.359 [main] BasicTypeRegistry - Adding type registration blob -> org.hibernate.type.BlobType@5c82cd4f
[DEBUG] 2021-04-15 12:37:25.359 [main] BasicTypeRegistry - Adding type registration java.sql.Blob -> org.hibernate.type.BlobType@5c82cd4f
[DEBUG] 2021-04-15 12:37:25.360 [main] BasicTypeRegistry - Adding type registration materialized_blob -> org.hibernate.type.MaterializedBlobType@30814f43
[DEBUG] 2021-04-15 12:37:25.361 [main] BasicTypeRegistry - Adding type registration clob -> org.hibernate.type.ClobType@17b64941
[DEBUG] 2021-04-15 12:37:25.362 [main] BasicTypeRegistry - Adding type registration java.sql.Clob -> org.hibernate.type.ClobType@17b64941
[DEBUG] 2021-04-15 12:37:25.364 [main] BasicTypeRegistry - Adding type registration nclob -> org.hibernate.type.NClobType@73ad4ecc
[DEBUG] 2021-04-15 12:37:25.365 [main] BasicTypeRegistry - Adding type registration java.sql.NClob -> org.hibernate.type.NClobType@73ad4ecc
[DEBUG] 2021-04-15 12:37:25.365 [main] BasicTypeRegistry - Adding type registration materialized_clob -> org.hibernate.type.MaterializedClobType@408b87aa
[DEBUG] 2021-04-15 12:37:25.366 [main] BasicTypeRegistry - Adding type registration materialized_nclob -> org.hibernate.type.MaterializedNClobType@76c52298
[DEBUG] 2021-04-15 12:37:25.368 [main] BasicTypeRegistry - Adding type registration serializable -> org.hibernate.type.SerializableType@507d20bb
[DEBUG] 2021-04-15 12:37:25.374 [main] BasicTypeRegistry - Adding type registration object -> org.hibernate.type.ObjectType@4eb30d44
[DEBUG] 2021-04-15 12:37:25.375 [main] BasicTypeRegistry - Adding type registration java.lang.Object -> org.hibernate.type.ObjectType@4eb30d44
[DEBUG] 2021-04-15 12:37:25.377 [main] BasicTypeRegistry - Adding type registration imm_date -> org.hibernate.type.AdaptedImmutableType@1ab6718
[DEBUG] 2021-04-15 12:37:25.377 [main] BasicTypeRegistry - Adding type registration imm_time -> org.hibernate.type.AdaptedImmutableType@3910fe11
[DEBUG] 2021-04-15 12:37:25.377 [main] BasicTypeRegistry - Adding type registration imm_timestamp -> org.hibernate.type.AdaptedImmutableType@460510aa
[DEBUG] 2021-04-15 12:37:25.377 [main] BasicTypeRegistry - Adding type registration imm_dbtimestamp -> org.hibernate.type.AdaptedImmutableType@351e414e
[DEBUG] 2021-04-15 12:37:25.377 [main] BasicTypeRegistry - Adding type registration imm_calendar -> org.hibernate.type.AdaptedImmutableType@6fd77352
[DEBUG] 2021-04-15 12:37:25.377 [main] BasicTypeRegistry - Adding type registration imm_calendar_date -> org.hibernate.type.AdaptedImmutableType@5109e8cf
[DEBUG] 2021-04-15 12:37:25.377 [main] BasicTypeRegistry - Adding type registration imm_binary -> org.hibernate.type.AdaptedImmutableType@3f672204
[DEBUG] 2021-04-15 12:37:25.378 [main] BasicTypeRegistry - Adding type registration imm_serializable -> org.hibernate.type.AdaptedImmutableType@78b41097
[DEBUG] 2021-04-15 12:37:25.434 [main] DefaultIdentifierGeneratorFactory - Registering IdentifierGenerator strategy [uuid2] -> [org.hibernate.id.UUIDGenerator]
[DEBUG] 2021-04-15 12:37:25.436 [main] DefaultIdentifierGeneratorFactory - Registering IdentifierGenerator strategy [guid] -> [org.hibernate.id.GUIDGenerator]
[DEBUG] 2021-04-15 12:37:25.440 [main] DefaultIdentifierGeneratorFactory - Registering IdentifierGenerator strategy [uuid] -> [org.hibernate.id.UUIDHexGenerator]
[DEBUG] 2021-04-15 12:37:25.440 [main] DefaultIdentifierGeneratorFactory - Registering IdentifierGenerator strategy [uuid.hex] -> [org.hibernate.id.UUIDHexGenerator]
[DEBUG] 2021-04-15 12:37:25.442 [main] DefaultIdentifierGeneratorFactory - Registering IdentifierGenerator strategy [assigned] -> [org.hibernate.id.Assigned]
[DEBUG] 2021-04-15 12:37:25.447 [main] DefaultIdentifierGeneratorFactory - Registering IdentifierGenerator strategy [identity] -> [org.hibernate.id.IdentityGenerator]
[DEBUG] 2021-04-15 12:37:25.448 [main] DefaultIdentifierGeneratorFactory - Registering IdentifierGenerator strategy [select] -> [org.hibernate.id.SelectGenerator]
[DEBUG] 2021-04-15 12:37:25.451 [main] DefaultIdentifierGeneratorFactory - Registering IdentifierGenerator strategy [sequence] -> [org.hibernate.id.enhanced.SequenceStyleGenerator]
[DEBUG] 2021-04-15 12:37:25.452 [main] DefaultIdentifierGeneratorFactory - Registering IdentifierGenerator strategy [seqhilo] -> [org.hibernate.id.SequenceHiLoGenerator]
[DEBUG] 2021-04-15 12:37:25.454 [main] DefaultIdentifierGeneratorFactory - Registering IdentifierGenerator strategy [increment] -> [org.hibernate.id.IncrementGenerator]
[DEBUG] 2021-04-15 12:37:25.456 [main] DefaultIdentifierGeneratorFactory - Registering IdentifierGenerator strategy [foreign] -> [org.hibernate.id.ForeignGenerator]
[DEBUG] 2021-04-15 12:37:25.457 [main] DefaultIdentifierGeneratorFactory - Registering IdentifierGenerator strategy [sequence-identity] -> [org.hibernate.id.SequenceIdentityGenerator]
[DEBUG] 2021-04-15 12:37:25.457 [main] DefaultIdentifierGeneratorFactory - Registering IdentifierGenerator strategy [enhanced-sequence] -> [org.hibernate.id.enhanced.SequenceStyleGenerator]
[DEBUG] 2021-04-15 12:37:25.459 [main] DefaultIdentifierGeneratorFactory - Registering IdentifierGenerator strategy [enhanced-table] -> [org.hibernate.id.enhanced.TableGenerator]
[INFO ] 2021-04-15 12:37:25.468 [main] C3P0ConnectionProvider - HHH010002: C3P0 using driver: com.mysql.cj.jdbc.Driver at URL: jdbc:mysql://localhost:3306/test_mealBuilder
[INFO ] 2021-04-15 12:37:25.468 [main] C3P0ConnectionProvider - HHH10001001: Connection properties: {password=****, user=root}
[INFO ] 2021-04-15 12:37:25.468 [main] C3P0ConnectionProvider - HHH10001003: Autocommit mode: false
[INFO ] 2021-04-15 12:37:25.710 [main] C3P0ConnectionProvider - HHH10001007: JDBC isolation level: <unknown>
[DEBUG] 2021-04-15 12:37:26.507 [main] JdbcEnvironmentInitiator - Database ->
       name : MySQL
    version : 8.0.22
      major : 8
      minor : 0
[DEBUG] 2021-04-15 12:37:26.508 [main] JdbcEnvironmentInitiator - Driver ->
       name : MySQL Connector/J
    version : mysql-connector-java-8.0.22 (Revision: d64b664fa93e81296a377de031b8123a67e6def2)
      major : 8
      minor : 0
[DEBUG] 2021-04-15 12:37:26.508 [main] JdbcEnvironmentInitiator - JDBC version : 4.2
[INFO ] 2021-04-15 12:37:26.566 [main] Dialect - HHH000400: Using dialect: org.hibernate.dialect.MySQL8Dialect
[DEBUG] 2021-04-15 12:37:26.604 [main] IdentifierHelperBuilder - JDBC driver metadata reported database stores quoted identifiers in more than one case
[DEBUG] 2021-04-15 12:37:26.640 [main] IdentifierHelperBuilder - IdentifierCaseStrategy for both quoted and unquoted identifiers was set to the same strategy [MIXED]; that will likely lead to problems in schema update and validation if using quoted identifiers
[DEBUG] 2021-04-15 12:37:26.690 [main] Namespace - Created database namespace [logicalName=Name{catalog=null, schema=null}, physicalName=Name{catalog=null, schema=null}]
[DEBUG] 2021-04-15 12:37:26.694 [main] TypeConfiguration$Scope - Scoping TypeConfiguration [org.hibernate.type.spi.TypeConfiguration@4047d2d9] to MetadataBuildingContext [org.hibernate.boot.internal.MetadataBuildingContextRootImpl@48d293ee]
[DEBUG] 2021-04-15 12:37:26.815 [main] AnnotationBinder - Binding entity from annotated class: entity.Users
[DEBUG] 2021-04-15 12:37:26.884 [main] Ejb3Column - Binding column: Ejb3DiscriminatorColumn{logicalColumnName'DTYPE', discriminatorTypeName='string'}
[DEBUG] 2021-04-15 12:37:26.896 [main] EntityBinder - Import with entity name Users
[DEBUG] 2021-04-15 12:37:26.901 [main] EntityBinder - Bind entity entity.Users on table Users
[DEBUG] 2021-04-15 12:37:26.940 [main] Ejb3Column - Binding column: Ejb3Column{table=org.hibernate.mapping.Table(Users), mappingColumn=id, insertable=true, updatable=true, unique=false}
[DEBUG] 2021-04-15 12:37:26.946 [main] PropertyBinder - MetadataSourceProcessor property id with lazy=false
[DEBUG] 2021-04-15 12:37:26.949 [main] AbstractPropertyHolder - Attempting to locate auto-apply AttributeConverter for property [entity.Users:id]
[DEBUG] 2021-04-15 12:37:26.952 [main] SimpleValueBinder - building SimpleValue for id
[DEBUG] 2021-04-15 12:37:26.955 [main] PropertyBinder - Building property id
[DEBUG] 2021-04-15 12:37:26.960 [main] BinderHelper - #makeIdGenerator(org.hibernate.mapping.SimpleValue([org.hibernate.mapping.Column(id)]), id, org.hibernate.id.enhanced.SequenceStyleGenerator, native, ...)
[DEBUG] 2021-04-15 12:37:26.961 [main] Ejb3Column - Binding column: Ejb3Column{table=org.hibernate.mapping.Table(Users), mappingColumn=password, insertable=true, updatable=true, unique=false}
[DEBUG] 2021-04-15 12:37:26.961 [main] PropertyBinder - MetadataSourceProcessor property password with lazy=false
[DEBUG] 2021-04-15 12:37:26.961 [main] AbstractPropertyHolder - Attempting to locate auto-apply AttributeConverter for property [entity.Users:password]
[DEBUG] 2021-04-15 12:37:26.962 [main] SimpleValueBinder - building SimpleValue for password
[DEBUG] 2021-04-15 12:37:26.962 [main] PropertyBinder - Building property password
[DEBUG] 2021-04-15 12:37:26.963 [main] Ejb3Column - Binding column: Ejb3JoinColumn{logicalColumnName='Users_id', referencedColumn='', mappedBy=''}
[DEBUG] 2021-04-15 12:37:26.963 [main] Ejb3Column - Binding column: Ejb3Column{table=org.hibernate.mapping.Table(Users), mappingColumn=recipes, insertable=true, updatable=true, unique=false}
[DEBUG] 2021-04-15 12:37:26.965 [main] Ejb3Column - Binding column: Ejb3Column{table=org.hibernate.mapping.Table(Users), mappingColumn=null, insertable=true, updatable=true, unique=false}
[DEBUG] 2021-04-15 12:37:26.978 [main] Ejb3Column - Binding column: Ejb3Column{table=org.hibernate.mapping.Table(Users), mappingColumn=element, insertable=true, updatable=true, unique=false}
[DEBUG] 2021-04-15 12:37:26.979 [main] Ejb3Column - Binding column: Ejb3Column{table=org.hibernate.mapping.Table(Users), mappingColumn=recipes_KEY, insertable=true, updatable=true, unique=false}
[DEBUG] 2021-04-15 12:37:26.979 [main] Ejb3Column - Binding column: Ejb3JoinColumn{logicalColumnName='recipes_KEY', referencedColumn='null', mappedBy='null'}
[DEBUG] 2021-04-15 12:37:26.981 [main] Ejb3Column - Binding column: Ejb3JoinColumn{logicalColumnName='null', referencedColumn='null', mappedBy=''}
[DEBUG] 2021-04-15 12:37:26.981 [main] Ejb3Column - Binding column: Ejb3JoinColumn{logicalColumnName='null', referencedColumn='null', mappedBy=''}
[DEBUG] 2021-04-15 12:37:26.982 [main] CollectionBinder - Collection role: entity.Users.recipes
[DEBUG] 2021-04-15 12:37:26.988 [main] PropertyBinder - Building property recipes
[DEBUG] 2021-04-15 12:37:26.989 [main] Ejb3Column - Binding column: Ejb3Column{table=org.hibernate.mapping.Table(Users), mappingColumn=username, insertable=true, updatable=true, unique=false}
[DEBUG] 2021-04-15 12:37:26.989 [main] PropertyBinder - MetadataSourceProcessor property username with lazy=false
[DEBUG] 2021-04-15 12:37:26.989 [main] AbstractPropertyHolder - Attempting to locate auto-apply AttributeConverter for property [entity.Users:username]
[DEBUG] 2021-04-15 12:37:26.989 [main] SimpleValueBinder - building SimpleValue for username
[DEBUG] 2021-04-15 12:37:26.990 [main] PropertyBinder - Building property username
[DEBUG] 2021-04-15 12:37:26.991 [main] AnnotationBinder - Binding entity from annotated class: entity.Recipes
[DEBUG] 2021-04-15 12:37:26.992 [main] Ejb3Column - Binding column: Ejb3DiscriminatorColumn{logicalColumnName'DTYPE', discriminatorTypeName='string'}
[DEBUG] 2021-04-15 12:37:26.992 [main] EntityBinder - Import with entity name Recipes
[DEBUG] 2021-04-15 12:37:26.992 [main] EntityBinder - Bind entity entity.Recipes on table Recipes
[DEBUG] 2021-04-15 12:37:26.996 [main] Ejb3Column - Binding column: Ejb3Column{table=org.hibernate.mapping.Table(Recipes), mappingColumn=recipe_id, insertable=true, updatable=true, unique=false}
[DEBUG] 2021-04-15 12:37:26.996 [main] PropertyBinder - MetadataSourceProcessor property id with lazy=false
[DEBUG] 2021-04-15 12:37:26.997 [main] AbstractPropertyHolder - Attempting to locate auto-apply AttributeConverter for property [entity.Recipes:id]
[DEBUG] 2021-04-15 12:37:26.997 [main] SimpleValueBinder - building SimpleValue for id
[DEBUG] 2021-04-15 12:37:26.997 [main] PropertyBinder - Building property id
[DEBUG] 2021-04-15 12:37:26.997 [main] BinderHelper - #makeIdGenerator(org.hibernate.mapping.SimpleValue([org.hibernate.mapping.Column(recipe_id)]), id, org.hibernate.id.enhanced.SequenceStyleGenerator, native, ...)
[DEBUG] 2021-04-15 12:37:26.997 [main] Ejb3Column - Binding column: Ejb3Column{table=org.hibernate.mapping.Table(Recipes), mappingColumn=public_recipe, insertable=true, updatable=true, unique=false}
[DEBUG] 2021-04-15 12:37:26.997 [main] PropertyBinder - MetadataSourceProcessor property public_recipe with lazy=false
[DEBUG] 2021-04-15 12:37:26.998 [main] AbstractPropertyHolder - Attempting to locate auto-apply AttributeConverter for property [entity.Recipes:public_recipe]
[DEBUG] 2021-04-15 12:37:26.998 [main] SimpleValueBinder - building SimpleValue for public_recipe
[DEBUG] 2021-04-15 12:37:26.998 [main] PropertyBinder - Building property public_recipe
[DEBUG] 2021-04-15 12:37:26.998 [main] Ejb3Column - Binding column: Ejb3Column{table=org.hibernate.mapping.Table(Recipes), mappingColumn=recipe_name, insertable=true, updatable=true, unique=false}
[DEBUG] 2021-04-15 12:37:26.998 [main] PropertyBinder - MetadataSourceProcessor property recipe_name with lazy=false
[DEBUG] 2021-04-15 12:37:26.999 [main] AbstractPropertyHolder - Attempting to locate auto-apply AttributeConverter for property [entity.Recipes:recipe_name]
[DEBUG] 2021-04-15 12:37:26.999 [main] SimpleValueBinder - building SimpleValue for recipe_name
[DEBUG] 2021-04-15 12:37:26.999 [main] PropertyBinder - Building property recipe_name
[DEBUG] 2021-04-15 12:37:26.999 [main] Ejb3Column - Binding column: Ejb3JoinColumn{logicalColumnName='Users_id', referencedColumn='', mappedBy=''}
[DEBUG] 2021-04-15 12:37:26.999 [main] Ejb3Column - Binding column: Ejb3Column{table=org.hibernate.mapping.Table(Recipes), mappingColumn=user, insertable=true, updatable=true, unique=false}
[DEBUG] 2021-04-15 12:37:27.002 [main] PropertyBinder - Building property user
[DEBUG] 2021-04-15 12:37:27.002 [main] AnnotationBinder - Binding entity from annotated class: entity.UserGoals
[DEBUG] 2021-04-15 12:37:27.003 [main] Ejb3Column - Binding column: Ejb3DiscriminatorColumn{logicalColumnName'DTYPE', discriminatorTypeName='string'}
[DEBUG] 2021-04-15 12:37:27.003 [main] EntityBinder - Import with entity name UserGoals
[DEBUG] 2021-04-15 12:37:27.003 [main] EntityBinder - Bind entity entity.UserGoals on table User_Macro_Goals
[DEBUG] 2021-04-15 12:37:27.004 [main] Ejb3Column - Binding column: Ejb3Column{table=org.hibernate.mapping.Table(User_Macro_Goals), mappingColumn=id, insertable=true, updatable=true, unique=false}
[DEBUG] 2021-04-15 12:37:27.004 [main] PropertyBinder - MetadataSourceProcessor property id with lazy=false
[DEBUG] 2021-04-15 12:37:27.004 [main] AbstractPropertyHolder - Attempting to locate auto-apply AttributeConverter for property [entity.UserGoals:id]
[DEBUG] 2021-04-15 12:37:27.004 [main] SimpleValueBinder - building SimpleValue for id
[DEBUG] 2021-04-15 12:37:27.005 [main] PropertyBinder - Building property id
[DEBUG] 2021-04-15 12:37:27.005 [main] BinderHelper - #makeIdGenerator(org.hibernate.mapping.SimpleValue([org.hibernate.mapping.Column(id)]), id, org.hibernate.id.enhanced.SequenceStyleGenerator, native, ...)
[DEBUG] 2021-04-15 12:37:27.005 [main] Ejb3Column - Binding column: Ejb3Column{table=org.hibernate.mapping.Table(User_Macro_Goals), mappingColumn=calorie_goal, insertable=true, updatable=true, unique=false}
[DEBUG] 2021-04-15 12:37:27.005 [main] PropertyBinder - MetadataSourceProcessor property calorieGoal with lazy=false
[DEBUG] 2021-04-15 12:37:27.005 [main] AbstractPropertyHolder - Attempting to locate auto-apply AttributeConverter for property [entity.UserGoals:calorieGoal]
[DEBUG] 2021-04-15 12:37:27.006 [main] SimpleValueBinder - building SimpleValue for calorieGoal
[DEBUG] 2021-04-15 12:37:27.006 [main] PropertyBinder - Building property calorieGoal
[DEBUG] 2021-04-15 12:37:27.006 [main] Ejb3Column - Binding column: Ejb3Column{table=org.hibernate.mapping.Table(User_Macro_Goals), mappingColumn=carb_goal, insertable=true, updatable=true, unique=false}
[DEBUG] 2021-04-15 12:37:27.006 [main] PropertyBinder - MetadataSourceProcessor property carbGoal with lazy=false
[DEBUG] 2021-04-15 12:37:27.006 [main] AbstractPropertyHolder - Attempting to locate auto-apply AttributeConverter for property [entity.UserGoals:carbGoal]
[DEBUG] 2021-04-15 12:37:27.006 [main] SimpleValueBinder - building SimpleValue for carbGoal
[DEBUG] 2021-04-15 12:37:27.006 [main] PropertyBinder - Building property carbGoal
[DEBUG] 2021-04-15 12:37:27.007 [main] Ejb3Column - Binding column: Ejb3Column{table=org.hibernate.mapping.Table(User_Macro_Goals), mappingColumn=fat_goal, insertable=true, updatable=true, unique=false}
[DEBUG] 2021-04-15 12:37:27.007 [main] PropertyBinder - MetadataSourceProcessor property fatGoal with lazy=false
[DEBUG] 2021-04-15 12:37:27.007 [main] AbstractPropertyHolder - Attempting to locate auto-apply AttributeConverter for property [entity.UserGoals:fatGoal]
[DEBUG] 2021-04-15 12:37:27.007 [main] SimpleValueBinder - building SimpleValue for fatGoal
[DEBUG] 2021-04-15 12:37:27.007 [main] PropertyBinder - Building property fatGoal
[DEBUG] 2021-04-15 12:37:27.008 [main] Ejb3Column - Binding column: Ejb3Column{table=org.hibernate.mapping.Table(User_Macro_Goals), mappingColumn=protein_goal, insertable=true, updatable=true, unique=false}
[DEBUG] 2021-04-15 12:37:27.008 [main] PropertyBinder - MetadataSourceProcessor property proteinGoal with lazy=false
[DEBUG] 2021-04-15 12:37:27.008 [main] AbstractPropertyHolder - Attempting to locate auto-apply AttributeConverter for property [entity.UserGoals:proteinGoal]
[DEBUG] 2021-04-15 12:37:27.008 [main] SimpleValueBinder - building SimpleValue for proteinGoal
[DEBUG] 2021-04-15 12:37:27.008 [main] PropertyBinder - Building property proteinGoal
[DEBUG] 2021-04-15 12:37:27.009 [main] Ejb3Column - Binding column: Ejb3JoinColumn{logicalColumnName='userid', referencedColumn='', mappedBy=''}
[DEBUG] 2021-04-15 12:37:27.009 [main] Ejb3Column - Binding column: Ejb3Column{table=org.hibernate.mapping.Table(User_Macro_Goals), mappingColumn=user, insertable=true, updatable=true, unique=false}
[DEBUG] 2021-04-15 12:37:27.009 [main] PropertyBinder - Building property user
[DEBUG] 2021-04-15 12:37:27.009 [main] Ejb3Column - Binding column: Ejb3Column{table=org.hibernate.mapping.Table(User_Macro_Goals), mappingColumn=userid, insertable=true, updatable=true, unique=false}
[DEBUG] 2021-04-15 12:37:27.010 [main] PropertyBinder - MetadataSourceProcessor property userid with lazy=false
[DEBUG] 2021-04-15 12:37:27.010 [main] AbstractPropertyHolder - Attempting to locate auto-apply AttributeConverter for property [entity.UserGoals:userid]
[DEBUG] 2021-04-15 12:37:27.010 [main] SimpleValueBinder - building SimpleValue for userid
[DEBUG] 2021-04-15 12:37:27.010 [main] PropertyBinder - Building property userid
[DEBUG] 2021-04-15 12:37:27.012 [main] SimpleValueBinder - Starting fillSimpleValue for id
[DEBUG] 2021-04-15 12:37:27.013 [main] SimpleValueBinder - Starting fillSimpleValue for password
[DEBUG] 2021-04-15 12:37:27.013 [main] SimpleValueBinder - Starting fillSimpleValue for username
[DEBUG] 2021-04-15 12:37:27.013 [main] SimpleValueBinder - Starting fillSimpleValue for id
[DEBUG] 2021-04-15 12:37:27.013 [main] SimpleValueBinder - Starting fillSimpleValue for public_recipe
[DEBUG] 2021-04-15 12:37:27.013 [main] SimpleValueBinder - Starting fillSimpleValue for recipe_name
[DEBUG] 2021-04-15 12:37:27.013 [main] SimpleValueBinder - Starting fillSimpleValue for id
[DEBUG] 2021-04-15 12:37:27.013 [main] SimpleValueBinder - Starting fillSimpleValue for calorieGoal
[DEBUG] 2021-04-15 12:37:27.013 [main] SimpleValueBinder - Starting fillSimpleValue for carbGoal
[DEBUG] 2021-04-15 12:37:27.013 [main] SimpleValueBinder - Starting fillSimpleValue for fatGoal
[DEBUG] 2021-04-15 12:37:27.013 [main] SimpleValueBinder - Starting fillSimpleValue for proteinGoal
[DEBUG] 2021-04-15 12:37:27.014 [main] SimpleValueBinder - Starting fillSimpleValue for userid
[DEBUG] 2021-04-15 12:37:27.018 [main] PrimaryKey - Forcing column [id] to be non-null as it is part of the primary key for table [users]
[DEBUG] 2021-04-15 12:37:27.019 [main] PrimaryKey - Forcing column [recipe_id] to be non-null as it is part of the primary key for table [recipes]
[DEBUG] 2021-04-15 12:37:27.019 [main] PrimaryKey - Forcing column [id] to be non-null as it is part of the primary key for table [user_macro_goals]
[DEBUG] 2021-04-15 12:37:27.019 [main] CollectionSecondPass - Second pass for collection: entity.Users.recipes
[DEBUG] 2021-04-15 12:37:27.019 [main] CollectionBinder - Binding a OneToMany: entity.Users.recipes through a foreign key
[DEBUG] 2021-04-15 12:37:27.020 [main] CollectionBinder - Mapping collection: entity.Users.recipes -> Recipes
[DEBUG] 2021-04-15 12:37:27.021 [main] CollectionSecondPass - Mapped collection key: Users_id, one-to-many: entity.Recipes
[DEBUG] 2021-04-15 12:37:27.021 [main] InFlightMetadataCollectorImpl - Resolving reference to class: entity.Users
[DEBUG] 2021-04-15 12:37:27.023 [main] InFlightMetadataCollectorImpl - Resolving reference to class: entity.Users
[DEBUG] 2021-04-15 12:37:27.025 [main] InFlightMetadataCollectorImpl - Resolving reference to class: entity.Users
[DEBUG] 2021-04-15 12:37:27.025 [main] InFlightMetadataCollectorImpl - Resolving reference to class: entity.Users
