[DEBUG] 2021-04-14 10:54:37.003 [main] IntegratorServiceImpl - Adding Integrator [org.hibernate.cfg.beanvalidation.BeanValidationIntegrator].
[DEBUG] 2021-04-14 10:54:37.018 [main] IntegratorServiceImpl - Adding Integrator [org.hibernate.secure.spi.JaccIntegrator].
[DEBUG] 2021-04-14 10:54:37.031 [main] IntegratorServiceImpl - Adding Integrator [org.hibernate.cache.internal.CollectionCacheInvalidator].
[INFO ] 2021-04-14 10:54:37.188 [main] Version - HHH000412: Hibernate Core {5.4.4.Final}
[DEBUG] 2021-04-14 10:54:37.190 [main] Environment - HHH000206: hibernate.properties not found
[DEBUG] 2021-04-14 10:54:37.668 [main] JaxbCfgProcessor - cfg.xml document did not define namespaces; wrapping in custom event reader to introduce namespace information
[DEBUG] 2021-04-14 10:54:38.155 [main] ServiceBinding - Overriding existing service binding [org.hibernate.secure.spi.JaccService]
[DEBUG] 2021-04-14 10:54:38.184 [main] RegionFactoryInitiator - Cannot default RegionFactory based on registered strategies as `[]` RegionFactory strategies were registered
[DEBUG] 2021-04-14 10:54:38.186 [main] RegionFactoryInitiator - Cache region factory : org.hibernate.cache.internal.NoCachingRegionFactory
[INFO ] 2021-04-14 10:54:38.220 [main] Version - HCANN000001: Hibernate Commons Annotations {5.1.0.Final}
[DEBUG] 2021-04-14 10:54:38.273 [main] BasicTypeRegistry - Adding type registration boolean -> org.hibernate.type.BooleanType@7351a16e
[DEBUG] 2021-04-14 10:54:38.274 [main] BasicTypeRegistry - Adding type registration boolean -> org.hibernate.type.BooleanType@7351a16e
[DEBUG] 2021-04-14 10:54:38.274 [main] BasicTypeRegistry - Adding type registration java.lang.Boolean -> org.hibernate.type.BooleanType@7351a16e
[DEBUG] 2021-04-14 10:54:38.275 [main] BasicTypeRegistry - Adding type registration numeric_boolean -> org.hibernate.type.NumericBooleanType@3ed0918d
[DEBUG] 2021-04-14 10:54:38.275 [main] BasicTypeRegistry - Adding type registration true_false -> org.hibernate.type.TrueFalseType@3c0fbd3a
[DEBUG] 2021-04-14 10:54:38.276 [main] BasicTypeRegistry - Adding type registration yes_no -> org.hibernate.type.YesNoType@5b12012e
[DEBUG] 2021-04-14 10:54:38.277 [main] BasicTypeRegistry - Adding type registration byte -> org.hibernate.type.ByteType@2b4786dd
[DEBUG] 2021-04-14 10:54:38.277 [main] BasicTypeRegistry - Adding type registration byte -> org.hibernate.type.ByteType@2b4786dd
[DEBUG] 2021-04-14 10:54:38.278 [main] BasicTypeRegistry - Adding type registration java.lang.Byte -> org.hibernate.type.ByteType@2b4786dd
[DEBUG] 2021-04-14 10:54:38.279 [main] BasicTypeRegistry - Adding type registration character -> org.hibernate.type.CharacterType@1f38957
[DEBUG] 2021-04-14 10:54:38.279 [main] BasicTypeRegistry - Adding type registration char -> org.hibernate.type.CharacterType@1f38957
[DEBUG] 2021-04-14 10:54:38.279 [main] BasicTypeRegistry - Adding type registration java.lang.Character -> org.hibernate.type.CharacterType@1f38957
[DEBUG] 2021-04-14 10:54:38.281 [main] BasicTypeRegistry - Adding type registration short -> org.hibernate.type.ShortType@6136998b
[DEBUG] 2021-04-14 10:54:38.281 [main] BasicTypeRegistry - Adding type registration short -> org.hibernate.type.ShortType@6136998b
[DEBUG] 2021-04-14 10:54:38.281 [main] BasicTypeRegistry - Adding type registration java.lang.Short -> org.hibernate.type.ShortType@6136998b
[DEBUG] 2021-04-14 10:54:38.282 [main] BasicTypeRegistry - Adding type registration integer -> org.hibernate.type.IntegerType@6892cc6f
[DEBUG] 2021-04-14 10:54:38.283 [main] BasicTypeRegistry - Adding type registration int -> org.hibernate.type.IntegerType@6892cc6f
[DEBUG] 2021-04-14 10:54:38.283 [main] BasicTypeRegistry - Adding type registration java.lang.Integer -> org.hibernate.type.IntegerType@6892cc6f
[DEBUG] 2021-04-14 10:54:38.285 [main] BasicTypeRegistry - Adding type registration long -> org.hibernate.type.LongType@ae7950d
[DEBUG] 2021-04-14 10:54:38.285 [main] BasicTypeRegistry - Adding type registration long -> org.hibernate.type.LongType@ae7950d
[DEBUG] 2021-04-14 10:54:38.285 [main] BasicTypeRegistry - Adding type registration java.lang.Long -> org.hibernate.type.LongType@ae7950d
[DEBUG] 2021-04-14 10:54:38.286 [main] BasicTypeRegistry - Adding type registration float -> org.hibernate.type.FloatType@4dafba3e
[DEBUG] 2021-04-14 10:54:38.286 [main] BasicTypeRegistry - Adding type registration float -> org.hibernate.type.FloatType@4dafba3e
[DEBUG] 2021-04-14 10:54:38.286 [main] BasicTypeRegistry - Adding type registration java.lang.Float -> org.hibernate.type.FloatType@4dafba3e
[DEBUG] 2021-04-14 10:54:38.287 [main] BasicTypeRegistry - Adding type registration double -> org.hibernate.type.DoubleType@676ff3b0
[DEBUG] 2021-04-14 10:54:38.288 [main] BasicTypeRegistry - Adding type registration double -> org.hibernate.type.DoubleType@676ff3b0
[DEBUG] 2021-04-14 10:54:38.288 [main] BasicTypeRegistry - Adding type registration java.lang.Double -> org.hibernate.type.DoubleType@676ff3b0
[DEBUG] 2021-04-14 10:54:38.289 [main] BasicTypeRegistry - Adding type registration big_decimal -> org.hibernate.type.BigDecimalType@65bcf7c2
[DEBUG] 2021-04-14 10:54:38.289 [main] BasicTypeRegistry - Adding type registration java.math.BigDecimal -> org.hibernate.type.BigDecimalType@65bcf7c2
[DEBUG] 2021-04-14 10:54:38.291 [main] BasicTypeRegistry - Adding type registration big_integer -> org.hibernate.type.BigIntegerType@232cce0
[DEBUG] 2021-04-14 10:54:38.291 [main] BasicTypeRegistry - Adding type registration java.math.BigInteger -> org.hibernate.type.BigIntegerType@232cce0
[DEBUG] 2021-04-14 10:54:38.292 [main] BasicTypeRegistry - Adding type registration string -> org.hibernate.type.StringType@7fc645e4
[DEBUG] 2021-04-14 10:54:38.293 [main] BasicTypeRegistry - Adding type registration java.lang.String -> org.hibernate.type.StringType@7fc645e4
[DEBUG] 2021-04-14 10:54:38.293 [main] BasicTypeRegistry - Adding type registration nstring -> org.hibernate.type.StringNVarcharType@719843e5
[DEBUG] 2021-04-14 10:54:38.294 [main] BasicTypeRegistry - Adding type registration ncharacter -> org.hibernate.type.CharacterNCharType@3104f7bd
[DEBUG] 2021-04-14 10:54:38.295 [main] BasicTypeRegistry - Adding type registration url -> org.hibernate.type.UrlType@6d171ce0
[DEBUG] 2021-04-14 10:54:38.296 [main] BasicTypeRegistry - Adding type registration java.net.URL -> org.hibernate.type.UrlType@6d171ce0
[DEBUG] 2021-04-14 10:54:38.297 [main] BasicTypeRegistry - Adding type registration Duration -> org.hibernate.type.DurationType@57b75756
[DEBUG] 2021-04-14 10:54:38.297 [main] BasicTypeRegistry - Adding type registration java.time.Duration -> org.hibernate.type.DurationType@57b75756
[DEBUG] 2021-04-14 10:54:38.311 [main] BasicTypeRegistry - Adding type registration Instant -> org.hibernate.type.InstantType@105b693d
[DEBUG] 2021-04-14 10:54:38.311 [main] BasicTypeRegistry - Adding type registration java.time.Instant -> org.hibernate.type.InstantType@105b693d
[DEBUG] 2021-04-14 10:54:38.314 [main] BasicTypeRegistry - Adding type registration LocalDateTime -> org.hibernate.type.LocalDateTimeType@5ce4369b
[DEBUG] 2021-04-14 10:54:38.314 [main] BasicTypeRegistry - Adding type registration java.time.LocalDateTime -> org.hibernate.type.LocalDateTimeType@5ce4369b
[DEBUG] 2021-04-14 10:54:38.321 [main] BasicTypeRegistry - Adding type registration LocalDate -> org.hibernate.type.LocalDateType@73017a80
[DEBUG] 2021-04-14 10:54:38.322 [main] BasicTypeRegistry - Adding type registration java.time.LocalDate -> org.hibernate.type.LocalDateType@73017a80
[DEBUG] 2021-04-14 10:54:38.324 [main] BasicTypeRegistry - Adding type registration LocalTime -> org.hibernate.type.LocalTimeType@5c0f79f0
[DEBUG] 2021-04-14 10:54:38.324 [main] BasicTypeRegistry - Adding type registration java.time.LocalTime -> org.hibernate.type.LocalTimeType@5c0f79f0
[DEBUG] 2021-04-14 10:54:38.328 [main] BasicTypeRegistry - Adding type registration OffsetDateTime -> org.hibernate.type.OffsetDateTimeType@de18f63
[DEBUG] 2021-04-14 10:54:38.329 [main] BasicTypeRegistry - Adding type registration java.time.OffsetDateTime -> org.hibernate.type.OffsetDateTimeType@de18f63
[DEBUG] 2021-04-14 10:54:38.331 [main] BasicTypeRegistry - Adding type registration OffsetTime -> org.hibernate.type.OffsetTimeType@597f48df
[DEBUG] 2021-04-14 10:54:38.331 [main] BasicTypeRegistry - Adding type registration java.time.OffsetTime -> org.hibernate.type.OffsetTimeType@597f48df
[DEBUG] 2021-04-14 10:54:38.334 [main] BasicTypeRegistry - Adding type registration ZonedDateTime -> org.hibernate.type.ZonedDateTimeType@4f63e3c7
[DEBUG] 2021-04-14 10:54:38.334 [main] BasicTypeRegistry - Adding type registration java.time.ZonedDateTime -> org.hibernate.type.ZonedDateTimeType@4f63e3c7
[DEBUG] 2021-04-14 10:54:38.336 [main] BasicTypeRegistry - Adding type registration date -> org.hibernate.type.DateType@6441c486
[DEBUG] 2021-04-14 10:54:38.336 [main] BasicTypeRegistry - Adding type registration java.sql.Date -> org.hibernate.type.DateType@6441c486
[DEBUG] 2021-04-14 10:54:38.341 [main] BasicTypeRegistry - Adding type registration time -> org.hibernate.type.TimeType@7c4fc2bf
[DEBUG] 2021-04-14 10:54:38.342 [main] BasicTypeRegistry - Adding type registration java.sql.Time -> org.hibernate.type.TimeType@7c4fc2bf
[DEBUG] 2021-04-14 10:54:38.349 [main] BasicTypeRegistry - Adding type registration timestamp -> org.hibernate.type.TimestampType@42b21d99
[DEBUG] 2021-04-14 10:54:38.349 [main] BasicTypeRegistry - Adding type registration java.sql.Timestamp -> org.hibernate.type.TimestampType@42b21d99
[DEBUG] 2021-04-14 10:54:38.349 [main] BasicTypeRegistry - Adding type registration java.util.Date -> org.hibernate.type.TimestampType@42b21d99
[DEBUG] 2021-04-14 10:54:38.352 [main] BasicTypeRegistry - Adding type registration dbtimestamp -> org.hibernate.type.DbTimestampType@37b72ea
[DEBUG] 2021-04-14 10:54:38.353 [main] BasicTypeRegistry - Adding type registration calendar -> org.hibernate.type.CalendarType@4e92466a
[DEBUG] 2021-04-14 10:54:38.353 [main] BasicTypeRegistry - Adding type registration java.util.Calendar -> org.hibernate.type.CalendarType@4e92466a
[DEBUG] 2021-04-14 10:54:38.353 [main] BasicTypeRegistry - Adding type registration java.util.GregorianCalendar -> org.hibernate.type.CalendarType@4e92466a
[DEBUG] 2021-04-14 10:54:38.354 [main] BasicTypeRegistry - Adding type registration calendar_date -> org.hibernate.type.CalendarDateType@655523dd
[DEBUG] 2021-04-14 10:54:38.355 [main] BasicTypeRegistry - Adding type registration locale -> org.hibernate.type.LocaleType@21a66d45
[DEBUG] 2021-04-14 10:54:38.355 [main] BasicTypeRegistry - Adding type registration java.util.Locale -> org.hibernate.type.LocaleType@21a66d45
[DEBUG] 2021-04-14 10:54:38.356 [main] BasicTypeRegistry - Adding type registration currency -> org.hibernate.type.CurrencyType@748e9b20
[DEBUG] 2021-04-14 10:54:38.357 [main] BasicTypeRegistry - Adding type registration java.util.Currency -> org.hibernate.type.CurrencyType@748e9b20
[DEBUG] 2021-04-14 10:54:38.358 [main] BasicTypeRegistry - Adding type registration timezone -> org.hibernate.type.TimeZoneType@6a0ac48e
[DEBUG] 2021-04-14 10:54:38.358 [main] BasicTypeRegistry - Adding type registration java.util.TimeZone -> org.hibernate.type.TimeZoneType@6a0ac48e
[DEBUG] 2021-04-14 10:54:38.359 [main] BasicTypeRegistry - Adding type registration class -> org.hibernate.type.ClassType@38704ff0
[DEBUG] 2021-04-14 10:54:38.359 [main] BasicTypeRegistry - Adding type registration java.lang.Class -> org.hibernate.type.ClassType@38704ff0
[DEBUG] 2021-04-14 10:54:38.360 [main] BasicTypeRegistry - Adding type registration uuid-binary -> org.hibernate.type.UUIDBinaryType@51d143a1
[DEBUG] 2021-04-14 10:54:38.360 [main] BasicTypeRegistry - Adding type registration java.util.UUID -> org.hibernate.type.UUIDBinaryType@51d143a1
[DEBUG] 2021-04-14 10:54:38.361 [main] BasicTypeRegistry - Adding type registration uuid-char -> org.hibernate.type.UUIDCharType@359b650b
[DEBUG] 2021-04-14 10:54:38.363 [main] BasicTypeRegistry - Adding type registration binary -> org.hibernate.type.BinaryType@640dc4c6
[DEBUG] 2021-04-14 10:54:38.363 [main] BasicTypeRegistry - Adding type registration byte[] -> org.hibernate.type.BinaryType@640dc4c6
[DEBUG] 2021-04-14 10:54:38.363 [main] BasicTypeRegistry - Adding type registration [B -> org.hibernate.type.BinaryType@640dc4c6
[DEBUG] 2021-04-14 10:54:38.364 [main] BasicTypeRegistry - Adding type registration wrapper-binary -> org.hibernate.type.WrapperBinaryType@6411d3c8
[DEBUG] 2021-04-14 10:54:38.364 [main] BasicTypeRegistry - Adding type registration Byte[] -> org.hibernate.type.WrapperBinaryType@6411d3c8
[DEBUG] 2021-04-14 10:54:38.365 [main] BasicTypeRegistry - Adding type registration [Ljava.lang.Byte; -> org.hibernate.type.WrapperBinaryType@6411d3c8
[DEBUG] 2021-04-14 10:54:38.367 [main] BasicTypeRegistry - Adding type registration row_version -> org.hibernate.type.RowVersionType@4441d567
[DEBUG] 2021-04-14 10:54:38.367 [main] BasicTypeRegistry - Adding type registration image -> org.hibernate.type.ImageType@47ec7422
[DEBUG] 2021-04-14 10:54:38.368 [main] BasicTypeRegistry - Adding type registration characters -> org.hibernate.type.CharArrayType@64c4c01
[DEBUG] 2021-04-14 10:54:38.368 [main] BasicTypeRegistry - Adding type registration char[] -> org.hibernate.type.CharArrayType@64c4c01
[DEBUG] 2021-04-14 10:54:38.368 [main] BasicTypeRegistry - Adding type registration [C -> org.hibernate.type.CharArrayType@64c4c01
[DEBUG] 2021-04-14 10:54:38.369 [main] BasicTypeRegistry - Adding type registration wrapper-characters -> org.hibernate.type.CharacterArrayType@3cd59ef5
[DEBUG] 2021-04-14 10:54:38.370 [main] BasicTypeRegistry - Adding type registration [Ljava.lang.Character; -> org.hibernate.type.CharacterArrayType@3cd59ef5
[DEBUG] 2021-04-14 10:54:38.370 [main] BasicTypeRegistry - Adding type registration Character[] -> org.hibernate.type.CharacterArrayType@3cd59ef5
[DEBUG] 2021-04-14 10:54:38.370 [main] BasicTypeRegistry - Adding type registration text -> org.hibernate.type.TextType@cfbc8e8
[DEBUG] 2021-04-14 10:54:38.370 [main] BasicTypeRegistry - Adding type registration ntext -> org.hibernate.type.NTextType@14379273
[DEBUG] 2021-04-14 10:54:38.372 [main] BasicTypeRegistry - Adding type registration blob -> org.hibernate.type.BlobType@35835e65
[DEBUG] 2021-04-14 10:54:38.373 [main] BasicTypeRegistry - Adding type registration java.sql.Blob -> org.hibernate.type.BlobType@35835e65
[DEBUG] 2021-04-14 10:54:38.373 [main] BasicTypeRegistry - Adding type registration materialized_blob -> org.hibernate.type.MaterializedBlobType@1fde4f40
[DEBUG] 2021-04-14 10:54:38.375 [main] BasicTypeRegistry - Adding type registration clob -> org.hibernate.type.ClobType@53ac845a
[DEBUG] 2021-04-14 10:54:38.375 [main] BasicTypeRegistry - Adding type registration java.sql.Clob -> org.hibernate.type.ClobType@53ac845a
[DEBUG] 2021-04-14 10:54:38.376 [main] BasicTypeRegistry - Adding type registration nclob -> org.hibernate.type.NClobType@69da0b12
[DEBUG] 2021-04-14 10:54:38.377 [main] BasicTypeRegistry - Adding type registration java.sql.NClob -> org.hibernate.type.NClobType@69da0b12
[DEBUG] 2021-04-14 10:54:38.377 [main] BasicTypeRegistry - Adding type registration materialized_clob -> org.hibernate.type.MaterializedClobType@79b08632
[DEBUG] 2021-04-14 10:54:38.378 [main] BasicTypeRegistry - Adding type registration materialized_nclob -> org.hibernate.type.MaterializedNClobType@bb9ab64
[DEBUG] 2021-04-14 10:54:38.379 [main] BasicTypeRegistry - Adding type registration serializable -> org.hibernate.type.SerializableType@9fec931
[DEBUG] 2021-04-14 10:54:38.382 [main] BasicTypeRegistry - Adding type registration object -> org.hibernate.type.ObjectType@d56aaa6
[DEBUG] 2021-04-14 10:54:38.383 [main] BasicTypeRegistry - Adding type registration java.lang.Object -> org.hibernate.type.ObjectType@d56aaa6
[DEBUG] 2021-04-14 10:54:38.383 [main] BasicTypeRegistry - Adding type registration imm_date -> org.hibernate.type.AdaptedImmutableType@3910fe11
[DEBUG] 2021-04-14 10:54:38.383 [main] BasicTypeRegistry - Adding type registration imm_time -> org.hibernate.type.AdaptedImmutableType@460510aa
[DEBUG] 2021-04-14 10:54:38.384 [main] BasicTypeRegistry - Adding type registration imm_timestamp -> org.hibernate.type.AdaptedImmutableType@351e414e
[DEBUG] 2021-04-14 10:54:38.384 [main] BasicTypeRegistry - Adding type registration imm_dbtimestamp -> org.hibernate.type.AdaptedImmutableType@6fd77352
[DEBUG] 2021-04-14 10:54:38.384 [main] BasicTypeRegistry - Adding type registration imm_calendar -> org.hibernate.type.AdaptedImmutableType@5109e8cf
[DEBUG] 2021-04-14 10:54:38.384 [main] BasicTypeRegistry - Adding type registration imm_calendar_date -> org.hibernate.type.AdaptedImmutableType@3f672204
[DEBUG] 2021-04-14 10:54:38.384 [main] BasicTypeRegistry - Adding type registration imm_binary -> org.hibernate.type.AdaptedImmutableType@78b41097
[DEBUG] 2021-04-14 10:54:38.384 [main] BasicTypeRegistry - Adding type registration imm_serializable -> org.hibernate.type.AdaptedImmutableType@2c2db130
[DEBUG] 2021-04-14 10:54:38.415 [main] DefaultIdentifierGeneratorFactory - Registering IdentifierGenerator strategy [uuid2] -> [org.hibernate.id.UUIDGenerator]
[DEBUG] 2021-04-14 10:54:38.418 [main] DefaultIdentifierGeneratorFactory - Registering IdentifierGenerator strategy [guid] -> [org.hibernate.id.GUIDGenerator]
[DEBUG] 2021-04-14 10:54:38.419 [main] DefaultIdentifierGeneratorFactory - Registering IdentifierGenerator strategy [uuid] -> [org.hibernate.id.UUIDHexGenerator]
[DEBUG] 2021-04-14 10:54:38.419 [main] DefaultIdentifierGeneratorFactory - Registering IdentifierGenerator strategy [uuid.hex] -> [org.hibernate.id.UUIDHexGenerator]
[DEBUG] 2021-04-14 10:54:38.420 [main] DefaultIdentifierGeneratorFactory - Registering IdentifierGenerator strategy [assigned] -> [org.hibernate.id.Assigned]
[DEBUG] 2021-04-14 10:54:38.421 [main] DefaultIdentifierGeneratorFactory - Registering IdentifierGenerator strategy [identity] -> [org.hibernate.id.IdentityGenerator]
[DEBUG] 2021-04-14 10:54:38.422 [main] DefaultIdentifierGeneratorFactory - Registering IdentifierGenerator strategy [select] -> [org.hibernate.id.SelectGenerator]
[DEBUG] 2021-04-14 10:54:38.423 [main] DefaultIdentifierGeneratorFactory - Registering IdentifierGenerator strategy [sequence] -> [org.hibernate.id.enhanced.SequenceStyleGenerator]
[DEBUG] 2021-04-14 10:54:38.424 [main] DefaultIdentifierGeneratorFactory - Registering IdentifierGenerator strategy [seqhilo] -> [org.hibernate.id.SequenceHiLoGenerator]
[DEBUG] 2021-04-14 10:54:38.425 [main] DefaultIdentifierGeneratorFactory - Registering IdentifierGenerator strategy [increment] -> [org.hibernate.id.IncrementGenerator]
[DEBUG] 2021-04-14 10:54:38.425 [main] DefaultIdentifierGeneratorFactory - Registering IdentifierGenerator strategy [foreign] -> [org.hibernate.id.ForeignGenerator]
[DEBUG] 2021-04-14 10:54:38.425 [main] DefaultIdentifierGeneratorFactory - Registering IdentifierGenerator strategy [sequence-identity] -> [org.hibernate.id.SequenceIdentityGenerator]
[DEBUG] 2021-04-14 10:54:38.426 [main] DefaultIdentifierGeneratorFactory - Registering IdentifierGenerator strategy [enhanced-sequence] -> [org.hibernate.id.enhanced.SequenceStyleGenerator]
[DEBUG] 2021-04-14 10:54:38.426 [main] DefaultIdentifierGeneratorFactory - Registering IdentifierGenerator strategy [enhanced-table] -> [org.hibernate.id.enhanced.TableGenerator]
[INFO ] 2021-04-14 10:54:38.431 [main] C3P0ConnectionProvider - HHH010002: C3P0 using driver: com.mysql.cj.jdbc.Driver at URL: jdbc:mysql://localhost:3306/test_mealBuilder
[INFO ] 2021-04-14 10:54:38.431 [main] C3P0ConnectionProvider - HHH10001001: Connection properties: {password=****, user=root}
[INFO ] 2021-04-14 10:54:38.432 [main] C3P0ConnectionProvider - HHH10001003: Autocommit mode: false
[INFO ] 2021-04-14 10:54:38.633 [main] C3P0ConnectionProvider - HHH10001007: JDBC isolation level: <unknown>
[DEBUG] 2021-04-14 10:54:39.405 [main] JdbcEnvironmentInitiator - Database ->
       name : MySQL
    version : 8.0.22
      major : 8
      minor : 0
[DEBUG] 2021-04-14 10:54:39.406 [main] JdbcEnvironmentInitiator - Driver ->
       name : MySQL Connector/J
    version : mysql-connector-java-8.0.22 (Revision: d64b664fa93e81296a377de031b8123a67e6def2)
      major : 8
      minor : 0
[DEBUG] 2021-04-14 10:54:39.406 [main] JdbcEnvironmentInitiator - JDBC version : 4.2
[INFO ] 2021-04-14 10:54:39.457 [main] Dialect - HHH000400: Using dialect: org.hibernate.dialect.MySQL8Dialect
[DEBUG] 2021-04-14 10:54:39.492 [main] IdentifierHelperBuilder - JDBC driver metadata reported database stores quoted identifiers in more than one case
[DEBUG] 2021-04-14 10:54:39.519 [main] IdentifierHelperBuilder - IdentifierCaseStrategy for both quoted and unquoted identifiers was set to the same strategy [MIXED]; that will likely lead to problems in schema update and validation if using quoted identifiers
[DEBUG] 2021-04-14 10:54:39.574 [main] Namespace - Created database namespace [logicalName=Name{catalog=null, schema=null}, physicalName=Name{catalog=null, schema=null}]
[DEBUG] 2021-04-14 10:54:39.580 [main] TypeConfiguration$Scope - Scoping TypeConfiguration [org.hibernate.type.spi.TypeConfiguration@48d293ee] to MetadataBuildingContext [org.hibernate.boot.internal.MetadataBuildingContextRootImpl@146dcfe6]
[DEBUG] 2021-04-14 10:54:39.697 [main] AnnotationBinder - Binding entity from annotated class: entity.Users
[DEBUG] 2021-04-14 10:54:39.734 [main] Ejb3Column - Binding column: Ejb3DiscriminatorColumn{logicalColumnName'DTYPE', discriminatorTypeName='string'}
[DEBUG] 2021-04-14 10:54:39.741 [main] EntityBinder - Import with entity name Users
[DEBUG] 2021-04-14 10:54:39.746 [main] EntityBinder - Bind entity entity.Users on table Users
[DEBUG] 2021-04-14 10:54:39.798 [main] Ejb3Column - Binding column: Ejb3Column{table=org.hibernate.mapping.Table(Users), mappingColumn=id, insertable=true, updatable=true, unique=false}
[DEBUG] 2021-04-14 10:54:39.804 [main] PropertyBinder - MetadataSourceProcessor property id with lazy=false
[DEBUG] 2021-04-14 10:54:39.808 [main] AbstractPropertyHolder - Attempting to locate auto-apply AttributeConverter for property [entity.Users:id]
[DEBUG] 2021-04-14 10:54:39.815 [main] SimpleValueBinder - building SimpleValue for id
[DEBUG] 2021-04-14 10:54:39.818 [main] PropertyBinder - Building property id
[DEBUG] 2021-04-14 10:54:39.824 [main] BinderHelper - #makeIdGenerator(org.hibernate.mapping.SimpleValue([org.hibernate.mapping.Column(id)]), id, org.hibernate.id.enhanced.SequenceStyleGenerator, native, ...)
[DEBUG] 2021-04-14 10:54:39.826 [main] Ejb3Column - Binding column: Ejb3Column{table=org.hibernate.mapping.Table(Users), mappingColumn=password, insertable=true, updatable=true, unique=false}
[DEBUG] 2021-04-14 10:54:39.826 [main] PropertyBinder - MetadataSourceProcessor property password with lazy=false
[DEBUG] 2021-04-14 10:54:39.826 [main] AbstractPropertyHolder - Attempting to locate auto-apply AttributeConverter for property [entity.Users:password]
[DEBUG] 2021-04-14 10:54:39.826 [main] SimpleValueBinder - building SimpleValue for password
[DEBUG] 2021-04-14 10:54:39.826 [main] PropertyBinder - Building property password
[DEBUG] 2021-04-14 10:54:39.829 [main] Ejb3Column - Binding column: Ejb3JoinColumn{logicalColumnName='Users_id', referencedColumn='', mappedBy=''}
[DEBUG] 2021-04-14 10:54:39.830 [main] Ejb3Column - Binding column: Ejb3Column{table=org.hibernate.mapping.Table(Users), mappingColumn=recipes, insertable=true, updatable=true, unique=false}
[DEBUG] 2021-04-14 10:54:39.837 [main] Ejb3Column - Binding column: Ejb3Column{table=org.hibernate.mapping.Table(Users), mappingColumn=null, insertable=true, updatable=true, unique=false}
[DEBUG] 2021-04-14 10:54:39.856 [main] Ejb3Column - Binding column: Ejb3Column{table=org.hibernate.mapping.Table(Users), mappingColumn=element, insertable=true, updatable=true, unique=false}
[DEBUG] 2021-04-14 10:54:39.857 [main] Ejb3Column - Binding column: Ejb3Column{table=org.hibernate.mapping.Table(Users), mappingColumn=recipes_KEY, insertable=true, updatable=true, unique=false}
[DEBUG] 2021-04-14 10:54:39.858 [main] Ejb3Column - Binding column: Ejb3JoinColumn{logicalColumnName='recipes_KEY', referencedColumn='null', mappedBy='null'}
[DEBUG] 2021-04-14 10:54:39.861 [main] Ejb3Column - Binding column: Ejb3JoinColumn{logicalColumnName='null', referencedColumn='null', mappedBy=''}
[DEBUG] 2021-04-14 10:54:39.861 [main] Ejb3Column - Binding column: Ejb3JoinColumn{logicalColumnName='null', referencedColumn='null', mappedBy=''}
[DEBUG] 2021-04-14 10:54:39.862 [main] CollectionBinder - Collection role: entity.Users.recipes
[DEBUG] 2021-04-14 10:54:39.868 [main] PropertyBinder - Building property recipes
[DEBUG] 2021-04-14 10:54:39.869 [main] Ejb3Column - Binding column: Ejb3Column{table=org.hibernate.mapping.Table(Users), mappingColumn=username, insertable=true, updatable=true, unique=false}
[DEBUG] 2021-04-14 10:54:39.869 [main] PropertyBinder - MetadataSourceProcessor property username with lazy=false
[DEBUG] 2021-04-14 10:54:39.870 [main] AbstractPropertyHolder - Attempting to locate auto-apply AttributeConverter for property [entity.Users:username]
[DEBUG] 2021-04-14 10:54:39.870 [main] SimpleValueBinder - building SimpleValue for username
[DEBUG] 2021-04-14 10:54:39.871 [main] PropertyBinder - Building property username
[DEBUG] 2021-04-14 10:54:39.873 [main] AnnotationBinder - Binding entity from annotated class: entity.Recipes
[DEBUG] 2021-04-14 10:54:39.874 [main] Ejb3Column - Binding column: Ejb3DiscriminatorColumn{logicalColumnName'DTYPE', discriminatorTypeName='string'}
[DEBUG] 2021-04-14 10:54:39.874 [main] EntityBinder - Import with entity name Recipes
[DEBUG] 2021-04-14 10:54:39.874 [main] EntityBinder - Bind entity entity.Recipes on table Recipes
[DEBUG] 2021-04-14 10:54:39.878 [main] Ejb3Column - Binding column: Ejb3Column{table=org.hibernate.mapping.Table(Recipes), mappingColumn=recipe_id, insertable=true, updatable=true, unique=false}
[DEBUG] 2021-04-14 10:54:39.879 [main] PropertyBinder - MetadataSourceProcessor property id with lazy=false
[DEBUG] 2021-04-14 10:54:39.879 [main] AbstractPropertyHolder - Attempting to locate auto-apply AttributeConverter for property [entity.Recipes:id]
[DEBUG] 2021-04-14 10:54:39.879 [main] SimpleValueBinder - building SimpleValue for id
[DEBUG] 2021-04-14 10:54:39.880 [main] PropertyBinder - Building property id
[DEBUG] 2021-04-14 10:54:39.880 [main] BinderHelper - #makeIdGenerator(org.hibernate.mapping.SimpleValue([org.hibernate.mapping.Column(recipe_id)]), id, org.hibernate.id.enhanced.SequenceStyleGenerator, native, ...)
[DEBUG] 2021-04-14 10:54:39.880 [main] Ejb3Column - Binding column: Ejb3Column{table=org.hibernate.mapping.Table(Recipes), mappingColumn=public_recipe, insertable=true, updatable=true, unique=false}
[DEBUG] 2021-04-14 10:54:39.880 [main] PropertyBinder - MetadataSourceProcessor property public_recipe with lazy=false
[DEBUG] 2021-04-14 10:54:39.881 [main] AbstractPropertyHolder - Attempting to locate auto-apply AttributeConverter for property [entity.Recipes:public_recipe]
[DEBUG] 2021-04-14 10:54:39.881 [main] SimpleValueBinder - building SimpleValue for public_recipe
[DEBUG] 2021-04-14 10:54:39.881 [main] PropertyBinder - Building property public_recipe
[DEBUG] 2021-04-14 10:54:39.881 [main] Ejb3Column - Binding column: Ejb3Column{table=org.hibernate.mapping.Table(Recipes), mappingColumn=recipe_name, insertable=true, updatable=true, unique=false}
[DEBUG] 2021-04-14 10:54:39.881 [main] PropertyBinder - MetadataSourceProcessor property recipe_name with lazy=false
[DEBUG] 2021-04-14 10:54:39.882 [main] AbstractPropertyHolder - Attempting to locate auto-apply AttributeConverter for property [entity.Recipes:recipe_name]
[DEBUG] 2021-04-14 10:54:39.882 [main] SimpleValueBinder - building SimpleValue for recipe_name
[DEBUG] 2021-04-14 10:54:39.882 [main] PropertyBinder - Building property recipe_name
[DEBUG] 2021-04-14 10:54:39.882 [main] Ejb3Column - Binding column: Ejb3JoinColumn{logicalColumnName='Users_id', referencedColumn='', mappedBy=''}
[DEBUG] 2021-04-14 10:54:39.882 [main] Ejb3Column - Binding column: Ejb3Column{table=org.hibernate.mapping.Table(Recipes), mappingColumn=user, insertable=true, updatable=true, unique=false}
[DEBUG] 2021-04-14 10:54:39.885 [main] PropertyBinder - Building property user
[DEBUG] 2021-04-14 10:54:39.885 [main] AnnotationBinder - Binding entity from annotated class: entity.UserGoals
[DEBUG] 2021-04-14 10:54:39.885 [main] Ejb3Column - Binding column: Ejb3DiscriminatorColumn{logicalColumnName'DTYPE', discriminatorTypeName='string'}
[DEBUG] 2021-04-14 10:54:39.886 [main] EntityBinder - Import with entity name UserGoals
[DEBUG] 2021-04-14 10:54:39.886 [main] EntityBinder - Bind entity entity.UserGoals on table User_Macro_Goals
[DEBUG] 2021-04-14 10:54:39.887 [main] Ejb3Column - Binding column: Ejb3Column{table=org.hibernate.mapping.Table(User_Macro_Goals), mappingColumn=id, insertable=true, updatable=true, unique=false}
[DEBUG] 2021-04-14 10:54:39.887 [main] PropertyBinder - MetadataSourceProcessor property id with lazy=false
[DEBUG] 2021-04-14 10:54:39.888 [main] AbstractPropertyHolder - Attempting to locate auto-apply AttributeConverter for property [entity.UserGoals:id]
[DEBUG] 2021-04-14 10:54:39.888 [main] SimpleValueBinder - building SimpleValue for id
[DEBUG] 2021-04-14 10:54:39.888 [main] PropertyBinder - Building property id
[DEBUG] 2021-04-14 10:54:39.888 [main] BinderHelper - #makeIdGenerator(org.hibernate.mapping.SimpleValue([org.hibernate.mapping.Column(id)]), id, org.hibernate.id.enhanced.SequenceStyleGenerator, native, ...)
[DEBUG] 2021-04-14 10:54:39.888 [main] Ejb3Column - Binding column: Ejb3Column{table=org.hibernate.mapping.Table(User_Macro_Goals), mappingColumn=calorie_goal, insertable=true, updatable=true, unique=false}
[DEBUG] 2021-04-14 10:54:39.889 [main] PropertyBinder - MetadataSourceProcessor property calorieGoal with lazy=false
[DEBUG] 2021-04-14 10:54:39.889 [main] AbstractPropertyHolder - Attempting to locate auto-apply AttributeConverter for property [entity.UserGoals:calorieGoal]
[DEBUG] 2021-04-14 10:54:39.889 [main] SimpleValueBinder - building SimpleValue for calorieGoal
[DEBUG] 2021-04-14 10:54:39.890 [main] PropertyBinder - Building property calorieGoal
[DEBUG] 2021-04-14 10:54:39.891 [main] Ejb3Column - Binding column: Ejb3Column{table=org.hibernate.mapping.Table(User_Macro_Goals), mappingColumn=carb_goal, insertable=true, updatable=true, unique=false}
[DEBUG] 2021-04-14 10:54:39.892 [main] PropertyBinder - MetadataSourceProcessor property carbGoal with lazy=false
[DEBUG] 2021-04-14 10:54:39.893 [main] AbstractPropertyHolder - Attempting to locate auto-apply AttributeConverter for property [entity.UserGoals:carbGoal]
[DEBUG] 2021-04-14 10:54:39.893 [main] SimpleValueBinder - building SimpleValue for carbGoal
[DEBUG] 2021-04-14 10:54:39.894 [main] PropertyBinder - Building property carbGoal
[DEBUG] 2021-04-14 10:54:39.894 [main] Ejb3Column - Binding column: Ejb3Column{table=org.hibernate.mapping.Table(User_Macro_Goals), mappingColumn=fat_goal, insertable=true, updatable=true, unique=false}
[DEBUG] 2021-04-14 10:54:39.895 [main] PropertyBinder - MetadataSourceProcessor property fatGoal with lazy=false
[DEBUG] 2021-04-14 10:54:39.896 [main] AbstractPropertyHolder - Attempting to locate auto-apply AttributeConverter for property [entity.UserGoals:fatGoal]
[DEBUG] 2021-04-14 10:54:39.896 [main] SimpleValueBinder - building SimpleValue for fatGoal
[DEBUG] 2021-04-14 10:54:39.897 [main] PropertyBinder - Building property fatGoal
[DEBUG] 2021-04-14 10:54:39.897 [main] Ejb3Column - Binding column: Ejb3Column{table=org.hibernate.mapping.Table(User_Macro_Goals), mappingColumn=protein_goal, insertable=true, updatable=true, unique=false}
[DEBUG] 2021-04-14 10:54:39.898 [main] PropertyBinder - MetadataSourceProcessor property proteinGoal with lazy=false
[DEBUG] 2021-04-14 10:54:39.898 [main] AbstractPropertyHolder - Attempting to locate auto-apply AttributeConverter for property [entity.UserGoals:proteinGoal]
[DEBUG] 2021-04-14 10:54:39.898 [main] SimpleValueBinder - building SimpleValue for proteinGoal
[DEBUG] 2021-04-14 10:54:39.898 [main] PropertyBinder - Building property proteinGoal
[DEBUG] 2021-04-14 10:54:39.898 [main] Ejb3Column - Binding column: Ejb3JoinColumn{logicalColumnName='Userid', referencedColumn='', mappedBy=''}
[DEBUG] 2021-04-14 10:54:39.899 [main] Ejb3Column - Binding column: Ejb3Column{table=org.hibernate.mapping.Table(User_Macro_Goals), mappingColumn=user, insertable=true, updatable=true, unique=false}
[DEBUG] 2021-04-14 10:54:39.899 [main] PropertyBinder - Building property user
[DEBUG] 2021-04-14 10:54:39.903 [main] SimpleValueBinder - Starting fillSimpleValue for id
[DEBUG] 2021-04-14 10:54:39.903 [main] SimpleValueBinder - Starting fillSimpleValue for password
[DEBUG] 2021-04-14 10:54:39.903 [main] SimpleValueBinder - Starting fillSimpleValue for username
[DEBUG] 2021-04-14 10:54:39.903 [main] SimpleValueBinder - Starting fillSimpleValue for id
[DEBUG] 2021-04-14 10:54:39.904 [main] SimpleValueBinder - Starting fillSimpleValue for public_recipe
[DEBUG] 2021-04-14 10:54:39.904 [main] SimpleValueBinder - Starting fillSimpleValue for recipe_name
[DEBUG] 2021-04-14 10:54:39.904 [main] SimpleValueBinder - Starting fillSimpleValue for id
[DEBUG] 2021-04-14 10:54:39.905 [main] SimpleValueBinder - Starting fillSimpleValue for calorieGoal
[DEBUG] 2021-04-14 10:54:39.905 [main] SimpleValueBinder - Starting fillSimpleValue for carbGoal
[DEBUG] 2021-04-14 10:54:39.905 [main] SimpleValueBinder - Starting fillSimpleValue for fatGoal
[DEBUG] 2021-04-14 10:54:39.905 [main] SimpleValueBinder - Starting fillSimpleValue for proteinGoal
[DEBUG] 2021-04-14 10:54:39.915 [main] PrimaryKey - Forcing column [id] to be non-null as it is part of the primary key for table [users]
[DEBUG] 2021-04-14 10:54:39.915 [main] PrimaryKey - Forcing column [recipe_id] to be non-null as it is part of the primary key for table [recipes]
[DEBUG] 2021-04-14 10:54:39.915 [main] PrimaryKey - Forcing column [id] to be non-null as it is part of the primary key for table [user_macro_goals]
[DEBUG] 2021-04-14 10:54:39.916 [main] CollectionSecondPass - Second pass for collection: entity.Users.recipes
[DEBUG] 2021-04-14 10:54:39.916 [main] CollectionBinder - Binding a OneToMany: entity.Users.recipes through a foreign key
[DEBUG] 2021-04-14 10:54:39.917 [main] CollectionBinder - Mapping collection: entity.Users.recipes -> Recipes
[DEBUG] 2021-04-14 10:54:39.920 [main] CollectionSecondPass - Mapped collection key: Users_id, one-to-many: entity.Recipes
[DEBUG] 2021-04-14 10:54:39.921 [main] InFlightMetadataCollectorImpl - Resolving reference to class: entity.Users
[DEBUG] 2021-04-14 10:54:39.926 [main] InFlightMetadataCollectorImpl - Resolving reference to class: entity.Users
[DEBUG] 2021-04-14 10:54:39.934 [main] InFlightMetadataCollectorImpl - Resolving reference to class: entity.Users
[DEBUG] 2021-04-14 10:54:39.935 [main] InFlightMetadataCollectorImpl - Resolving reference to class: entity.Users
[DEBUG] 2021-04-14 10:54:40.078 [main] SessionFactoryImpl - Building session factory
[DEBUG] 2021-04-14 10:54:40.080 [main] Settings - SessionFactory name : null
[DEBUG] 2021-04-14 10:54:40.080 [main] Settings - Automatic flush during beforeCompletion(): enabled
[DEBUG] 2021-04-14 10:54:40.080 [main] Settings - Automatic session close at end of transaction: disabled
[DEBUG] 2021-04-14 10:54:40.081 [main] Settings - Statistics: disabled
[DEBUG] 2021-04-14 10:54:40.082 [main] Settings - Deleted entity synthetic identifier rollback: disabled
[DEBUG] 2021-04-14 10:54:40.082 [main] Settings - Default entity-mode: pojo
[DEBUG] 2021-04-14 10:54:40.082 [main] Settings - Check Nullability in Core (should be disabled when Bean Validation is on): enabled
[DEBUG] 2021-04-14 10:54:40.082 [main] Settings - Allow initialization of lazy state outside session : disabled
[DEBUG] 2021-04-14 10:54:40.082 [main] Settings - Using BatchFetchStyle : LEGACY
[DEBUG] 2021-04-14 10:54:40.082 [main] Settings - Default batch fetch size: -1
[DEBUG] 2021-04-14 10:54:40.083 [main] Settings - Maximum outer join fetch depth: 2
[DEBUG] 2021-04-14 10:54:40.083 [main] Settings - Default null ordering: NONE
[DEBUG] 2021-04-14 10:54:40.083 [main] Settings - Order SQL updates by primary key: disabled
[DEBUG] 2021-04-14 10:54:40.083 [main] Settings - Order SQL inserts for batching: disabled
[DEBUG] 2021-04-14 10:54:40.083 [main] Settings - multi-tenancy strategy : NONE
[DEBUG] 2021-04-14 10:54:40.083 [main] Settings - JTA Track by Thread: enabled
[DEBUG] 2021-04-14 10:54:40.083 [main] Settings - Query language substitutions: {}
[DEBUG] 2021-04-14 10:54:40.084 [main] Settings - Named query checking : enabled
[DEBUG] 2021-04-14 10:54:40.084 [main] Settings - Second-level cache: disabled
[DEBUG] 2021-04-14 10:54:40.084 [main] Settings - Second-level query cache: disabled
[DEBUG] 2021-04-14 10:54:40.084 [main] Settings - Second-level query cache factory: null
[DEBUG] 2021-04-14 10:54:40.084 [main] Settings - Second-level cache region prefix: null
[DEBUG] 2021-04-14 10:54:40.084 [main] Settings - Optimize second-level cache for minimal puts: disabled
[DEBUG] 2021-04-14 10:54:40.084 [main] Settings - Structured second-level cache entries: disabled
[DEBUG] 2021-04-14 10:54:40.084 [main] Settings - Second-level cache direct-reference entries: disabled
[DEBUG] 2021-04-14 10:54:40.085 [main] Settings - Automatic eviction of collection cache: disabled
[DEBUG] 2021-04-14 10:54:40.085 [main] Settings - JDBC batch size: 15
[DEBUG] 2021-04-14 10:54:40.085 [main] Settings - JDBC batch updates for versioned data: enabled
[DEBUG] 2021-04-14 10:54:40.085 [main] Settings - Scrollable result sets: enabled
[DEBUG] 2021-04-14 10:54:40.085 [main] Settings - Wrap result sets: disabled
[DEBUG] 2021-04-14 10:54:40.085 [main] Settings - JDBC3 getGeneratedKeys(): enabled
[DEBUG] 2021-04-14 10:54:40.085 [main] Settings - JDBC result set fetch size: null
[DEBUG] 2021-04-14 10:54:40.086 [main] Settings - Connection release mode: AFTER_TRANSACTION
[DEBUG] 2021-04-14 10:54:40.086 [main] Settings - Generate SQL with comments: disabled
[DEBUG] 2021-04-14 10:54:40.086 [main] Settings - JPA compliance - query : 
[DEBUG] 2021-04-14 10:54:40.086 [main] Settings - JPA compliance - closed-handling : 
[DEBUG] 2021-04-14 10:54:40.086 [main] Settings - JPA compliance - lists : 
[DEBUG] 2021-04-14 10:54:40.086 [main] Settings - JPA compliance - transactions : 
[INFO ] 2021-04-14 10:54:40.208 [main] beans - HHH10005002: No explicit CDI BeanManager reference was passed to Hibernate, but CDI is available on the Hibernate ClassLoader.
[DEBUG] 2021-04-14 10:54:40.243 [main] SessionFactoryImpl - Session factory constructed with filter configurations : {}
[DEBUG] 2021-04-14 10:54:40.243 [main] SessionFactoryImpl - Instantiating session factory with properties: {gopherProxySet=false, awt.toolkit=sun.lwawt.macosx.LWCToolkit, java.specification.version=11, sun.cpu.isalist=, hibernate.c3p0.idle_test_period=3000, sun.jnu.encoding=UTF-8, hibernate.c3p0.min_size=5, java.class.path=/Applications/IntelliJ IDEA.app/Contents/lib/idea_rt.jar:/Applications/IntelliJ IDEA.app/Contents/plugins/junit/lib/junit5-rt.jar:/Applications/IntelliJ IDEA.app/Contents/plugins/junit/lib/junit-rt.jar:/Users/lisaandritsch/Desktop/Java/MealAndGroceryBuilder/target/test-classes:/Users/lisaandritsch/Desktop/Java/MealAndGroceryBuilder/target/classes:/Users/lisaandritsch/.m2/repository/junit/junit/4.12/junit-4.12.jar:/Users/lisaandritsch/.m2/repository/org/hamcrest/hamcrest-core/1.3/hamcrest-core-1.3.jar:/Users/lisaandritsch/.m2/repository/javax/javaee-web-api/7.0/javaee-web-api-7.0.jar:/Users/lisaandritsch/.m2/repository/mysql/mysql-connector-java/8.0.22/mysql-connector-java-8.0.22.jar:/Users/lisaandritsch/.m2/repository/com/google/protobuf/protobuf-java/3.11.4/protobuf-java-3.11.4.jar:/Users/lisaandritsch/.m2/repository/javax/servlet/jsp/jstl/jstl-api/1.2/jstl-api-1.2.jar:/Users/lisaandritsch/.m2/repository/javax/servlet/servlet-api/2.5/servlet-api-2.5.jar:/Users/lisaandritsch/.m2/repository/javax/servlet/jsp/jsp-api/2.1/jsp-api-2.1.jar:/Users/lisaandritsch/.m2/repository/javax/servlet/jstl/1.2/jstl-1.2.jar:/Users/lisaandritsch/.m2/repository/taglibs/standard/1.1.2/standard-1.1.2.jar:/Users/lisaandritsch/.m2/repository/org/apache/logging/log4j/log4j-api/2.10.0/log4j-api-2.10.0.jar:/Users/lisaandritsch/.m2/repository/org/apache/logging/log4j/log4j-core/2.10.0/log4j-core-2.10.0.jar:/Users/lisaandritsch/.m2/repository/org/junit/platform/junit-platform-runner/1.0.0/junit-platform-runner-1.0.0.jar:/Users/lisaandritsch/.m2/repository/org/apiguardian/apiguardian-api/1.0.0/apiguardian-api-1.0.0.jar:/Users/lisaandritsch/.m2/repository/org/junit/platform/junit-platform-launcher/1.0.0/junit-platform-launcher-1.0.0.jar:/Users/lisaandritsch/.m2/repository/org/junit/platform/junit-platform-suite-api/1.0.0/junit-platform-suite-api-1.0.0.jar:/Users/lisaandritsch/.m2/repository/org/junit/platform/junit-platform-commons/1.0.0/junit-platform-commons-1.0.0.jar:/Users/lisaandritsch/.m2/repository/org/junit/vintage/junit-vintage-engine/4.12.0/junit-vintage-engine-4.12.0.jar:/Users/lisaandritsch/.m2/repository/org/junit/platform/junit-platform-engine/1.0.0/junit-platform-engine-1.0.0.jar:/Users/lisaandritsch/.m2/repository/org/opentest4j/opentest4j/1.0.0/opentest4j-1.0.0.jar:/Users/lisaandritsch/.m2/repository/org/junit/jupiter/junit-jupiter-engine/5.0.0/junit-jupiter-engine-5.0.0.jar:/Users/lisaandritsch/.m2/repository/org/junit/jupiter/junit-jupiter-api/5.0.0/junit-jupiter-api-5.0.0.jar:/Users/lisaandritsch/.m2/repository/org/hibernate/hibernate-core/5.4.4.Final/hibernate-core-5.4.4.Final.jar:/Users/lisaandritsch/.m2/repository/org/jboss/logging/jboss-logging/3.3.2.Final/jboss-logging-3.3.2.Final.jar:/Users/lisaandritsch/.m2/repository/javax/persistence/javax.persistence-api/2.2/javax.persistence-api-2.2.jar:/Users/lisaandritsch/.m2/repository/org/javassist/javassist/3.24.0-GA/javassist-3.24.0-GA.jar:/Users/lisaandritsch/.m2/repository/net/bytebuddy/byte-buddy/1.9.11/byte-buddy-1.9.11.jar:/Users/lisaandritsch/.m2/repository/antlr/antlr/2.7.7/antlr-2.7.7.jar:/Users/lisaandritsch/.m2/repository/org/jboss/spec/javax/transaction/jboss-transaction-api_1.2_spec/1.1.1.Final/jboss-transaction-api_1.2_spec-1.1.1.Final.jar:/Users/lisaandritsch/.m2/repository/org/jboss/jandex/2.0.5.Final/jandex-2.0.5.Final.jar:/Users/lisaandritsch/.m2/repository/com/fasterxml/classmate/1.3.4/classmate-1.3.4.jar:/Users/lisaandritsch/.m2/repository/javax/activation/javax.activation-api/1.2.0/javax.activation-api-1.2.0.jar:/Users/lisaandritsch/.m2/repository/org/dom4j/dom4j/2.1.1/dom4j-2.1.1.jar:/Users/lisaandritsch/.m2/repository/org/hibernate/common/hibernate-commons-annotations/5.1.0.Final/hibernate-commons-annotations-5.1.0.Final.jar:/Users/lisaandritsch/.m2/repository/javax/xml/bind/jaxb-api/2.3.1/jaxb-api-2.3.1.jar:/Users/lisaandritsch/.m2/repository/org/glassfish/jaxb/jaxb-runtime/2.3.1/jaxb-runtime-2.3.1.jar:/Users/lisaandritsch/.m2/repository/org/glassfish/jaxb/txw2/2.3.1/txw2-2.3.1.jar:/Users/lisaandritsch/.m2/repository/com/sun/istack/istack-commons-runtime/3.0.7/istack-commons-runtime-3.0.7.jar:/Users/lisaandritsch/.m2/repository/org/jvnet/staxex/stax-ex/1.8/stax-ex-1.8.jar:/Users/lisaandritsch/.m2/repository/com/sun/xml/fastinfoset/FastInfoset/1.2.15/FastInfoset-1.2.15.jar:/Users/lisaandritsch/.m2/repository/org/hibernate/hibernate-c3p0/5.4.4.Final/hibernate-c3p0-5.4.4.Final.jar:/Users/lisaandritsch/.m2/repository/com/mchange/c3p0/0.9.5.3/c3p0-0.9.5.3.jar:/Users/lisaandritsch/.m2/repository/com/mchange/mchange-commons-java/0.2.15/mchange-commons-java-0.2.15.jar:/Users/lisaandritsch/.m2/repository/org/glassfish/jersey/core/jersey-client/2.29.1/jersey-client-2.29.1.jar:/Users/lisaandritsch/.m2/repository/jakarta/ws/rs/jakarta.ws.rs-api/2.1.6/jakarta.ws.rs-api-2.1.6.jar:/Users/lisaandritsch/.m2/repository/org/glassfish/jersey/core/jersey-common/2.29.1/jersey-common-2.29.1.jar:/Users/lisaandritsch/.m2/repository/jakarta/annotation/jakarta.annotation-api/1.3.5/jakarta.annotation-api-1.3.5.jar:/Users/lisaandritsch/.m2/repository/org/glassfish/hk2/osgi-resource-locator/1.0.3/osgi-resource-locator-1.0.3.jar:/Users/lisaandritsch/.m2/repository/com/sun/activation/jakarta.activation/1.2.1/jakarta.activation-1.2.1.jar:/Users/lisaandritsch/.m2/repository/org/glassfish/hk2/external/jakarta.inject/2.6.1/jakarta.inject-2.6.1.jar:/Users/lisaandritsch/.m2/repository/org/glassfish/jersey/inject/jersey-hk2/2.29.1/jersey-hk2-2.29.1.jar:/Users/lisaandritsch/.m2/repository/org/glassfish/hk2/hk2-locator/2.6.1/hk2-locator-2.6.1.jar:/Users/lisaandritsch/.m2/repository/org/glassfish/hk2/external/aopalliance-repackaged/2.6.1/aopalliance-repackaged-2.6.1.jar:/Users/lisaandritsch/.m2/repository/org/glassfish/hk2/hk2-api/2.6.1/hk2-api-2.6.1.jar:/Users/lisaandritsch/.m2/repository/org/glassfish/hk2/hk2-utils/2.6.1/hk2-utils-2.6.1.jar:/Users/lisaandritsch/.m2/repository/com/fasterxml/jackson/core/jackson-core/2.10.0/jackson-core-2.10.0.jar:/Users/lisaandritsch/.m2/repository/com/fasterxml/jackson/core/jackson-annotations/2.10.0/jackson-annotations-2.10.0.jar:/Users/lisaandritsch/.m2/repository/com/fasterxml/jackson/core/jackson-databind/2.10.0/jackson-databind-2.10.0.jar, java.vm.vendor=Oracle Corporation, sun.arch.data.model=64, idea.test.cyclic.buffer.size=1048576, java.vendor.url=https://openjdk.java.net/, user.timezone=America/Chicago, os.name=Mac OS X, java.vm.specification.version=11, sun.java.launcher=SUN_STANDARD, user.country=US, sun.boot.library.path=/Library/Java/JavaVirtualMachines/jdk-11.0.9.jdk/Contents/Home/lib, sun.java.command=com.intellij.rt.junit.JUnitStarter -ideVersion5 -junit5 persistence.UserGoalsDAOTest,getUserGoalsByUserid, http.nonProxyHosts=local|*.local|169.254/16|*.169.254/16, jdk.debug=release, sun.cpu.endian=little, user.home=/Users/lisaandritsch, hibernate.c3p0.max_statements=50, user.language=en, java.specification.vendor=Oracle Corporation, java.version.date=2020-10-20, java.home=/Library/Java/JavaVirtualMachines/jdk-11.0.9.jdk/Contents/Home, file.separator=/, java.vm.compressedOopsMode=Zero based, line.separator=
, hibernate.c3p0.timeout=300, java.specification.name=Java Platform API Specification, java.vm.specification.vendor=Oracle Corporation, java.awt.graphicsenv=sun.awt.CGraphicsEnvironment, connection.password=1LoveBacon!, sun.management.compiler=HotSpot 64-Bit Tiered Compilers, ftp.nonProxyHosts=local|*.local|169.254/16|*.169.254/16, hibernate.c3p0.max_size=20, java.runtime.version=11.0.9+7-LTS, user.name=lisaandritsch, path.separator=:, hibernate.connection.username=****, os.version=10.15.4, java.runtime.name=Java(TM) SE Runtime Environment, hibernate.connection.url=jdbc:mysql://localhost:3306/test_mealBuilder, file.encoding=UTF-8, java.vm.name=Java HotSpot(TM) 64-Bit Server VM, java.vendor.version=18.9, hibernate.connection.driver_class=com.mysql.cj.jdbc.Driver, java.vendor.url.bug=https://bugreport.java.com/bugreport/, java.io.tmpdir=/var/folders/t1/cf3c018n3358k026jslb5qb00000gn/T/, java.version=11.0.9, user.dir=/Users/lisaandritsch/Desktop/Java/MealAndGroceryBuilder, os.arch=x86_64, connection.username=root, java.vm.specification.name=Java Virtual Machine Specification, java.awt.printerjob=sun.lwawt.macosx.CPrinterJob, hibernate.connection.password=****, sun.os.patch.level=unknown, connection.driver_class=com.mysql.cj.jdbc.Driver, hibernate.boot.CfgXmlAccessService.key=org.hibernate.boot.cfgxml.spi.LoadedConfig@bc6288b, java.library.path=/Users/lisaandritsch/Library/Java/Extensions:/Library/Java/Extensions:/Network/Library/Java/Extensions:/System/Library/Java/Extensions:/usr/lib/java:., java.vendor=Oracle Corporation, java.vm.info=mixed mode, java.vm.version=11.0.9+7-LTS, hibernate.bytecode.use_reflection_optimizer=false, sun.io.unicode.encoding=UnicodeBig, connection.url=jdbc:mysql://localhost:3306/test_mealBuilder, socksNonProxyHosts=local|*.local|169.254/16|*.169.254/16, java.class.version=55.0}
[DEBUG] 2021-04-14 10:54:40.275 [main] TypeSafeActivator - Unable to acquire Bean Validation ValidatorFactory, skipping activation
[DEBUG] 2021-04-14 10:54:40.275 [main] JaccIntegrator - Skipping JACC integration as it was not enabled
[DEBUG] 2021-04-14 10:54:40.277 [main] SessionFactoryImpl - Instantiated session factory
[DEBUG] 2021-04-14 10:54:40.277 [main] TypeConfiguration$Scope - Scoping TypeConfiguration [org.hibernate.type.spi.TypeConfiguration@48d293ee] to SessionFactoryImpl [org.hibernate.internal.SessionFactoryImpl@72eb6200]
[DEBUG] 2021-04-14 10:54:40.490 [main] ClassLoaderAccessImpl - Not known whether passed class name [entity.Recipes] is safe
[DEBUG] 2021-04-14 10:54:40.490 [main] ClassLoaderAccessImpl - No temp ClassLoader provided; using live ClassLoader for loading potentially unsafe class : entity.Recipes
[DEBUG] 2021-04-14 10:54:40.537 [main] ClassLoaderAccessImpl - Not known whether passed class name [entity.Recipes] is safe
[DEBUG] 2021-04-14 10:54:40.538 [main] ClassLoaderAccessImpl - No temp ClassLoader provided; using live ClassLoader for loading potentially unsafe class : entity.Recipes
[DEBUG] 2021-04-14 10:54:41.120 [main] ClassLoaderAccessImpl - Not known whether passed class name [entity.Users] is safe
[DEBUG] 2021-04-14 10:54:41.120 [main] ClassLoaderAccessImpl - No temp ClassLoader provided; using live ClassLoader for loading potentially unsafe class : entity.Users
[DEBUG] 2021-04-14 10:54:41.121 [main] ClassLoaderAccessImpl - Not known whether passed class name [entity.Users] is safe
[DEBUG] 2021-04-14 10:54:41.122 [main] ClassLoaderAccessImpl - No temp ClassLoader provided; using live ClassLoader for loading potentially unsafe class : entity.Users
[DEBUG] 2021-04-14 10:54:41.149 [main] ClassLoaderAccessImpl - Not known whether passed class name [entity.UserGoals] is safe
[DEBUG] 2021-04-14 10:54:41.149 [main] ClassLoaderAccessImpl - No temp ClassLoader provided; using live ClassLoader for loading potentially unsafe class : entity.UserGoals
[DEBUG] 2021-04-14 10:54:41.150 [main] ClassLoaderAccessImpl - Not known whether passed class name [entity.UserGoals] is safe
[DEBUG] 2021-04-14 10:54:41.150 [main] ClassLoaderAccessImpl - No temp ClassLoader provided; using live ClassLoader for loading potentially unsafe class : entity.UserGoals
[DEBUG] 2021-04-14 10:54:41.179 [main] AbstractCollectionPersister - Static SQL for collection: entity.Users.recipes
[DEBUG] 2021-04-14 10:54:41.179 [main] AbstractCollectionPersister -  Row insert: update Recipes set Users_id=? where recipe_id=?
[DEBUG] 2021-04-14 10:54:41.179 [main] AbstractCollectionPersister -  Row update: update Recipes set  where recipe_id=?
[DEBUG] 2021-04-14 10:54:41.179 [main] AbstractCollectionPersister -  Row delete: update Recipes set Users_id=null where Users_id=? and recipe_id=?
[DEBUG] 2021-04-14 10:54:41.179 [main] AbstractCollectionPersister -  One-shot delete: update Recipes set Users_id=null where Users_id=?
[DEBUG] 2021-04-14 10:54:41.185 [main] AbstractEntityPersister - Static SQL for entity: entity.Recipes
[DEBUG] 2021-04-14 10:54:41.185 [main] AbstractEntityPersister -  Version select: select recipe_id from Recipes where recipe_id =?
[DEBUG] 2021-04-14 10:54:41.185 [main] AbstractEntityPersister -  Snapshot select: select recipes_.recipe_id, recipes_.public_recipe as public_r2_0_, recipes_.recipe_name as recipe_n3_0_, recipes_.Users_id as Users_id4_0_ from Recipes recipes_ where recipes_.recipe_id=?
[DEBUG] 2021-04-14 10:54:41.185 [main] AbstractEntityPersister -  Insert 0: insert into Recipes (public_recipe, recipe_name, Users_id, recipe_id) values (?, ?, ?, ?)
[DEBUG] 2021-04-14 10:54:41.185 [main] AbstractEntityPersister -  Update 0: update Recipes set public_recipe=?, recipe_name=?, Users_id=? where recipe_id=?
[DEBUG] 2021-04-14 10:54:41.185 [main] AbstractEntityPersister -  Delete 0: delete from Recipes where recipe_id=?
[DEBUG] 2021-04-14 10:54:41.185 [main] AbstractEntityPersister -  Identity insert: insert into Recipes (public_recipe, recipe_name, Users_id) values (?, ?, ?)
[DEBUG] 2021-04-14 10:54:41.217 [main] QuerySpacesImpl - Adding QuerySpace : uid = <gen:0> -> org.hibernate.loader.plan.build.internal.spaces.EntityQuerySpaceImpl@631c6d11]
[DEBUG] 2021-04-14 10:54:41.219 [main] MetamodelGraphWalker - Visiting attribute path : public_recipe
[DEBUG] 2021-04-14 10:54:41.219 [main] MetamodelGraphWalker - Visiting attribute path : recipe_name
[DEBUG] 2021-04-14 10:54:41.219 [main] MetamodelGraphWalker - Visiting attribute path : user
[DEBUG] 2021-04-14 10:54:41.224 [main] QuerySpacesImpl - Adding QuerySpace : uid = <gen:1> -> org.hibernate.loader.plan.build.internal.spaces.EntityQuerySpaceImpl@3fdcde7a]
[DEBUG] 2021-04-14 10:54:41.227 [main] MetamodelGraphWalker - Visiting attribute path : user.password
[DEBUG] 2021-04-14 10:54:41.227 [main] MetamodelGraphWalker - Visiting attribute path : user.recipes
[DEBUG] 2021-04-14 10:54:41.227 [main] MetamodelGraphWalker - Property path deemed to be circular : user.recipes
[DEBUG] 2021-04-14 10:54:41.227 [main] MetamodelGraphWalker - Visiting attribute path : user.username
[DEBUG] 2021-04-14 10:54:41.228 [main] FetchStyleLoadPlanBuildingAssociationVisitationStrategy - Building LoadPlan...
[DEBUG] 2021-04-14 10:54:41.244 [main] LoadQueryJoinAndFetchProcessor - processing queryspace <gen:0>
[DEBUG] 2021-04-14 10:54:41.251 [main] LoadPlanTreePrinter - LoadPlan(entity=entity.Recipes)
    - Returns
       - EntityReturnImpl(entity=entity.Recipes, querySpaceUid=<gen:0>, path=entity.Recipes)
          - EntityAttributeFetchImpl(entity=entity.Users, querySpaceUid=<gen:1>, path=entity.Recipes.user)
    - QuerySpaces
       - EntityQuerySpaceImpl(uid=<gen:0>, entity=entity.Recipes)
          - SQL table alias mapping - recipes0_
          - alias suffix - 0_
          - suffixed key columns - {recipe_i1_0_0_}
          - JOIN (JoinDefinedByMetadata(user)) : <gen:0> -> <gen:1>
             - EntityQuerySpaceImpl(uid=<gen:1>, entity=entity.Users)
                - SQL table alias mapping - users1_
                - alias suffix - 1_
                - suffixed key columns - {id1_2_1_}

[DEBUG] 2021-04-14 10:54:41.253 [main] EntityLoader - Static select for entity entity.Recipes [NONE]: select recipes0_.recipe_id as recipe_i1_0_0_, recipes0_.public_recipe as public_r2_0_0_, recipes0_.recipe_name as recipe_n3_0_0_, recipes0_.Users_id as Users_id4_0_0_, users1_.id as id1_2_1_, users1_.password as password2_2_1_, users1_.username as username3_2_1_ from Recipes recipes0_ left outer join Users users1_ on recipes0_.Users_id=users1_.id where recipes0_.recipe_id=?
[DEBUG] 2021-04-14 10:54:41.254 [main] QuerySpacesImpl - Adding QuerySpace : uid = <gen:0> -> org.hibernate.loader.plan.build.internal.spaces.EntityQuerySpaceImpl@5eb0a686]
[DEBUG] 2021-04-14 10:54:41.254 [main] MetamodelGraphWalker - Visiting attribute path : public_recipe
[DEBUG] 2021-04-14 10:54:41.254 [main] MetamodelGraphWalker - Visiting attribute path : recipe_name
[DEBUG] 2021-04-14 10:54:41.254 [main] MetamodelGraphWalker - Visiting attribute path : user
[DEBUG] 2021-04-14 10:54:41.254 [main] QuerySpacesImpl - Adding QuerySpace : uid = <gen:1> -> org.hibernate.loader.plan.build.internal.spaces.EntityQuerySpaceImpl@67f9cb52]
[DEBUG] 2021-04-14 10:54:41.254 [main] MetamodelGraphWalker - Visiting attribute path : user.password
[DEBUG] 2021-04-14 10:54:41.254 [main] MetamodelGraphWalker - Visiting attribute path : user.recipes
[DEBUG] 2021-04-14 10:54:41.254 [main] MetamodelGraphWalker - Property path deemed to be circular : user.recipes
[DEBUG] 2021-04-14 10:54:41.254 [main] MetamodelGraphWalker - Visiting attribute path : user.username
[DEBUG] 2021-04-14 10:54:41.254 [main] FetchStyleLoadPlanBuildingAssociationVisitationStrategy - Building LoadPlan...
[DEBUG] 2021-04-14 10:54:41.255 [main] LoadQueryJoinAndFetchProcessor - processing queryspace <gen:0>
[DEBUG] 2021-04-14 10:54:41.255 [main] LoadPlanTreePrinter - LoadPlan(entity=entity.Recipes)
    - Returns
       - EntityReturnImpl(entity=entity.Recipes, querySpaceUid=<gen:0>, path=entity.Recipes)
          - EntityAttributeFetchImpl(entity=entity.Users, querySpaceUid=<gen:1>, path=entity.Recipes.user)
    - QuerySpaces
       - EntityQuerySpaceImpl(uid=<gen:0>, entity=entity.Recipes)
          - SQL table alias mapping - recipes0_
          - alias suffix - 0_
          - suffixed key columns - {recipe_i1_0_0_}
          - JOIN (JoinDefinedByMetadata(user)) : <gen:0> -> <gen:1>
             - EntityQuerySpaceImpl(uid=<gen:1>, entity=entity.Users)
                - SQL table alias mapping - users1_
                - alias suffix - 1_
                - suffixed key columns - {id1_2_1_}

[DEBUG] 2021-04-14 10:54:41.255 [main] EntityLoader - Static select for entity entity.Recipes [READ]: select recipes0_.recipe_id as recipe_i1_0_0_, recipes0_.public_recipe as public_r2_0_0_, recipes0_.recipe_name as recipe_n3_0_0_, recipes0_.Users_id as Users_id4_0_0_, users1_.id as id1_2_1_, users1_.password as password2_2_1_, users1_.username as username3_2_1_ from Recipes recipes0_ left outer join Users users1_ on recipes0_.Users_id=users1_.id where recipes0_.recipe_id=?
[DEBUG] 2021-04-14 10:54:41.273 [main] Loader - Static select for action ACTION_MERGE on entity entity.Recipes: select recipes0_.recipe_id as recipe_i1_0_0_, recipes0_.public_recipe as public_r2_0_0_, recipes0_.recipe_name as recipe_n3_0_0_, recipes0_.Users_id as Users_id4_0_0_ from Recipes recipes0_ where recipes0_.recipe_id=?
[DEBUG] 2021-04-14 10:54:41.274 [main] Loader - Static select for action ACTION_REFRESH on entity entity.Recipes: select recipes0_.recipe_id as recipe_i1_0_0_, recipes0_.public_recipe as public_r2_0_0_, recipes0_.recipe_name as recipe_n3_0_0_, recipes0_.Users_id as Users_id4_0_0_ from Recipes recipes0_ where recipes0_.recipe_id=?
[DEBUG] 2021-04-14 10:54:41.274 [main] AbstractEntityPersister - Static SQL for entity: entity.Users
[DEBUG] 2021-04-14 10:54:41.274 [main] AbstractEntityPersister -  Version select: select id from Users where id =?
[DEBUG] 2021-04-14 10:54:41.274 [main] AbstractEntityPersister -  Snapshot select: select users_.id, users_.password as password2_2_, users_.username as username3_2_ from Users users_ where users_.id=?
[DEBUG] 2021-04-14 10:54:41.275 [main] AbstractEntityPersister -  Insert 0: insert into Users (password, username, id) values (?, ?, ?)
[DEBUG] 2021-04-14 10:54:41.275 [main] AbstractEntityPersister -  Update 0: update Users set password=?, username=? where id=?
[DEBUG] 2021-04-14 10:54:41.275 [main] AbstractEntityPersister -  Delete 0: delete from Users where id=?
[DEBUG] 2021-04-14 10:54:41.275 [main] AbstractEntityPersister -  Identity insert: insert into Users (password, username) values (?, ?)
[DEBUG] 2021-04-14 10:54:41.275 [main] QuerySpacesImpl - Adding QuerySpace : uid = <gen:0> -> org.hibernate.loader.plan.build.internal.spaces.EntityQuerySpaceImpl@27a6fef2]
[DEBUG] 2021-04-14 10:54:41.275 [main] MetamodelGraphWalker - Visiting attribute path : password
[DEBUG] 2021-04-14 10:54:41.275 [main] MetamodelGraphWalker - Visiting attribute path : recipes
[DEBUG] 2021-04-14 10:54:41.276 [main] QuerySpacesImpl - Adding QuerySpace : uid = <gen:1> -> org.hibernate.loader.plan.build.internal.spaces.CollectionQuerySpaceImpl@31b0f02]
[DEBUG] 2021-04-14 10:54:41.277 [main] QuerySpacesImpl - Adding QuerySpace : uid = <gen:2> -> org.hibernate.loader.plan.build.internal.spaces.EntityQuerySpaceImpl@11f23203]
[DEBUG] 2021-04-14 10:54:41.279 [main] MetamodelGraphWalker - Visiting attribute path : recipes.public_recipe
[DEBUG] 2021-04-14 10:54:41.279 [main] MetamodelGraphWalker - Visiting attribute path : recipes.recipe_name
[DEBUG] 2021-04-14 10:54:41.279 [main] MetamodelGraphWalker - Visiting attribute path : recipes.user
[DEBUG] 2021-04-14 10:54:41.279 [main] MetamodelGraphWalker - Property path deemed to be circular : recipes.user
[DEBUG] 2021-04-14 10:54:41.281 [main] MetamodelGraphWalker - Visiting attribute path : username
[DEBUG] 2021-04-14 10:54:41.281 [main] FetchStyleLoadPlanBuildingAssociationVisitationStrategy - Building LoadPlan...
[DEBUG] 2021-04-14 10:54:41.281 [main] LoadQueryJoinAndFetchProcessor - processing queryspace <gen:0>
[DEBUG] 2021-04-14 10:54:41.284 [main] LoadPlanTreePrinter - LoadPlan(entity=entity.Users)
    - Returns
       - EntityReturnImpl(entity=entity.Users, querySpaceUid=<gen:0>, path=entity.Users)
          - CollectionAttributeFetchImpl(collection=entity.Users.recipes, querySpaceUid=<gen:1>, path=entity.Users.recipes)
             - (collection element) CollectionFetchableElementEntityGraph(entity=entity.Recipes, querySpaceUid=<gen:2>, path=entity.Users.recipes.<elements>)
    - QuerySpaces
       - EntityQuerySpaceImpl(uid=<gen:0>, entity=entity.Users)
          - SQL table alias mapping - users0_
          - alias suffix - 0_
          - suffixed key columns - {id1_2_0_}
          - JOIN (JoinDefinedByMetadata(recipes)) : <gen:0> -> <gen:1>
             - CollectionQuerySpaceImpl(uid=<gen:1>, collection=entity.Users.recipes)
                - SQL table alias mapping - recipes1_
                - alias suffix - 1_
                - suffixed key columns - {Users_id4_0_1_}
                - entity-element alias suffix - 2_
                - 2_entity-element suffixed key columns - recipe_i1_0_2_
                - JOIN (JoinDefinedByMetadata(elements)) : <gen:1> -> <gen:2>
                   - EntityQuerySpaceImpl(uid=<gen:2>, entity=entity.Recipes)
                      - SQL table alias mapping - recipes1_
                      - alias suffix - 2_
                      - suffixed key columns - {recipe_i1_0_2_}

[DEBUG] 2021-04-14 10:54:41.284 [main] EntityLoader - Static select for entity entity.Users [NONE]: select users0_.id as id1_2_0_, users0_.password as password2_2_0_, users0_.username as username3_2_0_, recipes1_.Users_id as Users_id4_0_1_, recipes1_.recipe_id as recipe_i1_0_1_, recipes1_.recipe_id as recipe_i1_0_2_, recipes1_.public_recipe as public_r2_0_2_, recipes1_.recipe_name as recipe_n3_0_2_, recipes1_.Users_id as Users_id4_0_2_ from Users users0_ left outer join Recipes recipes1_ on users0_.id=recipes1_.Users_id where users0_.id=?
[DEBUG] 2021-04-14 10:54:41.285 [main] QuerySpacesImpl - Adding QuerySpace : uid = <gen:0> -> org.hibernate.loader.plan.build.internal.spaces.EntityQuerySpaceImpl@670342a2]
[DEBUG] 2021-04-14 10:54:41.285 [main] MetamodelGraphWalker - Visiting attribute path : password
[DEBUG] 2021-04-14 10:54:41.285 [main] MetamodelGraphWalker - Visiting attribute path : recipes
[DEBUG] 2021-04-14 10:54:41.285 [main] QuerySpacesImpl - Adding QuerySpace : uid = <gen:1> -> org.hibernate.loader.plan.build.internal.spaces.CollectionQuerySpaceImpl@7742a45c]
[DEBUG] 2021-04-14 10:54:41.285 [main] QuerySpacesImpl - Adding QuerySpace : uid = <gen:2> -> org.hibernate.loader.plan.build.internal.spaces.EntityQuerySpaceImpl@7ca492d9]
[DEBUG] 2021-04-14 10:54:41.285 [main] MetamodelGraphWalker - Visiting attribute path : recipes.public_recipe
[DEBUG] 2021-04-14 10:54:41.285 [main] MetamodelGraphWalker - Visiting attribute path : recipes.recipe_name
[DEBUG] 2021-04-14 10:54:41.285 [main] MetamodelGraphWalker - Visiting attribute path : recipes.user
[DEBUG] 2021-04-14 10:54:41.285 [main] MetamodelGraphWalker - Property path deemed to be circular : recipes.user
[DEBUG] 2021-04-14 10:54:41.286 [main] MetamodelGraphWalker - Visiting attribute path : username
[DEBUG] 2021-04-14 10:54:41.286 [main] FetchStyleLoadPlanBuildingAssociationVisitationStrategy - Building LoadPlan...
[DEBUG] 2021-04-14 10:54:41.286 [main] LoadQueryJoinAndFetchProcessor - processing queryspace <gen:0>
[DEBUG] 2021-04-14 10:54:41.286 [main] LoadPlanTreePrinter - LoadPlan(entity=entity.Users)
    - Returns
       - EntityReturnImpl(entity=entity.Users, querySpaceUid=<gen:0>, path=entity.Users)
          - CollectionAttributeFetchImpl(collection=entity.Users.recipes, querySpaceUid=<gen:1>, path=entity.Users.recipes)
             - (collection element) CollectionFetchableElementEntityGraph(entity=entity.Recipes, querySpaceUid=<gen:2>, path=entity.Users.recipes.<elements>)
    - QuerySpaces
       - EntityQuerySpaceImpl(uid=<gen:0>, entity=entity.Users)
          - SQL table alias mapping - users0_
          - alias suffix - 0_
          - suffixed key columns - {id1_2_0_}
          - JOIN (JoinDefinedByMetadata(recipes)) : <gen:0> -> <gen:1>
             - CollectionQuerySpaceImpl(uid=<gen:1>, collection=entity.Users.recipes)
                - SQL table alias mapping - recipes1_
                - alias suffix - 1_
                - suffixed key columns - {Users_id4_0_1_}
                - entity-element alias suffix - 2_
                - 2_entity-element suffixed key columns - recipe_i1_0_2_
                - JOIN (JoinDefinedByMetadata(elements)) : <gen:1> -> <gen:2>
                   - EntityQuerySpaceImpl(uid=<gen:2>, entity=entity.Recipes)
                      - SQL table alias mapping - recipes1_
                      - alias suffix - 2_
                      - suffixed key columns - {recipe_i1_0_2_}

[DEBUG] 2021-04-14 10:54:41.286 [main] EntityLoader - Static select for entity entity.Users [READ]: select users0_.id as id1_2_0_, users0_.password as password2_2_0_, users0_.username as username3_2_0_, recipes1_.Users_id as Users_id4_0_1_, recipes1_.recipe_id as recipe_i1_0_1_, recipes1_.recipe_id as recipe_i1_0_2_, recipes1_.public_recipe as public_r2_0_2_, recipes1_.recipe_name as recipe_n3_0_2_, recipes1_.Users_id as Users_id4_0_2_ from Users users0_ left outer join Recipes recipes1_ on users0_.id=recipes1_.Users_id where users0_.id=?
[DEBUG] 2021-04-14 10:54:41.287 [main] Loader - Static select for action ACTION_MERGE on entity entity.Users: select users0_.id as id1_2_1_, users0_.password as password2_2_1_, users0_.username as username3_2_1_, recipes1_.Users_id as Users_id4_0_3_, recipes1_.recipe_id as recipe_i1_0_3_, recipes1_.recipe_id as recipe_i1_0_0_, recipes1_.public_recipe as public_r2_0_0_, recipes1_.recipe_name as recipe_n3_0_0_, recipes1_.Users_id as Users_id4_0_0_ from Users users0_ left outer join Recipes recipes1_ on users0_.id=recipes1_.Users_id where users0_.id=?
[DEBUG] 2021-04-14 10:54:41.288 [main] Loader - Static select for action ACTION_REFRESH on entity entity.Users: select users0_.id as id1_2_1_, users0_.password as password2_2_1_, users0_.username as username3_2_1_, recipes1_.Users_id as Users_id4_0_3_, recipes1_.recipe_id as recipe_i1_0_3_, recipes1_.recipe_id as recipe_i1_0_0_, recipes1_.public_recipe as public_r2_0_0_, recipes1_.recipe_name as recipe_n3_0_0_, recipes1_.Users_id as Users_id4_0_0_ from Users users0_ left outer join Recipes recipes1_ on users0_.id=recipes1_.Users_id where users0_.id=?
[DEBUG] 2021-04-14 10:54:41.288 [main] AbstractEntityPersister - Static SQL for entity: entity.UserGoals
[DEBUG] 2021-04-14 10:54:41.288 [main] AbstractEntityPersister -  Version select: select id from User_Macro_Goals where id =?
[DEBUG] 2021-04-14 10:54:41.288 [main] AbstractEntityPersister -  Snapshot select: select usergoals_.id, usergoals_.calorie_goal as calorie_2_1_, usergoals_.carb_goal as carb_goa3_1_, usergoals_.fat_goal as fat_goal4_1_, usergoals_.protein_goal as protein_5_1_, usergoals_.Userid as Userid6_1_ from User_Macro_Goals usergoals_ where usergoals_.id=?
[DEBUG] 2021-04-14 10:54:41.288 [main] AbstractEntityPersister -  Insert 0: insert into User_Macro_Goals (calorie_goal, carb_goal, fat_goal, protein_goal, Userid, id) values (?, ?, ?, ?, ?, ?)
[DEBUG] 2021-04-14 10:54:41.288 [main] AbstractEntityPersister -  Update 0: update User_Macro_Goals set calorie_goal=?, carb_goal=?, fat_goal=?, protein_goal=?, Userid=? where id=?
[DEBUG] 2021-04-14 10:54:41.288 [main] AbstractEntityPersister -  Delete 0: delete from User_Macro_Goals where id=?
[DEBUG] 2021-04-14 10:54:41.288 [main] AbstractEntityPersister -  Identity insert: insert into User_Macro_Goals (calorie_goal, carb_goal, fat_goal, protein_goal, Userid) values (?, ?, ?, ?, ?)
[DEBUG] 2021-04-14 10:54:41.288 [main] QuerySpacesImpl - Adding QuerySpace : uid = <gen:0> -> org.hibernate.loader.plan.build.internal.spaces.EntityQuerySpaceImpl@619c93ca]
[DEBUG] 2021-04-14 10:54:41.289 [main] MetamodelGraphWalker - Visiting attribute path : calorieGoal
[DEBUG] 2021-04-14 10:54:41.289 [main] MetamodelGraphWalker - Visiting attribute path : carbGoal
[DEBUG] 2021-04-14 10:54:41.289 [main] MetamodelGraphWalker - Visiting attribute path : fatGoal
[DEBUG] 2021-04-14 10:54:41.289 [main] MetamodelGraphWalker - Visiting attribute path : proteinGoal
[DEBUG] 2021-04-14 10:54:41.289 [main] MetamodelGraphWalker - Visiting attribute path : user
[DEBUG] 2021-04-14 10:54:41.289 [main] QuerySpacesImpl - Adding QuerySpace : uid = <gen:1> -> org.hibernate.loader.plan.build.internal.spaces.EntityQuerySpaceImpl@6aa5974e]
[DEBUG] 2021-04-14 10:54:41.289 [main] MetamodelGraphWalker - Visiting attribute path : user.password
[DEBUG] 2021-04-14 10:54:41.289 [main] MetamodelGraphWalker - Visiting attribute path : user.recipes
[DEBUG] 2021-04-14 10:54:41.289 [main] QuerySpacesImpl - Adding QuerySpace : uid = <gen:2> -> org.hibernate.loader.plan.build.internal.spaces.CollectionQuerySpaceImpl@5bda157e]
[DEBUG] 2021-04-14 10:54:41.289 [main] QuerySpacesImpl - Adding QuerySpace : uid = <gen:3> -> org.hibernate.loader.plan.build.internal.spaces.EntityQuerySpaceImpl@67e0fd6d]
[DEBUG] 2021-04-14 10:54:41.289 [main] MetamodelGraphWalker - Visiting attribute path : user.recipes.public_recipe
[DEBUG] 2021-04-14 10:54:41.290 [main] MetamodelGraphWalker - Visiting attribute path : user.recipes.recipe_name
[DEBUG] 2021-04-14 10:54:41.290 [main] MetamodelGraphWalker - Visiting attribute path : user.recipes.user
[DEBUG] 2021-04-14 10:54:41.290 [main] MetamodelGraphWalker - Property path deemed to be circular : user.recipes.user
[DEBUG] 2021-04-14 10:54:41.290 [main] MetamodelGraphWalker - Visiting attribute path : user.username
[DEBUG] 2021-04-14 10:54:41.290 [main] FetchStyleLoadPlanBuildingAssociationVisitationStrategy - Building LoadPlan...
[DEBUG] 2021-04-14 10:54:41.290 [main] LoadQueryJoinAndFetchProcessor - processing queryspace <gen:0>
[DEBUG] 2021-04-14 10:54:41.291 [main] LoadPlanTreePrinter - LoadPlan(entity=entity.UserGoals)
    - Returns
       - EntityReturnImpl(entity=entity.UserGoals, querySpaceUid=<gen:0>, path=entity.UserGoals)
          - EntityAttributeFetchImpl(entity=entity.Users, querySpaceUid=<gen:1>, path=entity.UserGoals.user)
             - CollectionAttributeFetchImpl(collection=entity.Users.recipes, querySpaceUid=<gen:2>, path=entity.UserGoals.user.recipes)
                - (collection element) CollectionFetchableElementEntityGraph(entity=entity.Recipes, querySpaceUid=<gen:3>, path=entity.UserGoals.user.recipes.<elements>)
    - QuerySpaces
       - EntityQuerySpaceImpl(uid=<gen:0>, entity=entity.UserGoals)
          - SQL table alias mapping - usergoals0_
          - alias suffix - 0_
          - suffixed key columns - {id1_1_0_}
          - JOIN (JoinDefinedByMetadata(user)) : <gen:0> -> <gen:1>
             - EntityQuerySpaceImpl(uid=<gen:1>, entity=entity.Users)
                - SQL table alias mapping - users1_
                - alias suffix - 1_
                - suffixed key columns - {id1_2_1_}
                - JOIN (JoinDefinedByMetadata(recipes)) : <gen:1> -> <gen:2>
                   - CollectionQuerySpaceImpl(uid=<gen:2>, collection=entity.Users.recipes)
                      - SQL table alias mapping - recipes2_
                      - alias suffix - 2_
                      - suffixed key columns - {Users_id4_0_2_}
                      - entity-element alias suffix - 3_
                      - 3_entity-element suffixed key columns - recipe_i1_0_3_
                      - JOIN (JoinDefinedByMetadata(elements)) : <gen:2> -> <gen:3>
                         - EntityQuerySpaceImpl(uid=<gen:3>, entity=entity.Recipes)
                            - SQL table alias mapping - recipes2_
                            - alias suffix - 3_
                            - suffixed key columns - {recipe_i1_0_3_}

[DEBUG] 2021-04-14 10:54:41.292 [main] EntityLoader - Static select for entity entity.UserGoals [NONE]: select usergoals0_.id as id1_1_0_, usergoals0_.calorie_goal as calorie_2_1_0_, usergoals0_.carb_goal as carb_goa3_1_0_, usergoals0_.fat_goal as fat_goal4_1_0_, usergoals0_.protein_goal as protein_5_1_0_, usergoals0_.Userid as Userid6_1_0_, users1_.id as id1_2_1_, users1_.password as password2_2_1_, users1_.username as username3_2_1_, recipes2_.Users_id as Users_id4_0_2_, recipes2_.recipe_id as recipe_i1_0_2_, recipes2_.recipe_id as recipe_i1_0_3_, recipes2_.public_recipe as public_r2_0_3_, recipes2_.recipe_name as recipe_n3_0_3_, recipes2_.Users_id as Users_id4_0_3_ from User_Macro_Goals usergoals0_ left outer join Users users1_ on usergoals0_.Userid=users1_.id left outer join Recipes recipes2_ on users1_.id=recipes2_.Users_id where usergoals0_.id=?
[DEBUG] 2021-04-14 10:54:41.292 [main] QuerySpacesImpl - Adding QuerySpace : uid = <gen:0> -> org.hibernate.loader.plan.build.internal.spaces.EntityQuerySpaceImpl@1a531422]
[DEBUG] 2021-04-14 10:54:41.292 [main] MetamodelGraphWalker - Visiting attribute path : calorieGoal
[DEBUG] 2021-04-14 10:54:41.292 [main] MetamodelGraphWalker - Visiting attribute path : carbGoal
[DEBUG] 2021-04-14 10:54:41.292 [main] MetamodelGraphWalker - Visiting attribute path : fatGoal
[DEBUG] 2021-04-14 10:54:41.292 [main] MetamodelGraphWalker - Visiting attribute path : proteinGoal
[DEBUG] 2021-04-14 10:54:41.292 [main] MetamodelGraphWalker - Visiting attribute path : user
[DEBUG] 2021-04-14 10:54:41.292 [main] QuerySpacesImpl - Adding QuerySpace : uid = <gen:1> -> org.hibernate.loader.plan.build.internal.spaces.EntityQuerySpaceImpl@13213f26]
[DEBUG] 2021-04-14 10:54:41.292 [main] MetamodelGraphWalker - Visiting attribute path : user.password
[DEBUG] 2021-04-14 10:54:41.292 [main] MetamodelGraphWalker - Visiting attribute path : user.recipes
[DEBUG] 2021-04-14 10:54:41.292 [main] QuerySpacesImpl - Adding QuerySpace : uid = <gen:2> -> org.hibernate.loader.plan.build.internal.spaces.CollectionQuerySpaceImpl@4c319d52]
[DEBUG] 2021-04-14 10:54:41.293 [main] QuerySpacesImpl - Adding QuerySpace : uid = <gen:3> -> org.hibernate.loader.plan.build.internal.spaces.EntityQuerySpaceImpl@72fbf94d]
[DEBUG] 2021-04-14 10:54:41.293 [main] MetamodelGraphWalker - Visiting attribute path : user.recipes.public_recipe
[DEBUG] 2021-04-14 10:54:41.293 [main] MetamodelGraphWalker - Visiting attribute path : user.recipes.recipe_name
[DEBUG] 2021-04-14 10:54:41.293 [main] MetamodelGraphWalker - Visiting attribute path : user.recipes.user
[DEBUG] 2021-04-14 10:54:41.293 [main] MetamodelGraphWalker - Property path deemed to be circular : user.recipes.user
[DEBUG] 2021-04-14 10:54:41.293 [main] MetamodelGraphWalker - Visiting attribute path : user.username
[DEBUG] 2021-04-14 10:54:41.293 [main] FetchStyleLoadPlanBuildingAssociationVisitationStrategy - Building LoadPlan...
[DEBUG] 2021-04-14 10:54:41.293 [main] LoadQueryJoinAndFetchProcessor - processing queryspace <gen:0>
[DEBUG] 2021-04-14 10:54:41.294 [main] LoadPlanTreePrinter - LoadPlan(entity=entity.UserGoals)
    - Returns
       - EntityReturnImpl(entity=entity.UserGoals, querySpaceUid=<gen:0>, path=entity.UserGoals)
          - EntityAttributeFetchImpl(entity=entity.Users, querySpaceUid=<gen:1>, path=entity.UserGoals.user)
             - CollectionAttributeFetchImpl(collection=entity.Users.recipes, querySpaceUid=<gen:2>, path=entity.UserGoals.user.recipes)
                - (collection element) CollectionFetchableElementEntityGraph(entity=entity.Recipes, querySpaceUid=<gen:3>, path=entity.UserGoals.user.recipes.<elements>)
    - QuerySpaces
       - EntityQuerySpaceImpl(uid=<gen:0>, entity=entity.UserGoals)
          - SQL table alias mapping - usergoals0_
          - alias suffix - 0_
          - suffixed key columns - {id1_1_0_}
          - JOIN (JoinDefinedByMetadata(user)) : <gen:0> -> <gen:1>
             - EntityQuerySpaceImpl(uid=<gen:1>, entity=entity.Users)
                - SQL table alias mapping - users1_
                - alias suffix - 1_
                - suffixed key columns - {id1_2_1_}
                - JOIN (JoinDefinedByMetadata(recipes)) : <gen:1> -> <gen:2>
                   - CollectionQuerySpaceImpl(uid=<gen:2>, collection=entity.Users.recipes)
                      - SQL table alias mapping - recipes2_
                      - alias suffix - 2_
                      - suffixed key columns - {Users_id4_0_2_}
                      - entity-element alias suffix - 3_
                      - 3_entity-element suffixed key columns - recipe_i1_0_3_
                      - JOIN (JoinDefinedByMetadata(elements)) : <gen:2> -> <gen:3>
                         - EntityQuerySpaceImpl(uid=<gen:3>, entity=entity.Recipes)
                            - SQL table alias mapping - recipes2_
                            - alias suffix - 3_
                            - suffixed key columns - {recipe_i1_0_3_}

[DEBUG] 2021-04-14 10:54:41.294 [main] EntityLoader - Static select for entity entity.UserGoals [READ]: select usergoals0_.id as id1_1_0_, usergoals0_.calorie_goal as calorie_2_1_0_, usergoals0_.carb_goal as carb_goa3_1_0_, usergoals0_.fat_goal as fat_goal4_1_0_, usergoals0_.protein_goal as protein_5_1_0_, usergoals0_.Userid as Userid6_1_0_, users1_.id as id1_2_1_, users1_.password as password2_2_1_, users1_.username as username3_2_1_, recipes2_.Users_id as Users_id4_0_2_, recipes2_.recipe_id as recipe_i1_0_2_, recipes2_.recipe_id as recipe_i1_0_3_, recipes2_.public_recipe as public_r2_0_3_, recipes2_.recipe_name as recipe_n3_0_3_, recipes2_.Users_id as Users_id4_0_3_ from User_Macro_Goals usergoals0_ left outer join Users users1_ on usergoals0_.Userid=users1_.id left outer join Recipes recipes2_ on users1_.id=recipes2_.Users_id where usergoals0_.id=?
[DEBUG] 2021-04-14 10:54:41.294 [main] Loader - Static select for action ACTION_MERGE on entity entity.UserGoals: select usergoals0_.id as id1_1_0_, usergoals0_.calorie_goal as calorie_2_1_0_, usergoals0_.carb_goal as carb_goa3_1_0_, usergoals0_.fat_goal as fat_goal4_1_0_, usergoals0_.protein_goal as protein_5_1_0_, usergoals0_.Userid as Userid6_1_0_ from User_Macro_Goals usergoals0_ where usergoals0_.id=?
[DEBUG] 2021-04-14 10:54:41.294 [main] Loader - Static select for action ACTION_REFRESH on entity entity.UserGoals: select usergoals0_.id as id1_1_0_, usergoals0_.calorie_goal as calorie_2_1_0_, usergoals0_.carb_goal as carb_goa3_1_0_, usergoals0_.fat_goal as fat_goal4_1_0_, usergoals0_.protein_goal as protein_5_1_0_, usergoals0_.Userid as Userid6_1_0_ from User_Macro_Goals usergoals0_ where usergoals0_.id=?
[DEBUG] 2021-04-14 10:54:41.300 [main] QuerySpacesImpl - Adding QuerySpace : uid = <gen:0> -> org.hibernate.loader.plan.build.internal.spaces.CollectionQuerySpaceImpl@586495f1]
[DEBUG] 2021-04-14 10:54:41.300 [main] QuerySpacesImpl - Adding QuerySpace : uid = <gen:1> -> org.hibernate.loader.plan.build.internal.spaces.EntityQuerySpaceImpl@47df5041]
[DEBUG] 2021-04-14 10:54:41.300 [main] MetamodelGraphWalker - Visiting attribute path : public_recipe
[DEBUG] 2021-04-14 10:54:41.300 [main] MetamodelGraphWalker - Visiting attribute path : recipe_name
[DEBUG] 2021-04-14 10:54:41.301 [main] MetamodelGraphWalker - Visiting attribute path : user
[DEBUG] 2021-04-14 10:54:41.301 [main] MetamodelGraphWalker - Property path deemed to be circular : user
[DEBUG] 2021-04-14 10:54:41.301 [main] FetchStyleLoadPlanBuildingAssociationVisitationStrategy - Building LoadPlan...
[DEBUG] 2021-04-14 10:54:41.302 [main] LoadQueryJoinAndFetchProcessor - processing queryspace <gen:0>
[DEBUG] 2021-04-14 10:54:41.303 [main] LoadPlanTreePrinter - LoadPlan(collection=entity.Users.recipes)
    - Returns
       - CollectionReturnImpl(collection=entity.Users.recipes, querySpaceUid=<gen:0>, path=[entity.Users.recipes])
          - (collection element) CollectionFetchableElementEntityGraph(entity=entity.Recipes, querySpaceUid=<gen:1>, path=[entity.Users.recipes].<elements>)
    - QuerySpaces
       - CollectionQuerySpaceImpl(uid=<gen:0>, collection=entity.Users.recipes)
          - SQL table alias mapping - recipes0_
          - alias suffix - 0_
          - suffixed key columns - {Users_id4_0_0_}
          - entity-element alias suffix - 1_
          - 1_entity-element suffixed key columns - recipe_i1_0_1_
          - JOIN (JoinDefinedByMetadata(elements)) : <gen:0> -> <gen:1>
             - EntityQuerySpaceImpl(uid=<gen:1>, entity=entity.Recipes)
                - SQL table alias mapping - recipes0_
                - alias suffix - 1_
                - suffixed key columns - {recipe_i1_0_1_}

[DEBUG] 2021-04-14 10:54:41.304 [main] CollectionLoader - Static select for collection entity.Users.recipes: select recipes0_.Users_id as Users_id4_0_0_, recipes0_.recipe_id as recipe_i1_0_0_, recipes0_.recipe_id as recipe_i1_0_1_, recipes0_.public_recipe as public_r2_0_1_, recipes0_.recipe_name as recipe_n3_0_1_, recipes0_.Users_id as Users_id4_0_1_ from Recipes recipes0_ where recipes0_.Users_id=?
[DEBUG] 2021-04-14 10:54:41.359 [main] SchemaManagementToolCoordinator - No actions specified; doing nothing
[DEBUG] 2021-04-14 10:54:41.359 [main] JtaPlatformInitiator - No JtaPlatform was specified, checking resolver
[DEBUG] 2021-04-14 10:54:41.359 [main] JtaPlatformResolverInitiator - No JtaPlatformResolver was specified, using default [org.hibernate.engine.transaction.jta.platform.internal.StandardJtaPlatformResolver]
[DEBUG] 2021-04-14 10:54:41.365 [main] StandardJtaPlatformResolver - Could not resolve JtaPlatform, using default [org.hibernate.engine.transaction.jta.platform.internal.NoJtaPlatform]
[INFO ] 2021-04-14 10:54:41.365 [main] JtaPlatformInitiator - HHH000490: Using JtaPlatform implementation: [org.hibernate.engine.transaction.jta.platform.internal.NoJtaPlatform]
[DEBUG] 2021-04-14 10:54:41.366 [main] NamedQueryRepository - Checking 0 named HQL queries
[DEBUG] 2021-04-14 10:54:41.367 [main] NamedQueryRepository - Checking 0 named SQL queries
[DEBUG] 2021-04-14 10:54:41.368 [main] SessionFactoryRegistry - Initializing SessionFactoryRegistry : org.hibernate.internal.SessionFactoryRegistry@3e856100
[DEBUG] 2021-04-14 10:54:41.370 [main] SessionFactoryRegistry - Registering SessionFactory: 65bf8377-37f0-4422-84b4-9fdcf69a3066 (<unnamed>)
[DEBUG] 2021-04-14 10:54:41.370 [main] SessionFactoryRegistry - Not binding SessionFactory to JNDI, no JNDI name configured
[DEBUG] 2021-04-14 10:54:41.495 [main] StatisticsInitiator - Statistics initialized [enabled=false]
