[DEBUG] 2021-04-16 13:03:25.863 [main] IntegratorServiceImpl - Adding Integrator [org.hibernate.cfg.beanvalidation.BeanValidationIntegrator].
[DEBUG] 2021-04-16 13:03:25.872 [main] IntegratorServiceImpl - Adding Integrator [org.hibernate.secure.spi.JaccIntegrator].
[DEBUG] 2021-04-16 13:03:25.881 [main] IntegratorServiceImpl - Adding Integrator [org.hibernate.cache.internal.CollectionCacheInvalidator].
[INFO ] 2021-04-16 13:03:26.094 [main] Version - HHH000412: Hibernate Core {5.4.4.Final}
[DEBUG] 2021-04-16 13:03:26.097 [main] Environment - HHH000206: hibernate.properties not found
[DEBUG] 2021-04-16 13:03:26.638 [main] JaxbCfgProcessor - cfg.xml document did not define namespaces; wrapping in custom event reader to introduce namespace information
[DEBUG] 2021-04-16 13:03:27.293 [main] ServiceBinding - Overriding existing service binding [org.hibernate.secure.spi.JaccService]
[DEBUG] 2021-04-16 13:03:27.350 [main] RegionFactoryInitiator - Cannot default RegionFactory based on registered strategies as `[]` RegionFactory strategies were registered
[DEBUG] 2021-04-16 13:03:27.356 [main] RegionFactoryInitiator - Cache region factory : org.hibernate.cache.internal.NoCachingRegionFactory
[INFO ] 2021-04-16 13:03:27.410 [main] Version - HCANN000001: Hibernate Commons Annotations {5.1.0.Final}
[DEBUG] 2021-04-16 13:03:27.515 [main] BasicTypeRegistry - Adding type registration boolean -> org.hibernate.type.BooleanType@4074023c
[DEBUG] 2021-04-16 13:03:27.515 [main] BasicTypeRegistry - Adding type registration boolean -> org.hibernate.type.BooleanType@4074023c
[DEBUG] 2021-04-16 13:03:27.515 [main] BasicTypeRegistry - Adding type registration java.lang.Boolean -> org.hibernate.type.BooleanType@4074023c
[DEBUG] 2021-04-16 13:03:27.516 [main] BasicTypeRegistry - Adding type registration numeric_boolean -> org.hibernate.type.NumericBooleanType@6e91893
[DEBUG] 2021-04-16 13:03:27.517 [main] BasicTypeRegistry - Adding type registration true_false -> org.hibernate.type.TrueFalseType@1a35993f
[DEBUG] 2021-04-16 13:03:27.519 [main] BasicTypeRegistry - Adding type registration yes_no -> org.hibernate.type.YesNoType@7cf162bc
[DEBUG] 2021-04-16 13:03:27.523 [main] BasicTypeRegistry - Adding type registration byte -> org.hibernate.type.ByteType@630d1b2f
[DEBUG] 2021-04-16 13:03:27.523 [main] BasicTypeRegistry - Adding type registration byte -> org.hibernate.type.ByteType@630d1b2f
[DEBUG] 2021-04-16 13:03:27.523 [main] BasicTypeRegistry - Adding type registration java.lang.Byte -> org.hibernate.type.ByteType@630d1b2f
[DEBUG] 2021-04-16 13:03:27.526 [main] BasicTypeRegistry - Adding type registration character -> org.hibernate.type.CharacterType@4c2869a9
[DEBUG] 2021-04-16 13:03:27.526 [main] BasicTypeRegistry - Adding type registration char -> org.hibernate.type.CharacterType@4c2869a9
[DEBUG] 2021-04-16 13:03:27.526 [main] BasicTypeRegistry - Adding type registration java.lang.Character -> org.hibernate.type.CharacterType@4c2869a9
[DEBUG] 2021-04-16 13:03:27.529 [main] BasicTypeRegistry - Adding type registration short -> org.hibernate.type.ShortType@35835fa
[DEBUG] 2021-04-16 13:03:27.529 [main] BasicTypeRegistry - Adding type registration short -> org.hibernate.type.ShortType@35835fa
[DEBUG] 2021-04-16 13:03:27.529 [main] BasicTypeRegistry - Adding type registration java.lang.Short -> org.hibernate.type.ShortType@35835fa
[DEBUG] 2021-04-16 13:03:27.530 [main] BasicTypeRegistry - Adding type registration integer -> org.hibernate.type.IntegerType@5e8604bf
[DEBUG] 2021-04-16 13:03:27.530 [main] BasicTypeRegistry - Adding type registration int -> org.hibernate.type.IntegerType@5e8604bf
[DEBUG] 2021-04-16 13:03:27.531 [main] BasicTypeRegistry - Adding type registration java.lang.Integer -> org.hibernate.type.IntegerType@5e8604bf
[DEBUG] 2021-04-16 13:03:27.533 [main] BasicTypeRegistry - Adding type registration long -> org.hibernate.type.LongType@546621c4
[DEBUG] 2021-04-16 13:03:27.533 [main] BasicTypeRegistry - Adding type registration long -> org.hibernate.type.LongType@546621c4
[DEBUG] 2021-04-16 13:03:27.533 [main] BasicTypeRegistry - Adding type registration java.lang.Long -> org.hibernate.type.LongType@546621c4
[DEBUG] 2021-04-16 13:03:27.537 [main] BasicTypeRegistry - Adding type registration float -> org.hibernate.type.FloatType@7e9da981
[DEBUG] 2021-04-16 13:03:27.537 [main] BasicTypeRegistry - Adding type registration float -> org.hibernate.type.FloatType@7e9da981
[DEBUG] 2021-04-16 13:03:27.537 [main] BasicTypeRegistry - Adding type registration java.lang.Float -> org.hibernate.type.FloatType@7e9da981
[DEBUG] 2021-04-16 13:03:27.540 [main] BasicTypeRegistry - Adding type registration double -> org.hibernate.type.DoubleType@476a736d
[DEBUG] 2021-04-16 13:03:27.540 [main] BasicTypeRegistry - Adding type registration double -> org.hibernate.type.DoubleType@476a736d
[DEBUG] 2021-04-16 13:03:27.540 [main] BasicTypeRegistry - Adding type registration java.lang.Double -> org.hibernate.type.DoubleType@476a736d
[DEBUG] 2021-04-16 13:03:27.542 [main] BasicTypeRegistry - Adding type registration big_decimal -> org.hibernate.type.BigDecimalType@576c5536
[DEBUG] 2021-04-16 13:03:27.543 [main] BasicTypeRegistry - Adding type registration java.math.BigDecimal -> org.hibernate.type.BigDecimalType@576c5536
[DEBUG] 2021-04-16 13:03:27.544 [main] BasicTypeRegistry - Adding type registration big_integer -> org.hibernate.type.BigIntegerType@159a48a6
[DEBUG] 2021-04-16 13:03:27.544 [main] BasicTypeRegistry - Adding type registration java.math.BigInteger -> org.hibernate.type.BigIntegerType@159a48a6
[DEBUG] 2021-04-16 13:03:27.546 [main] BasicTypeRegistry - Adding type registration string -> org.hibernate.type.StringType@3cbcd8f3
[DEBUG] 2021-04-16 13:03:27.546 [main] BasicTypeRegistry - Adding type registration java.lang.String -> org.hibernate.type.StringType@3cbcd8f3
[DEBUG] 2021-04-16 13:03:27.546 [main] BasicTypeRegistry - Adding type registration nstring -> org.hibernate.type.StringNVarcharType@2301b75
[DEBUG] 2021-04-16 13:03:27.549 [main] BasicTypeRegistry - Adding type registration ncharacter -> org.hibernate.type.CharacterNCharType@7cab1508
[DEBUG] 2021-04-16 13:03:27.551 [main] BasicTypeRegistry - Adding type registration url -> org.hibernate.type.UrlType@3bb8aabc
[DEBUG] 2021-04-16 13:03:27.552 [main] BasicTypeRegistry - Adding type registration java.net.URL -> org.hibernate.type.UrlType@3bb8aabc
[DEBUG] 2021-04-16 13:03:27.553 [main] BasicTypeRegistry - Adding type registration Duration -> org.hibernate.type.DurationType@287f7811
[DEBUG] 2021-04-16 13:03:27.553 [main] BasicTypeRegistry - Adding type registration java.time.Duration -> org.hibernate.type.DurationType@287f7811
[DEBUG] 2021-04-16 13:03:27.574 [main] BasicTypeRegistry - Adding type registration Instant -> org.hibernate.type.InstantType@42fcc7e6
[DEBUG] 2021-04-16 13:03:27.574 [main] BasicTypeRegistry - Adding type registration java.time.Instant -> org.hibernate.type.InstantType@42fcc7e6
[DEBUG] 2021-04-16 13:03:27.578 [main] BasicTypeRegistry - Adding type registration LocalDateTime -> org.hibernate.type.LocalDateTimeType@7c3ebc6b
[DEBUG] 2021-04-16 13:03:27.578 [main] BasicTypeRegistry - Adding type registration java.time.LocalDateTime -> org.hibernate.type.LocalDateTimeType@7c3ebc6b
[DEBUG] 2021-04-16 13:03:27.582 [main] BasicTypeRegistry - Adding type registration LocalDate -> org.hibernate.type.LocalDateType@1a3e5f23
[DEBUG] 2021-04-16 13:03:27.583 [main] BasicTypeRegistry - Adding type registration java.time.LocalDate -> org.hibernate.type.LocalDateType@1a3e5f23
[DEBUG] 2021-04-16 13:03:27.584 [main] BasicTypeRegistry - Adding type registration LocalTime -> org.hibernate.type.LocalTimeType@ec1b2e4
[DEBUG] 2021-04-16 13:03:27.584 [main] BasicTypeRegistry - Adding type registration java.time.LocalTime -> org.hibernate.type.LocalTimeType@ec1b2e4
[DEBUG] 2021-04-16 13:03:27.588 [main] BasicTypeRegistry - Adding type registration OffsetDateTime -> org.hibernate.type.OffsetDateTimeType@4f8b4bd0
[DEBUG] 2021-04-16 13:03:27.588 [main] BasicTypeRegistry - Adding type registration java.time.OffsetDateTime -> org.hibernate.type.OffsetDateTimeType@4f8b4bd0
[DEBUG] 2021-04-16 13:03:27.591 [main] BasicTypeRegistry - Adding type registration OffsetTime -> org.hibernate.type.OffsetTimeType@7bbbb6a8
[DEBUG] 2021-04-16 13:03:27.592 [main] BasicTypeRegistry - Adding type registration java.time.OffsetTime -> org.hibernate.type.OffsetTimeType@7bbbb6a8
[DEBUG] 2021-04-16 13:03:27.596 [main] BasicTypeRegistry - Adding type registration ZonedDateTime -> org.hibernate.type.ZonedDateTimeType@421a4ee1
[DEBUG] 2021-04-16 13:03:27.596 [main] BasicTypeRegistry - Adding type registration java.time.ZonedDateTime -> org.hibernate.type.ZonedDateTimeType@421a4ee1
[DEBUG] 2021-04-16 13:03:27.599 [main] BasicTypeRegistry - Adding type registration date -> org.hibernate.type.DateType@5b4d25e7
[DEBUG] 2021-04-16 13:03:27.599 [main] BasicTypeRegistry - Adding type registration java.sql.Date -> org.hibernate.type.DateType@5b4d25e7
[DEBUG] 2021-04-16 13:03:27.601 [main] BasicTypeRegistry - Adding type registration time -> org.hibernate.type.TimeType@46866946
[DEBUG] 2021-04-16 13:03:27.601 [main] BasicTypeRegistry - Adding type registration java.sql.Time -> org.hibernate.type.TimeType@46866946
[DEBUG] 2021-04-16 13:03:27.604 [main] BasicTypeRegistry - Adding type registration timestamp -> org.hibernate.type.TimestampType@5177e388
[DEBUG] 2021-04-16 13:03:27.604 [main] BasicTypeRegistry - Adding type registration java.sql.Timestamp -> org.hibernate.type.TimestampType@5177e388
[DEBUG] 2021-04-16 13:03:27.604 [main] BasicTypeRegistry - Adding type registration java.util.Date -> org.hibernate.type.TimestampType@5177e388
[DEBUG] 2021-04-16 13:03:27.607 [main] BasicTypeRegistry - Adding type registration dbtimestamp -> org.hibernate.type.DbTimestampType@69d6a7cd
[DEBUG] 2021-04-16 13:03:27.609 [main] BasicTypeRegistry - Adding type registration calendar -> org.hibernate.type.CalendarType@1b29d52b
[DEBUG] 2021-04-16 13:03:27.609 [main] BasicTypeRegistry - Adding type registration java.util.Calendar -> org.hibernate.type.CalendarType@1b29d52b
[DEBUG] 2021-04-16 13:03:27.610 [main] BasicTypeRegistry - Adding type registration java.util.GregorianCalendar -> org.hibernate.type.CalendarType@1b29d52b
[DEBUG] 2021-04-16 13:03:27.611 [main] BasicTypeRegistry - Adding type registration calendar_date -> org.hibernate.type.CalendarDateType@5e1218b4
[DEBUG] 2021-04-16 13:03:27.613 [main] BasicTypeRegistry - Adding type registration locale -> org.hibernate.type.LocaleType@7428de63
[DEBUG] 2021-04-16 13:03:27.613 [main] BasicTypeRegistry - Adding type registration java.util.Locale -> org.hibernate.type.LocaleType@7428de63
[DEBUG] 2021-04-16 13:03:27.614 [main] BasicTypeRegistry - Adding type registration currency -> org.hibernate.type.CurrencyType@50f40653
[DEBUG] 2021-04-16 13:03:27.615 [main] BasicTypeRegistry - Adding type registration java.util.Currency -> org.hibernate.type.CurrencyType@50f40653
[DEBUG] 2021-04-16 13:03:27.616 [main] BasicTypeRegistry - Adding type registration timezone -> org.hibernate.type.TimeZoneType@971e903
[DEBUG] 2021-04-16 13:03:27.616 [main] BasicTypeRegistry - Adding type registration java.util.TimeZone -> org.hibernate.type.TimeZoneType@971e903
[DEBUG] 2021-04-16 13:03:27.617 [main] BasicTypeRegistry - Adding type registration class -> org.hibernate.type.ClassType@c6a6c1d
[DEBUG] 2021-04-16 13:03:27.617 [main] BasicTypeRegistry - Adding type registration java.lang.Class -> org.hibernate.type.ClassType@c6a6c1d
[DEBUG] 2021-04-16 13:03:27.618 [main] BasicTypeRegistry - Adding type registration uuid-binary -> org.hibernate.type.UUIDBinaryType@6e0cff20
[DEBUG] 2021-04-16 13:03:27.618 [main] BasicTypeRegistry - Adding type registration java.util.UUID -> org.hibernate.type.UUIDBinaryType@6e0cff20
[DEBUG] 2021-04-16 13:03:27.619 [main] BasicTypeRegistry - Adding type registration uuid-char -> org.hibernate.type.UUIDCharType@191a709b
[DEBUG] 2021-04-16 13:03:27.620 [main] BasicTypeRegistry - Adding type registration binary -> org.hibernate.type.BinaryType@203c20cf
[DEBUG] 2021-04-16 13:03:27.620 [main] BasicTypeRegistry - Adding type registration byte[] -> org.hibernate.type.BinaryType@203c20cf
[DEBUG] 2021-04-16 13:03:27.620 [main] BasicTypeRegistry - Adding type registration [B -> org.hibernate.type.BinaryType@203c20cf
[DEBUG] 2021-04-16 13:03:27.621 [main] BasicTypeRegistry - Adding type registration wrapper-binary -> org.hibernate.type.WrapperBinaryType@616b241a
[DEBUG] 2021-04-16 13:03:27.622 [main] BasicTypeRegistry - Adding type registration Byte[] -> org.hibernate.type.WrapperBinaryType@616b241a
[DEBUG] 2021-04-16 13:03:27.623 [main] BasicTypeRegistry - Adding type registration [Ljava.lang.Byte; -> org.hibernate.type.WrapperBinaryType@616b241a
[DEBUG] 2021-04-16 13:03:27.624 [main] BasicTypeRegistry - Adding type registration row_version -> org.hibernate.type.RowVersionType@dcc6211
[DEBUG] 2021-04-16 13:03:27.625 [main] BasicTypeRegistry - Adding type registration image -> org.hibernate.type.ImageType@f3fcd59
[DEBUG] 2021-04-16 13:03:27.626 [main] BasicTypeRegistry - Adding type registration characters -> org.hibernate.type.CharArrayType@6ee8dcd3
[DEBUG] 2021-04-16 13:03:27.627 [main] BasicTypeRegistry - Adding type registration char[] -> org.hibernate.type.CharArrayType@6ee8dcd3
[DEBUG] 2021-04-16 13:03:27.627 [main] BasicTypeRegistry - Adding type registration [C -> org.hibernate.type.CharArrayType@6ee8dcd3
[DEBUG] 2021-04-16 13:03:27.629 [main] BasicTypeRegistry - Adding type registration wrapper-characters -> org.hibernate.type.CharacterArrayType@1cc9cfb2
[DEBUG] 2021-04-16 13:03:27.629 [main] BasicTypeRegistry - Adding type registration [Ljava.lang.Character; -> org.hibernate.type.CharacterArrayType@1cc9cfb2
[DEBUG] 2021-04-16 13:03:27.630 [main] BasicTypeRegistry - Adding type registration Character[] -> org.hibernate.type.CharacterArrayType@1cc9cfb2
[DEBUG] 2021-04-16 13:03:27.630 [main] BasicTypeRegistry - Adding type registration text -> org.hibernate.type.TextType@46d9aec8
[DEBUG] 2021-04-16 13:03:27.630 [main] BasicTypeRegistry - Adding type registration ntext -> org.hibernate.type.NTextType@1c504e66
[DEBUG] 2021-04-16 13:03:27.633 [main] BasicTypeRegistry - Adding type registration blob -> org.hibernate.type.BlobType@30814f43
[DEBUG] 2021-04-16 13:03:27.634 [main] BasicTypeRegistry - Adding type registration java.sql.Blob -> org.hibernate.type.BlobType@30814f43
[DEBUG] 2021-04-16 13:03:27.634 [main] BasicTypeRegistry - Adding type registration materialized_blob -> org.hibernate.type.MaterializedBlobType@11a00961
[DEBUG] 2021-04-16 13:03:27.637 [main] BasicTypeRegistry - Adding type registration clob -> org.hibernate.type.ClobType@3fdecce
[DEBUG] 2021-04-16 13:03:27.638 [main] BasicTypeRegistry - Adding type registration java.sql.Clob -> org.hibernate.type.ClobType@3fdecce
[DEBUG] 2021-04-16 13:03:27.645 [main] BasicTypeRegistry - Adding type registration nclob -> org.hibernate.type.NClobType@408b87aa
[DEBUG] 2021-04-16 13:03:27.645 [main] BasicTypeRegistry - Adding type registration java.sql.NClob -> org.hibernate.type.NClobType@408b87aa
[DEBUG] 2021-04-16 13:03:27.646 [main] BasicTypeRegistry - Adding type registration materialized_clob -> org.hibernate.type.MaterializedClobType@76c52298
[DEBUG] 2021-04-16 13:03:27.647 [main] BasicTypeRegistry - Adding type registration materialized_nclob -> org.hibernate.type.MaterializedNClobType@45d6ef73
[DEBUG] 2021-04-16 13:03:27.649 [main] BasicTypeRegistry - Adding type registration serializable -> org.hibernate.type.SerializableType@2c43eb8
[DEBUG] 2021-04-16 13:03:27.656 [main] BasicTypeRegistry - Adding type registration object -> org.hibernate.type.ObjectType@1ab6718
[DEBUG] 2021-04-16 13:03:27.657 [main] BasicTypeRegistry - Adding type registration java.lang.Object -> org.hibernate.type.ObjectType@1ab6718
[DEBUG] 2021-04-16 13:03:27.658 [main] BasicTypeRegistry - Adding type registration imm_date -> org.hibernate.type.AdaptedImmutableType@6fd77352
[DEBUG] 2021-04-16 13:03:27.658 [main] BasicTypeRegistry - Adding type registration imm_time -> org.hibernate.type.AdaptedImmutableType@5109e8cf
[DEBUG] 2021-04-16 13:03:27.658 [main] BasicTypeRegistry - Adding type registration imm_timestamp -> org.hibernate.type.AdaptedImmutableType@3f672204
[DEBUG] 2021-04-16 13:03:27.659 [main] BasicTypeRegistry - Adding type registration imm_dbtimestamp -> org.hibernate.type.AdaptedImmutableType@78b41097
[DEBUG] 2021-04-16 13:03:27.659 [main] BasicTypeRegistry - Adding type registration imm_calendar -> org.hibernate.type.AdaptedImmutableType@2c2db130
[DEBUG] 2021-04-16 13:03:27.659 [main] BasicTypeRegistry - Adding type registration imm_calendar_date -> org.hibernate.type.AdaptedImmutableType@327c7bea
[DEBUG] 2021-04-16 13:03:27.659 [main] BasicTypeRegistry - Adding type registration imm_binary -> org.hibernate.type.AdaptedImmutableType@348d18a3
[DEBUG] 2021-04-16 13:03:27.659 [main] BasicTypeRegistry - Adding type registration imm_serializable -> org.hibernate.type.AdaptedImmutableType@6c65860d
[DEBUG] 2021-04-16 13:03:27.709 [main] DefaultIdentifierGeneratorFactory - Registering IdentifierGenerator strategy [uuid2] -> [org.hibernate.id.UUIDGenerator]
[DEBUG] 2021-04-16 13:03:27.710 [main] DefaultIdentifierGeneratorFactory - Registering IdentifierGenerator strategy [guid] -> [org.hibernate.id.GUIDGenerator]
[DEBUG] 2021-04-16 13:03:27.711 [main] DefaultIdentifierGeneratorFactory - Registering IdentifierGenerator strategy [uuid] -> [org.hibernate.id.UUIDHexGenerator]
[DEBUG] 2021-04-16 13:03:27.712 [main] DefaultIdentifierGeneratorFactory - Registering IdentifierGenerator strategy [uuid.hex] -> [org.hibernate.id.UUIDHexGenerator]
[DEBUG] 2021-04-16 13:03:27.713 [main] DefaultIdentifierGeneratorFactory - Registering IdentifierGenerator strategy [assigned] -> [org.hibernate.id.Assigned]
[DEBUG] 2021-04-16 13:03:27.715 [main] DefaultIdentifierGeneratorFactory - Registering IdentifierGenerator strategy [identity] -> [org.hibernate.id.IdentityGenerator]
[DEBUG] 2021-04-16 13:03:27.716 [main] DefaultIdentifierGeneratorFactory - Registering IdentifierGenerator strategy [select] -> [org.hibernate.id.SelectGenerator]
[DEBUG] 2021-04-16 13:03:27.718 [main] DefaultIdentifierGeneratorFactory - Registering IdentifierGenerator strategy [sequence] -> [org.hibernate.id.enhanced.SequenceStyleGenerator]
[DEBUG] 2021-04-16 13:03:27.719 [main] DefaultIdentifierGeneratorFactory - Registering IdentifierGenerator strategy [seqhilo] -> [org.hibernate.id.SequenceHiLoGenerator]
[DEBUG] 2021-04-16 13:03:27.721 [main] DefaultIdentifierGeneratorFactory - Registering IdentifierGenerator strategy [increment] -> [org.hibernate.id.IncrementGenerator]
[DEBUG] 2021-04-16 13:03:27.721 [main] DefaultIdentifierGeneratorFactory - Registering IdentifierGenerator strategy [foreign] -> [org.hibernate.id.ForeignGenerator]
[DEBUG] 2021-04-16 13:03:27.722 [main] DefaultIdentifierGeneratorFactory - Registering IdentifierGenerator strategy [sequence-identity] -> [org.hibernate.id.SequenceIdentityGenerator]
[DEBUG] 2021-04-16 13:03:27.722 [main] DefaultIdentifierGeneratorFactory - Registering IdentifierGenerator strategy [enhanced-sequence] -> [org.hibernate.id.enhanced.SequenceStyleGenerator]
[DEBUG] 2021-04-16 13:03:27.724 [main] DefaultIdentifierGeneratorFactory - Registering IdentifierGenerator strategy [enhanced-table] -> [org.hibernate.id.enhanced.TableGenerator]
[INFO ] 2021-04-16 13:03:27.730 [main] C3P0ConnectionProvider - HHH010002: C3P0 using driver: com.mysql.cj.jdbc.Driver at URL: jdbc:mysql://localhost:3306/test_mealBuilder
[INFO ] 2021-04-16 13:03:27.731 [main] C3P0ConnectionProvider - HHH10001001: Connection properties: {password=****, user=root}
[INFO ] 2021-04-16 13:03:27.731 [main] C3P0ConnectionProvider - HHH10001003: Autocommit mode: false
[INFO ] 2021-04-16 13:03:27.977 [main] C3P0ConnectionProvider - HHH10001007: JDBC isolation level: <unknown>
[DEBUG] 2021-04-16 13:03:29.147 [main] JdbcEnvironmentInitiator - Database ->
       name : MySQL
    version : 8.0.22
      major : 8
      minor : 0
[DEBUG] 2021-04-16 13:03:29.148 [main] JdbcEnvironmentInitiator - Driver ->
       name : MySQL Connector/J
    version : mysql-connector-java-8.0.22 (Revision: d64b664fa93e81296a377de031b8123a67e6def2)
      major : 8
      minor : 0
[DEBUG] 2021-04-16 13:03:29.148 [main] JdbcEnvironmentInitiator - JDBC version : 4.2
[INFO ] 2021-04-16 13:03:29.217 [main] Dialect - HHH000400: Using dialect: org.hibernate.dialect.MySQL8Dialect
[DEBUG] 2021-04-16 13:03:29.259 [main] IdentifierHelperBuilder - JDBC driver metadata reported database stores quoted identifiers in more than one case
[DEBUG] 2021-04-16 13:03:29.334 [main] IdentifierHelperBuilder - IdentifierCaseStrategy for both quoted and unquoted identifiers was set to the same strategy [MIXED]; that will likely lead to problems in schema update and validation if using quoted identifiers
[DEBUG] 2021-04-16 13:03:29.402 [main] Namespace - Created database namespace [logicalName=Name{catalog=null, schema=null}, physicalName=Name{catalog=null, schema=null}]
[DEBUG] 2021-04-16 13:03:29.407 [main] TypeConfiguration$Scope - Scoping TypeConfiguration [org.hibernate.type.spi.TypeConfiguration@5c77ba8f] to MetadataBuildingContext [org.hibernate.boot.internal.MetadataBuildingContextRootImpl@660f0c]
[DEBUG] 2021-04-16 13:03:29.539 [main] AnnotationBinder - Binding entity from annotated class: entity.Users
[DEBUG] 2021-04-16 13:03:29.586 [main] Ejb3Column - Binding column: Ejb3DiscriminatorColumn{logicalColumnName'DTYPE', discriminatorTypeName='string'}
[DEBUG] 2021-04-16 13:03:29.595 [main] EntityBinder - Import with entity name Users
[DEBUG] 2021-04-16 13:03:29.600 [main] EntityBinder - Bind entity entity.Users on table Users
[DEBUG] 2021-04-16 13:03:29.609 [main] EntityBinder - Adding secondary table to entity entity.Users -> User_Macro_Goals
[DEBUG] 2021-04-16 13:03:29.642 [main] Ejb3Column - Binding column: Ejb3Column{table=org.hibernate.mapping.Table(Users), mappingColumn=id, insertable=true, updatable=true, unique=false}
[DEBUG] 2021-04-16 13:03:29.650 [main] PropertyBinder - MetadataSourceProcessor property id with lazy=false
[DEBUG] 2021-04-16 13:03:29.655 [main] AbstractPropertyHolder - Attempting to locate auto-apply AttributeConverter for property [entity.Users:id]
[DEBUG] 2021-04-16 13:03:29.658 [main] SimpleValueBinder - building SimpleValue for id
[DEBUG] 2021-04-16 13:03:29.661 [main] PropertyBinder - Building property id
[DEBUG] 2021-04-16 13:03:29.668 [main] BinderHelper - #makeIdGenerator(org.hibernate.mapping.SimpleValue([org.hibernate.mapping.Column(id)]), id, org.hibernate.id.enhanced.SequenceStyleGenerator, native, ...)
[DEBUG] 2021-04-16 13:03:29.670 [main] Ejb3Column - Binding column: Ejb3Column{table=org.hibernate.mapping.Table(Users), mappingColumn=password, insertable=true, updatable=true, unique=false}
[DEBUG] 2021-04-16 13:03:29.670 [main] PropertyBinder - MetadataSourceProcessor property password with lazy=false
[DEBUG] 2021-04-16 13:03:29.671 [main] AbstractPropertyHolder - Attempting to locate auto-apply AttributeConverter for property [entity.Users:password]
[DEBUG] 2021-04-16 13:03:29.671 [main] SimpleValueBinder - building SimpleValue for password
[DEBUG] 2021-04-16 13:03:29.671 [main] PropertyBinder - Building property password
[DEBUG] 2021-04-16 13:03:29.673 [main] Ejb3Column - Binding column: Ejb3JoinColumn{logicalColumnName='Users_id', referencedColumn='', mappedBy=''}
[DEBUG] 2021-04-16 13:03:29.673 [main] Ejb3Column - Binding column: Ejb3Column{table=org.hibernate.mapping.Table(Users), mappingColumn=recipes, insertable=true, updatable=true, unique=false}
[DEBUG] 2021-04-16 13:03:29.676 [main] Ejb3Column - Binding column: Ejb3Column{table=org.hibernate.mapping.Table(Users), mappingColumn=null, insertable=true, updatable=true, unique=false}
[DEBUG] 2021-04-16 13:03:29.688 [main] Ejb3Column - Binding column: Ejb3Column{table=org.hibernate.mapping.Table(Users), mappingColumn=element, insertable=true, updatable=true, unique=false}
[DEBUG] 2021-04-16 13:03:29.689 [main] Ejb3Column - Binding column: Ejb3Column{table=org.hibernate.mapping.Table(Users), mappingColumn=recipes_KEY, insertable=true, updatable=true, unique=false}
[DEBUG] 2021-04-16 13:03:29.690 [main] Ejb3Column - Binding column: Ejb3JoinColumn{logicalColumnName='recipes_KEY', referencedColumn='null', mappedBy='null'}
[DEBUG] 2021-04-16 13:03:29.692 [main] Ejb3Column - Binding column: Ejb3JoinColumn{logicalColumnName='null', referencedColumn='null', mappedBy=''}
[DEBUG] 2021-04-16 13:03:29.692 [main] Ejb3Column - Binding column: Ejb3JoinColumn{logicalColumnName='null', referencedColumn='null', mappedBy=''}
[DEBUG] 2021-04-16 13:03:29.693 [main] CollectionBinder - Collection role: entity.Users.recipes
[DEBUG] 2021-04-16 13:03:29.698 [main] PropertyBinder - Building property recipes
[DEBUG] 2021-04-16 13:03:29.698 [main] Ejb3Column - Binding column: Ejb3Column{table=org.hibernate.mapping.Table(Users), mappingColumn=username, insertable=true, updatable=true, unique=false}
[DEBUG] 2021-04-16 13:03:29.699 [main] PropertyBinder - MetadataSourceProcessor property username with lazy=false
[DEBUG] 2021-04-16 13:03:29.699 [main] AbstractPropertyHolder - Attempting to locate auto-apply AttributeConverter for property [entity.Users:username]
[DEBUG] 2021-04-16 13:03:29.699 [main] SimpleValueBinder - building SimpleValue for username
[DEBUG] 2021-04-16 13:03:29.699 [main] PropertyBinder - Building property username
[DEBUG] 2021-04-16 13:03:29.700 [main] AnnotationBinder - Binding entity from annotated class: entity.Recipes
[DEBUG] 2021-04-16 13:03:29.701 [main] Ejb3Column - Binding column: Ejb3DiscriminatorColumn{logicalColumnName'DTYPE', discriminatorTypeName='string'}
[DEBUG] 2021-04-16 13:03:29.701 [main] EntityBinder - Import with entity name Recipes
[DEBUG] 2021-04-16 13:03:29.701 [main] EntityBinder - Bind entity entity.Recipes on table Recipes
[DEBUG] 2021-04-16 13:03:29.704 [main] Ejb3Column - Binding column: Ejb3Column{table=org.hibernate.mapping.Table(Recipes), mappingColumn=recipe_id, insertable=true, updatable=true, unique=false}
[DEBUG] 2021-04-16 13:03:29.704 [main] PropertyBinder - MetadataSourceProcessor property id with lazy=false
[DEBUG] 2021-04-16 13:03:29.705 [main] AbstractPropertyHolder - Attempting to locate auto-apply AttributeConverter for property [entity.Recipes:id]
[DEBUG] 2021-04-16 13:03:29.705 [main] SimpleValueBinder - building SimpleValue for id
[DEBUG] 2021-04-16 13:03:29.705 [main] PropertyBinder - Building property id
[DEBUG] 2021-04-16 13:03:29.705 [main] BinderHelper - #makeIdGenerator(org.hibernate.mapping.SimpleValue([org.hibernate.mapping.Column(recipe_id)]), id, org.hibernate.id.enhanced.SequenceStyleGenerator, native, ...)
[DEBUG] 2021-04-16 13:03:29.705 [main] Ejb3Column - Binding column: Ejb3Column{table=org.hibernate.mapping.Table(Recipes), mappingColumn=public_recipe, insertable=true, updatable=true, unique=false}
[DEBUG] 2021-04-16 13:03:29.706 [main] PropertyBinder - MetadataSourceProcessor property public_recipe with lazy=false
[DEBUG] 2021-04-16 13:03:29.706 [main] AbstractPropertyHolder - Attempting to locate auto-apply AttributeConverter for property [entity.Recipes:public_recipe]
[DEBUG] 2021-04-16 13:03:29.706 [main] SimpleValueBinder - building SimpleValue for public_recipe
[DEBUG] 2021-04-16 13:03:29.706 [main] PropertyBinder - Building property public_recipe
[DEBUG] 2021-04-16 13:03:29.706 [main] Ejb3Column - Binding column: Ejb3Column{table=org.hibernate.mapping.Table(Recipes), mappingColumn=recipe_name, insertable=true, updatable=true, unique=false}
[DEBUG] 2021-04-16 13:03:29.706 [main] PropertyBinder - MetadataSourceProcessor property recipe_name with lazy=false
[DEBUG] 2021-04-16 13:03:29.706 [main] AbstractPropertyHolder - Attempting to locate auto-apply AttributeConverter for property [entity.Recipes:recipe_name]
[DEBUG] 2021-04-16 13:03:29.706 [main] SimpleValueBinder - building SimpleValue for recipe_name
[DEBUG] 2021-04-16 13:03:29.707 [main] PropertyBinder - Building property recipe_name
[DEBUG] 2021-04-16 13:03:29.707 [main] Ejb3Column - Binding column: Ejb3JoinColumn{logicalColumnName='Users_id', referencedColumn='', mappedBy=''}
[DEBUG] 2021-04-16 13:03:29.707 [main] Ejb3Column - Binding column: Ejb3Column{table=org.hibernate.mapping.Table(Recipes), mappingColumn=user, insertable=true, updatable=true, unique=false}
[DEBUG] 2021-04-16 13:03:29.709 [main] PropertyBinder - Building property user
[DEBUG] 2021-04-16 13:03:29.709 [main] AnnotationBinder - Binding entity from annotated class: entity.UserGoals
[DEBUG] 2021-04-16 13:03:29.709 [main] Ejb3Column - Binding column: Ejb3DiscriminatorColumn{logicalColumnName'DTYPE', discriminatorTypeName='string'}
[DEBUG] 2021-04-16 13:03:29.710 [main] EntityBinder - Import with entity name UserGoals
[DEBUG] 2021-04-16 13:03:29.710 [main] EntityBinder - Bind entity entity.UserGoals on table User_Macro_Goals
[DEBUG] 2021-04-16 13:03:29.714 [main] Ejb3Column - Binding column: Ejb3Column{table=org.hibernate.mapping.Table(User_Macro_Goals), mappingColumn=id, insertable=true, updatable=true, unique=false}
[DEBUG] 2021-04-16 13:03:29.714 [main] PropertyBinder - MetadataSourceProcessor property id with lazy=false
[DEBUG] 2021-04-16 13:03:29.714 [main] AbstractPropertyHolder - Attempting to locate auto-apply AttributeConverter for property [entity.UserGoals:id]
[DEBUG] 2021-04-16 13:03:29.714 [main] SimpleValueBinder - building SimpleValue for id
[DEBUG] 2021-04-16 13:03:29.714 [main] PropertyBinder - Building property id
[DEBUG] 2021-04-16 13:03:29.715 [main] BinderHelper - #makeIdGenerator(org.hibernate.mapping.SimpleValue([org.hibernate.mapping.Column(id)]), id, org.hibernate.id.enhanced.SequenceStyleGenerator, native, ...)
[DEBUG] 2021-04-16 13:03:29.715 [main] Ejb3Column - Binding column: Ejb3Column{table=org.hibernate.mapping.Table(User_Macro_Goals), mappingColumn=calorie_goal, insertable=true, updatable=true, unique=false}
[DEBUG] 2021-04-16 13:03:29.715 [main] PropertyBinder - MetadataSourceProcessor property calorieGoal with lazy=false
[DEBUG] 2021-04-16 13:03:29.715 [main] AbstractPropertyHolder - Attempting to locate auto-apply AttributeConverter for property [entity.UserGoals:calorieGoal]
[DEBUG] 2021-04-16 13:03:29.715 [main] SimpleValueBinder - building SimpleValue for calorieGoal
[DEBUG] 2021-04-16 13:03:29.715 [main] PropertyBinder - Building property calorieGoal
[DEBUG] 2021-04-16 13:03:29.716 [main] Ejb3Column - Binding column: Ejb3Column{table=org.hibernate.mapping.Table(User_Macro_Goals), mappingColumn=carb_goal, insertable=true, updatable=true, unique=false}
[DEBUG] 2021-04-16 13:03:29.716 [main] PropertyBinder - MetadataSourceProcessor property carbGoal with lazy=false
[DEBUG] 2021-04-16 13:03:29.716 [main] AbstractPropertyHolder - Attempting to locate auto-apply AttributeConverter for property [entity.UserGoals:carbGoal]
[DEBUG] 2021-04-16 13:03:29.716 [main] SimpleValueBinder - building SimpleValue for carbGoal
[DEBUG] 2021-04-16 13:03:29.716 [main] PropertyBinder - Building property carbGoal
[DEBUG] 2021-04-16 13:03:29.716 [main] Ejb3Column - Binding column: Ejb3Column{table=org.hibernate.mapping.Table(User_Macro_Goals), mappingColumn=fat_goal, insertable=true, updatable=true, unique=false}
[DEBUG] 2021-04-16 13:03:29.716 [main] PropertyBinder - MetadataSourceProcessor property fatGoal with lazy=false
[DEBUG] 2021-04-16 13:03:29.716 [main] AbstractPropertyHolder - Attempting to locate auto-apply AttributeConverter for property [entity.UserGoals:fatGoal]
[DEBUG] 2021-04-16 13:03:29.716 [main] SimpleValueBinder - building SimpleValue for fatGoal
[DEBUG] 2021-04-16 13:03:29.716 [main] PropertyBinder - Building property fatGoal
[DEBUG] 2021-04-16 13:03:29.717 [main] Ejb3Column - Binding column: Ejb3Column{table=org.hibernate.mapping.Table(User_Macro_Goals), mappingColumn=protein_goal, insertable=true, updatable=true, unique=false}
[DEBUG] 2021-04-16 13:03:29.717 [main] PropertyBinder - MetadataSourceProcessor property proteinGoal with lazy=false
[DEBUG] 2021-04-16 13:03:29.717 [main] AbstractPropertyHolder - Attempting to locate auto-apply AttributeConverter for property [entity.UserGoals:proteinGoal]
[DEBUG] 2021-04-16 13:03:29.717 [main] SimpleValueBinder - building SimpleValue for proteinGoal
[DEBUG] 2021-04-16 13:03:29.717 [main] PropertyBinder - Building property proteinGoal
[DEBUG] 2021-04-16 13:03:29.717 [main] Ejb3Column - Binding column: Ejb3JoinColumn{logicalColumnName='userid', referencedColumn='id', mappedBy=''}
[DEBUG] 2021-04-16 13:03:29.717 [main] Ejb3Column - Binding column: Ejb3Column{table=org.hibernate.mapping.Table(User_Macro_Goals), mappingColumn=user, insertable=true, updatable=true, unique=false}
[DEBUG] 2021-04-16 13:03:29.717 [main] PropertyBinder - Building property user
[DEBUG] 2021-04-16 13:03:29.718 [main] Ejb3Column - Binding column: Ejb3Column{table=org.hibernate.mapping.Table(User_Macro_Goals), mappingColumn=userid, insertable=true, updatable=true, unique=false}
[DEBUG] 2021-04-16 13:03:29.718 [main] PropertyBinder - MetadataSourceProcessor property userid with lazy=false
[DEBUG] 2021-04-16 13:03:29.718 [main] AbstractPropertyHolder - Attempting to locate auto-apply AttributeConverter for property [entity.UserGoals:userid]
[DEBUG] 2021-04-16 13:03:29.718 [main] SimpleValueBinder - building SimpleValue for userid
[DEBUG] 2021-04-16 13:03:29.718 [main] PropertyBinder - Building property userid
[DEBUG] 2021-04-16 13:03:29.720 [main] SimpleValueBinder - Starting fillSimpleValue for id
[DEBUG] 2021-04-16 13:03:29.721 [main] SimpleValueBinder - Starting fillSimpleValue for password
[DEBUG] 2021-04-16 13:03:29.721 [main] SimpleValueBinder - Starting fillSimpleValue for username
[DEBUG] 2021-04-16 13:03:29.721 [main] SimpleValueBinder - Starting fillSimpleValue for id
[DEBUG] 2021-04-16 13:03:29.721 [main] SimpleValueBinder - Starting fillSimpleValue for public_recipe
[DEBUG] 2021-04-16 13:03:29.721 [main] SimpleValueBinder - Starting fillSimpleValue for recipe_name
[DEBUG] 2021-04-16 13:03:29.721 [main] SimpleValueBinder - Starting fillSimpleValue for id
[DEBUG] 2021-04-16 13:03:29.721 [main] SimpleValueBinder - Starting fillSimpleValue for calorieGoal
[DEBUG] 2021-04-16 13:03:29.721 [main] SimpleValueBinder - Starting fillSimpleValue for carbGoal
[DEBUG] 2021-04-16 13:03:29.722 [main] SimpleValueBinder - Starting fillSimpleValue for fatGoal
[DEBUG] 2021-04-16 13:03:29.722 [main] SimpleValueBinder - Starting fillSimpleValue for proteinGoal
[DEBUG] 2021-04-16 13:03:29.722 [main] SimpleValueBinder - Starting fillSimpleValue for userid
[DEBUG] 2021-04-16 13:03:29.728 [main] PrimaryKey - Forcing column [id] to be non-null as it is part of the primary key for table [users]
[DEBUG] 2021-04-16 13:03:29.728 [main] PrimaryKey - Forcing column [recipe_id] to be non-null as it is part of the primary key for table [recipes]
[DEBUG] 2021-04-16 13:03:29.728 [main] PrimaryKey - Forcing column [id] to be non-null as it is part of the primary key for table [user_macro_goals]
[DEBUG] 2021-04-16 13:03:29.729 [main] Ejb3Column - Binding column: Ejb3JoinColumn{logicalColumnName='userid', referencedColumn='null', mappedBy='null'}
[DEBUG] 2021-04-16 13:03:29.729 [main] PrimaryKey - Forcing column [userid] to be non-null as it is part of the primary key for table [user_macro_goals]
[DEBUG] 2021-04-16 13:03:29.730 [main] CollectionSecondPass - Second pass for collection: entity.Users.recipes
[DEBUG] 2021-04-16 13:03:29.730 [main] CollectionBinder - Binding a OneToMany: entity.Users.recipes through a foreign key
[DEBUG] 2021-04-16 13:03:29.731 [main] CollectionBinder - Mapping collection: entity.Users.recipes -> Recipes
[DEBUG] 2021-04-16 13:03:29.732 [main] CollectionSecondPass - Mapped collection key: Users_id, one-to-many: entity.Recipes
[DEBUG] 2021-04-16 13:03:29.733 [main] InFlightMetadataCollectorImpl - Resolving reference to class: entity.Users
[DEBUG] 2021-04-16 13:03:29.736 [main] InFlightMetadataCollectorImpl - Resolving reference to class: entity.Users
[DEBUG] 2021-04-16 13:03:29.738 [main] InFlightMetadataCollectorImpl - Resolving reference to class: entity.Users
[DEBUG] 2021-04-16 13:03:29.738 [main] InFlightMetadataCollectorImpl - Resolving reference to class: entity.Users
[DEBUG] 2021-04-16 13:03:29.858 [main] SessionFactoryImpl - Building session factory
[DEBUG] 2021-04-16 13:03:29.859 [main] Settings - SessionFactory name : null
[DEBUG] 2021-04-16 13:03:29.859 [main] Settings - Automatic flush during beforeCompletion(): enabled
[DEBUG] 2021-04-16 13:03:29.859 [main] Settings - Automatic session close at end of transaction: disabled
[DEBUG] 2021-04-16 13:03:29.859 [main] Settings - Statistics: disabled
[DEBUG] 2021-04-16 13:03:29.860 [main] Settings - Deleted entity synthetic identifier rollback: disabled
[DEBUG] 2021-04-16 13:03:29.860 [main] Settings - Default entity-mode: pojo
[DEBUG] 2021-04-16 13:03:29.860 [main] Settings - Check Nullability in Core (should be disabled when Bean Validation is on): enabled
[DEBUG] 2021-04-16 13:03:29.860 [main] Settings - Allow initialization of lazy state outside session : disabled
[DEBUG] 2021-04-16 13:03:29.860 [main] Settings - Using BatchFetchStyle : LEGACY
[DEBUG] 2021-04-16 13:03:29.860 [main] Settings - Default batch fetch size: -1
[DEBUG] 2021-04-16 13:03:29.860 [main] Settings - Maximum outer join fetch depth: 2
[DEBUG] 2021-04-16 13:03:29.860 [main] Settings - Default null ordering: NONE
[DEBUG] 2021-04-16 13:03:29.860 [main] Settings - Order SQL updates by primary key: disabled
[DEBUG] 2021-04-16 13:03:29.860 [main] Settings - Order SQL inserts for batching: disabled
[DEBUG] 2021-04-16 13:03:29.860 [main] Settings - multi-tenancy strategy : NONE
[DEBUG] 2021-04-16 13:03:29.860 [main] Settings - JTA Track by Thread: enabled
[DEBUG] 2021-04-16 13:03:29.860 [main] Settings - Query language substitutions: {}
[DEBUG] 2021-04-16 13:03:29.860 [main] Settings - Named query checking : enabled
[DEBUG] 2021-04-16 13:03:29.860 [main] Settings - Second-level cache: disabled
[DEBUG] 2021-04-16 13:03:29.860 [main] Settings - Second-level query cache: disabled
[DEBUG] 2021-04-16 13:03:29.860 [main] Settings - Second-level query cache factory: null
[DEBUG] 2021-04-16 13:03:29.861 [main] Settings - Second-level cache region prefix: null
[DEBUG] 2021-04-16 13:03:29.861 [main] Settings - Optimize second-level cache for minimal puts: disabled
[DEBUG] 2021-04-16 13:03:29.861 [main] Settings - Structured second-level cache entries: disabled
[DEBUG] 2021-04-16 13:03:29.861 [main] Settings - Second-level cache direct-reference entries: disabled
[DEBUG] 2021-04-16 13:03:29.861 [main] Settings - Automatic eviction of collection cache: disabled
[DEBUG] 2021-04-16 13:03:29.861 [main] Settings - JDBC batch size: 15
[DEBUG] 2021-04-16 13:03:29.861 [main] Settings - JDBC batch updates for versioned data: enabled
[DEBUG] 2021-04-16 13:03:29.861 [main] Settings - Scrollable result sets: enabled
[DEBUG] 2021-04-16 13:03:29.861 [main] Settings - Wrap result sets: disabled
[DEBUG] 2021-04-16 13:03:29.861 [main] Settings - JDBC3 getGeneratedKeys(): enabled
[DEBUG] 2021-04-16 13:03:29.861 [main] Settings - JDBC result set fetch size: null
[DEBUG] 2021-04-16 13:03:29.861 [main] Settings - Connection release mode: AFTER_TRANSACTION
[DEBUG] 2021-04-16 13:03:29.861 [main] Settings - Generate SQL with comments: disabled
[DEBUG] 2021-04-16 13:03:29.861 [main] Settings - JPA compliance - query : 
[DEBUG] 2021-04-16 13:03:29.861 [main] Settings - JPA compliance - closed-handling : 
[DEBUG] 2021-04-16 13:03:29.861 [main] Settings - JPA compliance - lists : 
[DEBUG] 2021-04-16 13:03:29.861 [main] Settings - JPA compliance - transactions : 
[INFO ] 2021-04-16 13:03:29.966 [main] beans - HHH10005002: No explicit CDI BeanManager reference was passed to Hibernate, but CDI is available on the Hibernate ClassLoader.
[DEBUG] 2021-04-16 13:03:29.996 [main] SessionFactoryImpl - Session factory constructed with filter configurations : {}
[DEBUG] 2021-04-16 13:03:29.996 [main] SessionFactoryImpl - Instantiating session factory with properties: {gopherProxySet=false, awt.toolkit=sun.lwawt.macosx.LWCToolkit, java.specification.version=11, sun.cpu.isalist=, hibernate.c3p0.idle_test_period=3000, sun.jnu.encoding=UTF-8, hibernate.c3p0.min_size=5, java.class.path=/Applications/IntelliJ IDEA.app/Contents/lib/idea_rt.jar:/Applications/IntelliJ IDEA.app/Contents/plugins/junit/lib/junit5-rt.jar:/Applications/IntelliJ IDEA.app/Contents/plugins/junit/lib/junit-rt.jar:/Users/lisaandritsch/Desktop/Java/MealAndGroceryBuilder/target/test-classes:/Users/lisaandritsch/Desktop/Java/MealAndGroceryBuilder/target/classes:/Users/lisaandritsch/.m2/repository/junit/junit/4.12/junit-4.12.jar:/Users/lisaandritsch/.m2/repository/org/hamcrest/hamcrest-core/1.3/hamcrest-core-1.3.jar:/Users/lisaandritsch/.m2/repository/javax/javaee-web-api/7.0/javaee-web-api-7.0.jar:/Users/lisaandritsch/.m2/repository/mysql/mysql-connector-java/8.0.22/mysql-connector-java-8.0.22.jar:/Users/lisaandritsch/.m2/repository/com/google/protobuf/protobuf-java/3.11.4/protobuf-java-3.11.4.jar:/Users/lisaandritsch/.m2/repository/javax/servlet/jsp/jstl/jstl-api/1.2/jstl-api-1.2.jar:/Users/lisaandritsch/.m2/repository/javax/servlet/servlet-api/2.5/servlet-api-2.5.jar:/Users/lisaandritsch/.m2/repository/javax/servlet/jsp/jsp-api/2.1/jsp-api-2.1.jar:/Users/lisaandritsch/.m2/repository/javax/servlet/jstl/1.2/jstl-1.2.jar:/Users/lisaandritsch/.m2/repository/taglibs/standard/1.1.2/standard-1.1.2.jar:/Users/lisaandritsch/.m2/repository/org/apache/logging/log4j/log4j-api/2.10.0/log4j-api-2.10.0.jar:/Users/lisaandritsch/.m2/repository/org/apache/logging/log4j/log4j-core/2.10.0/log4j-core-2.10.0.jar:/Users/lisaandritsch/.m2/repository/org/junit/platform/junit-platform-runner/1.0.0/junit-platform-runner-1.0.0.jar:/Users/lisaandritsch/.m2/repository/org/apiguardian/apiguardian-api/1.0.0/apiguardian-api-1.0.0.jar:/Users/lisaandritsch/.m2/repository/org/junit/platform/junit-platform-launcher/1.0.0/junit-platform-launcher-1.0.0.jar:/Users/lisaandritsch/.m2/repository/org/junit/platform/junit-platform-suite-api/1.0.0/junit-platform-suite-api-1.0.0.jar:/Users/lisaandritsch/.m2/repository/org/junit/platform/junit-platform-commons/1.0.0/junit-platform-commons-1.0.0.jar:/Users/lisaandritsch/.m2/repository/org/junit/vintage/junit-vintage-engine/4.12.0/junit-vintage-engine-4.12.0.jar:/Users/lisaandritsch/.m2/repository/org/junit/platform/junit-platform-engine/1.0.0/junit-platform-engine-1.0.0.jar:/Users/lisaandritsch/.m2/repository/org/opentest4j/opentest4j/1.0.0/opentest4j-1.0.0.jar:/Users/lisaandritsch/.m2/repository/org/junit/jupiter/junit-jupiter-engine/5.0.0/junit-jupiter-engine-5.0.0.jar:/Users/lisaandritsch/.m2/repository/org/junit/jupiter/junit-jupiter-api/5.0.0/junit-jupiter-api-5.0.0.jar:/Users/lisaandritsch/.m2/repository/org/hibernate/hibernate-core/5.4.4.Final/hibernate-core-5.4.4.Final.jar:/Users/lisaandritsch/.m2/repository/org/jboss/logging/jboss-logging/3.3.2.Final/jboss-logging-3.3.2.Final.jar:/Users/lisaandritsch/.m2/repository/javax/persistence/javax.persistence-api/2.2/javax.persistence-api-2.2.jar:/Users/lisaandritsch/.m2/repository/org/javassist/javassist/3.24.0-GA/javassist-3.24.0-GA.jar:/Users/lisaandritsch/.m2/repository/net/bytebuddy/byte-buddy/1.9.11/byte-buddy-1.9.11.jar:/Users/lisaandritsch/.m2/repository/antlr/antlr/2.7.7/antlr-2.7.7.jar:/Users/lisaandritsch/.m2/repository/org/jboss/spec/javax/transaction/jboss-transaction-api_1.2_spec/1.1.1.Final/jboss-transaction-api_1.2_spec-1.1.1.Final.jar:/Users/lisaandritsch/.m2/repository/org/jboss/jandex/2.0.5.Final/jandex-2.0.5.Final.jar:/Users/lisaandritsch/.m2/repository/com/fasterxml/classmate/1.3.4/classmate-1.3.4.jar:/Users/lisaandritsch/.m2/repository/javax/activation/javax.activation-api/1.2.0/javax.activation-api-1.2.0.jar:/Users/lisaandritsch/.m2/repository/org/dom4j/dom4j/2.1.1/dom4j-2.1.1.jar:/Users/lisaandritsch/.m2/repository/org/hibernate/common/hibernate-commons-annotations/5.1.0.Final/hibernate-commons-annotations-5.1.0.Final.jar:/Users/lisaandritsch/.m2/repository/javax/xml/bind/jaxb-api/2.3.1/jaxb-api-2.3.1.jar:/Users/lisaandritsch/.m2/repository/org/glassfish/jaxb/jaxb-runtime/2.3.1/jaxb-runtime-2.3.1.jar:/Users/lisaandritsch/.m2/repository/org/glassfish/jaxb/txw2/2.3.1/txw2-2.3.1.jar:/Users/lisaandritsch/.m2/repository/com/sun/istack/istack-commons-runtime/3.0.7/istack-commons-runtime-3.0.7.jar:/Users/lisaandritsch/.m2/repository/org/jvnet/staxex/stax-ex/1.8/stax-ex-1.8.jar:/Users/lisaandritsch/.m2/repository/com/sun/xml/fastinfoset/FastInfoset/1.2.15/FastInfoset-1.2.15.jar:/Users/lisaandritsch/.m2/repository/org/hibernate/hibernate-c3p0/5.4.4.Final/hibernate-c3p0-5.4.4.Final.jar:/Users/lisaandritsch/.m2/repository/com/mchange/c3p0/0.9.5.3/c3p0-0.9.5.3.jar:/Users/lisaandritsch/.m2/repository/com/mchange/mchange-commons-java/0.2.15/mchange-commons-java-0.2.15.jar:/Users/lisaandritsch/.m2/repository/org/glassfish/jersey/core/jersey-client/2.29.1/jersey-client-2.29.1.jar:/Users/lisaandritsch/.m2/repository/jakarta/ws/rs/jakarta.ws.rs-api/2.1.6/jakarta.ws.rs-api-2.1.6.jar:/Users/lisaandritsch/.m2/repository/org/glassfish/jersey/core/jersey-common/2.29.1/jersey-common-2.29.1.jar:/Users/lisaandritsch/.m2/repository/jakarta/annotation/jakarta.annotation-api/1.3.5/jakarta.annotation-api-1.3.5.jar:/Users/lisaandritsch/.m2/repository/org/glassfish/hk2/osgi-resource-locator/1.0.3/osgi-resource-locator-1.0.3.jar:/Users/lisaandritsch/.m2/repository/com/sun/activation/jakarta.activation/1.2.1/jakarta.activation-1.2.1.jar:/Users/lisaandritsch/.m2/repository/org/glassfish/hk2/external/jakarta.inject/2.6.1/jakarta.inject-2.6.1.jar:/Users/lisaandritsch/.m2/repository/org/glassfish/jersey/inject/jersey-hk2/2.29.1/jersey-hk2-2.29.1.jar:/Users/lisaandritsch/.m2/repository/org/glassfish/hk2/hk2-locator/2.6.1/hk2-locator-2.6.1.jar:/Users/lisaandritsch/.m2/repository/org/glassfish/hk2/external/aopalliance-repackaged/2.6.1/aopalliance-repackaged-2.6.1.jar:/Users/lisaandritsch/.m2/repository/org/glassfish/hk2/hk2-api/2.6.1/hk2-api-2.6.1.jar:/Users/lisaandritsch/.m2/repository/org/glassfish/hk2/hk2-utils/2.6.1/hk2-utils-2.6.1.jar:/Users/lisaandritsch/.m2/repository/com/fasterxml/jackson/core/jackson-core/2.10.0/jackson-core-2.10.0.jar:/Users/lisaandritsch/.m2/repository/com/fasterxml/jackson/core/jackson-annotations/2.10.0/jackson-annotations-2.10.0.jar:/Users/lisaandritsch/.m2/repository/com/fasterxml/jackson/core/jackson-databind/2.10.0/jackson-databind-2.10.0.jar, java.vm.vendor=Oracle Corporation, sun.arch.data.model=64, idea.test.cyclic.buffer.size=1048576, java.vendor.url=https://openjdk.java.net/, user.timezone=America/Chicago, os.name=Mac OS X, java.vm.specification.version=11, sun.java.launcher=SUN_STANDARD, user.country=US, sun.boot.library.path=/Library/Java/JavaVirtualMachines/jdk-11.0.9.jdk/Contents/Home/lib, sun.java.command=com.intellij.rt.junit.JUnitStarter -ideVersion5 -junit5 persistence.UserGoalsDAOTest,deleteSucess, http.nonProxyHosts=local|*.local|169.254/16|*.169.254/16, jdk.debug=release, sun.cpu.endian=little, user.home=/Users/lisaandritsch, hibernate.c3p0.max_statements=50, user.language=en, java.specification.vendor=Oracle Corporation, java.version.date=2020-10-20, java.home=/Library/Java/JavaVirtualMachines/jdk-11.0.9.jdk/Contents/Home, file.separator=/, java.vm.compressedOopsMode=Zero based, line.separator=
, hibernate.c3p0.timeout=300, java.specification.name=Java Platform API Specification, java.vm.specification.vendor=Oracle Corporation, java.awt.graphicsenv=sun.awt.CGraphicsEnvironment, connection.password=1LoveBacon!, sun.management.compiler=HotSpot 64-Bit Tiered Compilers, ftp.nonProxyHosts=local|*.local|169.254/16|*.169.254/16, hibernate.c3p0.max_size=20, java.runtime.version=11.0.9+7-LTS, user.name=lisaandritsch, path.separator=:, hibernate.connection.username=****, os.version=10.15.4, java.runtime.name=Java(TM) SE Runtime Environment, hibernate.connection.url=jdbc:mysql://localhost:3306/test_mealBuilder, file.encoding=UTF-8, java.vm.name=Java HotSpot(TM) 64-Bit Server VM, java.vendor.version=18.9, hibernate.connection.driver_class=com.mysql.cj.jdbc.Driver, java.vendor.url.bug=https://bugreport.java.com/bugreport/, java.io.tmpdir=/var/folders/t1/cf3c018n3358k026jslb5qb00000gn/T/, java.version=11.0.9, user.dir=/Users/lisaandritsch/Desktop/Java/MealAndGroceryBuilder, os.arch=x86_64, connection.username=root, java.vm.specification.name=Java Virtual Machine Specification, java.awt.printerjob=sun.lwawt.macosx.CPrinterJob, hibernate.connection.password=****, sun.os.patch.level=unknown, connection.driver_class=com.mysql.cj.jdbc.Driver, hibernate.boot.CfgXmlAccessService.key=org.hibernate.boot.cfgxml.spi.LoadedConfig@6824b913, java.library.path=/Users/lisaandritsch/Library/Java/Extensions:/Library/Java/Extensions:/Network/Library/Java/Extensions:/System/Library/Java/Extensions:/usr/lib/java:., java.vendor=Oracle Corporation, java.vm.info=mixed mode, java.vm.version=11.0.9+7-LTS, hibernate.bytecode.use_reflection_optimizer=false, sun.io.unicode.encoding=UnicodeBig, connection.url=jdbc:mysql://localhost:3306/test_mealBuilder, socksNonProxyHosts=local|*.local|169.254/16|*.169.254/16, java.class.version=55.0}
[DEBUG] 2021-04-16 13:03:30.039 [main] TypeSafeActivator - Unable to acquire Bean Validation ValidatorFactory, skipping activation
[DEBUG] 2021-04-16 13:03:30.039 [main] JaccIntegrator - Skipping JACC integration as it was not enabled
[DEBUG] 2021-04-16 13:03:30.040 [main] SessionFactoryImpl - Instantiated session factory
[DEBUG] 2021-04-16 13:03:30.040 [main] TypeConfiguration$Scope - Scoping TypeConfiguration [org.hibernate.type.spi.TypeConfiguration@5c77ba8f] to SessionFactoryImpl [org.hibernate.internal.SessionFactoryImpl@712c5463]
[DEBUG] 2021-04-16 13:03:30.131 [main] ClassLoaderAccessImpl - Not known whether passed class name [entity.Recipes] is safe
[DEBUG] 2021-04-16 13:03:30.131 [main] ClassLoaderAccessImpl - No temp ClassLoader provided; using live ClassLoader for loading potentially unsafe class : entity.Recipes
[DEBUG] 2021-04-16 13:03:30.178 [main] ClassLoaderAccessImpl - Not known whether passed class name [entity.Recipes] is safe
[DEBUG] 2021-04-16 13:03:30.178 [main] ClassLoaderAccessImpl - No temp ClassLoader provided; using live ClassLoader for loading potentially unsafe class : entity.Recipes
[DEBUG] 2021-04-16 13:03:30.640 [main] ClassLoaderAccessImpl - Not known whether passed class name [entity.Users] is safe
[DEBUG] 2021-04-16 13:03:30.640 [main] ClassLoaderAccessImpl - No temp ClassLoader provided; using live ClassLoader for loading potentially unsafe class : entity.Users
[DEBUG] 2021-04-16 13:03:30.640 [main] ClassLoaderAccessImpl - Not known whether passed class name [entity.Users] is safe
[DEBUG] 2021-04-16 13:03:30.641 [main] ClassLoaderAccessImpl - No temp ClassLoader provided; using live ClassLoader for loading potentially unsafe class : entity.Users
[DEBUG] 2021-04-16 13:03:30.676 [main] ClassLoaderAccessImpl - Not known whether passed class name [entity.UserGoals] is safe
[DEBUG] 2021-04-16 13:03:30.676 [main] ClassLoaderAccessImpl - No temp ClassLoader provided; using live ClassLoader for loading potentially unsafe class : entity.UserGoals
[DEBUG] 2021-04-16 13:03:30.677 [main] ClassLoaderAccessImpl - Not known whether passed class name [entity.UserGoals] is safe
[DEBUG] 2021-04-16 13:03:30.677 [main] ClassLoaderAccessImpl - No temp ClassLoader provided; using live ClassLoader for loading potentially unsafe class : entity.UserGoals
[DEBUG] 2021-04-16 13:03:30.730 [main] AbstractCollectionPersister - Static SQL for collection: entity.Users.recipes
[DEBUG] 2021-04-16 13:03:30.731 [main] AbstractCollectionPersister -  Row insert: update Recipes set Users_id=? where recipe_id=?
[DEBUG] 2021-04-16 13:03:30.731 [main] AbstractCollectionPersister -  Row update: update Recipes set  where recipe_id=?
[DEBUG] 2021-04-16 13:03:30.731 [main] AbstractCollectionPersister -  Row delete: update Recipes set Users_id=null where Users_id=? and recipe_id=?
[DEBUG] 2021-04-16 13:03:30.731 [main] AbstractCollectionPersister -  One-shot delete: update Recipes set Users_id=null where Users_id=?
[DEBUG] 2021-04-16 13:03:30.740 [main] AbstractEntityPersister - Static SQL for entity: entity.Recipes
[DEBUG] 2021-04-16 13:03:30.740 [main] AbstractEntityPersister -  Version select: select recipe_id from Recipes where recipe_id =?
[DEBUG] 2021-04-16 13:03:30.740 [main] AbstractEntityPersister -  Snapshot select: select recipes_.recipe_id, recipes_.public_recipe as public_r2_0_, recipes_.recipe_name as recipe_n3_0_, recipes_.Users_id as Users_id4_0_ from Recipes recipes_ where recipes_.recipe_id=?
[DEBUG] 2021-04-16 13:03:30.740 [main] AbstractEntityPersister -  Insert 0: insert into Recipes (public_recipe, recipe_name, Users_id, recipe_id) values (?, ?, ?, ?)
[DEBUG] 2021-04-16 13:03:30.740 [main] AbstractEntityPersister -  Update 0: update Recipes set public_recipe=?, recipe_name=?, Users_id=? where recipe_id=?
[DEBUG] 2021-04-16 13:03:30.740 [main] AbstractEntityPersister -  Delete 0: delete from Recipes where recipe_id=?
[DEBUG] 2021-04-16 13:03:30.740 [main] AbstractEntityPersister -  Identity insert: insert into Recipes (public_recipe, recipe_name, Users_id) values (?, ?, ?)
[DEBUG] 2021-04-16 13:03:30.791 [main] QuerySpacesImpl - Adding QuerySpace : uid = <gen:0> -> org.hibernate.loader.plan.build.internal.spaces.EntityQuerySpaceImpl@1ab14636]
[DEBUG] 2021-04-16 13:03:30.793 [main] MetamodelGraphWalker - Visiting attribute path : public_recipe
[DEBUG] 2021-04-16 13:03:30.793 [main] MetamodelGraphWalker - Visiting attribute path : recipe_name
[DEBUG] 2021-04-16 13:03:30.793 [main] MetamodelGraphWalker - Visiting attribute path : user
[DEBUG] 2021-04-16 13:03:30.801 [main] QuerySpacesImpl - Adding QuerySpace : uid = <gen:1> -> org.hibernate.loader.plan.build.internal.spaces.EntityQuerySpaceImpl@644a3add]
[DEBUG] 2021-04-16 13:03:30.805 [main] MetamodelGraphWalker - Visiting attribute path : user.password
[DEBUG] 2021-04-16 13:03:30.805 [main] MetamodelGraphWalker - Visiting attribute path : user.recipes
[DEBUG] 2021-04-16 13:03:30.805 [main] MetamodelGraphWalker - Property path deemed to be circular : user.recipes
[DEBUG] 2021-04-16 13:03:30.806 [main] MetamodelGraphWalker - Visiting attribute path : user.username
[DEBUG] 2021-04-16 13:03:30.806 [main] FetchStyleLoadPlanBuildingAssociationVisitationStrategy - Building LoadPlan...
[DEBUG] 2021-04-16 13:03:30.835 [main] LoadQueryJoinAndFetchProcessor - processing queryspace <gen:0>
[DEBUG] 2021-04-16 13:03:30.843 [main] LoadPlanTreePrinter - LoadPlan(entity=entity.Recipes)
    - Returns
       - EntityReturnImpl(entity=entity.Recipes, querySpaceUid=<gen:0>, path=entity.Recipes)
          - EntityAttributeFetchImpl(entity=entity.Users, querySpaceUid=<gen:1>, path=entity.Recipes.user)
    - QuerySpaces
       - EntityQuerySpaceImpl(uid=<gen:0>, entity=entity.Recipes)
          - SQL table alias mapping - recipes0_
          - alias suffix - 0_
          - suffixed key columns - {recipe_i1_0_0_}
          - JOIN (JoinDefinedByMetadata(user)) : <gen:0> -> <gen:1>
             - EntityQuerySpaceImpl(uid=<gen:1>, entity=entity.Users)
                - SQL table alias mapping - users1_
                - alias suffix - 1_
                - suffixed key columns - {id1_2_1_}

[DEBUG] 2021-04-16 13:03:30.846 [main] EntityLoader - Static select for entity entity.Recipes [NONE]: select recipes0_.recipe_id as recipe_i1_0_0_, recipes0_.public_recipe as public_r2_0_0_, recipes0_.recipe_name as recipe_n3_0_0_, recipes0_.Users_id as Users_id4_0_0_, users1_.id as id1_2_1_, users1_.password as password2_2_1_, users1_.username as username3_2_1_ from Recipes recipes0_ left outer join Users users1_ on recipes0_.Users_id=users1_.id left outer join User_Macro_Goals users1_1_ on users1_.id=users1_1_.userid where recipes0_.recipe_id=?
[DEBUG] 2021-04-16 13:03:30.846 [main] QuerySpacesImpl - Adding QuerySpace : uid = <gen:0> -> org.hibernate.loader.plan.build.internal.spaces.EntityQuerySpaceImpl@5c48b72c]
[DEBUG] 2021-04-16 13:03:30.847 [main] MetamodelGraphWalker - Visiting attribute path : public_recipe
[DEBUG] 2021-04-16 13:03:30.847 [main] MetamodelGraphWalker - Visiting attribute path : recipe_name
[DEBUG] 2021-04-16 13:03:30.847 [main] MetamodelGraphWalker - Visiting attribute path : user
[DEBUG] 2021-04-16 13:03:30.847 [main] QuerySpacesImpl - Adding QuerySpace : uid = <gen:1> -> org.hibernate.loader.plan.build.internal.spaces.EntityQuerySpaceImpl@62d40e31]
[DEBUG] 2021-04-16 13:03:30.847 [main] MetamodelGraphWalker - Visiting attribute path : user.password
[DEBUG] 2021-04-16 13:03:30.847 [main] MetamodelGraphWalker - Visiting attribute path : user.recipes
[DEBUG] 2021-04-16 13:03:30.847 [main] MetamodelGraphWalker - Property path deemed to be circular : user.recipes
[DEBUG] 2021-04-16 13:03:30.848 [main] MetamodelGraphWalker - Visiting attribute path : user.username
[DEBUG] 2021-04-16 13:03:30.848 [main] FetchStyleLoadPlanBuildingAssociationVisitationStrategy - Building LoadPlan...
[DEBUG] 2021-04-16 13:03:30.848 [main] LoadQueryJoinAndFetchProcessor - processing queryspace <gen:0>
[DEBUG] 2021-04-16 13:03:30.849 [main] LoadPlanTreePrinter - LoadPlan(entity=entity.Recipes)
    - Returns
       - EntityReturnImpl(entity=entity.Recipes, querySpaceUid=<gen:0>, path=entity.Recipes)
          - EntityAttributeFetchImpl(entity=entity.Users, querySpaceUid=<gen:1>, path=entity.Recipes.user)
    - QuerySpaces
       - EntityQuerySpaceImpl(uid=<gen:0>, entity=entity.Recipes)
          - SQL table alias mapping - recipes0_
          - alias suffix - 0_
          - suffixed key columns - {recipe_i1_0_0_}
          - JOIN (JoinDefinedByMetadata(user)) : <gen:0> -> <gen:1>
             - EntityQuerySpaceImpl(uid=<gen:1>, entity=entity.Users)
                - SQL table alias mapping - users1_
                - alias suffix - 1_
                - suffixed key columns - {id1_2_1_}

[DEBUG] 2021-04-16 13:03:30.849 [main] EntityLoader - Static select for entity entity.Recipes [READ]: select recipes0_.recipe_id as recipe_i1_0_0_, recipes0_.public_recipe as public_r2_0_0_, recipes0_.recipe_name as recipe_n3_0_0_, recipes0_.Users_id as Users_id4_0_0_, users1_.id as id1_2_1_, users1_.password as password2_2_1_, users1_.username as username3_2_1_ from Recipes recipes0_ left outer join Users users1_ on recipes0_.Users_id=users1_.id left outer join User_Macro_Goals users1_1_ on users1_.id=users1_1_.userid where recipes0_.recipe_id=?
[DEBUG] 2021-04-16 13:03:30.869 [main] Loader - Static select for action ACTION_MERGE on entity entity.Recipes: select recipes0_.recipe_id as recipe_i1_0_0_, recipes0_.public_recipe as public_r2_0_0_, recipes0_.recipe_name as recipe_n3_0_0_, recipes0_.Users_id as Users_id4_0_0_ from Recipes recipes0_ where recipes0_.recipe_id=?
[DEBUG] 2021-04-16 13:03:30.869 [main] Loader - Static select for action ACTION_REFRESH on entity entity.Recipes: select recipes0_.recipe_id as recipe_i1_0_0_, recipes0_.public_recipe as public_r2_0_0_, recipes0_.recipe_name as recipe_n3_0_0_, recipes0_.Users_id as Users_id4_0_0_ from Recipes recipes0_ where recipes0_.recipe_id=?
[DEBUG] 2021-04-16 13:03:30.869 [main] AbstractEntityPersister - Static SQL for entity: entity.Users
[DEBUG] 2021-04-16 13:03:30.869 [main] AbstractEntityPersister -  Version select: select id from Users where id =?
[DEBUG] 2021-04-16 13:03:30.869 [main] AbstractEntityPersister -  Snapshot select: select users_.id, users_.password as password2_2_, users_.username as username3_2_ from Users users_ left outer join User_Macro_Goals users_1_ on users_.id=users_1_.userid where users_.id=?
[DEBUG] 2021-04-16 13:03:30.870 [main] AbstractEntityPersister -  Insert 0: insert into Users (password, username, id) values (?, ?, ?)
[DEBUG] 2021-04-16 13:03:30.870 [main] AbstractEntityPersister -  Update 0: update Users set password=?, username=? where id=?
[DEBUG] 2021-04-16 13:03:30.870 [main] AbstractEntityPersister -  Delete 0: delete from Users where id=?
[DEBUG] 2021-04-16 13:03:30.870 [main] AbstractEntityPersister -  Insert 1: insert into User_Macro_Goals (userid) values (?)
[DEBUG] 2021-04-16 13:03:30.870 [main] AbstractEntityPersister -  Update 1: null
[DEBUG] 2021-04-16 13:03:30.870 [main] AbstractEntityPersister -  Delete 1: delete from User_Macro_Goals where userid=?
[DEBUG] 2021-04-16 13:03:30.870 [main] AbstractEntityPersister -  Identity insert: insert into Users (password, username) values (?, ?)
[DEBUG] 2021-04-16 13:03:30.870 [main] QuerySpacesImpl - Adding QuerySpace : uid = <gen:0> -> org.hibernate.loader.plan.build.internal.spaces.EntityQuerySpaceImpl@101bdd1c]
[DEBUG] 2021-04-16 13:03:30.870 [main] MetamodelGraphWalker - Visiting attribute path : password
[DEBUG] 2021-04-16 13:03:30.870 [main] MetamodelGraphWalker - Visiting attribute path : recipes
[DEBUG] 2021-04-16 13:03:30.871 [main] QuerySpacesImpl - Adding QuerySpace : uid = <gen:1> -> org.hibernate.loader.plan.build.internal.spaces.CollectionQuerySpaceImpl@3dc68586]
[DEBUG] 2021-04-16 13:03:30.872 [main] QuerySpacesImpl - Adding QuerySpace : uid = <gen:2> -> org.hibernate.loader.plan.build.internal.spaces.EntityQuerySpaceImpl@4001d8c1]
[DEBUG] 2021-04-16 13:03:30.873 [main] MetamodelGraphWalker - Visiting attribute path : recipes.public_recipe
[DEBUG] 2021-04-16 13:03:30.873 [main] MetamodelGraphWalker - Visiting attribute path : recipes.recipe_name
[DEBUG] 2021-04-16 13:03:30.873 [main] MetamodelGraphWalker - Visiting attribute path : recipes.user
[DEBUG] 2021-04-16 13:03:30.873 [main] MetamodelGraphWalker - Property path deemed to be circular : recipes.user
[DEBUG] 2021-04-16 13:03:30.875 [main] MetamodelGraphWalker - Visiting attribute path : username
[DEBUG] 2021-04-16 13:03:30.875 [main] FetchStyleLoadPlanBuildingAssociationVisitationStrategy - Building LoadPlan...
[DEBUG] 2021-04-16 13:03:30.876 [main] LoadQueryJoinAndFetchProcessor - processing queryspace <gen:0>
[DEBUG] 2021-04-16 13:03:30.879 [main] LoadPlanTreePrinter - LoadPlan(entity=entity.Users)
    - Returns
       - EntityReturnImpl(entity=entity.Users, querySpaceUid=<gen:0>, path=entity.Users)
          - CollectionAttributeFetchImpl(collection=entity.Users.recipes, querySpaceUid=<gen:1>, path=entity.Users.recipes)
             - (collection element) CollectionFetchableElementEntityGraph(entity=entity.Recipes, querySpaceUid=<gen:2>, path=entity.Users.recipes.<elements>)
    - QuerySpaces
       - EntityQuerySpaceImpl(uid=<gen:0>, entity=entity.Users)
          - SQL table alias mapping - users0_
          - alias suffix - 0_
          - suffixed key columns - {id1_2_0_}
          - JOIN (JoinDefinedByMetadata(recipes)) : <gen:0> -> <gen:1>
             - CollectionQuerySpaceImpl(uid=<gen:1>, collection=entity.Users.recipes)
                - SQL table alias mapping - recipes1_
                - alias suffix - 1_
                - suffixed key columns - {Users_id4_0_1_}
                - entity-element alias suffix - 2_
                - 2_entity-element suffixed key columns - recipe_i1_0_2_
                - JOIN (JoinDefinedByMetadata(elements)) : <gen:1> -> <gen:2>
                   - EntityQuerySpaceImpl(uid=<gen:2>, entity=entity.Recipes)
                      - SQL table alias mapping - recipes1_
                      - alias suffix - 2_
                      - suffixed key columns - {recipe_i1_0_2_}

[DEBUG] 2021-04-16 13:03:30.879 [main] EntityLoader - Static select for entity entity.Users [NONE]: select users0_.id as id1_2_0_, users0_.password as password2_2_0_, users0_.username as username3_2_0_, recipes1_.Users_id as Users_id4_0_1_, recipes1_.recipe_id as recipe_i1_0_1_, recipes1_.recipe_id as recipe_i1_0_2_, recipes1_.public_recipe as public_r2_0_2_, recipes1_.recipe_name as recipe_n3_0_2_, recipes1_.Users_id as Users_id4_0_2_ from Users users0_ left outer join User_Macro_Goals users0_1_ on users0_.id=users0_1_.userid left outer join Recipes recipes1_ on users0_.id=recipes1_.Users_id where users0_.id=?
[DEBUG] 2021-04-16 13:03:30.879 [main] QuerySpacesImpl - Adding QuerySpace : uid = <gen:0> -> org.hibernate.loader.plan.build.internal.spaces.EntityQuerySpaceImpl@4c319d52]
[DEBUG] 2021-04-16 13:03:30.880 [main] MetamodelGraphWalker - Visiting attribute path : password
[DEBUG] 2021-04-16 13:03:30.880 [main] MetamodelGraphWalker - Visiting attribute path : recipes
[DEBUG] 2021-04-16 13:03:30.880 [main] QuerySpacesImpl - Adding QuerySpace : uid = <gen:1> -> org.hibernate.loader.plan.build.internal.spaces.CollectionQuerySpaceImpl@6839203b]
[DEBUG] 2021-04-16 13:03:30.880 [main] QuerySpacesImpl - Adding QuerySpace : uid = <gen:2> -> org.hibernate.loader.plan.build.internal.spaces.EntityQuerySpaceImpl@2d28fb02]
[DEBUG] 2021-04-16 13:03:30.880 [main] MetamodelGraphWalker - Visiting attribute path : recipes.public_recipe
[DEBUG] 2021-04-16 13:03:30.880 [main] MetamodelGraphWalker - Visiting attribute path : recipes.recipe_name
[DEBUG] 2021-04-16 13:03:30.880 [main] MetamodelGraphWalker - Visiting attribute path : recipes.user
[DEBUG] 2021-04-16 13:03:30.880 [main] MetamodelGraphWalker - Property path deemed to be circular : recipes.user
[DEBUG] 2021-04-16 13:03:30.880 [main] MetamodelGraphWalker - Visiting attribute path : username
[DEBUG] 2021-04-16 13:03:30.881 [main] FetchStyleLoadPlanBuildingAssociationVisitationStrategy - Building LoadPlan...
[DEBUG] 2021-04-16 13:03:30.881 [main] LoadQueryJoinAndFetchProcessor - processing queryspace <gen:0>
[DEBUG] 2021-04-16 13:03:30.881 [main] LoadPlanTreePrinter - LoadPlan(entity=entity.Users)
    - Returns
       - EntityReturnImpl(entity=entity.Users, querySpaceUid=<gen:0>, path=entity.Users)
          - CollectionAttributeFetchImpl(collection=entity.Users.recipes, querySpaceUid=<gen:1>, path=entity.Users.recipes)
             - (collection element) CollectionFetchableElementEntityGraph(entity=entity.Recipes, querySpaceUid=<gen:2>, path=entity.Users.recipes.<elements>)
    - QuerySpaces
       - EntityQuerySpaceImpl(uid=<gen:0>, entity=entity.Users)
          - SQL table alias mapping - users0_
          - alias suffix - 0_
          - suffixed key columns - {id1_2_0_}
          - JOIN (JoinDefinedByMetadata(recipes)) : <gen:0> -> <gen:1>
             - CollectionQuerySpaceImpl(uid=<gen:1>, collection=entity.Users.recipes)
                - SQL table alias mapping - recipes1_
                - alias suffix - 1_
                - suffixed key columns - {Users_id4_0_1_}
                - entity-element alias suffix - 2_
                - 2_entity-element suffixed key columns - recipe_i1_0_2_
                - JOIN (JoinDefinedByMetadata(elements)) : <gen:1> -> <gen:2>
                   - EntityQuerySpaceImpl(uid=<gen:2>, entity=entity.Recipes)
                      - SQL table alias mapping - recipes1_
                      - alias suffix - 2_
                      - suffixed key columns - {recipe_i1_0_2_}

[DEBUG] 2021-04-16 13:03:30.882 [main] EntityLoader - Static select for entity entity.Users [READ]: select users0_.id as id1_2_0_, users0_.password as password2_2_0_, users0_.username as username3_2_0_, recipes1_.Users_id as Users_id4_0_1_, recipes1_.recipe_id as recipe_i1_0_1_, recipes1_.recipe_id as recipe_i1_0_2_, recipes1_.public_recipe as public_r2_0_2_, recipes1_.recipe_name as recipe_n3_0_2_, recipes1_.Users_id as Users_id4_0_2_ from Users users0_ left outer join User_Macro_Goals users0_1_ on users0_.id=users0_1_.userid left outer join Recipes recipes1_ on users0_.id=recipes1_.Users_id where users0_.id=?
[DEBUG] 2021-04-16 13:03:30.883 [main] Loader - Static select for action ACTION_MERGE on entity entity.Users: select users0_.id as id1_2_1_, users0_.password as password2_2_1_, users0_.username as username3_2_1_, recipes1_.Users_id as Users_id4_0_3_, recipes1_.recipe_id as recipe_i1_0_3_, recipes1_.recipe_id as recipe_i1_0_0_, recipes1_.public_recipe as public_r2_0_0_, recipes1_.recipe_name as recipe_n3_0_0_, recipes1_.Users_id as Users_id4_0_0_ from Users users0_ left outer join User_Macro_Goals users0_1_ on users0_.id=users0_1_.userid left outer join Recipes recipes1_ on users0_.id=recipes1_.Users_id where users0_.id=?
[DEBUG] 2021-04-16 13:03:30.883 [main] Loader - Static select for action ACTION_REFRESH on entity entity.Users: select users0_.id as id1_2_1_, users0_.password as password2_2_1_, users0_.username as username3_2_1_, recipes1_.Users_id as Users_id4_0_3_, recipes1_.recipe_id as recipe_i1_0_3_, recipes1_.recipe_id as recipe_i1_0_0_, recipes1_.public_recipe as public_r2_0_0_, recipes1_.recipe_name as recipe_n3_0_0_, recipes1_.Users_id as Users_id4_0_0_ from Users users0_ left outer join User_Macro_Goals users0_1_ on users0_.id=users0_1_.userid left outer join Recipes recipes1_ on users0_.id=recipes1_.Users_id where users0_.id=?
[DEBUG] 2021-04-16 13:03:30.883 [main] AbstractEntityPersister - Static SQL for entity: entity.UserGoals
[DEBUG] 2021-04-16 13:03:30.883 [main] AbstractEntityPersister -  Version select: select id from User_Macro_Goals where id =?
[DEBUG] 2021-04-16 13:03:30.883 [main] AbstractEntityPersister -  Snapshot select: select usergoals_.id, usergoals_.calorie_goal as calorie_2_1_, usergoals_.carb_goal as carb_goa3_1_, usergoals_.fat_goal as fat_goal4_1_, usergoals_.protein_goal as protein_5_1_, usergoals_.userid as userid6_1_ from User_Macro_Goals usergoals_ where usergoals_.id=?
[DEBUG] 2021-04-16 13:03:30.884 [main] AbstractEntityPersister -  Insert 0: insert into User_Macro_Goals (calorie_goal, carb_goal, fat_goal, protein_goal, userid, id) values (?, ?, ?, ?, ?, ?)
[DEBUG] 2021-04-16 13:03:30.884 [main] AbstractEntityPersister -  Update 0: update User_Macro_Goals set calorie_goal=?, carb_goal=?, fat_goal=?, protein_goal=?, userid=? where id=?
[DEBUG] 2021-04-16 13:03:30.884 [main] AbstractEntityPersister -  Delete 0: delete from User_Macro_Goals where id=?
[DEBUG] 2021-04-16 13:03:30.884 [main] AbstractEntityPersister -  Identity insert: insert into User_Macro_Goals (calorie_goal, carb_goal, fat_goal, protein_goal, userid) values (?, ?, ?, ?, ?)
[DEBUG] 2021-04-16 13:03:30.884 [main] QuerySpacesImpl - Adding QuerySpace : uid = <gen:0> -> org.hibernate.loader.plan.build.internal.spaces.EntityQuerySpaceImpl@43935e9c]
[DEBUG] 2021-04-16 13:03:30.884 [main] MetamodelGraphWalker - Visiting attribute path : calorieGoal
[DEBUG] 2021-04-16 13:03:30.884 [main] MetamodelGraphWalker - Visiting attribute path : carbGoal
[DEBUG] 2021-04-16 13:03:30.884 [main] MetamodelGraphWalker - Visiting attribute path : fatGoal
[DEBUG] 2021-04-16 13:03:30.884 [main] MetamodelGraphWalker - Visiting attribute path : proteinGoal
[DEBUG] 2021-04-16 13:03:30.884 [main] MetamodelGraphWalker - Visiting attribute path : user
[DEBUG] 2021-04-16 13:03:30.884 [main] QuerySpacesImpl - Adding QuerySpace : uid = <gen:1> -> org.hibernate.loader.plan.build.internal.spaces.EntityQuerySpaceImpl@790d8fdd]
[DEBUG] 2021-04-16 13:03:30.884 [main] MetamodelGraphWalker - Visiting attribute path : user.password
[DEBUG] 2021-04-16 13:03:30.884 [main] MetamodelGraphWalker - Visiting attribute path : user.recipes
[DEBUG] 2021-04-16 13:03:30.885 [main] QuerySpacesImpl - Adding QuerySpace : uid = <gen:2> -> org.hibernate.loader.plan.build.internal.spaces.CollectionQuerySpaceImpl@3dbd7107]
[DEBUG] 2021-04-16 13:03:30.885 [main] QuerySpacesImpl - Adding QuerySpace : uid = <gen:3> -> org.hibernate.loader.plan.build.internal.spaces.EntityQuerySpaceImpl@4a6c0f38]
[DEBUG] 2021-04-16 13:03:30.885 [main] MetamodelGraphWalker - Visiting attribute path : user.recipes.public_recipe
[DEBUG] 2021-04-16 13:03:30.885 [main] MetamodelGraphWalker - Visiting attribute path : user.recipes.recipe_name
[DEBUG] 2021-04-16 13:03:30.885 [main] MetamodelGraphWalker - Visiting attribute path : user.recipes.user
[DEBUG] 2021-04-16 13:03:30.885 [main] MetamodelGraphWalker - Property path deemed to be circular : user.recipes.user
[DEBUG] 2021-04-16 13:03:30.885 [main] MetamodelGraphWalker - Visiting attribute path : user.username
[DEBUG] 2021-04-16 13:03:30.885 [main] MetamodelGraphWalker - Visiting attribute path : userid
[DEBUG] 2021-04-16 13:03:30.885 [main] FetchStyleLoadPlanBuildingAssociationVisitationStrategy - Building LoadPlan...
[DEBUG] 2021-04-16 13:03:30.885 [main] LoadQueryJoinAndFetchProcessor - processing queryspace <gen:0>
[DEBUG] 2021-04-16 13:03:30.886 [main] LoadPlanTreePrinter - LoadPlan(entity=entity.UserGoals)
    - Returns
       - EntityReturnImpl(entity=entity.UserGoals, querySpaceUid=<gen:0>, path=entity.UserGoals)
          - EntityAttributeFetchImpl(entity=entity.Users, querySpaceUid=<gen:1>, path=entity.UserGoals.user)
             - CollectionAttributeFetchImpl(collection=entity.Users.recipes, querySpaceUid=<gen:2>, path=entity.UserGoals.user.recipes)
                - (collection element) CollectionFetchableElementEntityGraph(entity=entity.Recipes, querySpaceUid=<gen:3>, path=entity.UserGoals.user.recipes.<elements>)
    - QuerySpaces
       - EntityQuerySpaceImpl(uid=<gen:0>, entity=entity.UserGoals)
          - SQL table alias mapping - usergoals0_
          - alias suffix - 0_
          - suffixed key columns - {id1_1_0_}
          - JOIN (JoinDefinedByMetadata(user)) : <gen:0> -> <gen:1>
             - EntityQuerySpaceImpl(uid=<gen:1>, entity=entity.Users)
                - SQL table alias mapping - users1_
                - alias suffix - 1_
                - suffixed key columns - {id1_2_1_}
                - JOIN (JoinDefinedByMetadata(recipes)) : <gen:1> -> <gen:2>
                   - CollectionQuerySpaceImpl(uid=<gen:2>, collection=entity.Users.recipes)
                      - SQL table alias mapping - recipes2_
                      - alias suffix - 2_
                      - suffixed key columns - {Users_id4_0_2_}
                      - entity-element alias suffix - 3_
                      - 3_entity-element suffixed key columns - recipe_i1_0_3_
                      - JOIN (JoinDefinedByMetadata(elements)) : <gen:2> -> <gen:3>
                         - EntityQuerySpaceImpl(uid=<gen:3>, entity=entity.Recipes)
                            - SQL table alias mapping - recipes2_
                            - alias suffix - 3_
                            - suffixed key columns - {recipe_i1_0_3_}

[DEBUG] 2021-04-16 13:03:30.887 [main] EntityLoader - Static select for entity entity.UserGoals [NONE]: select usergoals0_.id as id1_1_0_, usergoals0_.calorie_goal as calorie_2_1_0_, usergoals0_.carb_goal as carb_goa3_1_0_, usergoals0_.fat_goal as fat_goal4_1_0_, usergoals0_.protein_goal as protein_5_1_0_, usergoals0_.userid as userid6_1_0_, users1_.id as id1_2_1_, users1_.password as password2_2_1_, users1_.username as username3_2_1_, recipes2_.Users_id as Users_id4_0_2_, recipes2_.recipe_id as recipe_i1_0_2_, recipes2_.recipe_id as recipe_i1_0_3_, recipes2_.public_recipe as public_r2_0_3_, recipes2_.recipe_name as recipe_n3_0_3_, recipes2_.Users_id as Users_id4_0_3_ from User_Macro_Goals usergoals0_ left outer join Users users1_ on usergoals0_.userid=users1_.id left outer join User_Macro_Goals users1_1_ on users1_.id=users1_1_.userid left outer join Recipes recipes2_ on users1_.id=recipes2_.Users_id where usergoals0_.id=?
[DEBUG] 2021-04-16 13:03:30.887 [main] QuerySpacesImpl - Adding QuerySpace : uid = <gen:0> -> org.hibernate.loader.plan.build.internal.spaces.EntityQuerySpaceImpl@70b6db83]
[DEBUG] 2021-04-16 13:03:30.887 [main] MetamodelGraphWalker - Visiting attribute path : calorieGoal
[DEBUG] 2021-04-16 13:03:30.887 [main] MetamodelGraphWalker - Visiting attribute path : carbGoal
[DEBUG] 2021-04-16 13:03:30.887 [main] MetamodelGraphWalker - Visiting attribute path : fatGoal
[DEBUG] 2021-04-16 13:03:30.887 [main] MetamodelGraphWalker - Visiting attribute path : proteinGoal
[DEBUG] 2021-04-16 13:03:30.887 [main] MetamodelGraphWalker - Visiting attribute path : user
[DEBUG] 2021-04-16 13:03:30.887 [main] QuerySpacesImpl - Adding QuerySpace : uid = <gen:1> -> org.hibernate.loader.plan.build.internal.spaces.EntityQuerySpaceImpl@559af296]
[DEBUG] 2021-04-16 13:03:30.887 [main] MetamodelGraphWalker - Visiting attribute path : user.password
[DEBUG] 2021-04-16 13:03:30.887 [main] MetamodelGraphWalker - Visiting attribute path : user.recipes
[DEBUG] 2021-04-16 13:03:30.887 [main] QuerySpacesImpl - Adding QuerySpace : uid = <gen:2> -> org.hibernate.loader.plan.build.internal.spaces.CollectionQuerySpaceImpl@18709cb2]
[DEBUG] 2021-04-16 13:03:30.888 [main] QuerySpacesImpl - Adding QuerySpace : uid = <gen:3> -> org.hibernate.loader.plan.build.internal.spaces.EntityQuerySpaceImpl@a90e2c1]
[DEBUG] 2021-04-16 13:03:30.888 [main] MetamodelGraphWalker - Visiting attribute path : user.recipes.public_recipe
[DEBUG] 2021-04-16 13:03:30.888 [main] MetamodelGraphWalker - Visiting attribute path : user.recipes.recipe_name
[DEBUG] 2021-04-16 13:03:30.888 [main] MetamodelGraphWalker - Visiting attribute path : user.recipes.user
[DEBUG] 2021-04-16 13:03:30.888 [main] MetamodelGraphWalker - Property path deemed to be circular : user.recipes.user
[DEBUG] 2021-04-16 13:03:30.888 [main] MetamodelGraphWalker - Visiting attribute path : user.username
[DEBUG] 2021-04-16 13:03:30.888 [main] MetamodelGraphWalker - Visiting attribute path : userid
[DEBUG] 2021-04-16 13:03:30.888 [main] FetchStyleLoadPlanBuildingAssociationVisitationStrategy - Building LoadPlan...
[DEBUG] 2021-04-16 13:03:30.889 [main] LoadQueryJoinAndFetchProcessor - processing queryspace <gen:0>
[DEBUG] 2021-04-16 13:03:30.889 [main] LoadPlanTreePrinter - LoadPlan(entity=entity.UserGoals)
    - Returns
       - EntityReturnImpl(entity=entity.UserGoals, querySpaceUid=<gen:0>, path=entity.UserGoals)
          - EntityAttributeFetchImpl(entity=entity.Users, querySpaceUid=<gen:1>, path=entity.UserGoals.user)
             - CollectionAttributeFetchImpl(collection=entity.Users.recipes, querySpaceUid=<gen:2>, path=entity.UserGoals.user.recipes)
                - (collection element) CollectionFetchableElementEntityGraph(entity=entity.Recipes, querySpaceUid=<gen:3>, path=entity.UserGoals.user.recipes.<elements>)
    - QuerySpaces
       - EntityQuerySpaceImpl(uid=<gen:0>, entity=entity.UserGoals)
          - SQL table alias mapping - usergoals0_
          - alias suffix - 0_
          - suffixed key columns - {id1_1_0_}
          - JOIN (JoinDefinedByMetadata(user)) : <gen:0> -> <gen:1>
             - EntityQuerySpaceImpl(uid=<gen:1>, entity=entity.Users)
                - SQL table alias mapping - users1_
                - alias suffix - 1_
                - suffixed key columns - {id1_2_1_}
                - JOIN (JoinDefinedByMetadata(recipes)) : <gen:1> -> <gen:2>
                   - CollectionQuerySpaceImpl(uid=<gen:2>, collection=entity.Users.recipes)
                      - SQL table alias mapping - recipes2_
                      - alias suffix - 2_
                      - suffixed key columns - {Users_id4_0_2_}
                      - entity-element alias suffix - 3_
                      - 3_entity-element suffixed key columns - recipe_i1_0_3_
                      - JOIN (JoinDefinedByMetadata(elements)) : <gen:2> -> <gen:3>
                         - EntityQuerySpaceImpl(uid=<gen:3>, entity=entity.Recipes)
                            - SQL table alias mapping - recipes2_
                            - alias suffix - 3_
                            - suffixed key columns - {recipe_i1_0_3_}

[DEBUG] 2021-04-16 13:03:30.890 [main] EntityLoader - Static select for entity entity.UserGoals [READ]: select usergoals0_.id as id1_1_0_, usergoals0_.calorie_goal as calorie_2_1_0_, usergoals0_.carb_goal as carb_goa3_1_0_, usergoals0_.fat_goal as fat_goal4_1_0_, usergoals0_.protein_goal as protein_5_1_0_, usergoals0_.userid as userid6_1_0_, users1_.id as id1_2_1_, users1_.password as password2_2_1_, users1_.username as username3_2_1_, recipes2_.Users_id as Users_id4_0_2_, recipes2_.recipe_id as recipe_i1_0_2_, recipes2_.recipe_id as recipe_i1_0_3_, recipes2_.public_recipe as public_r2_0_3_, recipes2_.recipe_name as recipe_n3_0_3_, recipes2_.Users_id as Users_id4_0_3_ from User_Macro_Goals usergoals0_ left outer join Users users1_ on usergoals0_.userid=users1_.id left outer join User_Macro_Goals users1_1_ on users1_.id=users1_1_.userid left outer join Recipes recipes2_ on users1_.id=recipes2_.Users_id where usergoals0_.id=?
[DEBUG] 2021-04-16 13:03:30.890 [main] Loader - Static select for action ACTION_MERGE on entity entity.UserGoals: select usergoals0_.id as id1_1_0_, usergoals0_.calorie_goal as calorie_2_1_0_, usergoals0_.carb_goal as carb_goa3_1_0_, usergoals0_.fat_goal as fat_goal4_1_0_, usergoals0_.protein_goal as protein_5_1_0_, usergoals0_.userid as userid6_1_0_ from User_Macro_Goals usergoals0_ where usergoals0_.id=?
[DEBUG] 2021-04-16 13:03:30.890 [main] Loader - Static select for action ACTION_REFRESH on entity entity.UserGoals: select usergoals0_.id as id1_1_0_, usergoals0_.calorie_goal as calorie_2_1_0_, usergoals0_.carb_goal as carb_goa3_1_0_, usergoals0_.fat_goal as fat_goal4_1_0_, usergoals0_.protein_goal as protein_5_1_0_, usergoals0_.userid as userid6_1_0_ from User_Macro_Goals usergoals0_ where usergoals0_.id=?
[DEBUG] 2021-04-16 13:03:30.897 [main] QuerySpacesImpl - Adding QuerySpace : uid = <gen:0> -> org.hibernate.loader.plan.build.internal.spaces.CollectionQuerySpaceImpl@1472208d]
[DEBUG] 2021-04-16 13:03:30.898 [main] QuerySpacesImpl - Adding QuerySpace : uid = <gen:1> -> org.hibernate.loader.plan.build.internal.spaces.EntityQuerySpaceImpl@35bd8bc9]
[DEBUG] 2021-04-16 13:03:30.898 [main] MetamodelGraphWalker - Visiting attribute path : public_recipe
[DEBUG] 2021-04-16 13:03:30.898 [main] MetamodelGraphWalker - Visiting attribute path : recipe_name
[DEBUG] 2021-04-16 13:03:30.898 [main] MetamodelGraphWalker - Visiting attribute path : user
[DEBUG] 2021-04-16 13:03:30.898 [main] MetamodelGraphWalker - Property path deemed to be circular : user
[DEBUG] 2021-04-16 13:03:30.898 [main] FetchStyleLoadPlanBuildingAssociationVisitationStrategy - Building LoadPlan...
[DEBUG] 2021-04-16 13:03:30.900 [main] LoadQueryJoinAndFetchProcessor - processing queryspace <gen:0>
[DEBUG] 2021-04-16 13:03:30.900 [main] LoadPlanTreePrinter - LoadPlan(collection=entity.Users.recipes)
    - Returns
       - CollectionReturnImpl(collection=entity.Users.recipes, querySpaceUid=<gen:0>, path=[entity.Users.recipes])
          - (collection element) CollectionFetchableElementEntityGraph(entity=entity.Recipes, querySpaceUid=<gen:1>, path=[entity.Users.recipes].<elements>)
    - QuerySpaces
       - CollectionQuerySpaceImpl(uid=<gen:0>, collection=entity.Users.recipes)
          - SQL table alias mapping - recipes0_
          - alias suffix - 0_
          - suffixed key columns - {Users_id4_0_0_}
          - entity-element alias suffix - 1_
          - 1_entity-element suffixed key columns - recipe_i1_0_1_
          - JOIN (JoinDefinedByMetadata(elements)) : <gen:0> -> <gen:1>
             - EntityQuerySpaceImpl(uid=<gen:1>, entity=entity.Recipes)
                - SQL table alias mapping - recipes0_
                - alias suffix - 1_
                - suffixed key columns - {recipe_i1_0_1_}

[DEBUG] 2021-04-16 13:03:30.901 [main] CollectionLoader - Static select for collection entity.Users.recipes: select recipes0_.Users_id as Users_id4_0_0_, recipes0_.recipe_id as recipe_i1_0_0_, recipes0_.recipe_id as recipe_i1_0_1_, recipes0_.public_recipe as public_r2_0_1_, recipes0_.recipe_name as recipe_n3_0_1_, recipes0_.Users_id as Users_id4_0_1_ from Recipes recipes0_ where recipes0_.Users_id=?
[DEBUG] 2021-04-16 13:03:30.949 [main] SchemaManagementToolCoordinator - No actions specified; doing nothing
[DEBUG] 2021-04-16 13:03:30.949 [main] JtaPlatformInitiator - No JtaPlatform was specified, checking resolver
[DEBUG] 2021-04-16 13:03:30.950 [main] JtaPlatformResolverInitiator - No JtaPlatformResolver was specified, using default [org.hibernate.engine.transaction.jta.platform.internal.StandardJtaPlatformResolver]
[DEBUG] 2021-04-16 13:03:30.961 [main] StandardJtaPlatformResolver - Could not resolve JtaPlatform, using default [org.hibernate.engine.transaction.jta.platform.internal.NoJtaPlatform]
[INFO ] 2021-04-16 13:03:30.961 [main] JtaPlatformInitiator - HHH000490: Using JtaPlatform implementation: [org.hibernate.engine.transaction.jta.platform.internal.NoJtaPlatform]
[DEBUG] 2021-04-16 13:03:30.965 [main] NamedQueryRepository - Checking 0 named HQL queries
[DEBUG] 2021-04-16 13:03:30.965 [main] NamedQueryRepository - Checking 0 named SQL queries
[DEBUG] 2021-04-16 13:03:30.969 [main] SessionFactoryRegistry - Initializing SessionFactoryRegistry : org.hibernate.internal.SessionFactoryRegistry@7a65c995
[DEBUG] 2021-04-16 13:03:30.975 [main] SessionFactoryRegistry - Registering SessionFactory: 5b2e5a12-bbd0-4397-a8e0-bd055724623b (<unnamed>)
[DEBUG] 2021-04-16 13:03:30.975 [main] SessionFactoryRegistry - Not binding SessionFactory to JNDI, no JNDI name configured
[DEBUG] 2021-04-16 13:03:31.132 [main] StatisticsInitiator - Statistics initialized [enabled=false]
[DEBUG] 2021-04-16 13:03:31.171 [main] TransactionImpl - On TransactionImpl creation, JpaCompliance#isJpaTransactionComplianceEnabled == false
[DEBUG] 2021-04-16 13:03:31.172 [main] TransactionImpl - begin
[DEBUG] 2021-04-16 13:03:31.208 [main] ActionQueue - Executing identity-insert immediately
[DEBUG] 2021-04-16 13:03:31.219 [main] SQL - insert into Users (password, username) values (?, ?)
[DEBUG] 2021-04-16 13:03:31.288 [main] IdentifierGeneratorHelper - Natively generated identity: 409
[DEBUG] 2021-04-16 13:03:31.288 [main] ResourceRegistryStandardImpl - HHH000387: ResultSet's statement was not registered
[DEBUG] 2021-04-16 13:03:31.295 [main] TransactionImpl - committing
[DEBUG] 2021-04-16 13:03:31.296 [main] AbstractFlushingEventListener - Processing flush-time cascades
[DEBUG] 2021-04-16 13:03:31.297 [main] AbstractFlushingEventListener - Dirty checking collections
[DEBUG] 2021-04-16 13:03:31.305 [main] Collections - Collection found: [entity.Users.recipes#409], was: [<unreferenced>] (initialized)
[DEBUG] 2021-04-16 13:03:31.307 [main] AbstractFlushingEventListener - Flushed: 0 insertions, 0 updates, 0 deletions to 1 objects
[DEBUG] 2021-04-16 13:03:31.307 [main] AbstractFlushingEventListener - Flushed: 1 (re)creations, 0 updates, 0 removals to 1 collections
[DEBUG] 2021-04-16 13:03:31.310 [main] EntityPrinter - Listing entities:
[DEBUG] 2021-04-16 13:03:31.311 [main] EntityPrinter - entity.Users{recipes=[], password=pickles, id=409, username=testuser}
[DEBUG] 2021-04-16 13:03:31.311 [main] AbstractCollectionPersister - Inserting collection: [entity.Users.recipes#409]
[DEBUG] 2021-04-16 13:03:31.311 [main] AbstractCollectionPersister - Collection was empty
[DEBUG] 2021-04-16 13:03:31.321 [main] LogicalConnectionManagedImpl - Initiating JDBC connection release from afterTransaction
[DEBUG] 2021-04-16 13:03:31.323 [main] LogicalConnectionManagedImpl - Initiating JDBC connection release from afterTransaction
[DEBUG] 2021-04-16 13:03:31.326 [main] TransactionImpl - On TransactionImpl creation, JpaCompliance#isJpaTransactionComplianceEnabled == false
[DEBUG] 2021-04-16 13:03:31.326 [main] TransactionImpl - begin
[DEBUG] 2021-04-16 13:03:31.328 [main] ActionQueue - Executing identity-insert immediately
[DEBUG] 2021-04-16 13:03:31.329 [main] SQL - insert into User_Macro_Goals (calorie_goal, carb_goal, fat_goal, protein_goal, userid) values (?, ?, ?, ?, ?)
[DEBUG] 2021-04-16 13:03:31.336 [main] IdentifierGeneratorHelper - Natively generated identity: 13
[DEBUG] 2021-04-16 13:03:31.336 [main] ResourceRegistryStandardImpl - HHH000387: ResultSet's statement was not registered
[DEBUG] 2021-04-16 13:03:31.337 [main] TransactionImpl - committing
[DEBUG] 2021-04-16 13:03:31.337 [main] AbstractFlushingEventListener - Processing flush-time cascades
[DEBUG] 2021-04-16 13:03:31.337 [main] AbstractFlushingEventListener - Dirty checking collections
[DEBUG] 2021-04-16 13:03:31.337 [main] AbstractFlushingEventListener - Flushed: 0 insertions, 0 updates, 0 deletions to 1 objects
[DEBUG] 2021-04-16 13:03:31.337 [main] AbstractFlushingEventListener - Flushed: 0 (re)creations, 0 updates, 0 removals to 0 collections
[DEBUG] 2021-04-16 13:03:31.337 [main] EntityPrinter - Listing entities:
[DEBUG] 2021-04-16 13:03:31.337 [main] EntityPrinter - entity.UserGoals{carbGoal=250, calorieGoal=1500, fatGoal=50, id=13, user=entity.Users#409, userid=409, proteinGoal=150}
[DEBUG] 2021-04-16 13:03:31.340 [main] LogicalConnectionManagedImpl - Initiating JDBC connection release from afterTransaction
[DEBUG] 2021-04-16 13:03:31.341 [main] LogicalConnectionManagedImpl - Initiating JDBC connection release from afterTransaction
[DEBUG] 2021-04-16 13:03:31.399 [main] CriteriaQueryImpl - Rendered criteria query -> select generatedAlias0 from UserGoals as generatedAlias0 where generatedAlias0.userid=13
[DEBUG] 2021-04-16 13:03:31.425 [main] QueryTranslatorFactoryInitiator - QueryTranslatorFactory: org.hibernate.hql.internal.ast.ASTQueryTranslatorFactory@427308f8
[DEBUG] 2021-04-16 13:03:31.491 [main] QueryTranslatorImpl - parse() - HQL: select generatedAlias0 from entity.UserGoals as generatedAlias0 where generatedAlias0.userid=13
[DEBUG] 2021-04-16 13:03:31.502 [main] ErrorTracker - throwQueryException() : no errors
[DEBUG] 2021-04-16 13:03:31.521 [main] QueryTranslatorImpl - --- HQL AST ---
 \-[QUERY] Node: 'query'
    +-[SELECT_FROM] Node: 'SELECT_FROM'
    |  +-[FROM] Node: 'from'
    |  |  \-[RANGE] Node: 'RANGE'
    |  |     +-[DOT] Node: '.'
    |  |     |  +-[IDENT] Node: 'entity'
    |  |     |  \-[IDENT] Node: 'UserGoals'
    |  |     \-[ALIAS] Node: 'generatedAlias0'
    |  \-[SELECT] Node: 'select'
    |     \-[IDENT] Node: 'generatedAlias0'
    \-[WHERE] Node: 'where'
       \-[EQ] Node: '='
          +-[DOT] Node: '.'
          |  +-[IDENT] Node: 'generatedAlias0'
          |  \-[IDENT] Node: 'userid'
          \-[NUM_INT] Node: '13'

[DEBUG] 2021-04-16 13:03:31.562 [main] HqlSqlBaseWalker - select << begin [level=1, statement=select]
[DEBUG] 2021-04-16 13:03:31.588 [main] FromElement - FromClause{level=1} : entity.UserGoals (generatedAlias0) -> usergoals0_
[DEBUG] 2021-04-16 13:03:31.589 [main] FromReferenceNode - Resolved : generatedAlias0 -> usergoals0_.id
[DEBUG] 2021-04-16 13:03:31.595 [main] FromReferenceNode - Resolved : generatedAlias0 -> usergoals0_.id
[DEBUG] 2021-04-16 13:03:31.596 [main] DotNode - getDataType() : userid -> org.hibernate.type.IntegerType@5e8604bf
[DEBUG] 2021-04-16 13:03:31.598 [main] FromReferenceNode - Resolved : generatedAlias0.userid -> usergoals0_.userid
[DEBUG] 2021-04-16 13:03:31.601 [main] HqlSqlBaseWalker - select : finishing up [level=1, statement=select]
[DEBUG] 2021-04-16 13:03:31.601 [main] HqlSqlWalker - processQuery() :  ( SELECT ( {select clause} usergoals0_.id ) ( FromClause{level=1} User_Macro_Goals usergoals0_ ) ( where ( = ( usergoals0_.userid usergoals0_.id userid ) 13 ) ) )
[DEBUG] 2021-04-16 13:03:31.617 [main] JoinProcessor - Using FROM fragment [User_Macro_Goals usergoals0_]
[DEBUG] 2021-04-16 13:03:31.618 [main] HqlSqlBaseWalker - select >> end [level=1, statement=select]
[DEBUG] 2021-04-16 13:03:31.619 [main] QueryTranslatorImpl - --- SQL AST ---
 \-[SELECT] QueryNode: 'SELECT'  querySpaces (User_Macro_Goals)
    +-[SELECT_CLAUSE] SelectClause: '{select clause}'
    |  +-[ALIAS_REF] IdentNode: 'usergoals0_.id as id1_1_' {alias=generatedAlias0, className=entity.UserGoals, tableAlias=usergoals0_}
    |  \-[SQL_TOKEN] SqlFragment: 'usergoals0_.calorie_goal as calorie_2_1_, usergoals0_.carb_goal as carb_goa3_1_, usergoals0_.fat_goal as fat_goal4_1_, usergoals0_.protein_goal as protein_5_1_, usergoals0_.userid as userid6_1_'
    +-[FROM] FromClause: 'from' FromClause{level=1, fromElementCounter=1, fromElements=1, fromElementByClassAlias=[generatedAlias0], fromElementByTableAlias=[usergoals0_], fromElementsByPath=[], collectionJoinFromElementsByPath=[], impliedElements=[]}
    |  \-[FROM_FRAGMENT] FromElement: 'User_Macro_Goals usergoals0_' FromElement{explicit,not a collection join,not a fetch join,fetch non-lazy properties,classAlias=generatedAlias0,role=null,tableName=User_Macro_Goals,tableAlias=usergoals0_,origin=null,columns={,className=entity.UserGoals}}
    \-[WHERE] SqlNode: 'where'
       \-[EQ] BinaryLogicOperatorNode: '='
          +-[DOT] DotNode: 'usergoals0_.userid' {propertyName=userid,dereferenceType=PRIMITIVE,getPropertyPath=userid,path=generatedAlias0.userid,tableAlias=usergoals0_,className=entity.UserGoals,classAlias=generatedAlias0}
          |  +-[ALIAS_REF] IdentNode: 'usergoals0_.id' {alias=generatedAlias0, className=entity.UserGoals, tableAlias=usergoals0_}
          |  \-[IDENT] IdentNode: 'userid' {originalText=userid}
          \-[NUM_INT] LiteralNode: '13'

[DEBUG] 2021-04-16 13:03:31.619 [main] ErrorTracker - throwQueryException() : no errors
[DEBUG] 2021-04-16 13:03:31.629 [main] QueryTranslatorImpl - HQL: select generatedAlias0 from entity.UserGoals as generatedAlias0 where generatedAlias0.userid=13
[DEBUG] 2021-04-16 13:03:31.630 [main] QueryTranslatorImpl - SQL: select usergoals0_.id as id1_1_, usergoals0_.calorie_goal as calorie_2_1_, usergoals0_.carb_goal as carb_goa3_1_, usergoals0_.fat_goal as fat_goal4_1_, usergoals0_.protein_goal as protein_5_1_, usergoals0_.userid as userid6_1_ from User_Macro_Goals usergoals0_ where usergoals0_.userid=13
[DEBUG] 2021-04-16 13:03:31.630 [main] ErrorTracker - throwQueryException() : no errors
[DEBUG] 2021-04-16 13:03:31.651 [main] SQL - select usergoals0_.id as id1_1_, usergoals0_.calorie_goal as calorie_2_1_, usergoals0_.carb_goal as carb_goa3_1_, usergoals0_.fat_goal as fat_goal4_1_, usergoals0_.protein_goal as protein_5_1_, usergoals0_.userid as userid6_1_ from User_Macro_Goals usergoals0_ where usergoals0_.userid=13
[DEBUG] 2021-04-16 13:03:31.668 [main] LogicalConnectionManagedImpl - Initiating JDBC connection release from afterTransaction
