[DEBUG] 2021-04-14 10:32:45.699 [main] IntegratorServiceImpl - Adding Integrator [org.hibernate.cfg.beanvalidation.BeanValidationIntegrator].
[DEBUG] 2021-04-14 10:32:45.715 [main] IntegratorServiceImpl - Adding Integrator [org.hibernate.secure.spi.JaccIntegrator].
[DEBUG] 2021-04-14 10:32:45.731 [main] IntegratorServiceImpl - Adding Integrator [org.hibernate.cache.internal.CollectionCacheInvalidator].
[INFO ] 2021-04-14 10:32:46.001 [main] Version - HHH000412: Hibernate Core {5.4.4.Final}
[DEBUG] 2021-04-14 10:32:46.005 [main] Environment - HHH000206: hibernate.properties not found
[DEBUG] 2021-04-14 10:32:46.583 [main] JaxbCfgProcessor - cfg.xml document did not define namespaces; wrapping in custom event reader to introduce namespace information
[DEBUG] 2021-04-14 10:32:47.225 [main] ServiceBinding - Overriding existing service binding [org.hibernate.secure.spi.JaccService]
[DEBUG] 2021-04-14 10:32:47.272 [main] RegionFactoryInitiator - Cannot default RegionFactory based on registered strategies as `[]` RegionFactory strategies were registered
[DEBUG] 2021-04-14 10:32:47.275 [main] RegionFactoryInitiator - Cache region factory : org.hibernate.cache.internal.NoCachingRegionFactory
[INFO ] 2021-04-14 10:32:47.318 [main] Version - HCANN000001: Hibernate Commons Annotations {5.1.0.Final}
[DEBUG] 2021-04-14 10:32:47.426 [main] BasicTypeRegistry - Adding type registration boolean -> org.hibernate.type.BooleanType@5a6482a9
[DEBUG] 2021-04-14 10:32:47.429 [main] BasicTypeRegistry - Adding type registration boolean -> org.hibernate.type.BooleanType@5a6482a9
[DEBUG] 2021-04-14 10:32:47.429 [main] BasicTypeRegistry - Adding type registration java.lang.Boolean -> org.hibernate.type.BooleanType@5a6482a9
[DEBUG] 2021-04-14 10:32:47.431 [main] BasicTypeRegistry - Adding type registration numeric_boolean -> org.hibernate.type.NumericBooleanType@ae372b9
[DEBUG] 2021-04-14 10:32:47.431 [main] BasicTypeRegistry - Adding type registration true_false -> org.hibernate.type.TrueFalseType@749ab7b4
[DEBUG] 2021-04-14 10:32:47.434 [main] BasicTypeRegistry - Adding type registration yes_no -> org.hibernate.type.YesNoType@4349754
[DEBUG] 2021-04-14 10:32:47.438 [main] BasicTypeRegistry - Adding type registration byte -> org.hibernate.type.ByteType@6b760460
[DEBUG] 2021-04-14 10:32:47.438 [main] BasicTypeRegistry - Adding type registration byte -> org.hibernate.type.ByteType@6b760460
[DEBUG] 2021-04-14 10:32:47.438 [main] BasicTypeRegistry - Adding type registration java.lang.Byte -> org.hibernate.type.ByteType@6b760460
[DEBUG] 2021-04-14 10:32:47.441 [main] BasicTypeRegistry - Adding type registration character -> org.hibernate.type.CharacterType@3b7b05a8
[DEBUG] 2021-04-14 10:32:47.442 [main] BasicTypeRegistry - Adding type registration char -> org.hibernate.type.CharacterType@3b7b05a8
[DEBUG] 2021-04-14 10:32:47.443 [main] BasicTypeRegistry - Adding type registration java.lang.Character -> org.hibernate.type.CharacterType@3b7b05a8
[DEBUG] 2021-04-14 10:32:47.446 [main] BasicTypeRegistry - Adding type registration short -> org.hibernate.type.ShortType@4567e53d
[DEBUG] 2021-04-14 10:32:47.446 [main] BasicTypeRegistry - Adding type registration short -> org.hibernate.type.ShortType@4567e53d
[DEBUG] 2021-04-14 10:32:47.446 [main] BasicTypeRegistry - Adding type registration java.lang.Short -> org.hibernate.type.ShortType@4567e53d
[DEBUG] 2021-04-14 10:32:47.447 [main] BasicTypeRegistry - Adding type registration integer -> org.hibernate.type.IntegerType@66ec9390
[DEBUG] 2021-04-14 10:32:47.448 [main] BasicTypeRegistry - Adding type registration int -> org.hibernate.type.IntegerType@66ec9390
[DEBUG] 2021-04-14 10:32:47.448 [main] BasicTypeRegistry - Adding type registration java.lang.Integer -> org.hibernate.type.IntegerType@66ec9390
[DEBUG] 2021-04-14 10:32:47.450 [main] BasicTypeRegistry - Adding type registration long -> org.hibernate.type.LongType@2f7dcef2
[DEBUG] 2021-04-14 10:32:47.450 [main] BasicTypeRegistry - Adding type registration long -> org.hibernate.type.LongType@2f7dcef2
[DEBUG] 2021-04-14 10:32:47.451 [main] BasicTypeRegistry - Adding type registration java.lang.Long -> org.hibernate.type.LongType@2f7dcef2
[DEBUG] 2021-04-14 10:32:47.454 [main] BasicTypeRegistry - Adding type registration float -> org.hibernate.type.FloatType@2b4786dd
[DEBUG] 2021-04-14 10:32:47.455 [main] BasicTypeRegistry - Adding type registration float -> org.hibernate.type.FloatType@2b4786dd
[DEBUG] 2021-04-14 10:32:47.455 [main] BasicTypeRegistry - Adding type registration java.lang.Float -> org.hibernate.type.FloatType@2b4786dd
[DEBUG] 2021-04-14 10:32:47.459 [main] BasicTypeRegistry - Adding type registration double -> org.hibernate.type.DoubleType@1f38957
[DEBUG] 2021-04-14 10:32:47.459 [main] BasicTypeRegistry - Adding type registration double -> org.hibernate.type.DoubleType@1f38957
[DEBUG] 2021-04-14 10:32:47.459 [main] BasicTypeRegistry - Adding type registration java.lang.Double -> org.hibernate.type.DoubleType@1f38957
[DEBUG] 2021-04-14 10:32:47.461 [main] BasicTypeRegistry - Adding type registration big_decimal -> org.hibernate.type.BigDecimalType@6136998b
[DEBUG] 2021-04-14 10:32:47.463 [main] BasicTypeRegistry - Adding type registration java.math.BigDecimal -> org.hibernate.type.BigDecimalType@6136998b
[DEBUG] 2021-04-14 10:32:47.464 [main] BasicTypeRegistry - Adding type registration big_integer -> org.hibernate.type.BigIntegerType@6892cc6f
[DEBUG] 2021-04-14 10:32:47.464 [main] BasicTypeRegistry - Adding type registration java.math.BigInteger -> org.hibernate.type.BigIntegerType@6892cc6f
[DEBUG] 2021-04-14 10:32:47.466 [main] BasicTypeRegistry - Adding type registration string -> org.hibernate.type.StringType@ae7950d
[DEBUG] 2021-04-14 10:32:47.466 [main] BasicTypeRegistry - Adding type registration java.lang.String -> org.hibernate.type.StringType@ae7950d
[DEBUG] 2021-04-14 10:32:47.467 [main] BasicTypeRegistry - Adding type registration nstring -> org.hibernate.type.StringNVarcharType@621f89b8
[DEBUG] 2021-04-14 10:32:47.469 [main] BasicTypeRegistry - Adding type registration ncharacter -> org.hibernate.type.CharacterNCharType@53e3a87a
[DEBUG] 2021-04-14 10:32:47.471 [main] BasicTypeRegistry - Adding type registration url -> org.hibernate.type.UrlType@35ff8fc9
[DEBUG] 2021-04-14 10:32:47.471 [main] BasicTypeRegistry - Adding type registration java.net.URL -> org.hibernate.type.UrlType@35ff8fc9
[DEBUG] 2021-04-14 10:32:47.473 [main] BasicTypeRegistry - Adding type registration Duration -> org.hibernate.type.DurationType@3db64bd4
[DEBUG] 2021-04-14 10:32:47.473 [main] BasicTypeRegistry - Adding type registration java.time.Duration -> org.hibernate.type.DurationType@3db64bd4
[DEBUG] 2021-04-14 10:32:47.498 [main] BasicTypeRegistry - Adding type registration Instant -> org.hibernate.type.InstantType@7baf6acf
[DEBUG] 2021-04-14 10:32:47.498 [main] BasicTypeRegistry - Adding type registration java.time.Instant -> org.hibernate.type.InstantType@7baf6acf
[DEBUG] 2021-04-14 10:32:47.504 [main] BasicTypeRegistry - Adding type registration LocalDateTime -> org.hibernate.type.LocalDateTimeType@22bb5646
[DEBUG] 2021-04-14 10:32:47.504 [main] BasicTypeRegistry - Adding type registration java.time.LocalDateTime -> org.hibernate.type.LocalDateTimeType@22bb5646
[DEBUG] 2021-04-14 10:32:47.509 [main] BasicTypeRegistry - Adding type registration LocalDate -> org.hibernate.type.LocalDateType@2bc9a775
[DEBUG] 2021-04-14 10:32:47.510 [main] BasicTypeRegistry - Adding type registration java.time.LocalDate -> org.hibernate.type.LocalDateType@2bc9a775
[DEBUG] 2021-04-14 10:32:47.511 [main] BasicTypeRegistry - Adding type registration LocalTime -> org.hibernate.type.LocalTimeType@3350ebdd
[DEBUG] 2021-04-14 10:32:47.511 [main] BasicTypeRegistry - Adding type registration java.time.LocalTime -> org.hibernate.type.LocalTimeType@3350ebdd
[DEBUG] 2021-04-14 10:32:47.513 [main] BasicTypeRegistry - Adding type registration OffsetDateTime -> org.hibernate.type.OffsetDateTimeType@6dcd5639
[DEBUG] 2021-04-14 10:32:47.513 [main] BasicTypeRegistry - Adding type registration java.time.OffsetDateTime -> org.hibernate.type.OffsetDateTimeType@6dcd5639
[DEBUG] 2021-04-14 10:32:47.516 [main] BasicTypeRegistry - Adding type registration OffsetTime -> org.hibernate.type.OffsetTimeType@105b693d
[DEBUG] 2021-04-14 10:32:47.516 [main] BasicTypeRegistry - Adding type registration java.time.OffsetTime -> org.hibernate.type.OffsetTimeType@105b693d
[DEBUG] 2021-04-14 10:32:47.522 [main] BasicTypeRegistry - Adding type registration ZonedDateTime -> org.hibernate.type.ZonedDateTimeType@6ae7deac
[DEBUG] 2021-04-14 10:32:47.523 [main] BasicTypeRegistry - Adding type registration java.time.ZonedDateTime -> org.hibernate.type.ZonedDateTimeType@6ae7deac
[DEBUG] 2021-04-14 10:32:47.525 [main] BasicTypeRegistry - Adding type registration date -> org.hibernate.type.DateType@67e28be3
[DEBUG] 2021-04-14 10:32:47.525 [main] BasicTypeRegistry - Adding type registration java.sql.Date -> org.hibernate.type.DateType@67e28be3
[DEBUG] 2021-04-14 10:32:47.528 [main] BasicTypeRegistry - Adding type registration time -> org.hibernate.type.TimeType@4cbf4f53
[DEBUG] 2021-04-14 10:32:47.528 [main] BasicTypeRegistry - Adding type registration java.sql.Time -> org.hibernate.type.TimeType@4cbf4f53
[DEBUG] 2021-04-14 10:32:47.531 [main] BasicTypeRegistry - Adding type registration timestamp -> org.hibernate.type.TimestampType@9d1a267
[DEBUG] 2021-04-14 10:32:47.531 [main] BasicTypeRegistry - Adding type registration java.sql.Timestamp -> org.hibernate.type.TimestampType@9d1a267
[DEBUG] 2021-04-14 10:32:47.531 [main] BasicTypeRegistry - Adding type registration java.util.Date -> org.hibernate.type.TimestampType@9d1a267
[DEBUG] 2021-04-14 10:32:47.534 [main] BasicTypeRegistry - Adding type registration dbtimestamp -> org.hibernate.type.DbTimestampType@35088e87
[DEBUG] 2021-04-14 10:32:47.536 [main] BasicTypeRegistry - Adding type registration calendar -> org.hibernate.type.CalendarType@1237e0be
[DEBUG] 2021-04-14 10:32:47.536 [main] BasicTypeRegistry - Adding type registration java.util.Calendar -> org.hibernate.type.CalendarType@1237e0be
[DEBUG] 2021-04-14 10:32:47.536 [main] BasicTypeRegistry - Adding type registration java.util.GregorianCalendar -> org.hibernate.type.CalendarType@1237e0be
[DEBUG] 2021-04-14 10:32:47.537 [main] BasicTypeRegistry - Adding type registration calendar_date -> org.hibernate.type.CalendarDateType@1d96d872
[DEBUG] 2021-04-14 10:32:47.538 [main] BasicTypeRegistry - Adding type registration locale -> org.hibernate.type.LocaleType@1dc2de84
[DEBUG] 2021-04-14 10:32:47.538 [main] BasicTypeRegistry - Adding type registration java.util.Locale -> org.hibernate.type.LocaleType@1dc2de84
[DEBUG] 2021-04-14 10:32:47.539 [main] BasicTypeRegistry - Adding type registration currency -> org.hibernate.type.CurrencyType@44de0113
[DEBUG] 2021-04-14 10:32:47.540 [main] BasicTypeRegistry - Adding type registration java.util.Currency -> org.hibernate.type.CurrencyType@44de0113
[DEBUG] 2021-04-14 10:32:47.541 [main] BasicTypeRegistry - Adding type registration timezone -> org.hibernate.type.TimeZoneType@5177e388
[DEBUG] 2021-04-14 10:32:47.541 [main] BasicTypeRegistry - Adding type registration java.util.TimeZone -> org.hibernate.type.TimeZoneType@5177e388
[DEBUG] 2021-04-14 10:32:47.542 [main] BasicTypeRegistry - Adding type registration class -> org.hibernate.type.ClassType@3047254d
[DEBUG] 2021-04-14 10:32:47.542 [main] BasicTypeRegistry - Adding type registration java.lang.Class -> org.hibernate.type.ClassType@3047254d
[DEBUG] 2021-04-14 10:32:47.543 [main] BasicTypeRegistry - Adding type registration uuid-binary -> org.hibernate.type.UUIDBinaryType@655523dd
[DEBUG] 2021-04-14 10:32:47.543 [main] BasicTypeRegistry - Adding type registration java.util.UUID -> org.hibernate.type.UUIDBinaryType@655523dd
[DEBUG] 2021-04-14 10:32:47.543 [main] BasicTypeRegistry - Adding type registration uuid-char -> org.hibernate.type.UUIDCharType@12958360
[DEBUG] 2021-04-14 10:32:47.544 [main] BasicTypeRegistry - Adding type registration binary -> org.hibernate.type.BinaryType@4a68135e
[DEBUG] 2021-04-14 10:32:47.544 [main] BasicTypeRegistry - Adding type registration byte[] -> org.hibernate.type.BinaryType@4a68135e
[DEBUG] 2021-04-14 10:32:47.545 [main] BasicTypeRegistry - Adding type registration [B -> org.hibernate.type.BinaryType@4a68135e
[DEBUG] 2021-04-14 10:32:47.546 [main] BasicTypeRegistry - Adding type registration wrapper-binary -> org.hibernate.type.WrapperBinaryType@6e57b5e9
[DEBUG] 2021-04-14 10:32:47.546 [main] BasicTypeRegistry - Adding type registration Byte[] -> org.hibernate.type.WrapperBinaryType@6e57b5e9
[DEBUG] 2021-04-14 10:32:47.546 [main] BasicTypeRegistry - Adding type registration [Ljava.lang.Byte; -> org.hibernate.type.WrapperBinaryType@6e57b5e9
[DEBUG] 2021-04-14 10:32:47.547 [main] BasicTypeRegistry - Adding type registration row_version -> org.hibernate.type.RowVersionType@1549bba7
[DEBUG] 2021-04-14 10:32:47.549 [main] BasicTypeRegistry - Adding type registration image -> org.hibernate.type.ImageType@4e61e4c2
[DEBUG] 2021-04-14 10:32:47.551 [main] BasicTypeRegistry - Adding type registration characters -> org.hibernate.type.CharArrayType@4647881c
[DEBUG] 2021-04-14 10:32:47.551 [main] BasicTypeRegistry - Adding type registration char[] -> org.hibernate.type.CharArrayType@4647881c
[DEBUG] 2021-04-14 10:32:47.551 [main] BasicTypeRegistry - Adding type registration [C -> org.hibernate.type.CharArrayType@4647881c
[DEBUG] 2021-04-14 10:32:47.554 [main] BasicTypeRegistry - Adding type registration wrapper-characters -> org.hibernate.type.CharacterArrayType@453d496b
[DEBUG] 2021-04-14 10:32:47.554 [main] BasicTypeRegistry - Adding type registration [Ljava.lang.Character; -> org.hibernate.type.CharacterArrayType@453d496b
[DEBUG] 2021-04-14 10:32:47.554 [main] BasicTypeRegistry - Adding type registration Character[] -> org.hibernate.type.CharacterArrayType@453d496b
[DEBUG] 2021-04-14 10:32:47.555 [main] BasicTypeRegistry - Adding type registration text -> org.hibernate.type.TextType@4b54af3d
[DEBUG] 2021-04-14 10:32:47.555 [main] BasicTypeRegistry - Adding type registration ntext -> org.hibernate.type.NTextType@44de94c3
[DEBUG] 2021-04-14 10:32:47.558 [main] BasicTypeRegistry - Adding type registration blob -> org.hibernate.type.BlobType@3e1624c7
[DEBUG] 2021-04-14 10:32:47.558 [main] BasicTypeRegistry - Adding type registration java.sql.Blob -> org.hibernate.type.BlobType@3e1624c7
[DEBUG] 2021-04-14 10:32:47.558 [main] BasicTypeRegistry - Adding type registration materialized_blob -> org.hibernate.type.MaterializedBlobType@48535004
[DEBUG] 2021-04-14 10:32:47.560 [main] BasicTypeRegistry - Adding type registration clob -> org.hibernate.type.ClobType@a20b94b
[DEBUG] 2021-04-14 10:32:47.560 [main] BasicTypeRegistry - Adding type registration java.sql.Clob -> org.hibernate.type.ClobType@a20b94b
[DEBUG] 2021-04-14 10:32:47.565 [main] BasicTypeRegistry - Adding type registration nclob -> org.hibernate.type.NClobType@46d9aec8
[DEBUG] 2021-04-14 10:32:47.565 [main] BasicTypeRegistry - Adding type registration java.sql.NClob -> org.hibernate.type.NClobType@46d9aec8
[DEBUG] 2021-04-14 10:32:47.566 [main] BasicTypeRegistry - Adding type registration materialized_clob -> org.hibernate.type.MaterializedClobType@1c504e66
[DEBUG] 2021-04-14 10:32:47.566 [main] BasicTypeRegistry - Adding type registration materialized_nclob -> org.hibernate.type.MaterializedNClobType@2257fadf
[DEBUG] 2021-04-14 10:32:47.569 [main] BasicTypeRegistry - Adding type registration serializable -> org.hibernate.type.SerializableType@11a00961
[DEBUG] 2021-04-14 10:32:47.575 [main] BasicTypeRegistry - Adding type registration object -> org.hibernate.type.ObjectType@408b87aa
[DEBUG] 2021-04-14 10:32:47.575 [main] BasicTypeRegistry - Adding type registration java.lang.Object -> org.hibernate.type.ObjectType@408b87aa
[DEBUG] 2021-04-14 10:32:47.577 [main] BasicTypeRegistry - Adding type registration imm_date -> org.hibernate.type.AdaptedImmutableType@76c52298
[DEBUG] 2021-04-14 10:32:47.577 [main] BasicTypeRegistry - Adding type registration imm_time -> org.hibernate.type.AdaptedImmutableType@bb9ab64
[DEBUG] 2021-04-14 10:32:47.577 [main] BasicTypeRegistry - Adding type registration imm_timestamp -> org.hibernate.type.AdaptedImmutableType@a52ca2e
[DEBUG] 2021-04-14 10:32:47.577 [main] BasicTypeRegistry - Adding type registration imm_dbtimestamp -> org.hibernate.type.AdaptedImmutableType@1ad8df52
[DEBUG] 2021-04-14 10:32:47.577 [main] BasicTypeRegistry - Adding type registration imm_calendar -> org.hibernate.type.AdaptedImmutableType@45d6ef73
[DEBUG] 2021-04-14 10:32:47.577 [main] BasicTypeRegistry - Adding type registration imm_calendar_date -> org.hibernate.type.AdaptedImmutableType@3f29e26
[DEBUG] 2021-04-14 10:32:47.577 [main] BasicTypeRegistry - Adding type registration imm_binary -> org.hibernate.type.AdaptedImmutableType@1f6d27cc
[DEBUG] 2021-04-14 10:32:47.577 [main] BasicTypeRegistry - Adding type registration imm_serializable -> org.hibernate.type.AdaptedImmutableType@4393593c
[DEBUG] 2021-04-14 10:32:47.624 [main] DefaultIdentifierGeneratorFactory - Registering IdentifierGenerator strategy [uuid2] -> [org.hibernate.id.UUIDGenerator]
[DEBUG] 2021-04-14 10:32:47.626 [main] DefaultIdentifierGeneratorFactory - Registering IdentifierGenerator strategy [guid] -> [org.hibernate.id.GUIDGenerator]
[DEBUG] 2021-04-14 10:32:47.628 [main] DefaultIdentifierGeneratorFactory - Registering IdentifierGenerator strategy [uuid] -> [org.hibernate.id.UUIDHexGenerator]
[DEBUG] 2021-04-14 10:32:47.628 [main] DefaultIdentifierGeneratorFactory - Registering IdentifierGenerator strategy [uuid.hex] -> [org.hibernate.id.UUIDHexGenerator]
[DEBUG] 2021-04-14 10:32:47.630 [main] DefaultIdentifierGeneratorFactory - Registering IdentifierGenerator strategy [assigned] -> [org.hibernate.id.Assigned]
[DEBUG] 2021-04-14 10:32:47.632 [main] DefaultIdentifierGeneratorFactory - Registering IdentifierGenerator strategy [identity] -> [org.hibernate.id.IdentityGenerator]
[DEBUG] 2021-04-14 10:32:47.633 [main] DefaultIdentifierGeneratorFactory - Registering IdentifierGenerator strategy [select] -> [org.hibernate.id.SelectGenerator]
[DEBUG] 2021-04-14 10:32:47.636 [main] DefaultIdentifierGeneratorFactory - Registering IdentifierGenerator strategy [sequence] -> [org.hibernate.id.enhanced.SequenceStyleGenerator]
[DEBUG] 2021-04-14 10:32:47.637 [main] DefaultIdentifierGeneratorFactory - Registering IdentifierGenerator strategy [seqhilo] -> [org.hibernate.id.SequenceHiLoGenerator]
[DEBUG] 2021-04-14 10:32:47.639 [main] DefaultIdentifierGeneratorFactory - Registering IdentifierGenerator strategy [increment] -> [org.hibernate.id.IncrementGenerator]
[DEBUG] 2021-04-14 10:32:47.641 [main] DefaultIdentifierGeneratorFactory - Registering IdentifierGenerator strategy [foreign] -> [org.hibernate.id.ForeignGenerator]
[DEBUG] 2021-04-14 10:32:47.641 [main] DefaultIdentifierGeneratorFactory - Registering IdentifierGenerator strategy [sequence-identity] -> [org.hibernate.id.SequenceIdentityGenerator]
[DEBUG] 2021-04-14 10:32:47.641 [main] DefaultIdentifierGeneratorFactory - Registering IdentifierGenerator strategy [enhanced-sequence] -> [org.hibernate.id.enhanced.SequenceStyleGenerator]
[DEBUG] 2021-04-14 10:32:47.643 [main] DefaultIdentifierGeneratorFactory - Registering IdentifierGenerator strategy [enhanced-table] -> [org.hibernate.id.enhanced.TableGenerator]
[INFO ] 2021-04-14 10:32:47.652 [main] C3P0ConnectionProvider - HHH010002: C3P0 using driver: com.mysql.cj.jdbc.Driver at URL: jdbc:mysql://localhost:3306/test_mealBuilder
[INFO ] 2021-04-14 10:32:47.653 [main] C3P0ConnectionProvider - HHH10001001: Connection properties: {password=****, user=root}
[INFO ] 2021-04-14 10:32:47.653 [main] C3P0ConnectionProvider - HHH10001003: Autocommit mode: false
[INFO ] 2021-04-14 10:32:47.914 [main] C3P0ConnectionProvider - HHH10001007: JDBC isolation level: <unknown>
[DEBUG] 2021-04-14 10:32:49.134 [main] JdbcEnvironmentInitiator - Database ->
       name : MySQL
    version : 8.0.22
      major : 8
      minor : 0
[DEBUG] 2021-04-14 10:32:49.135 [main] JdbcEnvironmentInitiator - Driver ->
       name : MySQL Connector/J
    version : mysql-connector-java-8.0.22 (Revision: d64b664fa93e81296a377de031b8123a67e6def2)
      major : 8
      minor : 0
[DEBUG] 2021-04-14 10:32:49.135 [main] JdbcEnvironmentInitiator - JDBC version : 4.2
[INFO ] 2021-04-14 10:32:49.199 [main] Dialect - HHH000400: Using dialect: org.hibernate.dialect.MySQL8Dialect
[DEBUG] 2021-04-14 10:32:49.235 [main] IdentifierHelperBuilder - JDBC driver metadata reported database stores quoted identifiers in more than one case
[DEBUG] 2021-04-14 10:32:49.275 [main] IdentifierHelperBuilder - IdentifierCaseStrategy for both quoted and unquoted identifiers was set to the same strategy [MIXED]; that will likely lead to problems in schema update and validation if using quoted identifiers
[DEBUG] 2021-04-14 10:32:49.330 [main] Namespace - Created database namespace [logicalName=Name{catalog=null, schema=null}, physicalName=Name{catalog=null, schema=null}]
[DEBUG] 2021-04-14 10:32:49.333 [main] TypeConfiguration$Scope - Scoping TypeConfiguration [org.hibernate.type.spi.TypeConfiguration@554f0dfb] to MetadataBuildingContext [org.hibernate.boot.internal.MetadataBuildingContextRootImpl@1f7076bc]
[DEBUG] 2021-04-14 10:32:49.485 [main] AnnotationBinder - Binding entity from annotated class: entity.Users
[DEBUG] 2021-04-14 10:32:49.549 [main] Ejb3Column - Binding column: Ejb3DiscriminatorColumn{logicalColumnName'DTYPE', discriminatorTypeName='string'}
[DEBUG] 2021-04-14 10:32:49.560 [main] EntityBinder - Import with entity name Users
[DEBUG] 2021-04-14 10:32:49.564 [main] EntityBinder - Bind entity entity.Users on table Users
[DEBUG] 2021-04-14 10:32:49.615 [main] Ejb3Column - Binding column: Ejb3Column{table=org.hibernate.mapping.Table(Users), mappingColumn=id, insertable=true, updatable=true, unique=false}
[DEBUG] 2021-04-14 10:32:49.622 [main] PropertyBinder - MetadataSourceProcessor property id with lazy=false
[DEBUG] 2021-04-14 10:32:49.626 [main] AbstractPropertyHolder - Attempting to locate auto-apply AttributeConverter for property [entity.Users:id]
[DEBUG] 2021-04-14 10:32:49.631 [main] SimpleValueBinder - building SimpleValue for id
[DEBUG] 2021-04-14 10:32:49.634 [main] PropertyBinder - Building property id
[DEBUG] 2021-04-14 10:32:49.640 [main] BinderHelper - #makeIdGenerator(org.hibernate.mapping.SimpleValue([org.hibernate.mapping.Column(id)]), id, org.hibernate.id.enhanced.SequenceStyleGenerator, native, ...)
[DEBUG] 2021-04-14 10:32:49.641 [main] Ejb3Column - Binding column: Ejb3Column{table=org.hibernate.mapping.Table(Users), mappingColumn=password, insertable=true, updatable=true, unique=false}
[DEBUG] 2021-04-14 10:32:49.641 [main] PropertyBinder - MetadataSourceProcessor property password with lazy=false
[DEBUG] 2021-04-14 10:32:49.641 [main] AbstractPropertyHolder - Attempting to locate auto-apply AttributeConverter for property [entity.Users:password]
[DEBUG] 2021-04-14 10:32:49.641 [main] SimpleValueBinder - building SimpleValue for password
[DEBUG] 2021-04-14 10:32:49.642 [main] PropertyBinder - Building property password
[DEBUG] 2021-04-14 10:32:49.643 [main] Ejb3Column - Binding column: Ejb3JoinColumn{logicalColumnName='Users_id', referencedColumn='', mappedBy=''}
[DEBUG] 2021-04-14 10:32:49.644 [main] Ejb3Column - Binding column: Ejb3Column{table=org.hibernate.mapping.Table(Users), mappingColumn=recipes, insertable=true, updatable=true, unique=false}
[DEBUG] 2021-04-14 10:32:49.646 [main] Ejb3Column - Binding column: Ejb3Column{table=org.hibernate.mapping.Table(Users), mappingColumn=null, insertable=true, updatable=true, unique=false}
[DEBUG] 2021-04-14 10:32:49.663 [main] Ejb3Column - Binding column: Ejb3Column{table=org.hibernate.mapping.Table(Users), mappingColumn=element, insertable=true, updatable=true, unique=false}
[DEBUG] 2021-04-14 10:32:49.664 [main] Ejb3Column - Binding column: Ejb3Column{table=org.hibernate.mapping.Table(Users), mappingColumn=recipes_KEY, insertable=true, updatable=true, unique=false}
[DEBUG] 2021-04-14 10:32:49.664 [main] Ejb3Column - Binding column: Ejb3JoinColumn{logicalColumnName='recipes_KEY', referencedColumn='null', mappedBy='null'}
[DEBUG] 2021-04-14 10:32:49.667 [main] Ejb3Column - Binding column: Ejb3JoinColumn{logicalColumnName='null', referencedColumn='null', mappedBy=''}
[DEBUG] 2021-04-14 10:32:49.667 [main] Ejb3Column - Binding column: Ejb3JoinColumn{logicalColumnName='null', referencedColumn='null', mappedBy=''}
[DEBUG] 2021-04-14 10:32:49.668 [main] CollectionBinder - Collection role: entity.Users.recipes
[DEBUG] 2021-04-14 10:32:49.675 [main] PropertyBinder - Building property recipes
[DEBUG] 2021-04-14 10:32:49.675 [main] Ejb3Column - Binding column: Ejb3Column{table=org.hibernate.mapping.Table(Users), mappingColumn=username, insertable=true, updatable=true, unique=false}
[DEBUG] 2021-04-14 10:32:49.675 [main] PropertyBinder - MetadataSourceProcessor property username with lazy=false
[DEBUG] 2021-04-14 10:32:49.676 [main] AbstractPropertyHolder - Attempting to locate auto-apply AttributeConverter for property [entity.Users:username]
[DEBUG] 2021-04-14 10:32:49.676 [main] SimpleValueBinder - building SimpleValue for username
[DEBUG] 2021-04-14 10:32:49.676 [main] PropertyBinder - Building property username
[DEBUG] 2021-04-14 10:32:49.678 [main] AnnotationBinder - Binding entity from annotated class: entity.Recipes
[DEBUG] 2021-04-14 10:32:49.678 [main] Ejb3Column - Binding column: Ejb3DiscriminatorColumn{logicalColumnName'DTYPE', discriminatorTypeName='string'}
[DEBUG] 2021-04-14 10:32:49.679 [main] EntityBinder - Import with entity name Recipes
[DEBUG] 2021-04-14 10:32:49.679 [main] EntityBinder - Bind entity entity.Recipes on table Recipes
[DEBUG] 2021-04-14 10:32:49.682 [main] Ejb3Column - Binding column: Ejb3Column{table=org.hibernate.mapping.Table(Recipes), mappingColumn=recipe_id, insertable=true, updatable=true, unique=false}
[DEBUG] 2021-04-14 10:32:49.683 [main] PropertyBinder - MetadataSourceProcessor property id with lazy=false
[DEBUG] 2021-04-14 10:32:49.683 [main] AbstractPropertyHolder - Attempting to locate auto-apply AttributeConverter for property [entity.Recipes:id]
[DEBUG] 2021-04-14 10:32:49.683 [main] SimpleValueBinder - building SimpleValue for id
[DEBUG] 2021-04-14 10:32:49.684 [main] PropertyBinder - Building property id
[DEBUG] 2021-04-14 10:32:49.684 [main] BinderHelper - #makeIdGenerator(org.hibernate.mapping.SimpleValue([org.hibernate.mapping.Column(recipe_id)]), id, org.hibernate.id.enhanced.SequenceStyleGenerator, native, ...)
[DEBUG] 2021-04-14 10:32:49.684 [main] Ejb3Column - Binding column: Ejb3Column{table=org.hibernate.mapping.Table(Recipes), mappingColumn=public_recipe, insertable=true, updatable=true, unique=false}
[DEBUG] 2021-04-14 10:32:49.685 [main] PropertyBinder - MetadataSourceProcessor property public_recipe with lazy=false
[DEBUG] 2021-04-14 10:32:49.685 [main] AbstractPropertyHolder - Attempting to locate auto-apply AttributeConverter for property [entity.Recipes:public_recipe]
[DEBUG] 2021-04-14 10:32:49.685 [main] SimpleValueBinder - building SimpleValue for public_recipe
[DEBUG] 2021-04-14 10:32:49.685 [main] PropertyBinder - Building property public_recipe
[DEBUG] 2021-04-14 10:32:49.685 [main] Ejb3Column - Binding column: Ejb3Column{table=org.hibernate.mapping.Table(Recipes), mappingColumn=recipe_name, insertable=true, updatable=true, unique=false}
[DEBUG] 2021-04-14 10:32:49.686 [main] PropertyBinder - MetadataSourceProcessor property recipe_name with lazy=false
[DEBUG] 2021-04-14 10:32:49.686 [main] AbstractPropertyHolder - Attempting to locate auto-apply AttributeConverter for property [entity.Recipes:recipe_name]
[DEBUG] 2021-04-14 10:32:49.686 [main] SimpleValueBinder - building SimpleValue for recipe_name
[DEBUG] 2021-04-14 10:32:49.686 [main] PropertyBinder - Building property recipe_name
[DEBUG] 2021-04-14 10:32:49.686 [main] Ejb3Column - Binding column: Ejb3JoinColumn{logicalColumnName='Users_id', referencedColumn='', mappedBy=''}
[DEBUG] 2021-04-14 10:32:49.686 [main] Ejb3Column - Binding column: Ejb3Column{table=org.hibernate.mapping.Table(Recipes), mappingColumn=user, insertable=true, updatable=true, unique=false}
[DEBUG] 2021-04-14 10:32:49.689 [main] PropertyBinder - Building property user
[DEBUG] 2021-04-14 10:32:49.693 [main] SimpleValueBinder - Starting fillSimpleValue for id
[DEBUG] 2021-04-14 10:32:49.693 [main] SimpleValueBinder - Starting fillSimpleValue for password
[DEBUG] 2021-04-14 10:32:49.693 [main] SimpleValueBinder - Starting fillSimpleValue for username
[DEBUG] 2021-04-14 10:32:49.693 [main] SimpleValueBinder - Starting fillSimpleValue for id
[DEBUG] 2021-04-14 10:32:49.693 [main] SimpleValueBinder - Starting fillSimpleValue for public_recipe
[DEBUG] 2021-04-14 10:32:49.693 [main] SimpleValueBinder - Starting fillSimpleValue for recipe_name
[DEBUG] 2021-04-14 10:32:49.699 [main] PrimaryKey - Forcing column [id] to be non-null as it is part of the primary key for table [users]
[DEBUG] 2021-04-14 10:32:49.699 [main] PrimaryKey - Forcing column [recipe_id] to be non-null as it is part of the primary key for table [recipes]
[DEBUG] 2021-04-14 10:32:49.699 [main] CollectionSecondPass - Second pass for collection: entity.Users.recipes
[DEBUG] 2021-04-14 10:32:49.699 [main] CollectionBinder - Binding a OneToMany: entity.Users.recipes through a foreign key
[DEBUG] 2021-04-14 10:32:49.700 [main] CollectionBinder - Mapping collection: entity.Users.recipes -> Recipes
[DEBUG] 2021-04-14 10:32:49.702 [main] CollectionSecondPass - Mapped collection key: Users_id, one-to-many: entity.Recipes
[DEBUG] 2021-04-14 10:32:49.702 [main] InFlightMetadataCollectorImpl - Resolving reference to class: entity.Users
[DEBUG] 2021-04-14 10:32:49.707 [main] InFlightMetadataCollectorImpl - Resolving reference to class: entity.Users
[DEBUG] 2021-04-14 10:32:49.784 [main] SessionFactoryImpl - Building session factory
[DEBUG] 2021-04-14 10:32:49.785 [main] Settings - SessionFactory name : null
[DEBUG] 2021-04-14 10:32:49.785 [main] Settings - Automatic flush during beforeCompletion(): enabled
[DEBUG] 2021-04-14 10:32:49.785 [main] Settings - Automatic session close at end of transaction: disabled
[DEBUG] 2021-04-14 10:32:49.785 [main] Settings - Statistics: disabled
[DEBUG] 2021-04-14 10:32:49.785 [main] Settings - Deleted entity synthetic identifier rollback: disabled
[DEBUG] 2021-04-14 10:32:49.785 [main] Settings - Default entity-mode: pojo
[DEBUG] 2021-04-14 10:32:49.785 [main] Settings - Check Nullability in Core (should be disabled when Bean Validation is on): enabled
[DEBUG] 2021-04-14 10:32:49.785 [main] Settings - Allow initialization of lazy state outside session : disabled
[DEBUG] 2021-04-14 10:32:49.786 [main] Settings - Using BatchFetchStyle : LEGACY
[DEBUG] 2021-04-14 10:32:49.786 [main] Settings - Default batch fetch size: -1
[DEBUG] 2021-04-14 10:32:49.786 [main] Settings - Maximum outer join fetch depth: 2
[DEBUG] 2021-04-14 10:32:49.786 [main] Settings - Default null ordering: NONE
[DEBUG] 2021-04-14 10:32:49.786 [main] Settings - Order SQL updates by primary key: disabled
[DEBUG] 2021-04-14 10:32:49.786 [main] Settings - Order SQL inserts for batching: disabled
[DEBUG] 2021-04-14 10:32:49.786 [main] Settings - multi-tenancy strategy : NONE
[DEBUG] 2021-04-14 10:32:49.786 [main] Settings - JTA Track by Thread: enabled
[DEBUG] 2021-04-14 10:32:49.786 [main] Settings - Query language substitutions: {}
[DEBUG] 2021-04-14 10:32:49.786 [main] Settings - Named query checking : enabled
[DEBUG] 2021-04-14 10:32:49.786 [main] Settings - Second-level cache: disabled
[DEBUG] 2021-04-14 10:32:49.786 [main] Settings - Second-level query cache: disabled
[DEBUG] 2021-04-14 10:32:49.786 [main] Settings - Second-level query cache factory: null
[DEBUG] 2021-04-14 10:32:49.786 [main] Settings - Second-level cache region prefix: null
[DEBUG] 2021-04-14 10:32:49.786 [main] Settings - Optimize second-level cache for minimal puts: disabled
[DEBUG] 2021-04-14 10:32:49.786 [main] Settings - Structured second-level cache entries: disabled
[DEBUG] 2021-04-14 10:32:49.787 [main] Settings - Second-level cache direct-reference entries: disabled
[DEBUG] 2021-04-14 10:32:49.787 [main] Settings - Automatic eviction of collection cache: disabled
[DEBUG] 2021-04-14 10:32:49.787 [main] Settings - JDBC batch size: 15
[DEBUG] 2021-04-14 10:32:49.787 [main] Settings - JDBC batch updates for versioned data: enabled
[DEBUG] 2021-04-14 10:32:49.787 [main] Settings - Scrollable result sets: enabled
[DEBUG] 2021-04-14 10:32:49.787 [main] Settings - Wrap result sets: disabled
[DEBUG] 2021-04-14 10:32:49.787 [main] Settings - JDBC3 getGeneratedKeys(): enabled
[DEBUG] 2021-04-14 10:32:49.787 [main] Settings - JDBC result set fetch size: null
[DEBUG] 2021-04-14 10:32:49.787 [main] Settings - Connection release mode: AFTER_TRANSACTION
[DEBUG] 2021-04-14 10:32:49.787 [main] Settings - Generate SQL with comments: disabled
[DEBUG] 2021-04-14 10:32:49.787 [main] Settings - JPA compliance - query : 
[DEBUG] 2021-04-14 10:32:49.787 [main] Settings - JPA compliance - closed-handling : 
[DEBUG] 2021-04-14 10:32:49.787 [main] Settings - JPA compliance - lists : 
[DEBUG] 2021-04-14 10:32:49.788 [main] Settings - JPA compliance - transactions : 
[INFO ] 2021-04-14 10:32:49.898 [main] beans - HHH10005002: No explicit CDI BeanManager reference was passed to Hibernate, but CDI is available on the Hibernate ClassLoader.
[DEBUG] 2021-04-14 10:32:49.929 [main] SessionFactoryImpl - Session factory constructed with filter configurations : {}
[DEBUG] 2021-04-14 10:32:49.929 [main] SessionFactoryImpl - Instantiating session factory with properties: {gopherProxySet=false, awt.toolkit=sun.lwawt.macosx.LWCToolkit, java.specification.version=11, sun.cpu.isalist=, hibernate.c3p0.idle_test_period=3000, sun.jnu.encoding=UTF-8, hibernate.c3p0.min_size=5, java.class.path=/Applications/IntelliJ IDEA.app/Contents/lib/idea_rt.jar:/Applications/IntelliJ IDEA.app/Contents/plugins/junit/lib/junit5-rt.jar:/Applications/IntelliJ IDEA.app/Contents/plugins/junit/lib/junit-rt.jar:/Users/lisaandritsch/Desktop/Java/MealAndGroceryBuilder/target/test-classes:/Users/lisaandritsch/Desktop/Java/MealAndGroceryBuilder/target/classes:/Users/lisaandritsch/.m2/repository/junit/junit/4.12/junit-4.12.jar:/Users/lisaandritsch/.m2/repository/org/hamcrest/hamcrest-core/1.3/hamcrest-core-1.3.jar:/Users/lisaandritsch/.m2/repository/javax/javaee-web-api/7.0/javaee-web-api-7.0.jar:/Users/lisaandritsch/.m2/repository/mysql/mysql-connector-java/8.0.22/mysql-connector-java-8.0.22.jar:/Users/lisaandritsch/.m2/repository/com/google/protobuf/protobuf-java/3.11.4/protobuf-java-3.11.4.jar:/Users/lisaandritsch/.m2/repository/javax/servlet/jsp/jstl/jstl-api/1.2/jstl-api-1.2.jar:/Users/lisaandritsch/.m2/repository/javax/servlet/servlet-api/2.5/servlet-api-2.5.jar:/Users/lisaandritsch/.m2/repository/javax/servlet/jsp/jsp-api/2.1/jsp-api-2.1.jar:/Users/lisaandritsch/.m2/repository/javax/servlet/jstl/1.2/jstl-1.2.jar:/Users/lisaandritsch/.m2/repository/taglibs/standard/1.1.2/standard-1.1.2.jar:/Users/lisaandritsch/.m2/repository/org/apache/logging/log4j/log4j-api/2.10.0/log4j-api-2.10.0.jar:/Users/lisaandritsch/.m2/repository/org/apache/logging/log4j/log4j-core/2.10.0/log4j-core-2.10.0.jar:/Users/lisaandritsch/.m2/repository/org/junit/platform/junit-platform-runner/1.0.0/junit-platform-runner-1.0.0.jar:/Users/lisaandritsch/.m2/repository/org/apiguardian/apiguardian-api/1.0.0/apiguardian-api-1.0.0.jar:/Users/lisaandritsch/.m2/repository/org/junit/platform/junit-platform-launcher/1.0.0/junit-platform-launcher-1.0.0.jar:/Users/lisaandritsch/.m2/repository/org/junit/platform/junit-platform-suite-api/1.0.0/junit-platform-suite-api-1.0.0.jar:/Users/lisaandritsch/.m2/repository/org/junit/platform/junit-platform-commons/1.0.0/junit-platform-commons-1.0.0.jar:/Users/lisaandritsch/.m2/repository/org/junit/vintage/junit-vintage-engine/4.12.0/junit-vintage-engine-4.12.0.jar:/Users/lisaandritsch/.m2/repository/org/junit/platform/junit-platform-engine/1.0.0/junit-platform-engine-1.0.0.jar:/Users/lisaandritsch/.m2/repository/org/opentest4j/opentest4j/1.0.0/opentest4j-1.0.0.jar:/Users/lisaandritsch/.m2/repository/org/junit/jupiter/junit-jupiter-engine/5.0.0/junit-jupiter-engine-5.0.0.jar:/Users/lisaandritsch/.m2/repository/org/junit/jupiter/junit-jupiter-api/5.0.0/junit-jupiter-api-5.0.0.jar:/Users/lisaandritsch/.m2/repository/org/hibernate/hibernate-core/5.4.4.Final/hibernate-core-5.4.4.Final.jar:/Users/lisaandritsch/.m2/repository/org/jboss/logging/jboss-logging/3.3.2.Final/jboss-logging-3.3.2.Final.jar:/Users/lisaandritsch/.m2/repository/javax/persistence/javax.persistence-api/2.2/javax.persistence-api-2.2.jar:/Users/lisaandritsch/.m2/repository/org/javassist/javassist/3.24.0-GA/javassist-3.24.0-GA.jar:/Users/lisaandritsch/.m2/repository/net/bytebuddy/byte-buddy/1.9.11/byte-buddy-1.9.11.jar:/Users/lisaandritsch/.m2/repository/antlr/antlr/2.7.7/antlr-2.7.7.jar:/Users/lisaandritsch/.m2/repository/org/jboss/spec/javax/transaction/jboss-transaction-api_1.2_spec/1.1.1.Final/jboss-transaction-api_1.2_spec-1.1.1.Final.jar:/Users/lisaandritsch/.m2/repository/org/jboss/jandex/2.0.5.Final/jandex-2.0.5.Final.jar:/Users/lisaandritsch/.m2/repository/com/fasterxml/classmate/1.3.4/classmate-1.3.4.jar:/Users/lisaandritsch/.m2/repository/javax/activation/javax.activation-api/1.2.0/javax.activation-api-1.2.0.jar:/Users/lisaandritsch/.m2/repository/org/dom4j/dom4j/2.1.1/dom4j-2.1.1.jar:/Users/lisaandritsch/.m2/repository/org/hibernate/common/hibernate-commons-annotations/5.1.0.Final/hibernate-commons-annotations-5.1.0.Final.jar:/Users/lisaandritsch/.m2/repository/javax/xml/bind/jaxb-api/2.3.1/jaxb-api-2.3.1.jar:/Users/lisaandritsch/.m2/repository/org/glassfish/jaxb/jaxb-runtime/2.3.1/jaxb-runtime-2.3.1.jar:/Users/lisaandritsch/.m2/repository/org/glassfish/jaxb/txw2/2.3.1/txw2-2.3.1.jar:/Users/lisaandritsch/.m2/repository/com/sun/istack/istack-commons-runtime/3.0.7/istack-commons-runtime-3.0.7.jar:/Users/lisaandritsch/.m2/repository/org/jvnet/staxex/stax-ex/1.8/stax-ex-1.8.jar:/Users/lisaandritsch/.m2/repository/com/sun/xml/fastinfoset/FastInfoset/1.2.15/FastInfoset-1.2.15.jar:/Users/lisaandritsch/.m2/repository/org/hibernate/hibernate-c3p0/5.4.4.Final/hibernate-c3p0-5.4.4.Final.jar:/Users/lisaandritsch/.m2/repository/com/mchange/c3p0/0.9.5.3/c3p0-0.9.5.3.jar:/Users/lisaandritsch/.m2/repository/com/mchange/mchange-commons-java/0.2.15/mchange-commons-java-0.2.15.jar:/Users/lisaandritsch/.m2/repository/org/glassfish/jersey/core/jersey-client/2.29.1/jersey-client-2.29.1.jar:/Users/lisaandritsch/.m2/repository/jakarta/ws/rs/jakarta.ws.rs-api/2.1.6/jakarta.ws.rs-api-2.1.6.jar:/Users/lisaandritsch/.m2/repository/org/glassfish/jersey/core/jersey-common/2.29.1/jersey-common-2.29.1.jar:/Users/lisaandritsch/.m2/repository/jakarta/annotation/jakarta.annotation-api/1.3.5/jakarta.annotation-api-1.3.5.jar:/Users/lisaandritsch/.m2/repository/org/glassfish/hk2/osgi-resource-locator/1.0.3/osgi-resource-locator-1.0.3.jar:/Users/lisaandritsch/.m2/repository/com/sun/activation/jakarta.activation/1.2.1/jakarta.activation-1.2.1.jar:/Users/lisaandritsch/.m2/repository/org/glassfish/hk2/external/jakarta.inject/2.6.1/jakarta.inject-2.6.1.jar:/Users/lisaandritsch/.m2/repository/org/glassfish/jersey/inject/jersey-hk2/2.29.1/jersey-hk2-2.29.1.jar:/Users/lisaandritsch/.m2/repository/org/glassfish/hk2/hk2-locator/2.6.1/hk2-locator-2.6.1.jar:/Users/lisaandritsch/.m2/repository/org/glassfish/hk2/external/aopalliance-repackaged/2.6.1/aopalliance-repackaged-2.6.1.jar:/Users/lisaandritsch/.m2/repository/org/glassfish/hk2/hk2-api/2.6.1/hk2-api-2.6.1.jar:/Users/lisaandritsch/.m2/repository/org/glassfish/hk2/hk2-utils/2.6.1/hk2-utils-2.6.1.jar:/Users/lisaandritsch/.m2/repository/com/fasterxml/jackson/core/jackson-core/2.10.0/jackson-core-2.10.0.jar:/Users/lisaandritsch/.m2/repository/com/fasterxml/jackson/core/jackson-annotations/2.10.0/jackson-annotations-2.10.0.jar:/Users/lisaandritsch/.m2/repository/com/fasterxml/jackson/core/jackson-databind/2.10.0/jackson-databind-2.10.0.jar, java.vm.vendor=Oracle Corporation, sun.arch.data.model=64, idea.test.cyclic.buffer.size=1048576, java.vendor.url=https://openjdk.java.net/, user.timezone=America/Chicago, os.name=Mac OS X, java.vm.specification.version=11, sun.java.launcher=SUN_STANDARD, user.country=US, sun.boot.library.path=/Library/Java/JavaVirtualMachines/jdk-11.0.9.jdk/Contents/Home/lib, sun.java.command=com.intellij.rt.junit.JUnitStarter -ideVersion5 -junit5 persistence.UserGoalsDAOTest,getUserGoals, http.nonProxyHosts=local|*.local|169.254/16|*.169.254/16, jdk.debug=release, sun.cpu.endian=little, user.home=/Users/lisaandritsch, hibernate.c3p0.max_statements=50, user.language=en, java.specification.vendor=Oracle Corporation, java.version.date=2020-10-20, java.home=/Library/Java/JavaVirtualMachines/jdk-11.0.9.jdk/Contents/Home, file.separator=/, java.vm.compressedOopsMode=Zero based, line.separator=
, hibernate.c3p0.timeout=300, java.specification.name=Java Platform API Specification, java.vm.specification.vendor=Oracle Corporation, java.awt.graphicsenv=sun.awt.CGraphicsEnvironment, connection.password=1LoveBacon!, sun.management.compiler=HotSpot 64-Bit Tiered Compilers, ftp.nonProxyHosts=local|*.local|169.254/16|*.169.254/16, hibernate.c3p0.max_size=20, java.runtime.version=11.0.9+7-LTS, user.name=lisaandritsch, path.separator=:, hibernate.connection.username=****, os.version=10.15.4, java.runtime.name=Java(TM) SE Runtime Environment, hibernate.connection.url=jdbc:mysql://localhost:3306/test_mealBuilder, file.encoding=UTF-8, java.vm.name=Java HotSpot(TM) 64-Bit Server VM, java.vendor.version=18.9, hibernate.connection.driver_class=com.mysql.cj.jdbc.Driver, java.vendor.url.bug=https://bugreport.java.com/bugreport/, java.io.tmpdir=/var/folders/t1/cf3c018n3358k026jslb5qb00000gn/T/, java.version=11.0.9, user.dir=/Users/lisaandritsch/Desktop/Java/MealAndGroceryBuilder, os.arch=x86_64, connection.username=root, java.vm.specification.name=Java Virtual Machine Specification, java.awt.printerjob=sun.lwawt.macosx.CPrinterJob, hibernate.connection.password=****, sun.os.patch.level=unknown, connection.driver_class=com.mysql.cj.jdbc.Driver, hibernate.boot.CfgXmlAccessService.key=org.hibernate.boot.cfgxml.spi.LoadedConfig@314b9e4b, java.library.path=/Users/lisaandritsch/Library/Java/Extensions:/Library/Java/Extensions:/Network/Library/Java/Extensions:/System/Library/Java/Extensions:/usr/lib/java:., java.vendor=Oracle Corporation, java.vm.info=mixed mode, java.vm.version=11.0.9+7-LTS, hibernate.bytecode.use_reflection_optimizer=false, sun.io.unicode.encoding=UnicodeBig, connection.url=jdbc:mysql://localhost:3306/test_mealBuilder, socksNonProxyHosts=local|*.local|169.254/16|*.169.254/16, java.class.version=55.0}
[DEBUG] 2021-04-14 10:32:49.970 [main] TypeSafeActivator - Unable to acquire Bean Validation ValidatorFactory, skipping activation
[DEBUG] 2021-04-14 10:32:49.970 [main] JaccIntegrator - Skipping JACC integration as it was not enabled
[DEBUG] 2021-04-14 10:32:49.971 [main] SessionFactoryImpl - Instantiated session factory
[DEBUG] 2021-04-14 10:32:49.971 [main] TypeConfiguration$Scope - Scoping TypeConfiguration [org.hibernate.type.spi.TypeConfiguration@554f0dfb] to SessionFactoryImpl [org.hibernate.internal.SessionFactoryImpl@7b477141]
[DEBUG] 2021-04-14 10:32:50.059 [main] ClassLoaderAccessImpl - Not known whether passed class name [entity.Recipes] is safe
[DEBUG] 2021-04-14 10:32:50.059 [main] ClassLoaderAccessImpl - No temp ClassLoader provided; using live ClassLoader for loading potentially unsafe class : entity.Recipes
[DEBUG] 2021-04-14 10:32:50.099 [main] ClassLoaderAccessImpl - Not known whether passed class name [entity.Recipes] is safe
[DEBUG] 2021-04-14 10:32:50.099 [main] ClassLoaderAccessImpl - No temp ClassLoader provided; using live ClassLoader for loading potentially unsafe class : entity.Recipes
[DEBUG] 2021-04-14 10:32:50.616 [main] ClassLoaderAccessImpl - Not known whether passed class name [entity.Users] is safe
[DEBUG] 2021-04-14 10:32:50.616 [main] ClassLoaderAccessImpl - No temp ClassLoader provided; using live ClassLoader for loading potentially unsafe class : entity.Users
[DEBUG] 2021-04-14 10:32:50.617 [main] ClassLoaderAccessImpl - Not known whether passed class name [entity.Users] is safe
[DEBUG] 2021-04-14 10:32:50.617 [main] ClassLoaderAccessImpl - No temp ClassLoader provided; using live ClassLoader for loading potentially unsafe class : entity.Users
[DEBUG] 2021-04-14 10:32:50.655 [main] AbstractCollectionPersister - Static SQL for collection: entity.Users.recipes
[DEBUG] 2021-04-14 10:32:50.655 [main] AbstractCollectionPersister -  Row insert: update Recipes set Users_id=? where recipe_id=?
[DEBUG] 2021-04-14 10:32:50.655 [main] AbstractCollectionPersister -  Row update: update Recipes set  where recipe_id=?
[DEBUG] 2021-04-14 10:32:50.655 [main] AbstractCollectionPersister -  Row delete: update Recipes set Users_id=null where Users_id=? and recipe_id=?
[DEBUG] 2021-04-14 10:32:50.655 [main] AbstractCollectionPersister -  One-shot delete: update Recipes set Users_id=null where Users_id=?
[DEBUG] 2021-04-14 10:32:50.664 [main] AbstractEntityPersister - Static SQL for entity: entity.Recipes
[DEBUG] 2021-04-14 10:32:50.664 [main] AbstractEntityPersister -  Version select: select recipe_id from Recipes where recipe_id =?
[DEBUG] 2021-04-14 10:32:50.664 [main] AbstractEntityPersister -  Snapshot select: select recipes_.recipe_id, recipes_.public_recipe as public_r2_0_, recipes_.recipe_name as recipe_n3_0_, recipes_.Users_id as Users_id4_0_ from Recipes recipes_ where recipes_.recipe_id=?
[DEBUG] 2021-04-14 10:32:50.664 [main] AbstractEntityPersister -  Insert 0: insert into Recipes (public_recipe, recipe_name, Users_id, recipe_id) values (?, ?, ?, ?)
[DEBUG] 2021-04-14 10:32:50.664 [main] AbstractEntityPersister -  Update 0: update Recipes set public_recipe=?, recipe_name=?, Users_id=? where recipe_id=?
[DEBUG] 2021-04-14 10:32:50.664 [main] AbstractEntityPersister -  Delete 0: delete from Recipes where recipe_id=?
[DEBUG] 2021-04-14 10:32:50.664 [main] AbstractEntityPersister -  Identity insert: insert into Recipes (public_recipe, recipe_name, Users_id) values (?, ?, ?)
[DEBUG] 2021-04-14 10:32:50.732 [main] QuerySpacesImpl - Adding QuerySpace : uid = <gen:0> -> org.hibernate.loader.plan.build.internal.spaces.EntityQuerySpaceImpl@79afa369]
[DEBUG] 2021-04-14 10:32:50.733 [main] MetamodelGraphWalker - Visiting attribute path : public_recipe
[DEBUG] 2021-04-14 10:32:50.733 [main] MetamodelGraphWalker - Visiting attribute path : recipe_name
[DEBUG] 2021-04-14 10:32:50.733 [main] MetamodelGraphWalker - Visiting attribute path : user
[DEBUG] 2021-04-14 10:32:50.740 [main] QuerySpacesImpl - Adding QuerySpace : uid = <gen:1> -> org.hibernate.loader.plan.build.internal.spaces.EntityQuerySpaceImpl@2a87ba34]
[DEBUG] 2021-04-14 10:32:50.743 [main] MetamodelGraphWalker - Visiting attribute path : user.password
[DEBUG] 2021-04-14 10:32:50.744 [main] MetamodelGraphWalker - Visiting attribute path : user.recipes
[DEBUG] 2021-04-14 10:32:50.744 [main] MetamodelGraphWalker - Property path deemed to be circular : user.recipes
[DEBUG] 2021-04-14 10:32:50.744 [main] MetamodelGraphWalker - Visiting attribute path : user.username
[DEBUG] 2021-04-14 10:32:50.745 [main] FetchStyleLoadPlanBuildingAssociationVisitationStrategy - Building LoadPlan...
[DEBUG] 2021-04-14 10:32:50.777 [main] LoadQueryJoinAndFetchProcessor - processing queryspace <gen:0>
[DEBUG] 2021-04-14 10:32:50.782 [main] LoadPlanTreePrinter - LoadPlan(entity=entity.Recipes)
    - Returns
       - EntityReturnImpl(entity=entity.Recipes, querySpaceUid=<gen:0>, path=entity.Recipes)
          - EntityAttributeFetchImpl(entity=entity.Users, querySpaceUid=<gen:1>, path=entity.Recipes.user)
    - QuerySpaces
       - EntityQuerySpaceImpl(uid=<gen:0>, entity=entity.Recipes)
          - SQL table alias mapping - recipes0_
          - alias suffix - 0_
          - suffixed key columns - {recipe_i1_0_0_}
          - JOIN (JoinDefinedByMetadata(user)) : <gen:0> -> <gen:1>
             - EntityQuerySpaceImpl(uid=<gen:1>, entity=entity.Users)
                - SQL table alias mapping - users1_
                - alias suffix - 1_
                - suffixed key columns - {id1_1_1_}

[DEBUG] 2021-04-14 10:32:50.785 [main] EntityLoader - Static select for entity entity.Recipes [NONE]: select recipes0_.recipe_id as recipe_i1_0_0_, recipes0_.public_recipe as public_r2_0_0_, recipes0_.recipe_name as recipe_n3_0_0_, recipes0_.Users_id as Users_id4_0_0_, users1_.id as id1_1_1_, users1_.password as password2_1_1_, users1_.username as username3_1_1_ from Recipes recipes0_ left outer join Users users1_ on recipes0_.Users_id=users1_.id where recipes0_.recipe_id=?
[DEBUG] 2021-04-14 10:32:50.785 [main] QuerySpacesImpl - Adding QuerySpace : uid = <gen:0> -> org.hibernate.loader.plan.build.internal.spaces.EntityQuerySpaceImpl@35787726]
[DEBUG] 2021-04-14 10:32:50.786 [main] MetamodelGraphWalker - Visiting attribute path : public_recipe
[DEBUG] 2021-04-14 10:32:50.786 [main] MetamodelGraphWalker - Visiting attribute path : recipe_name
[DEBUG] 2021-04-14 10:32:50.786 [main] MetamodelGraphWalker - Visiting attribute path : user
[DEBUG] 2021-04-14 10:32:50.786 [main] QuerySpacesImpl - Adding QuerySpace : uid = <gen:1> -> org.hibernate.loader.plan.build.internal.spaces.EntityQuerySpaceImpl@27976390]
[DEBUG] 2021-04-14 10:32:50.786 [main] MetamodelGraphWalker - Visiting attribute path : user.password
[DEBUG] 2021-04-14 10:32:50.786 [main] MetamodelGraphWalker - Visiting attribute path : user.recipes
[DEBUG] 2021-04-14 10:32:50.786 [main] MetamodelGraphWalker - Property path deemed to be circular : user.recipes
[DEBUG] 2021-04-14 10:32:50.786 [main] MetamodelGraphWalker - Visiting attribute path : user.username
[DEBUG] 2021-04-14 10:32:50.786 [main] FetchStyleLoadPlanBuildingAssociationVisitationStrategy - Building LoadPlan...
[DEBUG] 2021-04-14 10:32:50.787 [main] LoadQueryJoinAndFetchProcessor - processing queryspace <gen:0>
[DEBUG] 2021-04-14 10:32:50.787 [main] LoadPlanTreePrinter - LoadPlan(entity=entity.Recipes)
    - Returns
       - EntityReturnImpl(entity=entity.Recipes, querySpaceUid=<gen:0>, path=entity.Recipes)
          - EntityAttributeFetchImpl(entity=entity.Users, querySpaceUid=<gen:1>, path=entity.Recipes.user)
    - QuerySpaces
       - EntityQuerySpaceImpl(uid=<gen:0>, entity=entity.Recipes)
          - SQL table alias mapping - recipes0_
          - alias suffix - 0_
          - suffixed key columns - {recipe_i1_0_0_}
          - JOIN (JoinDefinedByMetadata(user)) : <gen:0> -> <gen:1>
             - EntityQuerySpaceImpl(uid=<gen:1>, entity=entity.Users)
                - SQL table alias mapping - users1_
                - alias suffix - 1_
                - suffixed key columns - {id1_1_1_}

[DEBUG] 2021-04-14 10:32:50.787 [main] EntityLoader - Static select for entity entity.Recipes [READ]: select recipes0_.recipe_id as recipe_i1_0_0_, recipes0_.public_recipe as public_r2_0_0_, recipes0_.recipe_name as recipe_n3_0_0_, recipes0_.Users_id as Users_id4_0_0_, users1_.id as id1_1_1_, users1_.password as password2_1_1_, users1_.username as username3_1_1_ from Recipes recipes0_ left outer join Users users1_ on recipes0_.Users_id=users1_.id where recipes0_.recipe_id=?
[DEBUG] 2021-04-14 10:32:50.811 [main] Loader - Static select for action ACTION_MERGE on entity entity.Recipes: select recipes0_.recipe_id as recipe_i1_0_0_, recipes0_.public_recipe as public_r2_0_0_, recipes0_.recipe_name as recipe_n3_0_0_, recipes0_.Users_id as Users_id4_0_0_ from Recipes recipes0_ where recipes0_.recipe_id=?
[DEBUG] 2021-04-14 10:32:50.812 [main] Loader - Static select for action ACTION_REFRESH on entity entity.Recipes: select recipes0_.recipe_id as recipe_i1_0_0_, recipes0_.public_recipe as public_r2_0_0_, recipes0_.recipe_name as recipe_n3_0_0_, recipes0_.Users_id as Users_id4_0_0_ from Recipes recipes0_ where recipes0_.recipe_id=?
[DEBUG] 2021-04-14 10:32:50.812 [main] AbstractEntityPersister - Static SQL for entity: entity.Users
[DEBUG] 2021-04-14 10:32:50.812 [main] AbstractEntityPersister -  Version select: select id from Users where id =?
[DEBUG] 2021-04-14 10:32:50.812 [main] AbstractEntityPersister -  Snapshot select: select users_.id, users_.password as password2_1_, users_.username as username3_1_ from Users users_ where users_.id=?
[DEBUG] 2021-04-14 10:32:50.812 [main] AbstractEntityPersister -  Insert 0: insert into Users (password, username, id) values (?, ?, ?)
[DEBUG] 2021-04-14 10:32:50.812 [main] AbstractEntityPersister -  Update 0: update Users set password=?, username=? where id=?
[DEBUG] 2021-04-14 10:32:50.812 [main] AbstractEntityPersister -  Delete 0: delete from Users where id=?
[DEBUG] 2021-04-14 10:32:50.812 [main] AbstractEntityPersister -  Identity insert: insert into Users (password, username) values (?, ?)
[DEBUG] 2021-04-14 10:32:50.812 [main] QuerySpacesImpl - Adding QuerySpace : uid = <gen:0> -> org.hibernate.loader.plan.build.internal.spaces.EntityQuerySpaceImpl@54c425b1]
[DEBUG] 2021-04-14 10:32:50.812 [main] MetamodelGraphWalker - Visiting attribute path : password
[DEBUG] 2021-04-14 10:32:50.812 [main] MetamodelGraphWalker - Visiting attribute path : recipes
[DEBUG] 2021-04-14 10:32:50.813 [main] QuerySpacesImpl - Adding QuerySpace : uid = <gen:1> -> org.hibernate.loader.plan.build.internal.spaces.CollectionQuerySpaceImpl@1a7cb3a4]
[DEBUG] 2021-04-14 10:32:50.814 [main] QuerySpacesImpl - Adding QuerySpace : uid = <gen:2> -> org.hibernate.loader.plan.build.internal.spaces.EntityQuerySpaceImpl@12952aff]
[DEBUG] 2021-04-14 10:32:50.815 [main] MetamodelGraphWalker - Visiting attribute path : recipes.public_recipe
[DEBUG] 2021-04-14 10:32:50.815 [main] MetamodelGraphWalker - Visiting attribute path : recipes.recipe_name
[DEBUG] 2021-04-14 10:32:50.815 [main] MetamodelGraphWalker - Visiting attribute path : recipes.user
[DEBUG] 2021-04-14 10:32:50.815 [main] MetamodelGraphWalker - Property path deemed to be circular : recipes.user
[DEBUG] 2021-04-14 10:32:50.817 [main] MetamodelGraphWalker - Visiting attribute path : username
[DEBUG] 2021-04-14 10:32:50.817 [main] FetchStyleLoadPlanBuildingAssociationVisitationStrategy - Building LoadPlan...
[DEBUG] 2021-04-14 10:32:50.818 [main] LoadQueryJoinAndFetchProcessor - processing queryspace <gen:0>
[DEBUG] 2021-04-14 10:32:50.820 [main] LoadPlanTreePrinter - LoadPlan(entity=entity.Users)
    - Returns
       - EntityReturnImpl(entity=entity.Users, querySpaceUid=<gen:0>, path=entity.Users)
          - CollectionAttributeFetchImpl(collection=entity.Users.recipes, querySpaceUid=<gen:1>, path=entity.Users.recipes)
             - (collection element) CollectionFetchableElementEntityGraph(entity=entity.Recipes, querySpaceUid=<gen:2>, path=entity.Users.recipes.<elements>)
    - QuerySpaces
       - EntityQuerySpaceImpl(uid=<gen:0>, entity=entity.Users)
          - SQL table alias mapping - users0_
          - alias suffix - 0_
          - suffixed key columns - {id1_1_0_}
          - JOIN (JoinDefinedByMetadata(recipes)) : <gen:0> -> <gen:1>
             - CollectionQuerySpaceImpl(uid=<gen:1>, collection=entity.Users.recipes)
                - SQL table alias mapping - recipes1_
                - alias suffix - 1_
                - suffixed key columns - {Users_id4_0_1_}
                - entity-element alias suffix - 2_
                - 2_entity-element suffixed key columns - recipe_i1_0_2_
                - JOIN (JoinDefinedByMetadata(elements)) : <gen:1> -> <gen:2>
                   - EntityQuerySpaceImpl(uid=<gen:2>, entity=entity.Recipes)
                      - SQL table alias mapping - recipes1_
                      - alias suffix - 2_
                      - suffixed key columns - {recipe_i1_0_2_}

[DEBUG] 2021-04-14 10:32:50.821 [main] EntityLoader - Static select for entity entity.Users [NONE]: select users0_.id as id1_1_0_, users0_.password as password2_1_0_, users0_.username as username3_1_0_, recipes1_.Users_id as Users_id4_0_1_, recipes1_.recipe_id as recipe_i1_0_1_, recipes1_.recipe_id as recipe_i1_0_2_, recipes1_.public_recipe as public_r2_0_2_, recipes1_.recipe_name as recipe_n3_0_2_, recipes1_.Users_id as Users_id4_0_2_ from Users users0_ left outer join Recipes recipes1_ on users0_.id=recipes1_.Users_id where users0_.id=?
[DEBUG] 2021-04-14 10:32:50.821 [main] QuerySpacesImpl - Adding QuerySpace : uid = <gen:0> -> org.hibernate.loader.plan.build.internal.spaces.EntityQuerySpaceImpl@4cffd3fd]
[DEBUG] 2021-04-14 10:32:50.821 [main] MetamodelGraphWalker - Visiting attribute path : password
[DEBUG] 2021-04-14 10:32:50.821 [main] MetamodelGraphWalker - Visiting attribute path : recipes
[DEBUG] 2021-04-14 10:32:50.821 [main] QuerySpacesImpl - Adding QuerySpace : uid = <gen:1> -> org.hibernate.loader.plan.build.internal.spaces.CollectionQuerySpaceImpl@1142d377]
[DEBUG] 2021-04-14 10:32:50.821 [main] QuerySpacesImpl - Adding QuerySpace : uid = <gen:2> -> org.hibernate.loader.plan.build.internal.spaces.EntityQuerySpaceImpl@5c48b72c]
[DEBUG] 2021-04-14 10:32:50.821 [main] MetamodelGraphWalker - Visiting attribute path : recipes.public_recipe
[DEBUG] 2021-04-14 10:32:50.821 [main] MetamodelGraphWalker - Visiting attribute path : recipes.recipe_name
[DEBUG] 2021-04-14 10:32:50.821 [main] MetamodelGraphWalker - Visiting attribute path : recipes.user
[DEBUG] 2021-04-14 10:32:50.821 [main] MetamodelGraphWalker - Property path deemed to be circular : recipes.user
[DEBUG] 2021-04-14 10:32:50.822 [main] MetamodelGraphWalker - Visiting attribute path : username
[DEBUG] 2021-04-14 10:32:50.822 [main] FetchStyleLoadPlanBuildingAssociationVisitationStrategy - Building LoadPlan...
[DEBUG] 2021-04-14 10:32:50.822 [main] LoadQueryJoinAndFetchProcessor - processing queryspace <gen:0>
[DEBUG] 2021-04-14 10:32:50.823 [main] LoadPlanTreePrinter - LoadPlan(entity=entity.Users)
    - Returns
       - EntityReturnImpl(entity=entity.Users, querySpaceUid=<gen:0>, path=entity.Users)
          - CollectionAttributeFetchImpl(collection=entity.Users.recipes, querySpaceUid=<gen:1>, path=entity.Users.recipes)
             - (collection element) CollectionFetchableElementEntityGraph(entity=entity.Recipes, querySpaceUid=<gen:2>, path=entity.Users.recipes.<elements>)
    - QuerySpaces
       - EntityQuerySpaceImpl(uid=<gen:0>, entity=entity.Users)
          - SQL table alias mapping - users0_
          - alias suffix - 0_
          - suffixed key columns - {id1_1_0_}
          - JOIN (JoinDefinedByMetadata(recipes)) : <gen:0> -> <gen:1>
             - CollectionQuerySpaceImpl(uid=<gen:1>, collection=entity.Users.recipes)
                - SQL table alias mapping - recipes1_
                - alias suffix - 1_
                - suffixed key columns - {Users_id4_0_1_}
                - entity-element alias suffix - 2_
                - 2_entity-element suffixed key columns - recipe_i1_0_2_
                - JOIN (JoinDefinedByMetadata(elements)) : <gen:1> -> <gen:2>
                   - EntityQuerySpaceImpl(uid=<gen:2>, entity=entity.Recipes)
                      - SQL table alias mapping - recipes1_
                      - alias suffix - 2_
                      - suffixed key columns - {recipe_i1_0_2_}

[DEBUG] 2021-04-14 10:32:50.823 [main] EntityLoader - Static select for entity entity.Users [READ]: select users0_.id as id1_1_0_, users0_.password as password2_1_0_, users0_.username as username3_1_0_, recipes1_.Users_id as Users_id4_0_1_, recipes1_.recipe_id as recipe_i1_0_1_, recipes1_.recipe_id as recipe_i1_0_2_, recipes1_.public_recipe as public_r2_0_2_, recipes1_.recipe_name as recipe_n3_0_2_, recipes1_.Users_id as Users_id4_0_2_ from Users users0_ left outer join Recipes recipes1_ on users0_.id=recipes1_.Users_id where users0_.id=?
[DEBUG] 2021-04-14 10:32:50.824 [main] Loader - Static select for action ACTION_MERGE on entity entity.Users: select users0_.id as id1_1_1_, users0_.password as password2_1_1_, users0_.username as username3_1_1_, recipes1_.Users_id as Users_id4_0_3_, recipes1_.recipe_id as recipe_i1_0_3_, recipes1_.recipe_id as recipe_i1_0_0_, recipes1_.public_recipe as public_r2_0_0_, recipes1_.recipe_name as recipe_n3_0_0_, recipes1_.Users_id as Users_id4_0_0_ from Users users0_ left outer join Recipes recipes1_ on users0_.id=recipes1_.Users_id where users0_.id=?
[DEBUG] 2021-04-14 10:32:50.825 [main] Loader - Static select for action ACTION_REFRESH on entity entity.Users: select users0_.id as id1_1_1_, users0_.password as password2_1_1_, users0_.username as username3_1_1_, recipes1_.Users_id as Users_id4_0_3_, recipes1_.recipe_id as recipe_i1_0_3_, recipes1_.recipe_id as recipe_i1_0_0_, recipes1_.public_recipe as public_r2_0_0_, recipes1_.recipe_name as recipe_n3_0_0_, recipes1_.Users_id as Users_id4_0_0_ from Users users0_ left outer join Recipes recipes1_ on users0_.id=recipes1_.Users_id where users0_.id=?
[DEBUG] 2021-04-14 10:32:50.831 [main] QuerySpacesImpl - Adding QuerySpace : uid = <gen:0> -> org.hibernate.loader.plan.build.internal.spaces.CollectionQuerySpaceImpl@6a55594b]
[DEBUG] 2021-04-14 10:32:50.831 [main] QuerySpacesImpl - Adding QuerySpace : uid = <gen:1> -> org.hibernate.loader.plan.build.internal.spaces.EntityQuerySpaceImpl@632b305d]
[DEBUG] 2021-04-14 10:32:50.831 [main] MetamodelGraphWalker - Visiting attribute path : public_recipe
[DEBUG] 2021-04-14 10:32:50.831 [main] MetamodelGraphWalker - Visiting attribute path : recipe_name
[DEBUG] 2021-04-14 10:32:50.831 [main] MetamodelGraphWalker - Visiting attribute path : user
[DEBUG] 2021-04-14 10:32:50.832 [main] MetamodelGraphWalker - Property path deemed to be circular : user
[DEBUG] 2021-04-14 10:32:50.832 [main] FetchStyleLoadPlanBuildingAssociationVisitationStrategy - Building LoadPlan...
[DEBUG] 2021-04-14 10:32:50.834 [main] LoadQueryJoinAndFetchProcessor - processing queryspace <gen:0>
[DEBUG] 2021-04-14 10:32:50.834 [main] LoadPlanTreePrinter - LoadPlan(collection=entity.Users.recipes)
    - Returns
       - CollectionReturnImpl(collection=entity.Users.recipes, querySpaceUid=<gen:0>, path=[entity.Users.recipes])
          - (collection element) CollectionFetchableElementEntityGraph(entity=entity.Recipes, querySpaceUid=<gen:1>, path=[entity.Users.recipes].<elements>)
    - QuerySpaces
       - CollectionQuerySpaceImpl(uid=<gen:0>, collection=entity.Users.recipes)
          - SQL table alias mapping - recipes0_
          - alias suffix - 0_
          - suffixed key columns - {Users_id4_0_0_}
          - entity-element alias suffix - 1_
          - 1_entity-element suffixed key columns - recipe_i1_0_1_
          - JOIN (JoinDefinedByMetadata(elements)) : <gen:0> -> <gen:1>
             - EntityQuerySpaceImpl(uid=<gen:1>, entity=entity.Recipes)
                - SQL table alias mapping - recipes0_
                - alias suffix - 1_
                - suffixed key columns - {recipe_i1_0_1_}

[DEBUG] 2021-04-14 10:32:50.835 [main] CollectionLoader - Static select for collection entity.Users.recipes: select recipes0_.Users_id as Users_id4_0_0_, recipes0_.recipe_id as recipe_i1_0_0_, recipes0_.recipe_id as recipe_i1_0_1_, recipes0_.public_recipe as public_r2_0_1_, recipes0_.recipe_name as recipe_n3_0_1_, recipes0_.Users_id as Users_id4_0_1_ from Recipes recipes0_ where recipes0_.Users_id=?
[DEBUG] 2021-04-14 10:32:50.891 [main] SchemaManagementToolCoordinator - No actions specified; doing nothing
[DEBUG] 2021-04-14 10:32:50.891 [main] JtaPlatformInitiator - No JtaPlatform was specified, checking resolver
[DEBUG] 2021-04-14 10:32:50.892 [main] JtaPlatformResolverInitiator - No JtaPlatformResolver was specified, using default [org.hibernate.engine.transaction.jta.platform.internal.StandardJtaPlatformResolver]
[DEBUG] 2021-04-14 10:32:50.901 [main] StandardJtaPlatformResolver - Could not resolve JtaPlatform, using default [org.hibernate.engine.transaction.jta.platform.internal.NoJtaPlatform]
[INFO ] 2021-04-14 10:32:50.901 [main] JtaPlatformInitiator - HHH000490: Using JtaPlatform implementation: [org.hibernate.engine.transaction.jta.platform.internal.NoJtaPlatform]
[DEBUG] 2021-04-14 10:32:50.903 [main] NamedQueryRepository - Checking 0 named HQL queries
[DEBUG] 2021-04-14 10:32:50.903 [main] NamedQueryRepository - Checking 0 named SQL queries
[DEBUG] 2021-04-14 10:32:50.907 [main] SessionFactoryRegistry - Initializing SessionFactoryRegistry : org.hibernate.internal.SessionFactoryRegistry@7a84788f
[DEBUG] 2021-04-14 10:32:50.910 [main] SessionFactoryRegistry - Registering SessionFactory: 0062f979-f1eb-4701-8a64-8ed8448ec3a6 (<unnamed>)
[DEBUG] 2021-04-14 10:32:50.910 [main] SessionFactoryRegistry - Not binding SessionFactory to JNDI, no JNDI name configured
[DEBUG] 2021-04-14 10:32:51.074 [main] StatisticsInitiator - Statistics initialized [enabled=false]
