[DEBUG] 2021-04-14 10:38:19.417 [main] IntegratorServiceImpl - Adding Integrator [org.hibernate.cfg.beanvalidation.BeanValidationIntegrator].
[DEBUG] 2021-04-14 10:38:19.438 [main] IntegratorServiceImpl - Adding Integrator [org.hibernate.secure.spi.JaccIntegrator].
[DEBUG] 2021-04-14 10:38:19.462 [main] IntegratorServiceImpl - Adding Integrator [org.hibernate.cache.internal.CollectionCacheInvalidator].
[INFO ] 2021-04-14 10:38:19.671 [main] Version - HHH000412: Hibernate Core {5.4.4.Final}
[DEBUG] 2021-04-14 10:38:19.675 [main] Environment - HHH000206: hibernate.properties not found
[DEBUG] 2021-04-14 10:38:20.160 [main] JaxbCfgProcessor - cfg.xml document did not define namespaces; wrapping in custom event reader to introduce namespace information
[DEBUG] 2021-04-14 10:38:20.725 [main] ServiceBinding - Overriding existing service binding [org.hibernate.secure.spi.JaccService]
[DEBUG] 2021-04-14 10:38:20.767 [main] RegionFactoryInitiator - Cannot default RegionFactory based on registered strategies as `[]` RegionFactory strategies were registered
[DEBUG] 2021-04-14 10:38:20.769 [main] RegionFactoryInitiator - Cache region factory : org.hibernate.cache.internal.NoCachingRegionFactory
[INFO ] 2021-04-14 10:38:20.818 [main] Version - HCANN000001: Hibernate Commons Annotations {5.1.0.Final}
[DEBUG] 2021-04-14 10:38:20.893 [main] BasicTypeRegistry - Adding type registration boolean -> org.hibernate.type.BooleanType@336365bc
[DEBUG] 2021-04-14 10:38:20.893 [main] BasicTypeRegistry - Adding type registration boolean -> org.hibernate.type.BooleanType@336365bc
[DEBUG] 2021-04-14 10:38:20.893 [main] BasicTypeRegistry - Adding type registration java.lang.Boolean -> org.hibernate.type.BooleanType@336365bc
[DEBUG] 2021-04-14 10:38:20.894 [main] BasicTypeRegistry - Adding type registration numeric_boolean -> org.hibernate.type.NumericBooleanType@5bb7643d
[DEBUG] 2021-04-14 10:38:20.894 [main] BasicTypeRegistry - Adding type registration true_false -> org.hibernate.type.TrueFalseType@5e268ce6
[DEBUG] 2021-04-14 10:38:20.896 [main] BasicTypeRegistry - Adding type registration yes_no -> org.hibernate.type.YesNoType@562457e1
[DEBUG] 2021-04-14 10:38:20.898 [main] BasicTypeRegistry - Adding type registration byte -> org.hibernate.type.ByteType@766a4535
[DEBUG] 2021-04-14 10:38:20.899 [main] BasicTypeRegistry - Adding type registration byte -> org.hibernate.type.ByteType@766a4535
[DEBUG] 2021-04-14 10:38:20.899 [main] BasicTypeRegistry - Adding type registration java.lang.Byte -> org.hibernate.type.ByteType@766a4535
[DEBUG] 2021-04-14 10:38:20.900 [main] BasicTypeRegistry - Adding type registration character -> org.hibernate.type.CharacterType@746b18fd
[DEBUG] 2021-04-14 10:38:20.900 [main] BasicTypeRegistry - Adding type registration char -> org.hibernate.type.CharacterType@746b18fd
[DEBUG] 2021-04-14 10:38:20.900 [main] BasicTypeRegistry - Adding type registration java.lang.Character -> org.hibernate.type.CharacterType@746b18fd
[DEBUG] 2021-04-14 10:38:20.902 [main] BasicTypeRegistry - Adding type registration short -> org.hibernate.type.ShortType@518cf84a
[DEBUG] 2021-04-14 10:38:20.902 [main] BasicTypeRegistry - Adding type registration short -> org.hibernate.type.ShortType@518cf84a
[DEBUG] 2021-04-14 10:38:20.902 [main] BasicTypeRegistry - Adding type registration java.lang.Short -> org.hibernate.type.ShortType@518cf84a
[DEBUG] 2021-04-14 10:38:20.903 [main] BasicTypeRegistry - Adding type registration integer -> org.hibernate.type.IntegerType@56f71edb
[DEBUG] 2021-04-14 10:38:20.904 [main] BasicTypeRegistry - Adding type registration int -> org.hibernate.type.IntegerType@56f71edb
[DEBUG] 2021-04-14 10:38:20.904 [main] BasicTypeRegistry - Adding type registration java.lang.Integer -> org.hibernate.type.IntegerType@56f71edb
[DEBUG] 2021-04-14 10:38:20.905 [main] BasicTypeRegistry - Adding type registration long -> org.hibernate.type.LongType@20095ab4
[DEBUG] 2021-04-14 10:38:20.905 [main] BasicTypeRegistry - Adding type registration long -> org.hibernate.type.LongType@20095ab4
[DEBUG] 2021-04-14 10:38:20.906 [main] BasicTypeRegistry - Adding type registration java.lang.Long -> org.hibernate.type.LongType@20095ab4
[DEBUG] 2021-04-14 10:38:20.907 [main] BasicTypeRegistry - Adding type registration float -> org.hibernate.type.FloatType@621f89b8
[DEBUG] 2021-04-14 10:38:20.907 [main] BasicTypeRegistry - Adding type registration float -> org.hibernate.type.FloatType@621f89b8
[DEBUG] 2021-04-14 10:38:20.907 [main] BasicTypeRegistry - Adding type registration java.lang.Float -> org.hibernate.type.FloatType@621f89b8
[DEBUG] 2021-04-14 10:38:20.908 [main] BasicTypeRegistry - Adding type registration double -> org.hibernate.type.DoubleType@4ed38226
[DEBUG] 2021-04-14 10:38:20.908 [main] BasicTypeRegistry - Adding type registration double -> org.hibernate.type.DoubleType@4ed38226
[DEBUG] 2021-04-14 10:38:20.908 [main] BasicTypeRegistry - Adding type registration java.lang.Double -> org.hibernate.type.DoubleType@4ed38226
[DEBUG] 2021-04-14 10:38:20.909 [main] BasicTypeRegistry - Adding type registration big_decimal -> org.hibernate.type.BigDecimalType@5f80fa43
[DEBUG] 2021-04-14 10:38:20.910 [main] BasicTypeRegistry - Adding type registration java.math.BigDecimal -> org.hibernate.type.BigDecimalType@5f80fa43
[DEBUG] 2021-04-14 10:38:20.911 [main] BasicTypeRegistry - Adding type registration big_integer -> org.hibernate.type.BigIntegerType@55ecbafe
[DEBUG] 2021-04-14 10:38:20.911 [main] BasicTypeRegistry - Adding type registration java.math.BigInteger -> org.hibernate.type.BigIntegerType@55ecbafe
[DEBUG] 2021-04-14 10:38:20.912 [main] BasicTypeRegistry - Adding type registration string -> org.hibernate.type.StringType@15bc339
[DEBUG] 2021-04-14 10:38:20.912 [main] BasicTypeRegistry - Adding type registration java.lang.String -> org.hibernate.type.StringType@15bc339
[DEBUG] 2021-04-14 10:38:20.913 [main] BasicTypeRegistry - Adding type registration nstring -> org.hibernate.type.StringNVarcharType@205b132e
[DEBUG] 2021-04-14 10:38:20.914 [main] BasicTypeRegistry - Adding type registration ncharacter -> org.hibernate.type.CharacterNCharType@9a2ec9b
[DEBUG] 2021-04-14 10:38:20.915 [main] BasicTypeRegistry - Adding type registration url -> org.hibernate.type.UrlType@6a84bc3f
[DEBUG] 2021-04-14 10:38:20.915 [main] BasicTypeRegistry - Adding type registration java.net.URL -> org.hibernate.type.UrlType@6a84bc3f
[DEBUG] 2021-04-14 10:38:20.916 [main] BasicTypeRegistry - Adding type registration Duration -> org.hibernate.type.DurationType@6e1d4137
[DEBUG] 2021-04-14 10:38:20.916 [main] BasicTypeRegistry - Adding type registration java.time.Duration -> org.hibernate.type.DurationType@6e1d4137
[DEBUG] 2021-04-14 10:38:20.928 [main] BasicTypeRegistry - Adding type registration Instant -> org.hibernate.type.InstantType@1d25c1c
[DEBUG] 2021-04-14 10:38:20.929 [main] BasicTypeRegistry - Adding type registration java.time.Instant -> org.hibernate.type.InstantType@1d25c1c
[DEBUG] 2021-04-14 10:38:20.931 [main] BasicTypeRegistry - Adding type registration LocalDateTime -> org.hibernate.type.LocalDateTimeType@9255c05
[DEBUG] 2021-04-14 10:38:20.931 [main] BasicTypeRegistry - Adding type registration java.time.LocalDateTime -> org.hibernate.type.LocalDateTimeType@9255c05
[DEBUG] 2021-04-14 10:38:20.933 [main] BasicTypeRegistry - Adding type registration LocalDate -> org.hibernate.type.LocalDateType@1931d99
[DEBUG] 2021-04-14 10:38:20.934 [main] BasicTypeRegistry - Adding type registration java.time.LocalDate -> org.hibernate.type.LocalDateType@1931d99
[DEBUG] 2021-04-14 10:38:20.935 [main] BasicTypeRegistry - Adding type registration LocalTime -> org.hibernate.type.LocalTimeType@6293e39e
[DEBUG] 2021-04-14 10:38:20.936 [main] BasicTypeRegistry - Adding type registration java.time.LocalTime -> org.hibernate.type.LocalTimeType@6293e39e
[DEBUG] 2021-04-14 10:38:20.937 [main] BasicTypeRegistry - Adding type registration OffsetDateTime -> org.hibernate.type.OffsetDateTimeType@29a69a35
[DEBUG] 2021-04-14 10:38:20.938 [main] BasicTypeRegistry - Adding type registration java.time.OffsetDateTime -> org.hibernate.type.OffsetDateTimeType@29a69a35
[DEBUG] 2021-04-14 10:38:20.939 [main] BasicTypeRegistry - Adding type registration OffsetTime -> org.hibernate.type.OffsetTimeType@4e904fd5
[DEBUG] 2021-04-14 10:38:20.940 [main] BasicTypeRegistry - Adding type registration java.time.OffsetTime -> org.hibernate.type.OffsetTimeType@4e904fd5
[DEBUG] 2021-04-14 10:38:20.942 [main] BasicTypeRegistry - Adding type registration ZonedDateTime -> org.hibernate.type.ZonedDateTimeType@486bc9a4
[DEBUG] 2021-04-14 10:38:20.942 [main] BasicTypeRegistry - Adding type registration java.time.ZonedDateTime -> org.hibernate.type.ZonedDateTimeType@486bc9a4
[DEBUG] 2021-04-14 10:38:20.944 [main] BasicTypeRegistry - Adding type registration date -> org.hibernate.type.DateType@33cbfa57
[DEBUG] 2021-04-14 10:38:20.944 [main] BasicTypeRegistry - Adding type registration java.sql.Date -> org.hibernate.type.DateType@33cbfa57
[DEBUG] 2021-04-14 10:38:20.945 [main] BasicTypeRegistry - Adding type registration time -> org.hibernate.type.TimeType@1dc2de84
[DEBUG] 2021-04-14 10:38:20.946 [main] BasicTypeRegistry - Adding type registration java.sql.Time -> org.hibernate.type.TimeType@1dc2de84
[DEBUG] 2021-04-14 10:38:20.947 [main] BasicTypeRegistry - Adding type registration timestamp -> org.hibernate.type.TimestampType@236134a1
[DEBUG] 2021-04-14 10:38:20.947 [main] BasicTypeRegistry - Adding type registration java.sql.Timestamp -> org.hibernate.type.TimestampType@236134a1
[DEBUG] 2021-04-14 10:38:20.947 [main] BasicTypeRegistry - Adding type registration java.util.Date -> org.hibernate.type.TimestampType@236134a1
[DEBUG] 2021-04-14 10:38:20.950 [main] BasicTypeRegistry - Adding type registration dbtimestamp -> org.hibernate.type.DbTimestampType@68dcfd52
[DEBUG] 2021-04-14 10:38:20.951 [main] BasicTypeRegistry - Adding type registration calendar -> org.hibernate.type.CalendarType@2c708440
[DEBUG] 2021-04-14 10:38:20.951 [main] BasicTypeRegistry - Adding type registration java.util.Calendar -> org.hibernate.type.CalendarType@2c708440
[DEBUG] 2021-04-14 10:38:20.951 [main] BasicTypeRegistry - Adding type registration java.util.GregorianCalendar -> org.hibernate.type.CalendarType@2c708440
[DEBUG] 2021-04-14 10:38:20.952 [main] BasicTypeRegistry - Adding type registration calendar_date -> org.hibernate.type.CalendarDateType@6f0cb5a1
[DEBUG] 2021-04-14 10:38:20.953 [main] BasicTypeRegistry - Adding type registration locale -> org.hibernate.type.LocaleType@12958360
[DEBUG] 2021-04-14 10:38:20.953 [main] BasicTypeRegistry - Adding type registration java.util.Locale -> org.hibernate.type.LocaleType@12958360
[DEBUG] 2021-04-14 10:38:20.954 [main] BasicTypeRegistry - Adding type registration currency -> org.hibernate.type.CurrencyType@66f659e6
[DEBUG] 2021-04-14 10:38:20.955 [main] BasicTypeRegistry - Adding type registration java.util.Currency -> org.hibernate.type.CurrencyType@66f659e6
[DEBUG] 2021-04-14 10:38:20.956 [main] BasicTypeRegistry - Adding type registration timezone -> org.hibernate.type.TimeZoneType@50a3d0f6
[DEBUG] 2021-04-14 10:38:20.956 [main] BasicTypeRegistry - Adding type registration java.util.TimeZone -> org.hibernate.type.TimeZoneType@50a3d0f6
[DEBUG] 2021-04-14 10:38:20.958 [main] BasicTypeRegistry - Adding type registration class -> org.hibernate.type.ClassType@35636217
[DEBUG] 2021-04-14 10:38:20.958 [main] BasicTypeRegistry - Adding type registration java.lang.Class -> org.hibernate.type.ClassType@35636217
[DEBUG] 2021-04-14 10:38:20.959 [main] BasicTypeRegistry - Adding type registration uuid-binary -> org.hibernate.type.UUIDBinaryType@36dfbdaf
[DEBUG] 2021-04-14 10:38:20.959 [main] BasicTypeRegistry - Adding type registration java.util.UUID -> org.hibernate.type.UUIDBinaryType@36dfbdaf
[DEBUG] 2021-04-14 10:38:20.960 [main] BasicTypeRegistry - Adding type registration uuid-char -> org.hibernate.type.UUIDCharType@1a28aef1
[DEBUG] 2021-04-14 10:38:20.961 [main] BasicTypeRegistry - Adding type registration binary -> org.hibernate.type.BinaryType@453d496b
[DEBUG] 2021-04-14 10:38:20.961 [main] BasicTypeRegistry - Adding type registration byte[] -> org.hibernate.type.BinaryType@453d496b
[DEBUG] 2021-04-14 10:38:20.962 [main] BasicTypeRegistry - Adding type registration [B -> org.hibernate.type.BinaryType@453d496b
[DEBUG] 2021-04-14 10:38:20.963 [main] BasicTypeRegistry - Adding type registration wrapper-binary -> org.hibernate.type.WrapperBinaryType@2a1debfa
[DEBUG] 2021-04-14 10:38:20.963 [main] BasicTypeRegistry - Adding type registration Byte[] -> org.hibernate.type.WrapperBinaryType@2a1debfa
[DEBUG] 2021-04-14 10:38:20.964 [main] BasicTypeRegistry - Adding type registration [Ljava.lang.Byte; -> org.hibernate.type.WrapperBinaryType@2a1debfa
[DEBUG] 2021-04-14 10:38:20.965 [main] BasicTypeRegistry - Adding type registration row_version -> org.hibernate.type.RowVersionType@b8e246c
[DEBUG] 2021-04-14 10:38:20.966 [main] BasicTypeRegistry - Adding type registration image -> org.hibernate.type.ImageType@3e1624c7
[DEBUG] 2021-04-14 10:38:20.967 [main] BasicTypeRegistry - Adding type registration characters -> org.hibernate.type.CharArrayType@2b56f5f8
[DEBUG] 2021-04-14 10:38:20.967 [main] BasicTypeRegistry - Adding type registration char[] -> org.hibernate.type.CharArrayType@2b56f5f8
[DEBUG] 2021-04-14 10:38:20.967 [main] BasicTypeRegistry - Adding type registration [C -> org.hibernate.type.CharArrayType@2b56f5f8
[DEBUG] 2021-04-14 10:38:20.968 [main] BasicTypeRegistry - Adding type registration wrapper-characters -> org.hibernate.type.CharacterArrayType@a20b94b
[DEBUG] 2021-04-14 10:38:20.968 [main] BasicTypeRegistry - Adding type registration [Ljava.lang.Character; -> org.hibernate.type.CharacterArrayType@a20b94b
[DEBUG] 2021-04-14 10:38:20.969 [main] BasicTypeRegistry - Adding type registration Character[] -> org.hibernate.type.CharacterArrayType@a20b94b
[DEBUG] 2021-04-14 10:38:20.969 [main] BasicTypeRegistry - Adding type registration text -> org.hibernate.type.TextType@33b082c5
[DEBUG] 2021-04-14 10:38:20.970 [main] BasicTypeRegistry - Adding type registration ntext -> org.hibernate.type.NTextType@3bead518
[DEBUG] 2021-04-14 10:38:20.971 [main] BasicTypeRegistry - Adding type registration blob -> org.hibernate.type.BlobType@2257fadf
[DEBUG] 2021-04-14 10:38:20.972 [main] BasicTypeRegistry - Adding type registration java.sql.Blob -> org.hibernate.type.BlobType@2257fadf
[DEBUG] 2021-04-14 10:38:20.972 [main] BasicTypeRegistry - Adding type registration materialized_blob -> org.hibernate.type.MaterializedBlobType@289fdb08
[DEBUG] 2021-04-14 10:38:20.973 [main] BasicTypeRegistry - Adding type registration clob -> org.hibernate.type.ClobType@7e2f86e6
[DEBUG] 2021-04-14 10:38:20.974 [main] BasicTypeRegistry - Adding type registration java.sql.Clob -> org.hibernate.type.ClobType@7e2f86e6
[DEBUG] 2021-04-14 10:38:20.976 [main] BasicTypeRegistry - Adding type registration nclob -> org.hibernate.type.NClobType@3cee53dc
[DEBUG] 2021-04-14 10:38:20.977 [main] BasicTypeRegistry - Adding type registration java.sql.NClob -> org.hibernate.type.NClobType@3cee53dc
[DEBUG] 2021-04-14 10:38:20.977 [main] BasicTypeRegistry - Adding type registration materialized_clob -> org.hibernate.type.MaterializedClobType@2764c546
[DEBUG] 2021-04-14 10:38:20.978 [main] BasicTypeRegistry - Adding type registration materialized_nclob -> org.hibernate.type.MaterializedNClobType@787f32b7
[DEBUG] 2021-04-14 10:38:20.979 [main] BasicTypeRegistry - Adding type registration serializable -> org.hibernate.type.SerializableType@314c8b4a
[DEBUG] 2021-04-14 10:38:20.985 [main] BasicTypeRegistry - Adding type registration object -> org.hibernate.type.ObjectType@4a05d8ae
[DEBUG] 2021-04-14 10:38:20.986 [main] BasicTypeRegistry - Adding type registration java.lang.Object -> org.hibernate.type.ObjectType@4a05d8ae
[DEBUG] 2021-04-14 10:38:20.987 [main] BasicTypeRegistry - Adding type registration imm_date -> org.hibernate.type.AdaptedImmutableType@6972c30a
[DEBUG] 2021-04-14 10:38:20.988 [main] BasicTypeRegistry - Adding type registration imm_time -> org.hibernate.type.AdaptedImmutableType@57a48985
[DEBUG] 2021-04-14 10:38:20.988 [main] BasicTypeRegistry - Adding type registration imm_timestamp -> org.hibernate.type.AdaptedImmutableType@1ab6718
[DEBUG] 2021-04-14 10:38:20.988 [main] BasicTypeRegistry - Adding type registration imm_dbtimestamp -> org.hibernate.type.AdaptedImmutableType@3910fe11
[DEBUG] 2021-04-14 10:38:20.988 [main] BasicTypeRegistry - Adding type registration imm_calendar -> org.hibernate.type.AdaptedImmutableType@460510aa
[DEBUG] 2021-04-14 10:38:20.988 [main] BasicTypeRegistry - Adding type registration imm_calendar_date -> org.hibernate.type.AdaptedImmutableType@351e414e
[DEBUG] 2021-04-14 10:38:20.989 [main] BasicTypeRegistry - Adding type registration imm_binary -> org.hibernate.type.AdaptedImmutableType@6fd77352
[DEBUG] 2021-04-14 10:38:20.989 [main] BasicTypeRegistry - Adding type registration imm_serializable -> org.hibernate.type.AdaptedImmutableType@5109e8cf
[DEBUG] 2021-04-14 10:38:21.037 [main] DefaultIdentifierGeneratorFactory - Registering IdentifierGenerator strategy [uuid2] -> [org.hibernate.id.UUIDGenerator]
[DEBUG] 2021-04-14 10:38:21.039 [main] DefaultIdentifierGeneratorFactory - Registering IdentifierGenerator strategy [guid] -> [org.hibernate.id.GUIDGenerator]
[DEBUG] 2021-04-14 10:38:21.040 [main] DefaultIdentifierGeneratorFactory - Registering IdentifierGenerator strategy [uuid] -> [org.hibernate.id.UUIDHexGenerator]
[DEBUG] 2021-04-14 10:38:21.040 [main] DefaultIdentifierGeneratorFactory - Registering IdentifierGenerator strategy [uuid.hex] -> [org.hibernate.id.UUIDHexGenerator]
[DEBUG] 2021-04-14 10:38:21.042 [main] DefaultIdentifierGeneratorFactory - Registering IdentifierGenerator strategy [assigned] -> [org.hibernate.id.Assigned]
[DEBUG] 2021-04-14 10:38:21.043 [main] DefaultIdentifierGeneratorFactory - Registering IdentifierGenerator strategy [identity] -> [org.hibernate.id.IdentityGenerator]
[DEBUG] 2021-04-14 10:38:21.043 [main] DefaultIdentifierGeneratorFactory - Registering IdentifierGenerator strategy [select] -> [org.hibernate.id.SelectGenerator]
[DEBUG] 2021-04-14 10:38:21.046 [main] DefaultIdentifierGeneratorFactory - Registering IdentifierGenerator strategy [sequence] -> [org.hibernate.id.enhanced.SequenceStyleGenerator]
[DEBUG] 2021-04-14 10:38:21.047 [main] DefaultIdentifierGeneratorFactory - Registering IdentifierGenerator strategy [seqhilo] -> [org.hibernate.id.SequenceHiLoGenerator]
[DEBUG] 2021-04-14 10:38:21.048 [main] DefaultIdentifierGeneratorFactory - Registering IdentifierGenerator strategy [increment] -> [org.hibernate.id.IncrementGenerator]
[DEBUG] 2021-04-14 10:38:21.048 [main] DefaultIdentifierGeneratorFactory - Registering IdentifierGenerator strategy [foreign] -> [org.hibernate.id.ForeignGenerator]
[DEBUG] 2021-04-14 10:38:21.049 [main] DefaultIdentifierGeneratorFactory - Registering IdentifierGenerator strategy [sequence-identity] -> [org.hibernate.id.SequenceIdentityGenerator]
[DEBUG] 2021-04-14 10:38:21.049 [main] DefaultIdentifierGeneratorFactory - Registering IdentifierGenerator strategy [enhanced-sequence] -> [org.hibernate.id.enhanced.SequenceStyleGenerator]
[DEBUG] 2021-04-14 10:38:21.051 [main] DefaultIdentifierGeneratorFactory - Registering IdentifierGenerator strategy [enhanced-table] -> [org.hibernate.id.enhanced.TableGenerator]
[INFO ] 2021-04-14 10:38:21.058 [main] C3P0ConnectionProvider - HHH010002: C3P0 using driver: com.mysql.cj.jdbc.Driver at URL: jdbc:mysql://localhost:3306/test_mealBuilder
[INFO ] 2021-04-14 10:38:21.058 [main] C3P0ConnectionProvider - HHH10001001: Connection properties: {password=****, user=root}
[INFO ] 2021-04-14 10:38:21.058 [main] C3P0ConnectionProvider - HHH10001003: Autocommit mode: false
[INFO ] 2021-04-14 10:38:21.317 [main] C3P0ConnectionProvider - HHH10001007: JDBC isolation level: <unknown>
[DEBUG] 2021-04-14 10:38:22.135 [main] JdbcEnvironmentInitiator - Database ->
       name : MySQL
    version : 8.0.22
      major : 8
      minor : 0
[DEBUG] 2021-04-14 10:38:22.136 [main] JdbcEnvironmentInitiator - Driver ->
       name : MySQL Connector/J
    version : mysql-connector-java-8.0.22 (Revision: d64b664fa93e81296a377de031b8123a67e6def2)
      major : 8
      minor : 0
[DEBUG] 2021-04-14 10:38:22.136 [main] JdbcEnvironmentInitiator - JDBC version : 4.2
[INFO ] 2021-04-14 10:38:22.189 [main] Dialect - HHH000400: Using dialect: org.hibernate.dialect.MySQL8Dialect
[DEBUG] 2021-04-14 10:38:22.214 [main] IdentifierHelperBuilder - JDBC driver metadata reported database stores quoted identifiers in more than one case
[DEBUG] 2021-04-14 10:38:22.256 [main] IdentifierHelperBuilder - IdentifierCaseStrategy for both quoted and unquoted identifiers was set to the same strategy [MIXED]; that will likely lead to problems in schema update and validation if using quoted identifiers
[DEBUG] 2021-04-14 10:38:22.307 [main] Namespace - Created database namespace [logicalName=Name{catalog=null, schema=null}, physicalName=Name{catalog=null, schema=null}]
[DEBUG] 2021-04-14 10:38:22.310 [main] TypeConfiguration$Scope - Scoping TypeConfiguration [org.hibernate.type.spi.TypeConfiguration@48528634] to MetadataBuildingContext [org.hibernate.boot.internal.MetadataBuildingContextRootImpl@5e1d03d7]
[DEBUG] 2021-04-14 10:38:22.406 [main] AnnotationBinder - Binding entity from annotated class: entity.Users
[DEBUG] 2021-04-14 10:38:22.447 [main] Ejb3Column - Binding column: Ejb3DiscriminatorColumn{logicalColumnName'DTYPE', discriminatorTypeName='string'}
[DEBUG] 2021-04-14 10:38:22.458 [main] EntityBinder - Import with entity name Users
[DEBUG] 2021-04-14 10:38:22.462 [main] EntityBinder - Bind entity entity.Users on table Users
[DEBUG] 2021-04-14 10:38:22.506 [main] Ejb3Column - Binding column: Ejb3Column{table=org.hibernate.mapping.Table(Users), mappingColumn=id, insertable=true, updatable=true, unique=false}
[DEBUG] 2021-04-14 10:38:22.512 [main] PropertyBinder - MetadataSourceProcessor property id with lazy=false
[DEBUG] 2021-04-14 10:38:22.515 [main] AbstractPropertyHolder - Attempting to locate auto-apply AttributeConverter for property [entity.Users:id]
[DEBUG] 2021-04-14 10:38:22.518 [main] SimpleValueBinder - building SimpleValue for id
[DEBUG] 2021-04-14 10:38:22.521 [main] PropertyBinder - Building property id
[DEBUG] 2021-04-14 10:38:22.525 [main] BinderHelper - #makeIdGenerator(org.hibernate.mapping.SimpleValue([org.hibernate.mapping.Column(id)]), id, org.hibernate.id.enhanced.SequenceStyleGenerator, native, ...)
[DEBUG] 2021-04-14 10:38:22.530 [main] Ejb3Column - Binding column: Ejb3Column{table=org.hibernate.mapping.Table(Users), mappingColumn=password, insertable=true, updatable=true, unique=false}
[DEBUG] 2021-04-14 10:38:22.531 [main] PropertyBinder - MetadataSourceProcessor property password with lazy=false
[DEBUG] 2021-04-14 10:38:22.531 [main] AbstractPropertyHolder - Attempting to locate auto-apply AttributeConverter for property [entity.Users:password]
[DEBUG] 2021-04-14 10:38:22.531 [main] SimpleValueBinder - building SimpleValue for password
[DEBUG] 2021-04-14 10:38:22.532 [main] PropertyBinder - Building property password
[DEBUG] 2021-04-14 10:38:22.534 [main] Ejb3Column - Binding column: Ejb3JoinColumn{logicalColumnName='Users_id', referencedColumn='', mappedBy=''}
[DEBUG] 2021-04-14 10:38:22.534 [main] Ejb3Column - Binding column: Ejb3Column{table=org.hibernate.mapping.Table(Users), mappingColumn=recipes, insertable=true, updatable=true, unique=false}
[DEBUG] 2021-04-14 10:38:22.537 [main] Ejb3Column - Binding column: Ejb3Column{table=org.hibernate.mapping.Table(Users), mappingColumn=null, insertable=true, updatable=true, unique=false}
[DEBUG] 2021-04-14 10:38:22.551 [main] Ejb3Column - Binding column: Ejb3Column{table=org.hibernate.mapping.Table(Users), mappingColumn=element, insertable=true, updatable=true, unique=false}
[DEBUG] 2021-04-14 10:38:22.555 [main] Ejb3Column - Binding column: Ejb3Column{table=org.hibernate.mapping.Table(Users), mappingColumn=recipes_KEY, insertable=true, updatable=true, unique=false}
[DEBUG] 2021-04-14 10:38:22.556 [main] Ejb3Column - Binding column: Ejb3JoinColumn{logicalColumnName='recipes_KEY', referencedColumn='null', mappedBy='null'}
[DEBUG] 2021-04-14 10:38:22.557 [main] Ejb3Column - Binding column: Ejb3JoinColumn{logicalColumnName='null', referencedColumn='null', mappedBy=''}
[DEBUG] 2021-04-14 10:38:22.558 [main] Ejb3Column - Binding column: Ejb3JoinColumn{logicalColumnName='null', referencedColumn='null', mappedBy=''}
[DEBUG] 2021-04-14 10:38:22.558 [main] CollectionBinder - Collection role: entity.Users.recipes
[DEBUG] 2021-04-14 10:38:22.562 [main] PropertyBinder - Building property recipes
[DEBUG] 2021-04-14 10:38:22.563 [main] Ejb3Column - Binding column: Ejb3Column{table=org.hibernate.mapping.Table(Users), mappingColumn=username, insertable=true, updatable=true, unique=false}
[DEBUG] 2021-04-14 10:38:22.563 [main] PropertyBinder - MetadataSourceProcessor property username with lazy=false
[DEBUG] 2021-04-14 10:38:22.563 [main] AbstractPropertyHolder - Attempting to locate auto-apply AttributeConverter for property [entity.Users:username]
[DEBUG] 2021-04-14 10:38:22.564 [main] SimpleValueBinder - building SimpleValue for username
[DEBUG] 2021-04-14 10:38:22.564 [main] PropertyBinder - Building property username
[DEBUG] 2021-04-14 10:38:22.566 [main] AnnotationBinder - Binding entity from annotated class: entity.Recipes
[DEBUG] 2021-04-14 10:38:22.566 [main] Ejb3Column - Binding column: Ejb3DiscriminatorColumn{logicalColumnName'DTYPE', discriminatorTypeName='string'}
[DEBUG] 2021-04-14 10:38:22.567 [main] EntityBinder - Import with entity name Recipes
[DEBUG] 2021-04-14 10:38:22.567 [main] EntityBinder - Bind entity entity.Recipes on table Recipes
[DEBUG] 2021-04-14 10:38:22.569 [main] Ejb3Column - Binding column: Ejb3Column{table=org.hibernate.mapping.Table(Recipes), mappingColumn=recipe_id, insertable=true, updatable=true, unique=false}
[DEBUG] 2021-04-14 10:38:22.569 [main] PropertyBinder - MetadataSourceProcessor property id with lazy=false
[DEBUG] 2021-04-14 10:38:22.570 [main] AbstractPropertyHolder - Attempting to locate auto-apply AttributeConverter for property [entity.Recipes:id]
[DEBUG] 2021-04-14 10:38:22.570 [main] SimpleValueBinder - building SimpleValue for id
[DEBUG] 2021-04-14 10:38:22.570 [main] PropertyBinder - Building property id
[DEBUG] 2021-04-14 10:38:22.570 [main] BinderHelper - #makeIdGenerator(org.hibernate.mapping.SimpleValue([org.hibernate.mapping.Column(recipe_id)]), id, org.hibernate.id.enhanced.SequenceStyleGenerator, native, ...)
[DEBUG] 2021-04-14 10:38:22.570 [main] Ejb3Column - Binding column: Ejb3Column{table=org.hibernate.mapping.Table(Recipes), mappingColumn=public_recipe, insertable=true, updatable=true, unique=false}
[DEBUG] 2021-04-14 10:38:22.570 [main] PropertyBinder - MetadataSourceProcessor property public_recipe with lazy=false
[DEBUG] 2021-04-14 10:38:22.571 [main] AbstractPropertyHolder - Attempting to locate auto-apply AttributeConverter for property [entity.Recipes:public_recipe]
[DEBUG] 2021-04-14 10:38:22.571 [main] SimpleValueBinder - building SimpleValue for public_recipe
[DEBUG] 2021-04-14 10:38:22.571 [main] PropertyBinder - Building property public_recipe
[DEBUG] 2021-04-14 10:38:22.571 [main] Ejb3Column - Binding column: Ejb3Column{table=org.hibernate.mapping.Table(Recipes), mappingColumn=recipe_name, insertable=true, updatable=true, unique=false}
[DEBUG] 2021-04-14 10:38:22.571 [main] PropertyBinder - MetadataSourceProcessor property recipe_name with lazy=false
[DEBUG] 2021-04-14 10:38:22.571 [main] AbstractPropertyHolder - Attempting to locate auto-apply AttributeConverter for property [entity.Recipes:recipe_name]
[DEBUG] 2021-04-14 10:38:22.571 [main] SimpleValueBinder - building SimpleValue for recipe_name
[DEBUG] 2021-04-14 10:38:22.572 [main] PropertyBinder - Building property recipe_name
[DEBUG] 2021-04-14 10:38:22.572 [main] Ejb3Column - Binding column: Ejb3JoinColumn{logicalColumnName='Users_id', referencedColumn='', mappedBy=''}
[DEBUG] 2021-04-14 10:38:22.572 [main] Ejb3Column - Binding column: Ejb3Column{table=org.hibernate.mapping.Table(Recipes), mappingColumn=user, insertable=true, updatable=true, unique=false}
[DEBUG] 2021-04-14 10:38:22.574 [main] PropertyBinder - Building property user
[DEBUG] 2021-04-14 10:38:22.576 [main] SimpleValueBinder - Starting fillSimpleValue for id
[DEBUG] 2021-04-14 10:38:22.576 [main] SimpleValueBinder - Starting fillSimpleValue for password
[DEBUG] 2021-04-14 10:38:22.576 [main] SimpleValueBinder - Starting fillSimpleValue for username
[DEBUG] 2021-04-14 10:38:22.576 [main] SimpleValueBinder - Starting fillSimpleValue for id
[DEBUG] 2021-04-14 10:38:22.576 [main] SimpleValueBinder - Starting fillSimpleValue for public_recipe
[DEBUG] 2021-04-14 10:38:22.576 [main] SimpleValueBinder - Starting fillSimpleValue for recipe_name
[DEBUG] 2021-04-14 10:38:22.581 [main] PrimaryKey - Forcing column [id] to be non-null as it is part of the primary key for table [users]
[DEBUG] 2021-04-14 10:38:22.582 [main] PrimaryKey - Forcing column [recipe_id] to be non-null as it is part of the primary key for table [recipes]
[DEBUG] 2021-04-14 10:38:22.582 [main] CollectionSecondPass - Second pass for collection: entity.Users.recipes
[DEBUG] 2021-04-14 10:38:22.582 [main] CollectionBinder - Binding a OneToMany: entity.Users.recipes through a foreign key
[DEBUG] 2021-04-14 10:38:22.583 [main] CollectionBinder - Mapping collection: entity.Users.recipes -> Recipes
[DEBUG] 2021-04-14 10:38:22.586 [main] CollectionSecondPass - Mapped collection key: Users_id, one-to-many: entity.Recipes
[DEBUG] 2021-04-14 10:38:22.586 [main] InFlightMetadataCollectorImpl - Resolving reference to class: entity.Users
[DEBUG] 2021-04-14 10:38:22.592 [main] InFlightMetadataCollectorImpl - Resolving reference to class: entity.Users
[DEBUG] 2021-04-14 10:38:22.656 [main] SessionFactoryImpl - Building session factory
[DEBUG] 2021-04-14 10:38:22.657 [main] Settings - SessionFactory name : null
[DEBUG] 2021-04-14 10:38:22.658 [main] Settings - Automatic flush during beforeCompletion(): enabled
[DEBUG] 2021-04-14 10:38:22.658 [main] Settings - Automatic session close at end of transaction: disabled
[DEBUG] 2021-04-14 10:38:22.658 [main] Settings - Statistics: disabled
[DEBUG] 2021-04-14 10:38:22.658 [main] Settings - Deleted entity synthetic identifier rollback: disabled
[DEBUG] 2021-04-14 10:38:22.658 [main] Settings - Default entity-mode: pojo
[DEBUG] 2021-04-14 10:38:22.658 [main] Settings - Check Nullability in Core (should be disabled when Bean Validation is on): enabled
[DEBUG] 2021-04-14 10:38:22.658 [main] Settings - Allow initialization of lazy state outside session : disabled
[DEBUG] 2021-04-14 10:38:22.658 [main] Settings - Using BatchFetchStyle : LEGACY
[DEBUG] 2021-04-14 10:38:22.658 [main] Settings - Default batch fetch size: -1
[DEBUG] 2021-04-14 10:38:22.658 [main] Settings - Maximum outer join fetch depth: 2
[DEBUG] 2021-04-14 10:38:22.658 [main] Settings - Default null ordering: NONE
[DEBUG] 2021-04-14 10:38:22.658 [main] Settings - Order SQL updates by primary key: disabled
[DEBUG] 2021-04-14 10:38:22.658 [main] Settings - Order SQL inserts for batching: disabled
[DEBUG] 2021-04-14 10:38:22.658 [main] Settings - multi-tenancy strategy : NONE
[DEBUG] 2021-04-14 10:38:22.658 [main] Settings - JTA Track by Thread: enabled
[DEBUG] 2021-04-14 10:38:22.658 [main] Settings - Query language substitutions: {}
[DEBUG] 2021-04-14 10:38:22.659 [main] Settings - Named query checking : enabled
[DEBUG] 2021-04-14 10:38:22.659 [main] Settings - Second-level cache: disabled
[DEBUG] 2021-04-14 10:38:22.659 [main] Settings - Second-level query cache: disabled
[DEBUG] 2021-04-14 10:38:22.659 [main] Settings - Second-level query cache factory: null
[DEBUG] 2021-04-14 10:38:22.659 [main] Settings - Second-level cache region prefix: null
[DEBUG] 2021-04-14 10:38:22.659 [main] Settings - Optimize second-level cache for minimal puts: disabled
[DEBUG] 2021-04-14 10:38:22.659 [main] Settings - Structured second-level cache entries: disabled
[DEBUG] 2021-04-14 10:38:22.659 [main] Settings - Second-level cache direct-reference entries: disabled
[DEBUG] 2021-04-14 10:38:22.659 [main] Settings - Automatic eviction of collection cache: disabled
[DEBUG] 2021-04-14 10:38:22.659 [main] Settings - JDBC batch size: 15
[DEBUG] 2021-04-14 10:38:22.659 [main] Settings - JDBC batch updates for versioned data: enabled
[DEBUG] 2021-04-14 10:38:22.659 [main] Settings - Scrollable result sets: enabled
[DEBUG] 2021-04-14 10:38:22.659 [main] Settings - Wrap result sets: disabled
[DEBUG] 2021-04-14 10:38:22.659 [main] Settings - JDBC3 getGeneratedKeys(): enabled
[DEBUG] 2021-04-14 10:38:22.659 [main] Settings - JDBC result set fetch size: null
[DEBUG] 2021-04-14 10:38:22.659 [main] Settings - Connection release mode: AFTER_TRANSACTION
[DEBUG] 2021-04-14 10:38:22.660 [main] Settings - Generate SQL with comments: disabled
[DEBUG] 2021-04-14 10:38:22.660 [main] Settings - JPA compliance - query : 
[DEBUG] 2021-04-14 10:38:22.660 [main] Settings - JPA compliance - closed-handling : 
[DEBUG] 2021-04-14 10:38:22.660 [main] Settings - JPA compliance - lists : 
[DEBUG] 2021-04-14 10:38:22.660 [main] Settings - JPA compliance - transactions : 
[INFO ] 2021-04-14 10:38:22.749 [main] beans - HHH10005002: No explicit CDI BeanManager reference was passed to Hibernate, but CDI is available on the Hibernate ClassLoader.
[DEBUG] 2021-04-14 10:38:22.778 [main] SessionFactoryImpl - Session factory constructed with filter configurations : {}
[DEBUG] 2021-04-14 10:38:22.778 [main] SessionFactoryImpl - Instantiating session factory with properties: {gopherProxySet=false, awt.toolkit=sun.lwawt.macosx.LWCToolkit, java.specification.version=11, sun.cpu.isalist=, hibernate.c3p0.idle_test_period=3000, sun.jnu.encoding=UTF-8, hibernate.c3p0.min_size=5, java.class.path=/Applications/IntelliJ IDEA.app/Contents/lib/idea_rt.jar:/Applications/IntelliJ IDEA.app/Contents/plugins/junit/lib/junit5-rt.jar:/Applications/IntelliJ IDEA.app/Contents/plugins/junit/lib/junit-rt.jar:/Users/lisaandritsch/Desktop/Java/MealAndGroceryBuilder/target/test-classes:/Users/lisaandritsch/Desktop/Java/MealAndGroceryBuilder/target/classes:/Users/lisaandritsch/.m2/repository/junit/junit/4.12/junit-4.12.jar:/Users/lisaandritsch/.m2/repository/org/hamcrest/hamcrest-core/1.3/hamcrest-core-1.3.jar:/Users/lisaandritsch/.m2/repository/javax/javaee-web-api/7.0/javaee-web-api-7.0.jar:/Users/lisaandritsch/.m2/repository/mysql/mysql-connector-java/8.0.22/mysql-connector-java-8.0.22.jar:/Users/lisaandritsch/.m2/repository/com/google/protobuf/protobuf-java/3.11.4/protobuf-java-3.11.4.jar:/Users/lisaandritsch/.m2/repository/javax/servlet/jsp/jstl/jstl-api/1.2/jstl-api-1.2.jar:/Users/lisaandritsch/.m2/repository/javax/servlet/servlet-api/2.5/servlet-api-2.5.jar:/Users/lisaandritsch/.m2/repository/javax/servlet/jsp/jsp-api/2.1/jsp-api-2.1.jar:/Users/lisaandritsch/.m2/repository/javax/servlet/jstl/1.2/jstl-1.2.jar:/Users/lisaandritsch/.m2/repository/taglibs/standard/1.1.2/standard-1.1.2.jar:/Users/lisaandritsch/.m2/repository/org/apache/logging/log4j/log4j-api/2.10.0/log4j-api-2.10.0.jar:/Users/lisaandritsch/.m2/repository/org/apache/logging/log4j/log4j-core/2.10.0/log4j-core-2.10.0.jar:/Users/lisaandritsch/.m2/repository/org/junit/platform/junit-platform-runner/1.0.0/junit-platform-runner-1.0.0.jar:/Users/lisaandritsch/.m2/repository/org/apiguardian/apiguardian-api/1.0.0/apiguardian-api-1.0.0.jar:/Users/lisaandritsch/.m2/repository/org/junit/platform/junit-platform-launcher/1.0.0/junit-platform-launcher-1.0.0.jar:/Users/lisaandritsch/.m2/repository/org/junit/platform/junit-platform-suite-api/1.0.0/junit-platform-suite-api-1.0.0.jar:/Users/lisaandritsch/.m2/repository/org/junit/platform/junit-platform-commons/1.0.0/junit-platform-commons-1.0.0.jar:/Users/lisaandritsch/.m2/repository/org/junit/vintage/junit-vintage-engine/4.12.0/junit-vintage-engine-4.12.0.jar:/Users/lisaandritsch/.m2/repository/org/junit/platform/junit-platform-engine/1.0.0/junit-platform-engine-1.0.0.jar:/Users/lisaandritsch/.m2/repository/org/opentest4j/opentest4j/1.0.0/opentest4j-1.0.0.jar:/Users/lisaandritsch/.m2/repository/org/junit/jupiter/junit-jupiter-engine/5.0.0/junit-jupiter-engine-5.0.0.jar:/Users/lisaandritsch/.m2/repository/org/junit/jupiter/junit-jupiter-api/5.0.0/junit-jupiter-api-5.0.0.jar:/Users/lisaandritsch/.m2/repository/org/hibernate/hibernate-core/5.4.4.Final/hibernate-core-5.4.4.Final.jar:/Users/lisaandritsch/.m2/repository/org/jboss/logging/jboss-logging/3.3.2.Final/jboss-logging-3.3.2.Final.jar:/Users/lisaandritsch/.m2/repository/javax/persistence/javax.persistence-api/2.2/javax.persistence-api-2.2.jar:/Users/lisaandritsch/.m2/repository/org/javassist/javassist/3.24.0-GA/javassist-3.24.0-GA.jar:/Users/lisaandritsch/.m2/repository/net/bytebuddy/byte-buddy/1.9.11/byte-buddy-1.9.11.jar:/Users/lisaandritsch/.m2/repository/antlr/antlr/2.7.7/antlr-2.7.7.jar:/Users/lisaandritsch/.m2/repository/org/jboss/spec/javax/transaction/jboss-transaction-api_1.2_spec/1.1.1.Final/jboss-transaction-api_1.2_spec-1.1.1.Final.jar:/Users/lisaandritsch/.m2/repository/org/jboss/jandex/2.0.5.Final/jandex-2.0.5.Final.jar:/Users/lisaandritsch/.m2/repository/com/fasterxml/classmate/1.3.4/classmate-1.3.4.jar:/Users/lisaandritsch/.m2/repository/javax/activation/javax.activation-api/1.2.0/javax.activation-api-1.2.0.jar:/Users/lisaandritsch/.m2/repository/org/dom4j/dom4j/2.1.1/dom4j-2.1.1.jar:/Users/lisaandritsch/.m2/repository/org/hibernate/common/hibernate-commons-annotations/5.1.0.Final/hibernate-commons-annotations-5.1.0.Final.jar:/Users/lisaandritsch/.m2/repository/javax/xml/bind/jaxb-api/2.3.1/jaxb-api-2.3.1.jar:/Users/lisaandritsch/.m2/repository/org/glassfish/jaxb/jaxb-runtime/2.3.1/jaxb-runtime-2.3.1.jar:/Users/lisaandritsch/.m2/repository/org/glassfish/jaxb/txw2/2.3.1/txw2-2.3.1.jar:/Users/lisaandritsch/.m2/repository/com/sun/istack/istack-commons-runtime/3.0.7/istack-commons-runtime-3.0.7.jar:/Users/lisaandritsch/.m2/repository/org/jvnet/staxex/stax-ex/1.8/stax-ex-1.8.jar:/Users/lisaandritsch/.m2/repository/com/sun/xml/fastinfoset/FastInfoset/1.2.15/FastInfoset-1.2.15.jar:/Users/lisaandritsch/.m2/repository/org/hibernate/hibernate-c3p0/5.4.4.Final/hibernate-c3p0-5.4.4.Final.jar:/Users/lisaandritsch/.m2/repository/com/mchange/c3p0/0.9.5.3/c3p0-0.9.5.3.jar:/Users/lisaandritsch/.m2/repository/com/mchange/mchange-commons-java/0.2.15/mchange-commons-java-0.2.15.jar:/Users/lisaandritsch/.m2/repository/org/glassfish/jersey/core/jersey-client/2.29.1/jersey-client-2.29.1.jar:/Users/lisaandritsch/.m2/repository/jakarta/ws/rs/jakarta.ws.rs-api/2.1.6/jakarta.ws.rs-api-2.1.6.jar:/Users/lisaandritsch/.m2/repository/org/glassfish/jersey/core/jersey-common/2.29.1/jersey-common-2.29.1.jar:/Users/lisaandritsch/.m2/repository/jakarta/annotation/jakarta.annotation-api/1.3.5/jakarta.annotation-api-1.3.5.jar:/Users/lisaandritsch/.m2/repository/org/glassfish/hk2/osgi-resource-locator/1.0.3/osgi-resource-locator-1.0.3.jar:/Users/lisaandritsch/.m2/repository/com/sun/activation/jakarta.activation/1.2.1/jakarta.activation-1.2.1.jar:/Users/lisaandritsch/.m2/repository/org/glassfish/hk2/external/jakarta.inject/2.6.1/jakarta.inject-2.6.1.jar:/Users/lisaandritsch/.m2/repository/org/glassfish/jersey/inject/jersey-hk2/2.29.1/jersey-hk2-2.29.1.jar:/Users/lisaandritsch/.m2/repository/org/glassfish/hk2/hk2-locator/2.6.1/hk2-locator-2.6.1.jar:/Users/lisaandritsch/.m2/repository/org/glassfish/hk2/external/aopalliance-repackaged/2.6.1/aopalliance-repackaged-2.6.1.jar:/Users/lisaandritsch/.m2/repository/org/glassfish/hk2/hk2-api/2.6.1/hk2-api-2.6.1.jar:/Users/lisaandritsch/.m2/repository/org/glassfish/hk2/hk2-utils/2.6.1/hk2-utils-2.6.1.jar:/Users/lisaandritsch/.m2/repository/com/fasterxml/jackson/core/jackson-core/2.10.0/jackson-core-2.10.0.jar:/Users/lisaandritsch/.m2/repository/com/fasterxml/jackson/core/jackson-annotations/2.10.0/jackson-annotations-2.10.0.jar:/Users/lisaandritsch/.m2/repository/com/fasterxml/jackson/core/jackson-databind/2.10.0/jackson-databind-2.10.0.jar, java.vm.vendor=Oracle Corporation, sun.arch.data.model=64, idea.test.cyclic.buffer.size=1048576, java.vendor.url=https://openjdk.java.net/, user.timezone=America/Chicago, os.name=Mac OS X, java.vm.specification.version=11, sun.java.launcher=SUN_STANDARD, user.country=US, sun.boot.library.path=/Library/Java/JavaVirtualMachines/jdk-11.0.9.jdk/Contents/Home/lib, sun.java.command=com.intellij.rt.junit.JUnitStarter -ideVersion5 -junit5 persistence.UserGoalsDAOTest,getUserGoals, http.nonProxyHosts=local|*.local|169.254/16|*.169.254/16, jdk.debug=release, sun.cpu.endian=little, user.home=/Users/lisaandritsch, hibernate.c3p0.max_statements=50, user.language=en, java.specification.vendor=Oracle Corporation, java.version.date=2020-10-20, java.home=/Library/Java/JavaVirtualMachines/jdk-11.0.9.jdk/Contents/Home, file.separator=/, java.vm.compressedOopsMode=Zero based, line.separator=
, hibernate.c3p0.timeout=300, java.specification.name=Java Platform API Specification, java.vm.specification.vendor=Oracle Corporation, java.awt.graphicsenv=sun.awt.CGraphicsEnvironment, connection.password=1LoveBacon!, sun.management.compiler=HotSpot 64-Bit Tiered Compilers, ftp.nonProxyHosts=local|*.local|169.254/16|*.169.254/16, hibernate.c3p0.max_size=20, java.runtime.version=11.0.9+7-LTS, user.name=lisaandritsch, path.separator=:, hibernate.connection.username=****, os.version=10.15.4, java.runtime.name=Java(TM) SE Runtime Environment, hibernate.connection.url=jdbc:mysql://localhost:3306/test_mealBuilder, file.encoding=UTF-8, java.vm.name=Java HotSpot(TM) 64-Bit Server VM, java.vendor.version=18.9, hibernate.connection.driver_class=com.mysql.cj.jdbc.Driver, java.vendor.url.bug=https://bugreport.java.com/bugreport/, java.io.tmpdir=/var/folders/t1/cf3c018n3358k026jslb5qb00000gn/T/, java.version=11.0.9, user.dir=/Users/lisaandritsch/Desktop/Java/MealAndGroceryBuilder, os.arch=x86_64, connection.username=root, java.vm.specification.name=Java Virtual Machine Specification, java.awt.printerjob=sun.lwawt.macosx.CPrinterJob, hibernate.connection.password=****, sun.os.patch.level=unknown, connection.driver_class=com.mysql.cj.jdbc.Driver, hibernate.boot.CfgXmlAccessService.key=org.hibernate.boot.cfgxml.spi.LoadedConfig@4a3bd45b, java.library.path=/Users/lisaandritsch/Library/Java/Extensions:/Library/Java/Extensions:/Network/Library/Java/Extensions:/System/Library/Java/Extensions:/usr/lib/java:., java.vendor=Oracle Corporation, java.vm.info=mixed mode, java.vm.version=11.0.9+7-LTS, hibernate.bytecode.use_reflection_optimizer=false, sun.io.unicode.encoding=UnicodeBig, connection.url=jdbc:mysql://localhost:3306/test_mealBuilder, socksNonProxyHosts=local|*.local|169.254/16|*.169.254/16, java.class.version=55.0}
[DEBUG] 2021-04-14 10:38:22.815 [main] TypeSafeActivator - Unable to acquire Bean Validation ValidatorFactory, skipping activation
[DEBUG] 2021-04-14 10:38:22.815 [main] JaccIntegrator - Skipping JACC integration as it was not enabled
[DEBUG] 2021-04-14 10:38:22.816 [main] SessionFactoryImpl - Instantiated session factory
[DEBUG] 2021-04-14 10:38:22.817 [main] TypeConfiguration$Scope - Scoping TypeConfiguration [org.hibernate.type.spi.TypeConfiguration@48528634] to SessionFactoryImpl [org.hibernate.internal.SessionFactoryImpl@76ececd]
[DEBUG] 2021-04-14 10:38:22.892 [main] ClassLoaderAccessImpl - Not known whether passed class name [entity.Recipes] is safe
[DEBUG] 2021-04-14 10:38:22.892 [main] ClassLoaderAccessImpl - No temp ClassLoader provided; using live ClassLoader for loading potentially unsafe class : entity.Recipes
[DEBUG] 2021-04-14 10:38:22.929 [main] ClassLoaderAccessImpl - Not known whether passed class name [entity.Recipes] is safe
[DEBUG] 2021-04-14 10:38:22.929 [main] ClassLoaderAccessImpl - No temp ClassLoader provided; using live ClassLoader for loading potentially unsafe class : entity.Recipes
[DEBUG] 2021-04-14 10:38:23.348 [main] ClassLoaderAccessImpl - Not known whether passed class name [entity.Users] is safe
[DEBUG] 2021-04-14 10:38:23.349 [main] ClassLoaderAccessImpl - No temp ClassLoader provided; using live ClassLoader for loading potentially unsafe class : entity.Users
[DEBUG] 2021-04-14 10:38:23.353 [main] ClassLoaderAccessImpl - Not known whether passed class name [entity.Users] is safe
[DEBUG] 2021-04-14 10:38:23.353 [main] ClassLoaderAccessImpl - No temp ClassLoader provided; using live ClassLoader for loading potentially unsafe class : entity.Users
[DEBUG] 2021-04-14 10:38:23.399 [main] AbstractCollectionPersister - Static SQL for collection: entity.Users.recipes
[DEBUG] 2021-04-14 10:38:23.399 [main] AbstractCollectionPersister -  Row insert: update Recipes set Users_id=? where recipe_id=?
[DEBUG] 2021-04-14 10:38:23.399 [main] AbstractCollectionPersister -  Row update: update Recipes set  where recipe_id=?
[DEBUG] 2021-04-14 10:38:23.399 [main] AbstractCollectionPersister -  Row delete: update Recipes set Users_id=null where Users_id=? and recipe_id=?
[DEBUG] 2021-04-14 10:38:23.399 [main] AbstractCollectionPersister -  One-shot delete: update Recipes set Users_id=null where Users_id=?
[DEBUG] 2021-04-14 10:38:23.408 [main] AbstractEntityPersister - Static SQL for entity: entity.Recipes
[DEBUG] 2021-04-14 10:38:23.408 [main] AbstractEntityPersister -  Version select: select recipe_id from Recipes where recipe_id =?
[DEBUG] 2021-04-14 10:38:23.408 [main] AbstractEntityPersister -  Snapshot select: select recipes_.recipe_id, recipes_.public_recipe as public_r2_0_, recipes_.recipe_name as recipe_n3_0_, recipes_.Users_id as Users_id4_0_ from Recipes recipes_ where recipes_.recipe_id=?
[DEBUG] 2021-04-14 10:38:23.408 [main] AbstractEntityPersister -  Insert 0: insert into Recipes (public_recipe, recipe_name, Users_id, recipe_id) values (?, ?, ?, ?)
[DEBUG] 2021-04-14 10:38:23.408 [main] AbstractEntityPersister -  Update 0: update Recipes set public_recipe=?, recipe_name=?, Users_id=? where recipe_id=?
[DEBUG] 2021-04-14 10:38:23.408 [main] AbstractEntityPersister -  Delete 0: delete from Recipes where recipe_id=?
[DEBUG] 2021-04-14 10:38:23.409 [main] AbstractEntityPersister -  Identity insert: insert into Recipes (public_recipe, recipe_name, Users_id) values (?, ?, ?)
[DEBUG] 2021-04-14 10:38:23.447 [main] QuerySpacesImpl - Adding QuerySpace : uid = <gen:0> -> org.hibernate.loader.plan.build.internal.spaces.EntityQuerySpaceImpl@58dad04a]
[DEBUG] 2021-04-14 10:38:23.449 [main] MetamodelGraphWalker - Visiting attribute path : public_recipe
[DEBUG] 2021-04-14 10:38:23.449 [main] MetamodelGraphWalker - Visiting attribute path : recipe_name
[DEBUG] 2021-04-14 10:38:23.449 [main] MetamodelGraphWalker - Visiting attribute path : user
[DEBUG] 2021-04-14 10:38:23.454 [main] QuerySpacesImpl - Adding QuerySpace : uid = <gen:1> -> org.hibernate.loader.plan.build.internal.spaces.EntityQuerySpaceImpl@28e8888d]
[DEBUG] 2021-04-14 10:38:23.457 [main] MetamodelGraphWalker - Visiting attribute path : user.password
[DEBUG] 2021-04-14 10:38:23.458 [main] MetamodelGraphWalker - Visiting attribute path : user.recipes
[DEBUG] 2021-04-14 10:38:23.458 [main] MetamodelGraphWalker - Property path deemed to be circular : user.recipes
[DEBUG] 2021-04-14 10:38:23.458 [main] MetamodelGraphWalker - Visiting attribute path : user.username
[DEBUG] 2021-04-14 10:38:23.458 [main] FetchStyleLoadPlanBuildingAssociationVisitationStrategy - Building LoadPlan...
[DEBUG] 2021-04-14 10:38:23.475 [main] LoadQueryJoinAndFetchProcessor - processing queryspace <gen:0>
[DEBUG] 2021-04-14 10:38:23.479 [main] LoadPlanTreePrinter - LoadPlan(entity=entity.Recipes)
    - Returns
       - EntityReturnImpl(entity=entity.Recipes, querySpaceUid=<gen:0>, path=entity.Recipes)
          - EntityAttributeFetchImpl(entity=entity.Users, querySpaceUid=<gen:1>, path=entity.Recipes.user)
    - QuerySpaces
       - EntityQuerySpaceImpl(uid=<gen:0>, entity=entity.Recipes)
          - SQL table alias mapping - recipes0_
          - alias suffix - 0_
          - suffixed key columns - {recipe_i1_0_0_}
          - JOIN (JoinDefinedByMetadata(user)) : <gen:0> -> <gen:1>
             - EntityQuerySpaceImpl(uid=<gen:1>, entity=entity.Users)
                - SQL table alias mapping - users1_
                - alias suffix - 1_
                - suffixed key columns - {id1_1_1_}

[DEBUG] 2021-04-14 10:38:23.482 [main] EntityLoader - Static select for entity entity.Recipes [NONE]: select recipes0_.recipe_id as recipe_i1_0_0_, recipes0_.public_recipe as public_r2_0_0_, recipes0_.recipe_name as recipe_n3_0_0_, recipes0_.Users_id as Users_id4_0_0_, users1_.id as id1_1_1_, users1_.password as password2_1_1_, users1_.username as username3_1_1_ from Recipes recipes0_ left outer join Users users1_ on recipes0_.Users_id=users1_.id where recipes0_.recipe_id=?
[DEBUG] 2021-04-14 10:38:23.482 [main] QuerySpacesImpl - Adding QuerySpace : uid = <gen:0> -> org.hibernate.loader.plan.build.internal.spaces.EntityQuerySpaceImpl@26582ca]
[DEBUG] 2021-04-14 10:38:23.482 [main] MetamodelGraphWalker - Visiting attribute path : public_recipe
[DEBUG] 2021-04-14 10:38:23.482 [main] MetamodelGraphWalker - Visiting attribute path : recipe_name
[DEBUG] 2021-04-14 10:38:23.482 [main] MetamodelGraphWalker - Visiting attribute path : user
[DEBUG] 2021-04-14 10:38:23.483 [main] QuerySpacesImpl - Adding QuerySpace : uid = <gen:1> -> org.hibernate.loader.plan.build.internal.spaces.EntityQuerySpaceImpl@2c3158e0]
[DEBUG] 2021-04-14 10:38:23.483 [main] MetamodelGraphWalker - Visiting attribute path : user.password
[DEBUG] 2021-04-14 10:38:23.483 [main] MetamodelGraphWalker - Visiting attribute path : user.recipes
[DEBUG] 2021-04-14 10:38:23.483 [main] MetamodelGraphWalker - Property path deemed to be circular : user.recipes
[DEBUG] 2021-04-14 10:38:23.483 [main] MetamodelGraphWalker - Visiting attribute path : user.username
[DEBUG] 2021-04-14 10:38:23.483 [main] FetchStyleLoadPlanBuildingAssociationVisitationStrategy - Building LoadPlan...
[DEBUG] 2021-04-14 10:38:23.483 [main] LoadQueryJoinAndFetchProcessor - processing queryspace <gen:0>
[DEBUG] 2021-04-14 10:38:23.484 [main] LoadPlanTreePrinter - LoadPlan(entity=entity.Recipes)
    - Returns
       - EntityReturnImpl(entity=entity.Recipes, querySpaceUid=<gen:0>, path=entity.Recipes)
          - EntityAttributeFetchImpl(entity=entity.Users, querySpaceUid=<gen:1>, path=entity.Recipes.user)
    - QuerySpaces
       - EntityQuerySpaceImpl(uid=<gen:0>, entity=entity.Recipes)
          - SQL table alias mapping - recipes0_
          - alias suffix - 0_
          - suffixed key columns - {recipe_i1_0_0_}
          - JOIN (JoinDefinedByMetadata(user)) : <gen:0> -> <gen:1>
             - EntityQuerySpaceImpl(uid=<gen:1>, entity=entity.Users)
                - SQL table alias mapping - users1_
                - alias suffix - 1_
                - suffixed key columns - {id1_1_1_}

[DEBUG] 2021-04-14 10:38:23.484 [main] EntityLoader - Static select for entity entity.Recipes [READ]: select recipes0_.recipe_id as recipe_i1_0_0_, recipes0_.public_recipe as public_r2_0_0_, recipes0_.recipe_name as recipe_n3_0_0_, recipes0_.Users_id as Users_id4_0_0_, users1_.id as id1_1_1_, users1_.password as password2_1_1_, users1_.username as username3_1_1_ from Recipes recipes0_ left outer join Users users1_ on recipes0_.Users_id=users1_.id where recipes0_.recipe_id=?
[DEBUG] 2021-04-14 10:38:23.501 [main] Loader - Static select for action ACTION_MERGE on entity entity.Recipes: select recipes0_.recipe_id as recipe_i1_0_0_, recipes0_.public_recipe as public_r2_0_0_, recipes0_.recipe_name as recipe_n3_0_0_, recipes0_.Users_id as Users_id4_0_0_ from Recipes recipes0_ where recipes0_.recipe_id=?
[DEBUG] 2021-04-14 10:38:23.501 [main] Loader - Static select for action ACTION_REFRESH on entity entity.Recipes: select recipes0_.recipe_id as recipe_i1_0_0_, recipes0_.public_recipe as public_r2_0_0_, recipes0_.recipe_name as recipe_n3_0_0_, recipes0_.Users_id as Users_id4_0_0_ from Recipes recipes0_ where recipes0_.recipe_id=?
[DEBUG] 2021-04-14 10:38:23.501 [main] AbstractEntityPersister - Static SQL for entity: entity.Users
[DEBUG] 2021-04-14 10:38:23.502 [main] AbstractEntityPersister -  Version select: select id from Users where id =?
[DEBUG] 2021-04-14 10:38:23.502 [main] AbstractEntityPersister -  Snapshot select: select users_.id, users_.password as password2_1_, users_.username as username3_1_ from Users users_ where users_.id=?
[DEBUG] 2021-04-14 10:38:23.502 [main] AbstractEntityPersister -  Insert 0: insert into Users (password, username, id) values (?, ?, ?)
[DEBUG] 2021-04-14 10:38:23.502 [main] AbstractEntityPersister -  Update 0: update Users set password=?, username=? where id=?
[DEBUG] 2021-04-14 10:38:23.502 [main] AbstractEntityPersister -  Delete 0: delete from Users where id=?
[DEBUG] 2021-04-14 10:38:23.502 [main] AbstractEntityPersister -  Identity insert: insert into Users (password, username) values (?, ?)
[DEBUG] 2021-04-14 10:38:23.502 [main] QuerySpacesImpl - Adding QuerySpace : uid = <gen:0> -> org.hibernate.loader.plan.build.internal.spaces.EntityQuerySpaceImpl@6c3f1658]
[DEBUG] 2021-04-14 10:38:23.502 [main] MetamodelGraphWalker - Visiting attribute path : password
[DEBUG] 2021-04-14 10:38:23.502 [main] MetamodelGraphWalker - Visiting attribute path : recipes
[DEBUG] 2021-04-14 10:38:23.503 [main] QuerySpacesImpl - Adding QuerySpace : uid = <gen:1> -> org.hibernate.loader.plan.build.internal.spaces.CollectionQuerySpaceImpl@2ee39e73]
[DEBUG] 2021-04-14 10:38:23.504 [main] QuerySpacesImpl - Adding QuerySpace : uid = <gen:2> -> org.hibernate.loader.plan.build.internal.spaces.EntityQuerySpaceImpl@4cffd3fd]
[DEBUG] 2021-04-14 10:38:23.505 [main] MetamodelGraphWalker - Visiting attribute path : recipes.public_recipe
[DEBUG] 2021-04-14 10:38:23.505 [main] MetamodelGraphWalker - Visiting attribute path : recipes.recipe_name
[DEBUG] 2021-04-14 10:38:23.506 [main] MetamodelGraphWalker - Visiting attribute path : recipes.user
[DEBUG] 2021-04-14 10:38:23.506 [main] MetamodelGraphWalker - Property path deemed to be circular : recipes.user
[DEBUG] 2021-04-14 10:38:23.507 [main] MetamodelGraphWalker - Visiting attribute path : username
[DEBUG] 2021-04-14 10:38:23.508 [main] FetchStyleLoadPlanBuildingAssociationVisitationStrategy - Building LoadPlan...
[DEBUG] 2021-04-14 10:38:23.508 [main] LoadQueryJoinAndFetchProcessor - processing queryspace <gen:0>
[DEBUG] 2021-04-14 10:38:23.510 [main] LoadPlanTreePrinter - LoadPlan(entity=entity.Users)
    - Returns
       - EntityReturnImpl(entity=entity.Users, querySpaceUid=<gen:0>, path=entity.Users)
          - CollectionAttributeFetchImpl(collection=entity.Users.recipes, querySpaceUid=<gen:1>, path=entity.Users.recipes)
             - (collection element) CollectionFetchableElementEntityGraph(entity=entity.Recipes, querySpaceUid=<gen:2>, path=entity.Users.recipes.<elements>)
    - QuerySpaces
       - EntityQuerySpaceImpl(uid=<gen:0>, entity=entity.Users)
          - SQL table alias mapping - users0_
          - alias suffix - 0_
          - suffixed key columns - {id1_1_0_}
          - JOIN (JoinDefinedByMetadata(recipes)) : <gen:0> -> <gen:1>
             - CollectionQuerySpaceImpl(uid=<gen:1>, collection=entity.Users.recipes)
                - SQL table alias mapping - recipes1_
                - alias suffix - 1_
                - suffixed key columns - {Users_id4_0_1_}
                - entity-element alias suffix - 2_
                - 2_entity-element suffixed key columns - recipe_i1_0_2_
                - JOIN (JoinDefinedByMetadata(elements)) : <gen:1> -> <gen:2>
                   - EntityQuerySpaceImpl(uid=<gen:2>, entity=entity.Recipes)
                      - SQL table alias mapping - recipes1_
                      - alias suffix - 2_
                      - suffixed key columns - {recipe_i1_0_2_}

[DEBUG] 2021-04-14 10:38:23.511 [main] EntityLoader - Static select for entity entity.Users [NONE]: select users0_.id as id1_1_0_, users0_.password as password2_1_0_, users0_.username as username3_1_0_, recipes1_.Users_id as Users_id4_0_1_, recipes1_.recipe_id as recipe_i1_0_1_, recipes1_.recipe_id as recipe_i1_0_2_, recipes1_.public_recipe as public_r2_0_2_, recipes1_.recipe_name as recipe_n3_0_2_, recipes1_.Users_id as Users_id4_0_2_ from Users users0_ left outer join Recipes recipes1_ on users0_.id=recipes1_.Users_id where users0_.id=?
[DEBUG] 2021-04-14 10:38:23.511 [main] QuerySpacesImpl - Adding QuerySpace : uid = <gen:0> -> org.hibernate.loader.plan.build.internal.spaces.EntityQuerySpaceImpl@707865bd]
[DEBUG] 2021-04-14 10:38:23.511 [main] MetamodelGraphWalker - Visiting attribute path : password
[DEBUG] 2021-04-14 10:38:23.511 [main] MetamodelGraphWalker - Visiting attribute path : recipes
[DEBUG] 2021-04-14 10:38:23.511 [main] QuerySpacesImpl - Adding QuerySpace : uid = <gen:1> -> org.hibernate.loader.plan.build.internal.spaces.CollectionQuerySpaceImpl@552fee7a]
[DEBUG] 2021-04-14 10:38:23.512 [main] QuerySpacesImpl - Adding QuerySpace : uid = <gen:2> -> org.hibernate.loader.plan.build.internal.spaces.EntityQuerySpaceImpl@548e43b1]
[DEBUG] 2021-04-14 10:38:23.512 [main] MetamodelGraphWalker - Visiting attribute path : recipes.public_recipe
[DEBUG] 2021-04-14 10:38:23.512 [main] MetamodelGraphWalker - Visiting attribute path : recipes.recipe_name
[DEBUG] 2021-04-14 10:38:23.512 [main] MetamodelGraphWalker - Visiting attribute path : recipes.user
[DEBUG] 2021-04-14 10:38:23.512 [main] MetamodelGraphWalker - Property path deemed to be circular : recipes.user
[DEBUG] 2021-04-14 10:38:23.512 [main] MetamodelGraphWalker - Visiting attribute path : username
[DEBUG] 2021-04-14 10:38:23.512 [main] FetchStyleLoadPlanBuildingAssociationVisitationStrategy - Building LoadPlan...
[DEBUG] 2021-04-14 10:38:23.512 [main] LoadQueryJoinAndFetchProcessor - processing queryspace <gen:0>
[DEBUG] 2021-04-14 10:38:23.513 [main] LoadPlanTreePrinter - LoadPlan(entity=entity.Users)
    - Returns
       - EntityReturnImpl(entity=entity.Users, querySpaceUid=<gen:0>, path=entity.Users)
          - CollectionAttributeFetchImpl(collection=entity.Users.recipes, querySpaceUid=<gen:1>, path=entity.Users.recipes)
             - (collection element) CollectionFetchableElementEntityGraph(entity=entity.Recipes, querySpaceUid=<gen:2>, path=entity.Users.recipes.<elements>)
    - QuerySpaces
       - EntityQuerySpaceImpl(uid=<gen:0>, entity=entity.Users)
          - SQL table alias mapping - users0_
          - alias suffix - 0_
          - suffixed key columns - {id1_1_0_}
          - JOIN (JoinDefinedByMetadata(recipes)) : <gen:0> -> <gen:1>
             - CollectionQuerySpaceImpl(uid=<gen:1>, collection=entity.Users.recipes)
                - SQL table alias mapping - recipes1_
                - alias suffix - 1_
                - suffixed key columns - {Users_id4_0_1_}
                - entity-element alias suffix - 2_
                - 2_entity-element suffixed key columns - recipe_i1_0_2_
                - JOIN (JoinDefinedByMetadata(elements)) : <gen:1> -> <gen:2>
                   - EntityQuerySpaceImpl(uid=<gen:2>, entity=entity.Recipes)
                      - SQL table alias mapping - recipes1_
                      - alias suffix - 2_
                      - suffixed key columns - {recipe_i1_0_2_}

[DEBUG] 2021-04-14 10:38:23.514 [main] EntityLoader - Static select for entity entity.Users [READ]: select users0_.id as id1_1_0_, users0_.password as password2_1_0_, users0_.username as username3_1_0_, recipes1_.Users_id as Users_id4_0_1_, recipes1_.recipe_id as recipe_i1_0_1_, recipes1_.recipe_id as recipe_i1_0_2_, recipes1_.public_recipe as public_r2_0_2_, recipes1_.recipe_name as recipe_n3_0_2_, recipes1_.Users_id as Users_id4_0_2_ from Users users0_ left outer join Recipes recipes1_ on users0_.id=recipes1_.Users_id where users0_.id=?
[DEBUG] 2021-04-14 10:38:23.515 [main] Loader - Static select for action ACTION_MERGE on entity entity.Users: select users0_.id as id1_1_1_, users0_.password as password2_1_1_, users0_.username as username3_1_1_, recipes1_.Users_id as Users_id4_0_3_, recipes1_.recipe_id as recipe_i1_0_3_, recipes1_.recipe_id as recipe_i1_0_0_, recipes1_.public_recipe as public_r2_0_0_, recipes1_.recipe_name as recipe_n3_0_0_, recipes1_.Users_id as Users_id4_0_0_ from Users users0_ left outer join Recipes recipes1_ on users0_.id=recipes1_.Users_id where users0_.id=?
[DEBUG] 2021-04-14 10:38:23.516 [main] Loader - Static select for action ACTION_REFRESH on entity entity.Users: select users0_.id as id1_1_1_, users0_.password as password2_1_1_, users0_.username as username3_1_1_, recipes1_.Users_id as Users_id4_0_3_, recipes1_.recipe_id as recipe_i1_0_3_, recipes1_.recipe_id as recipe_i1_0_0_, recipes1_.public_recipe as public_r2_0_0_, recipes1_.recipe_name as recipe_n3_0_0_, recipes1_.Users_id as Users_id4_0_0_ from Users users0_ left outer join Recipes recipes1_ on users0_.id=recipes1_.Users_id where users0_.id=?
[DEBUG] 2021-04-14 10:38:23.524 [main] QuerySpacesImpl - Adding QuerySpace : uid = <gen:0> -> org.hibernate.loader.plan.build.internal.spaces.CollectionQuerySpaceImpl@7db40fd5]
[DEBUG] 2021-04-14 10:38:23.524 [main] QuerySpacesImpl - Adding QuerySpace : uid = <gen:1> -> org.hibernate.loader.plan.build.internal.spaces.EntityQuerySpaceImpl@5e1a5f]
[DEBUG] 2021-04-14 10:38:23.524 [main] MetamodelGraphWalker - Visiting attribute path : public_recipe
[DEBUG] 2021-04-14 10:38:23.524 [main] MetamodelGraphWalker - Visiting attribute path : recipe_name
[DEBUG] 2021-04-14 10:38:23.525 [main] MetamodelGraphWalker - Visiting attribute path : user
[DEBUG] 2021-04-14 10:38:23.525 [main] MetamodelGraphWalker - Property path deemed to be circular : user
[DEBUG] 2021-04-14 10:38:23.525 [main] FetchStyleLoadPlanBuildingAssociationVisitationStrategy - Building LoadPlan...
[DEBUG] 2021-04-14 10:38:23.527 [main] LoadQueryJoinAndFetchProcessor - processing queryspace <gen:0>
[DEBUG] 2021-04-14 10:38:23.527 [main] LoadPlanTreePrinter - LoadPlan(collection=entity.Users.recipes)
    - Returns
       - CollectionReturnImpl(collection=entity.Users.recipes, querySpaceUid=<gen:0>, path=[entity.Users.recipes])
          - (collection element) CollectionFetchableElementEntityGraph(entity=entity.Recipes, querySpaceUid=<gen:1>, path=[entity.Users.recipes].<elements>)
    - QuerySpaces
       - CollectionQuerySpaceImpl(uid=<gen:0>, collection=entity.Users.recipes)
          - SQL table alias mapping - recipes0_
          - alias suffix - 0_
          - suffixed key columns - {Users_id4_0_0_}
          - entity-element alias suffix - 1_
          - 1_entity-element suffixed key columns - recipe_i1_0_1_
          - JOIN (JoinDefinedByMetadata(elements)) : <gen:0> -> <gen:1>
             - EntityQuerySpaceImpl(uid=<gen:1>, entity=entity.Recipes)
                - SQL table alias mapping - recipes0_
                - alias suffix - 1_
                - suffixed key columns - {recipe_i1_0_1_}

[DEBUG] 2021-04-14 10:38:23.528 [main] CollectionLoader - Static select for collection entity.Users.recipes: select recipes0_.Users_id as Users_id4_0_0_, recipes0_.recipe_id as recipe_i1_0_0_, recipes0_.recipe_id as recipe_i1_0_1_, recipes0_.public_recipe as public_r2_0_1_, recipes0_.recipe_name as recipe_n3_0_1_, recipes0_.Users_id as Users_id4_0_1_ from Recipes recipes0_ where recipes0_.Users_id=?
[DEBUG] 2021-04-14 10:38:23.570 [main] SchemaManagementToolCoordinator - No actions specified; doing nothing
[DEBUG] 2021-04-14 10:38:23.571 [main] JtaPlatformInitiator - No JtaPlatform was specified, checking resolver
[DEBUG] 2021-04-14 10:38:23.571 [main] JtaPlatformResolverInitiator - No JtaPlatformResolver was specified, using default [org.hibernate.engine.transaction.jta.platform.internal.StandardJtaPlatformResolver]
[DEBUG] 2021-04-14 10:38:23.577 [main] StandardJtaPlatformResolver - Could not resolve JtaPlatform, using default [org.hibernate.engine.transaction.jta.platform.internal.NoJtaPlatform]
[INFO ] 2021-04-14 10:38:23.577 [main] JtaPlatformInitiator - HHH000490: Using JtaPlatform implementation: [org.hibernate.engine.transaction.jta.platform.internal.NoJtaPlatform]
[DEBUG] 2021-04-14 10:38:23.578 [main] NamedQueryRepository - Checking 0 named HQL queries
[DEBUG] 2021-04-14 10:38:23.578 [main] NamedQueryRepository - Checking 0 named SQL queries
[DEBUG] 2021-04-14 10:38:23.580 [main] SessionFactoryRegistry - Initializing SessionFactoryRegistry : org.hibernate.internal.SessionFactoryRegistry@448c92fc
[DEBUG] 2021-04-14 10:38:23.582 [main] SessionFactoryRegistry - Registering SessionFactory: a534cb09-32fe-48bf-92f1-7d9755f88732 (<unnamed>)
[DEBUG] 2021-04-14 10:38:23.582 [main] SessionFactoryRegistry - Not binding SessionFactory to JNDI, no JNDI name configured
[DEBUG] 2021-04-14 10:38:23.718 [main] StatisticsInitiator - Statistics initialized [enabled=false]
