[INFO ] 2021-03-11 14:16:26.905 [main] RecipesDAOTest - after clean: 0
[INFO ] 2021-03-11 14:16:27.005 [main] RecipesDAOTest - after creating user: 0
[INFO ] 2021-03-11 14:16:27.030 [main] RecipesDAOTest - after created recipe1
[INFO ] 2021-03-11 14:16:27.063 [main] RecipesDAOTest - after clean: 0
[INFO ] 2021-03-11 14:16:27.081 [main] RecipesDAOTest - after creating user: 0
[INFO ] 2021-03-11 14:16:27.098 [main] RecipesDAOTest - after created recipe1
[INFO ] 2021-03-11 14:16:27.162 [main] RecipesDAOTest - recipe name: [Recipes{recipe_id=201, recipe_name='Chicken Tikka Masala', public_recipe=1, user=Users{userName='Lucy', password='bananas', id='361'}}]
[INFO ] 2021-03-11 14:16:27.178 [main] RecipesDAOTest - after clean: 0
[INFO ] 2021-03-11 14:16:27.198 [main] RecipesDAOTest - after creating user: 0
[INFO ] 2021-03-11 14:16:27.213 [main] RecipesDAOTest - after created recipe1
[INFO ] 2021-03-11 14:16:27.227 [main] RecipesDAO - Save/Update: Recipes{recipe_id=202, recipe_name='The Big Lebowski's big, scary meal', public_recipe=1, user=Users{userName='Lucy', password='bananas', id='362'}}
[INFO ] 2021-03-11 14:16:27.250 [main] RecipesDAOTest - Test updatedUser: [Recipes{recipe_id=202, recipe_name='The Big Lebowski's big, scary meal', public_recipe=1, user=Users{userName='Lucy', password='bananas', id='362'}}]
[INFO ] 2021-03-11 14:16:27.271 [main] RecipesDAOTest - after clean: 0
[INFO ] 2021-03-11 14:16:27.290 [main] RecipesDAOTest - after creating user: 0
[INFO ] 2021-03-11 14:16:27.305 [main] RecipesDAOTest - after created recipe1
[INFO ] 2021-03-11 14:16:27.334 [main] RecipesDAOTest - after clean: 0
[INFO ] 2021-03-11 14:16:27.348 [main] RecipesDAOTest - after creating user: 0
[INFO ] 2021-03-11 14:16:27.361 [main] RecipesDAOTest - after created recipe1
[INFO ] 2021-03-11 14:16:27.403 [main] RecipesDAOTest - after clean: 0
[INFO ] 2021-03-11 14:16:27.425 [main] RecipesDAOTest - after creating user: 0
[INFO ] 2021-03-11 14:16:27.441 [main] RecipesDAOTest - after created recipe1
[INFO ] 2021-03-11 14:16:27.485 [main] UsersDAOTest - USERID366
[INFO ] 2021-03-11 14:16:27.510 [main] UsersDAOTest - USERID367
[INFO ] 2021-03-11 14:16:27.515 [main] UsersDAO - Save/Update: Users{userName='The Big Lebowski', password='bananas', id='367'}
[INFO ] 2021-03-11 14:16:27.533 [main] UsersDAOTest - Test updatedUser: [Users{userName='The Big Lebowski', password='bananas', id='367'}]
[INFO ] 2021-03-11 14:16:27.564 [main] UsersDAOTest - USERID368
[INFO ] 2021-03-11 14:16:27.571 [main] UsersDAOTest - username: [Users{userName='Manji', password='bananas', id='368'}]
[INFO ] 2021-03-11 14:16:27.593 [main] UsersDAOTest - USERID369
[INFO ] 2021-03-11 14:16:27.642 [main] UsersDAOTest - USERID371
[INFO ] 2021-03-11 14:16:27.671 [main] UsersDAOTest - USERID372
[INFO ] 2021-03-11 14:41:12.728 [main] RecipesDAOTest - after clean: 0
[INFO ] 2021-03-11 14:41:12.841 [main] RecipesDAOTest - after creating user: 0
[INFO ] 2021-03-11 14:41:12.867 [main] RecipesDAOTest - after created recipe1
[INFO ] 2021-03-11 14:41:12.902 [main] RecipesDAOTest - after clean: 0
[INFO ] 2021-03-11 14:41:12.924 [main] RecipesDAOTest - after creating user: 0
[INFO ] 2021-03-11 14:41:12.942 [main] RecipesDAOTest - after created recipe1
[INFO ] 2021-03-11 14:41:13.022 [main] RecipesDAOTest - recipe name: [Recipes{recipe_id=208, recipe_name='Chicken Tikka Masala', public_recipe=1, user=Users{userName='Lucy', password='bananas', id='374'}}]
[INFO ] 2021-03-11 14:41:13.038 [main] RecipesDAOTest - after clean: 0
[INFO ] 2021-03-11 14:41:13.065 [main] RecipesDAOTest - after creating user: 0
[INFO ] 2021-03-11 14:41:13.084 [main] RecipesDAOTest - after created recipe1
[INFO ] 2021-03-11 14:41:13.098 [main] RecipesDAO - Save/Update: Recipes{recipe_id=209, recipe_name='The Big Lebowski's big, scary meal', public_recipe=1, user=Users{userName='Lucy', password='bananas', id='375'}}
[INFO ] 2021-03-11 14:41:13.130 [main] RecipesDAOTest - Test updatedUser: [Recipes{recipe_id=209, recipe_name='The Big Lebowski's big, scary meal', public_recipe=1, user=Users{userName='Lucy', password='bananas', id='375'}}]
[INFO ] 2021-03-11 14:41:13.147 [main] RecipesDAOTest - after clean: 0
[INFO ] 2021-03-11 14:41:13.166 [main] RecipesDAOTest - after creating user: 0
[INFO ] 2021-03-11 14:41:13.180 [main] RecipesDAOTest - after created recipe1
[INFO ] 2021-03-11 14:41:13.206 [main] RecipesDAOTest - after clean: 0
[INFO ] 2021-03-11 14:41:13.225 [main] RecipesDAOTest - after creating user: 0
[INFO ] 2021-03-11 14:41:13.240 [main] RecipesDAOTest - after created recipe1
[INFO ] 2021-03-11 14:41:13.293 [main] RecipesDAOTest - after clean: 0
[INFO ] 2021-03-11 14:41:13.310 [main] RecipesDAOTest - after creating user: 0
[INFO ] 2021-03-11 14:41:13.326 [main] RecipesDAOTest - after created recipe1
[INFO ] 2021-03-11 14:41:13.377 [main] UsersDAOTest - USERID379
[INFO ] 2021-03-11 14:41:13.413 [main] UsersDAOTest - USERID380
[INFO ] 2021-03-11 14:41:13.419 [main] UsersDAO - Save/Update: Users{userName='The Big Lebowski', password='bananas', id='380'}
[INFO ] 2021-03-11 14:41:13.436 [main] UsersDAOTest - Test updatedUser: [Users{userName='The Big Lebowski', password='bananas', id='380'}]
[INFO ] 2021-03-11 14:41:13.455 [main] UsersDAOTest - USERID381
[INFO ] 2021-03-11 14:41:13.463 [main] UsersDAOTest - username: [Users{userName='Manji', password='bananas', id='381'}]
[INFO ] 2021-03-11 14:41:13.484 [main] UsersDAOTest - USERID382
[INFO ] 2021-03-11 14:41:13.546 [main] UsersDAOTest - USERID384
[INFO ] 2021-03-11 14:41:13.583 [main] UsersDAOTest - USERID385
[INFO ] 2021-03-11 14:56:30.490 [main] RecipesDAOTest - after clean: 0
[INFO ] 2021-03-11 14:56:30.597 [main] RecipesDAOTest - after creating user: 0
[INFO ] 2021-03-11 14:56:30.622 [main] RecipesDAOTest - after created recipe1
[INFO ] 2021-03-11 14:56:30.658 [main] RecipesDAOTest - after clean: 0
[INFO ] 2021-03-11 14:56:30.681 [main] RecipesDAOTest - after creating user: 0
[INFO ] 2021-03-11 14:56:30.706 [main] RecipesDAOTest - after created recipe1
[INFO ] 2021-03-11 14:56:30.773 [main] RecipesDAOTest - recipe name: [Recipes{recipe_id=215, recipe_name='Chicken Tikka Masala', public_recipe=1, user=Users{userName='Lucy', password='bananas', id='387'}}]
[INFO ] 2021-03-11 14:56:30.799 [main] RecipesDAOTest - after clean: 0
[INFO ] 2021-03-11 14:56:30.824 [main] RecipesDAOTest - after creating user: 0
[INFO ] 2021-03-11 14:56:30.841 [main] RecipesDAOTest - after created recipe1
[INFO ] 2021-03-11 14:56:30.853 [main] RecipesDAO - Save/Update: Recipes{recipe_id=216, recipe_name='The Big Lebowski's big, scary meal', public_recipe=1, user=Users{userName='Lucy', password='bananas', id='388'}}
[INFO ] 2021-03-11 14:56:30.889 [main] RecipesDAOTest - Test updatedUser: [Recipes{recipe_id=216, recipe_name='The Big Lebowski's big, scary meal', public_recipe=1, user=Users{userName='Lucy', password='bananas', id='388'}}]
[INFO ] 2021-03-11 14:56:30.906 [main] RecipesDAOTest - after clean: 0
[INFO ] 2021-03-11 14:56:30.924 [main] RecipesDAOTest - after creating user: 0
[INFO ] 2021-03-11 14:56:30.940 [main] RecipesDAOTest - after created recipe1
[INFO ] 2021-03-11 14:56:30.963 [main] RecipesDAOTest - after clean: 0
[INFO ] 2021-03-11 14:56:30.983 [main] RecipesDAOTest - after creating user: 0
[INFO ] 2021-03-11 14:56:30.999 [main] RecipesDAOTest - after created recipe1
[INFO ] 2021-03-11 14:56:31.049 [main] RecipesDAOTest - after clean: 0
[INFO ] 2021-03-11 14:56:31.067 [main] RecipesDAOTest - after creating user: 0
[INFO ] 2021-03-11 14:56:31.083 [main] RecipesDAOTest - after created recipe1
[INFO ] 2021-03-11 14:56:31.129 [main] UsersDAOTest - USERID392
[INFO ] 2021-03-11 14:56:31.165 [main] UsersDAOTest - USERID393
[INFO ] 2021-03-11 14:56:31.172 [main] UsersDAO - Save/Update: Users{userName='The Big Lebowski', password='bananas', id='393'}
[INFO ] 2021-03-11 14:56:31.191 [main] UsersDAOTest - Test updatedUser: [Users{userName='The Big Lebowski', password='bananas', id='393'}]
[INFO ] 2021-03-11 14:56:31.210 [main] UsersDAOTest - USERID394
[INFO ] 2021-03-11 14:56:31.217 [main] UsersDAOTest - username: [Users{userName='Manji', password='bananas', id='394'}]
[INFO ] 2021-03-11 14:56:31.239 [main] UsersDAOTest - USERID395
[INFO ] 2021-03-11 14:56:31.302 [main] UsersDAOTest - USERID397
[INFO ] 2021-03-11 14:56:31.341 [main] UsersDAOTest - USERID398
