[INFO ] 2021-02-12 18:07:25.971 [main] UsersDAOTest - Users{userName='lucy', password='bananas', id='0'}
[INFO ] 2021-02-14 08:30:56.227 [main] UsersDAOTest - username: [Users{userName='landritsch', password='bacon', id='1'}]
[INFO ] 2021-02-14 08:30:56.244 [main] UsersDAOTest - Users{userName='lucy', password='bananas', id='0'}
[INFO ] 2021-02-14 08:32:14.187 [main] UsersDAOTest - Users{userName='lucy', password='bananas', id='0'}
[INFO ] 2021-02-14 08:34:19.513 [main] UsersDAOTest - null
[INFO ] 2021-02-14 08:35:29.472 [main] UsersDAOTest - Users{userName='landritsch', password='bacon', id='1'}
[INFO ] 2021-02-14 08:36:22.381 [main] UsersDAOTest - null
[INFO ] 2021-02-14 08:38:55.076 [main] UsersDAOTest - null
[INFO ] 2021-02-14 08:39:56.889 [main] UsersDAOTest - null
[INFO ] 2021-02-14 08:41:47.230 [main] UsersDAOTest - null
[INFO ] 2021-02-14 08:47:28.050 [main] UsersDAOTest - null
[INFO ] 2021-02-14 08:47:28.321 [main] UsersDAOTest - username: []
[INFO ] 2021-02-14 08:47:28.332 [main] UsersDAOTest - Users{userName='lucy', password='bananas', id='0'}
[INFO ] 2021-02-14 08:52:14.633 [main] UsersDAOTest - null
[INFO ] 2021-02-14 08:52:58.998 [main] UsersDAOTest - null
[INFO ] 2021-02-14 08:54:00.388 [main] UsersDAOTest - 9
[INFO ] 2021-02-14 08:54:00.403 [main] UsersDAOTest - null
[INFO ] 2021-02-14 09:04:28.999 [main] UsersDAOTest - username: []
[INFO ] 2021-02-14 09:05:42.318 [main] UsersDAOTest - UserId11
[INFO ] 2021-02-14 09:05:42.347 [main] UsersDAOTest - UserId12
[INFO ] 2021-02-14 09:05:42.614 [main] UsersDAOTest - username: []
[INFO ] 2021-02-14 09:05:42.661 [main] UsersDAOTest - UserId13
[INFO ] 2021-02-14 09:05:42.662 [main] UsersDAOTest - Users{userName='lucy', password='bananas', id='0'}
[INFO ] 2021-02-14 09:05:42.734 [main] UsersDAOTest - UserId15
[INFO ] 2021-02-14 09:05:42.766 [main] UsersDAOTest - UserId16
[INFO ] 2021-02-14 09:07:13.304 [main] UsersDAOTest - USERID17
[INFO ] 2021-02-14 09:07:13.587 [main] UsersDAOTest - username: [Users{userName='lisa', password='bacon', id='2'}]
[INFO ] 2021-02-14 09:09:23.733 [main] UsersDAOTest - USERID18
[INFO ] 2021-02-14 09:09:23.760 [main] UsersDAOTest - USERID19
[INFO ] 2021-02-14 09:09:24.101 [main] UsersDAOTest - username: [Users{userName='lisa', password='bacon', id='2'}]
[INFO ] 2021-02-14 09:09:24.127 [main] UsersDAOTest - USERID20
[INFO ] 2021-02-14 09:09:24.128 [main] UsersDAOTest - Users{userName='lucy', password='bananas', id='0'}
[INFO ] 2021-02-14 09:09:24.177 [main] UsersDAOTest - USERID22
[INFO ] 2021-02-14 09:09:24.221 [main] UsersDAOTest - USERID23
[INFO ] 2021-02-14 09:09:50.366 [main] UsersDAOTest - USERID24
[INFO ] 2021-02-14 09:09:50.679 [main] UsersDAOTest - username: [Users{userName='lucy', password='bananas', id='18'}, Users{userName='lucy', password='bananas', id='19'}, Users{userName='lucy', password='bananas', id='20'}, Users{userName='lucy', password='bananas', id='21'}, Users{userName='lucy', password='bananas', id='22'}, Users{userName='lucy', password='bananas', id='23'}, Users{userName='lucy', password='bananas', id='24'}]
[INFO ] 2021-02-14 09:15:42.262 [main] UsersDAOTest - USERID25
[INFO ] 2021-02-14 09:16:02.290 [main] UsersDAOTest - USERID27
[INFO ] 2021-02-14 09:16:32.863 [main] UsersDAOTest - USERID28
[INFO ] 2021-02-14 09:16:32.949 [main] UsersDAOTest - USERID29
[INFO ] 2021-02-14 09:16:33.299 [main] UsersDAOTest - username: [Users{userName='Manji', password='bananas', id='29'}]
[INFO ] 2021-02-14 09:16:33.337 [main] UsersDAOTest - USERID30
[INFO ] 2021-02-14 09:16:33.453 [main] UsersDAOTest - USERID32
[INFO ] 2021-02-14 09:16:33.516 [main] UsersDAOTest - USERID33
[INFO ] 2021-02-14 09:19:26.257 [main] UsersDAOTest - USERID34
[INFO ] 2021-02-14 09:20:45.495 [main] UsersDAOTest - USERID35
[INFO ] 2021-02-14 09:21:08.081 [main] UsersDAOTest - USERID36
[INFO ] 2021-02-14 09:23:31.816 [main] UsersDAOTest - USERID37
[INFO ] 2021-02-14 09:24:07.653 [main] UsersDAOTest - USERID38
[INFO ] 2021-02-14 09:24:07.769 [main] UsersDAOTest - USERID39
[INFO ] 2021-02-14 09:24:08.058 [main] UsersDAOTest - username: [Users{userName='Manji', password='bananas', id='39'}]
[INFO ] 2021-02-14 09:24:08.119 [main] UsersDAOTest - USERID40
[INFO ] 2021-02-14 09:24:08.211 [main] UsersDAOTest - USERID42
[INFO ] 2021-02-14 09:24:08.261 [main] UsersDAOTest - USERID43
[INFO ] 2021-02-14 09:26:51.134 [main] UsersDAOTest - USERID44
[INFO ] 2021-02-14 09:27:05.643 [main] UsersDAOTest - USERID45
[INFO ] 2021-02-14 09:27:05.724 [main] UsersDAOTest - USERID46
[INFO ] 2021-02-14 09:27:05.944 [main] UsersDAOTest - username: [Users{userName='Manji', password='bananas', id='46'}]
[INFO ] 2021-02-14 09:27:05.984 [main] UsersDAOTest - USERID47
[INFO ] 2021-02-14 09:27:06.075 [main] UsersDAOTest - USERID49
[INFO ] 2021-02-14 09:27:06.123 [main] UsersDAOTest - USERID50
[INFO ] 2021-02-14 09:27:26.230 [main] UsersDAOTest - USERID51
[INFO ] 2021-02-14 09:27:26.312 [main] UsersDAOTest - USERID52
[INFO ] 2021-02-14 09:27:26.543 [main] UsersDAOTest - username: [Users{userName='Manji', password='bananas', id='52'}]
[INFO ] 2021-02-14 09:27:26.586 [main] UsersDAOTest - USERID53
[INFO ] 2021-02-14 09:27:26.683 [main] UsersDAOTest - USERID55
[INFO ] 2021-02-14 09:27:26.742 [main] UsersDAOTest - USERID56
[INFO ] 2021-02-14 09:39:59.559 [main] UsersDAOTest - USERID57
[INFO ] 2021-02-14 09:41:29.110 [main] UsersDAOTest - USERID58
[INFO ] 2021-02-14 09:44:12.655 [main] UsersDAOTest - USERID59
[INFO ] 2021-02-14 09:44:30.200 [main] UsersDAOTest - USERID60
[INFO ] 2021-02-14 09:51:39.007 [main] UsersDAOTest - USERID61
[INFO ] 2021-02-14 09:51:39.054 [main] UsersDAO - Save/Update: Users{userName='The Big Lebowski', password='bananas', id='61'}
[INFO ] 2021-02-14 09:53:17.843 [main] UsersDAOTest - USERID62
[INFO ] 2021-02-14 09:53:17.891 [main] UsersDAO - Save/Update: Users{userName='The Big Lebowski', password='bananas', id='62'}
[INFO ] 2021-02-14 09:53:18.224 [main] UsersDAOTest - Test updatedUser: []
[INFO ] 2021-02-14 09:56:47.829 [main] UsersDAOTest - USERID63
[INFO ] 2021-02-14 09:56:47.904 [main] UsersDAO - Save/Update: Users{userName='The Big Lebowski', password='bananas', id='63'}
[INFO ] 2021-02-14 09:56:48.622 [main] UsersDAOTest - Test updatedUser: [Users{userName='The Big Lebowski', password='bananas', id='63'}]
[INFO ] 2021-02-14 09:58:34.984 [main] UsersDAOTest - USERID64
[INFO ] 2021-02-14 09:58:35.118 [main] UsersDAOTest - USERID65
[INFO ] 2021-02-14 09:58:35.154 [main] UsersDAO - Save/Update: Users{userName='The Big Lebowski', password='bananas', id='65'}
[INFO ] 2021-02-14 09:58:35.474 [main] UsersDAOTest - Test updatedUser: [Users{userName='The Big Lebowski', password='bananas', id='65'}]
[INFO ] 2021-02-14 09:58:35.509 [main] UsersDAOTest - USERID66
[INFO ] 2021-02-14 09:58:35.517 [main] UsersDAOTest - username: [Users{userName='Manji', password='bananas', id='66'}]
[INFO ] 2021-02-14 09:58:35.552 [main] UsersDAOTest - USERID67
[INFO ] 2021-02-14 09:58:35.663 [main] UsersDAOTest - USERID69
[INFO ] 2021-02-14 09:58:35.703 [main] UsersDAOTest - USERID70
