[DEBUG] 2021-02-21 15:14:34.411 [main] IntegratorServiceImpl - Adding Integrator [org.hibernate.cfg.beanvalidation.BeanValidationIntegrator].
[DEBUG] 2021-02-21 15:14:34.423 [main] IntegratorServiceImpl - Adding Integrator [org.hibernate.secure.spi.JaccIntegrator].
[DEBUG] 2021-02-21 15:14:34.431 [main] IntegratorServiceImpl - Adding Integrator [org.hibernate.cache.internal.CollectionCacheInvalidator].
[INFO ] 2021-02-21 15:14:34.577 [main] Version - HHH000412: Hibernate Core {5.4.4.Final}
[DEBUG] 2021-02-21 15:14:34.579 [main] Environment - HHH000206: hibernate.properties not found
[DEBUG] 2021-02-21 15:14:34.998 [main] JaxbCfgProcessor - cfg.xml document did not define namespaces; wrapping in custom event reader to introduce namespace information
[DEBUG] 2021-02-21 15:14:35.694 [main] ServiceBinding - Overriding existing service binding [org.hibernate.secure.spi.JaccService]
[DEBUG] 2021-02-21 15:14:35.744 [main] RegionFactoryInitiator - Cannot default RegionFactory based on registered strategies as `[]` RegionFactory strategies were registered
[DEBUG] 2021-02-21 15:14:35.745 [main] RegionFactoryInitiator - Cache region factory : org.hibernate.cache.internal.NoCachingRegionFactory
[INFO ] 2021-02-21 15:14:35.791 [main] Version - HCANN000001: Hibernate Commons Annotations {5.1.0.Final}
[DEBUG] 2021-02-21 15:14:35.884 [main] BasicTypeRegistry - Adding type registration boolean -> org.hibernate.type.BooleanType@31da6b2e
[DEBUG] 2021-02-21 15:14:35.885 [main] BasicTypeRegistry - Adding type registration boolean -> org.hibernate.type.BooleanType@31da6b2e
[DEBUG] 2021-02-21 15:14:35.885 [main] BasicTypeRegistry - Adding type registration java.lang.Boolean -> org.hibernate.type.BooleanType@31da6b2e
[DEBUG] 2021-02-21 15:14:35.885 [main] BasicTypeRegistry - Adding type registration numeric_boolean -> org.hibernate.type.NumericBooleanType@48c3205a
[DEBUG] 2021-02-21 15:14:35.886 [main] BasicTypeRegistry - Adding type registration true_false -> org.hibernate.type.TrueFalseType@2d746ce4
[DEBUG] 2021-02-21 15:14:35.887 [main] BasicTypeRegistry - Adding type registration yes_no -> org.hibernate.type.YesNoType@49798e84
[DEBUG] 2021-02-21 15:14:35.889 [main] BasicTypeRegistry - Adding type registration byte -> org.hibernate.type.ByteType@67403656
[DEBUG] 2021-02-21 15:14:35.889 [main] BasicTypeRegistry - Adding type registration byte -> org.hibernate.type.ByteType@67403656
[DEBUG] 2021-02-21 15:14:35.889 [main] BasicTypeRegistry - Adding type registration java.lang.Byte -> org.hibernate.type.ByteType@67403656
[DEBUG] 2021-02-21 15:14:35.891 [main] BasicTypeRegistry - Adding type registration character -> org.hibernate.type.CharacterType@77b9d0c7
[DEBUG] 2021-02-21 15:14:35.891 [main] BasicTypeRegistry - Adding type registration char -> org.hibernate.type.CharacterType@77b9d0c7
[DEBUG] 2021-02-21 15:14:35.891 [main] BasicTypeRegistry - Adding type registration java.lang.Character -> org.hibernate.type.CharacterType@77b9d0c7
[DEBUG] 2021-02-21 15:14:35.893 [main] BasicTypeRegistry - Adding type registration short -> org.hibernate.type.ShortType@6a2eea2a
[DEBUG] 2021-02-21 15:14:35.894 [main] BasicTypeRegistry - Adding type registration short -> org.hibernate.type.ShortType@6a2eea2a
[DEBUG] 2021-02-21 15:14:35.894 [main] BasicTypeRegistry - Adding type registration java.lang.Short -> org.hibernate.type.ShortType@6a2eea2a
[DEBUG] 2021-02-21 15:14:35.896 [main] BasicTypeRegistry - Adding type registration integer -> org.hibernate.type.IntegerType@6b760460
[DEBUG] 2021-02-21 15:14:35.896 [main] BasicTypeRegistry - Adding type registration int -> org.hibernate.type.IntegerType@6b760460
[DEBUG] 2021-02-21 15:14:35.896 [main] BasicTypeRegistry - Adding type registration java.lang.Integer -> org.hibernate.type.IntegerType@6b760460
[DEBUG] 2021-02-21 15:14:35.898 [main] BasicTypeRegistry - Adding type registration long -> org.hibernate.type.LongType@3b7b05a8
[DEBUG] 2021-02-21 15:14:35.899 [main] BasicTypeRegistry - Adding type registration long -> org.hibernate.type.LongType@3b7b05a8
[DEBUG] 2021-02-21 15:14:35.899 [main] BasicTypeRegistry - Adding type registration java.lang.Long -> org.hibernate.type.LongType@3b7b05a8
[DEBUG] 2021-02-21 15:14:35.901 [main] BasicTypeRegistry - Adding type registration float -> org.hibernate.type.FloatType@4567e53d
[DEBUG] 2021-02-21 15:14:35.901 [main] BasicTypeRegistry - Adding type registration float -> org.hibernate.type.FloatType@4567e53d
[DEBUG] 2021-02-21 15:14:35.902 [main] BasicTypeRegistry - Adding type registration java.lang.Float -> org.hibernate.type.FloatType@4567e53d
[DEBUG] 2021-02-21 15:14:35.903 [main] BasicTypeRegistry - Adding type registration double -> org.hibernate.type.DoubleType@66ec9390
[DEBUG] 2021-02-21 15:14:35.903 [main] BasicTypeRegistry - Adding type registration double -> org.hibernate.type.DoubleType@66ec9390
[DEBUG] 2021-02-21 15:14:35.904 [main] BasicTypeRegistry - Adding type registration java.lang.Double -> org.hibernate.type.DoubleType@66ec9390
[DEBUG] 2021-02-21 15:14:35.905 [main] BasicTypeRegistry - Adding type registration big_decimal -> org.hibernate.type.BigDecimalType@2f7dcef2
[DEBUG] 2021-02-21 15:14:35.905 [main] BasicTypeRegistry - Adding type registration java.math.BigDecimal -> org.hibernate.type.BigDecimalType@2f7dcef2
[DEBUG] 2021-02-21 15:14:35.907 [main] BasicTypeRegistry - Adding type registration big_integer -> org.hibernate.type.BigIntegerType@2b4786dd
[DEBUG] 2021-02-21 15:14:35.907 [main] BasicTypeRegistry - Adding type registration java.math.BigInteger -> org.hibernate.type.BigIntegerType@2b4786dd
[DEBUG] 2021-02-21 15:14:35.908 [main] BasicTypeRegistry - Adding type registration string -> org.hibernate.type.StringType@1f38957
[DEBUG] 2021-02-21 15:14:35.909 [main] BasicTypeRegistry - Adding type registration java.lang.String -> org.hibernate.type.StringType@1f38957
[DEBUG] 2021-02-21 15:14:35.909 [main] BasicTypeRegistry - Adding type registration nstring -> org.hibernate.type.StringNVarcharType@518cf84a
[DEBUG] 2021-02-21 15:14:35.910 [main] BasicTypeRegistry - Adding type registration ncharacter -> org.hibernate.type.CharacterNCharType@57ce634f
[DEBUG] 2021-02-21 15:14:35.912 [main] BasicTypeRegistry - Adding type registration url -> org.hibernate.type.UrlType@6fd1660
[DEBUG] 2021-02-21 15:14:35.912 [main] BasicTypeRegistry - Adding type registration java.net.URL -> org.hibernate.type.UrlType@6fd1660
[DEBUG] 2021-02-21 15:14:35.914 [main] BasicTypeRegistry - Adding type registration Duration -> org.hibernate.type.DurationType@60d1b21f
[DEBUG] 2021-02-21 15:14:35.914 [main] BasicTypeRegistry - Adding type registration java.time.Duration -> org.hibernate.type.DurationType@60d1b21f
[DEBUG] 2021-02-21 15:14:35.929 [main] BasicTypeRegistry - Adding type registration Instant -> org.hibernate.type.InstantType@57b75756
[DEBUG] 2021-02-21 15:14:35.929 [main] BasicTypeRegistry - Adding type registration java.time.Instant -> org.hibernate.type.InstantType@57b75756
[DEBUG] 2021-02-21 15:14:35.932 [main] BasicTypeRegistry - Adding type registration LocalDateTime -> org.hibernate.type.LocalDateTimeType@17271176
[DEBUG] 2021-02-21 15:14:35.932 [main] BasicTypeRegistry - Adding type registration java.time.LocalDateTime -> org.hibernate.type.LocalDateTimeType@17271176
[DEBUG] 2021-02-21 15:14:35.935 [main] BasicTypeRegistry - Adding type registration LocalDate -> org.hibernate.type.LocalDateType@67c277a0
[DEBUG] 2021-02-21 15:14:35.935 [main] BasicTypeRegistry - Adding type registration java.time.LocalDate -> org.hibernate.type.LocalDateType@67c277a0
[DEBUG] 2021-02-21 15:14:35.937 [main] BasicTypeRegistry - Adding type registration LocalTime -> org.hibernate.type.LocalTimeType@7baf6acf
[DEBUG] 2021-02-21 15:14:35.937 [main] BasicTypeRegistry - Adding type registration java.time.LocalTime -> org.hibernate.type.LocalTimeType@7baf6acf
[DEBUG] 2021-02-21 15:14:35.939 [main] BasicTypeRegistry - Adding type registration OffsetDateTime -> org.hibernate.type.OffsetDateTimeType@22bb5646
[DEBUG] 2021-02-21 15:14:35.940 [main] BasicTypeRegistry - Adding type registration java.time.OffsetDateTime -> org.hibernate.type.OffsetDateTimeType@22bb5646
[DEBUG] 2021-02-21 15:14:35.942 [main] BasicTypeRegistry - Adding type registration OffsetTime -> org.hibernate.type.OffsetTimeType@2bc9a775
[DEBUG] 2021-02-21 15:14:35.942 [main] BasicTypeRegistry - Adding type registration java.time.OffsetTime -> org.hibernate.type.OffsetTimeType@2bc9a775
[DEBUG] 2021-02-21 15:14:35.945 [main] BasicTypeRegistry - Adding type registration ZonedDateTime -> org.hibernate.type.ZonedDateTimeType@3b36e000
[DEBUG] 2021-02-21 15:14:35.945 [main] BasicTypeRegistry - Adding type registration java.time.ZonedDateTime -> org.hibernate.type.ZonedDateTimeType@3b36e000
[DEBUG] 2021-02-21 15:14:35.948 [main] BasicTypeRegistry - Adding type registration date -> org.hibernate.type.DateType@5da7cee2
[DEBUG] 2021-02-21 15:14:35.948 [main] BasicTypeRegistry - Adding type registration java.sql.Date -> org.hibernate.type.DateType@5da7cee2
[DEBUG] 2021-02-21 15:14:35.950 [main] BasicTypeRegistry - Adding type registration time -> org.hibernate.type.TimeType@7ad54c55
[DEBUG] 2021-02-21 15:14:35.950 [main] BasicTypeRegistry - Adding type registration java.sql.Time -> org.hibernate.type.TimeType@7ad54c55
[DEBUG] 2021-02-21 15:14:35.952 [main] BasicTypeRegistry - Adding type registration timestamp -> org.hibernate.type.TimestampType@5c0f79f0
[DEBUG] 2021-02-21 15:14:35.952 [main] BasicTypeRegistry - Adding type registration java.sql.Timestamp -> org.hibernate.type.TimestampType@5c0f79f0
[DEBUG] 2021-02-21 15:14:35.953 [main] BasicTypeRegistry - Adding type registration java.util.Date -> org.hibernate.type.TimestampType@5c0f79f0
[DEBUG] 2021-02-21 15:14:35.955 [main] BasicTypeRegistry - Adding type registration dbtimestamp -> org.hibernate.type.DbTimestampType@29a69a35
[DEBUG] 2021-02-21 15:14:35.956 [main] BasicTypeRegistry - Adding type registration calendar -> org.hibernate.type.CalendarType@b18c4
[DEBUG] 2021-02-21 15:14:35.957 [main] BasicTypeRegistry - Adding type registration java.util.Calendar -> org.hibernate.type.CalendarType@b18c4
[DEBUG] 2021-02-21 15:14:35.957 [main] BasicTypeRegistry - Adding type registration java.util.GregorianCalendar -> org.hibernate.type.CalendarType@b18c4
[DEBUG] 2021-02-21 15:14:35.957 [main] BasicTypeRegistry - Adding type registration calendar_date -> org.hibernate.type.CalendarDateType@7bbbb6a8
[DEBUG] 2021-02-21 15:14:35.958 [main] BasicTypeRegistry - Adding type registration locale -> org.hibernate.type.LocaleType@314ed053
[DEBUG] 2021-02-21 15:14:35.959 [main] BasicTypeRegistry - Adding type registration java.util.Locale -> org.hibernate.type.LocaleType@314ed053
[DEBUG] 2021-02-21 15:14:35.960 [main] BasicTypeRegistry - Adding type registration currency -> org.hibernate.type.CurrencyType@dca2615
[DEBUG] 2021-02-21 15:14:35.960 [main] BasicTypeRegistry - Adding type registration java.util.Currency -> org.hibernate.type.CurrencyType@dca2615
[DEBUG] 2021-02-21 15:14:35.961 [main] BasicTypeRegistry - Adding type registration timezone -> org.hibernate.type.TimeZoneType@1d96d872
[DEBUG] 2021-02-21 15:14:35.961 [main] BasicTypeRegistry - Adding type registration java.util.TimeZone -> org.hibernate.type.TimeZoneType@1d96d872
[DEBUG] 2021-02-21 15:14:35.962 [main] BasicTypeRegistry - Adding type registration class -> org.hibernate.type.ClassType@1dc2de84
[DEBUG] 2021-02-21 15:14:35.962 [main] BasicTypeRegistry - Adding type registration java.lang.Class -> org.hibernate.type.ClassType@1dc2de84
[DEBUG] 2021-02-21 15:14:35.963 [main] BasicTypeRegistry - Adding type registration uuid-binary -> org.hibernate.type.UUIDBinaryType@44de0113
[DEBUG] 2021-02-21 15:14:35.964 [main] BasicTypeRegistry - Adding type registration java.util.UUID -> org.hibernate.type.UUIDBinaryType@44de0113
[DEBUG] 2021-02-21 15:14:35.965 [main] BasicTypeRegistry - Adding type registration uuid-char -> org.hibernate.type.UUIDCharType@42b21d99
[DEBUG] 2021-02-21 15:14:35.966 [main] BasicTypeRegistry - Adding type registration binary -> org.hibernate.type.BinaryType@3162743f
[DEBUG] 2021-02-21 15:14:35.966 [main] BasicTypeRegistry - Adding type registration byte[] -> org.hibernate.type.BinaryType@3162743f
[DEBUG] 2021-02-21 15:14:35.966 [main] BasicTypeRegistry - Adding type registration [B -> org.hibernate.type.BinaryType@3162743f
[DEBUG] 2021-02-21 15:14:35.967 [main] BasicTypeRegistry - Adding type registration wrapper-binary -> org.hibernate.type.WrapperBinaryType@1b29d52b
[DEBUG] 2021-02-21 15:14:35.967 [main] BasicTypeRegistry - Adding type registration Byte[] -> org.hibernate.type.WrapperBinaryType@1b29d52b
[DEBUG] 2021-02-21 15:14:35.968 [main] BasicTypeRegistry - Adding type registration [Ljava.lang.Byte; -> org.hibernate.type.WrapperBinaryType@1b29d52b
[DEBUG] 2021-02-21 15:14:35.969 [main] BasicTypeRegistry - Adding type registration row_version -> org.hibernate.type.RowVersionType@c6e0f32
[DEBUG] 2021-02-21 15:14:35.969 [main] BasicTypeRegistry - Adding type registration image -> org.hibernate.type.ImageType@63fdffcd
[DEBUG] 2021-02-21 15:14:35.970 [main] BasicTypeRegistry - Adding type registration characters -> org.hibernate.type.CharArrayType@2a9bc08f
[DEBUG] 2021-02-21 15:14:35.970 [main] BasicTypeRegistry - Adding type registration char[] -> org.hibernate.type.CharArrayType@2a9bc08f
[DEBUG] 2021-02-21 15:14:35.970 [main] BasicTypeRegistry - Adding type registration [C -> org.hibernate.type.CharArrayType@2a9bc08f
[DEBUG] 2021-02-21 15:14:35.972 [main] BasicTypeRegistry - Adding type registration wrapper-characters -> org.hibernate.type.CharacterArrayType@77cb9cd1
[DEBUG] 2021-02-21 15:14:35.972 [main] BasicTypeRegistry - Adding type registration [Ljava.lang.Character; -> org.hibernate.type.CharacterArrayType@77cb9cd1
[DEBUG] 2021-02-21 15:14:35.972 [main] BasicTypeRegistry - Adding type registration Character[] -> org.hibernate.type.CharacterArrayType@77cb9cd1
[DEBUG] 2021-02-21 15:14:35.973 [main] BasicTypeRegistry - Adding type registration text -> org.hibernate.type.TextType@3e4f80cb
[DEBUG] 2021-02-21 15:14:35.974 [main] BasicTypeRegistry - Adding type registration ntext -> org.hibernate.type.NTextType@c6a6c1d
[DEBUG] 2021-02-21 15:14:35.976 [main] BasicTypeRegistry - Adding type registration blob -> org.hibernate.type.BlobType@10667848
[DEBUG] 2021-02-21 15:14:35.976 [main] BasicTypeRegistry - Adding type registration java.sql.Blob -> org.hibernate.type.BlobType@10667848
[DEBUG] 2021-02-21 15:14:35.976 [main] BasicTypeRegistry - Adding type registration materialized_blob -> org.hibernate.type.MaterializedBlobType@66bacdbc
[DEBUG] 2021-02-21 15:14:35.979 [main] BasicTypeRegistry - Adding type registration clob -> org.hibernate.type.ClobType@2116b68b
[DEBUG] 2021-02-21 15:14:35.980 [main] BasicTypeRegistry - Adding type registration java.sql.Clob -> org.hibernate.type.ClobType@2116b68b
[DEBUG] 2021-02-21 15:14:35.982 [main] BasicTypeRegistry - Adding type registration nclob -> org.hibernate.type.NClobType@47ec7422
[DEBUG] 2021-02-21 15:14:35.983 [main] BasicTypeRegistry - Adding type registration java.sql.NClob -> org.hibernate.type.NClobType@47ec7422
[DEBUG] 2021-02-21 15:14:35.984 [main] BasicTypeRegistry - Adding type registration materialized_clob -> org.hibernate.type.MaterializedClobType@2b56f5f8
[DEBUG] 2021-02-21 15:14:35.984 [main] BasicTypeRegistry - Adding type registration materialized_nclob -> org.hibernate.type.MaterializedNClobType@1aa99005
[DEBUG] 2021-02-21 15:14:35.987 [main] BasicTypeRegistry - Adding type registration serializable -> org.hibernate.type.SerializableType@cfbc8e8
[DEBUG] 2021-02-21 15:14:35.994 [main] BasicTypeRegistry - Adding type registration object -> org.hibernate.type.ObjectType@2b61a019
[DEBUG] 2021-02-21 15:14:35.995 [main] BasicTypeRegistry - Adding type registration java.lang.Object -> org.hibernate.type.ObjectType@2b61a019
[DEBUG] 2021-02-21 15:14:35.996 [main] BasicTypeRegistry - Adding type registration imm_date -> org.hibernate.type.AdaptedImmutableType@6fd5717c
[DEBUG] 2021-02-21 15:14:35.996 [main] BasicTypeRegistry - Adding type registration imm_time -> org.hibernate.type.AdaptedImmutableType@7e2f86e6
[DEBUG] 2021-02-21 15:14:35.996 [main] BasicTypeRegistry - Adding type registration imm_timestamp -> org.hibernate.type.AdaptedImmutableType@4d774249
[DEBUG] 2021-02-21 15:14:35.996 [main] BasicTypeRegistry - Adding type registration imm_dbtimestamp -> org.hibernate.type.AdaptedImmutableType@17b64941
[DEBUG] 2021-02-21 15:14:35.997 [main] BasicTypeRegistry - Adding type registration imm_calendar -> org.hibernate.type.AdaptedImmutableType@53ac845a
[DEBUG] 2021-02-21 15:14:35.997 [main] BasicTypeRegistry - Adding type registration imm_calendar_date -> org.hibernate.type.AdaptedImmutableType@5136207f
[DEBUG] 2021-02-21 15:14:35.997 [main] BasicTypeRegistry - Adding type registration imm_binary -> org.hibernate.type.AdaptedImmutableType@26a4551a
[DEBUG] 2021-02-21 15:14:35.997 [main] BasicTypeRegistry - Adding type registration imm_serializable -> org.hibernate.type.AdaptedImmutableType@3fdecce
[DEBUG] 2021-02-21 15:14:36.034 [main] DefaultIdentifierGeneratorFactory - Registering IdentifierGenerator strategy [uuid2] -> [org.hibernate.id.UUIDGenerator]
[DEBUG] 2021-02-21 15:14:36.034 [main] DefaultIdentifierGeneratorFactory - Registering IdentifierGenerator strategy [guid] -> [org.hibernate.id.GUIDGenerator]
[DEBUG] 2021-02-21 15:14:36.035 [main] DefaultIdentifierGeneratorFactory - Registering IdentifierGenerator strategy [uuid] -> [org.hibernate.id.UUIDHexGenerator]
[DEBUG] 2021-02-21 15:14:36.035 [main] DefaultIdentifierGeneratorFactory - Registering IdentifierGenerator strategy [uuid.hex] -> [org.hibernate.id.UUIDHexGenerator]
[DEBUG] 2021-02-21 15:14:36.035 [main] DefaultIdentifierGeneratorFactory - Registering IdentifierGenerator strategy [assigned] -> [org.hibernate.id.Assigned]
[DEBUG] 2021-02-21 15:14:36.037 [main] DefaultIdentifierGeneratorFactory - Registering IdentifierGenerator strategy [identity] -> [org.hibernate.id.IdentityGenerator]
[DEBUG] 2021-02-21 15:14:36.042 [main] DefaultIdentifierGeneratorFactory - Registering IdentifierGenerator strategy [select] -> [org.hibernate.id.SelectGenerator]
[DEBUG] 2021-02-21 15:14:36.048 [main] DefaultIdentifierGeneratorFactory - Registering IdentifierGenerator strategy [sequence] -> [org.hibernate.id.enhanced.SequenceStyleGenerator]
[DEBUG] 2021-02-21 15:14:36.049 [main] DefaultIdentifierGeneratorFactory - Registering IdentifierGenerator strategy [seqhilo] -> [org.hibernate.id.SequenceHiLoGenerator]
[DEBUG] 2021-02-21 15:14:36.050 [main] DefaultIdentifierGeneratorFactory - Registering IdentifierGenerator strategy [increment] -> [org.hibernate.id.IncrementGenerator]
[DEBUG] 2021-02-21 15:14:36.052 [main] DefaultIdentifierGeneratorFactory - Registering IdentifierGenerator strategy [foreign] -> [org.hibernate.id.ForeignGenerator]
[DEBUG] 2021-02-21 15:14:36.053 [main] DefaultIdentifierGeneratorFactory - Registering IdentifierGenerator strategy [sequence-identity] -> [org.hibernate.id.SequenceIdentityGenerator]
[DEBUG] 2021-02-21 15:14:36.053 [main] DefaultIdentifierGeneratorFactory - Registering IdentifierGenerator strategy [enhanced-sequence] -> [org.hibernate.id.enhanced.SequenceStyleGenerator]
[DEBUG] 2021-02-21 15:14:36.054 [main] DefaultIdentifierGeneratorFactory - Registering IdentifierGenerator strategy [enhanced-table] -> [org.hibernate.id.enhanced.TableGenerator]
[INFO ] 2021-02-21 15:14:36.062 [main] C3P0ConnectionProvider - HHH010002: C3P0 using driver: com.mysql.cj.jdbc.Driver at URL: jdbc:mysql://localhost:3306/test_mealBuilder
[INFO ] 2021-02-21 15:14:36.062 [main] C3P0ConnectionProvider - HHH10001001: Connection properties: {password=****, user=root}
[INFO ] 2021-02-21 15:14:36.062 [main] C3P0ConnectionProvider - HHH10001003: Autocommit mode: false
[INFO ] 2021-02-21 15:14:36.233 [main] C3P0ConnectionProvider - HHH10001007: JDBC isolation level: <unknown>
[DEBUG] 2021-02-21 15:14:36.993 [main] JdbcEnvironmentInitiator - Database ->
       name : MySQL
    version : 8.0.22
      major : 8
      minor : 0
[DEBUG] 2021-02-21 15:14:36.993 [main] JdbcEnvironmentInitiator - Driver ->
       name : MySQL Connector/J
    version : mysql-connector-java-8.0.22 (Revision: d64b664fa93e81296a377de031b8123a67e6def2)
      major : 8
      minor : 0
[DEBUG] 2021-02-21 15:14:36.993 [main] JdbcEnvironmentInitiator - JDBC version : 4.2
[INFO ] 2021-02-21 15:14:37.038 [main] Dialect - HHH000400: Using dialect: org.hibernate.dialect.MySQL8Dialect
[DEBUG] 2021-02-21 15:14:37.070 [main] IdentifierHelperBuilder - JDBC driver metadata reported database stores quoted identifiers in more than one case
[DEBUG] 2021-02-21 15:14:37.099 [main] IdentifierHelperBuilder - IdentifierCaseStrategy for both quoted and unquoted identifiers was set to the same strategy [MIXED]; that will likely lead to problems in schema update and validation if using quoted identifiers
[DEBUG] 2021-02-21 15:14:37.153 [main] Namespace - Created database namespace [logicalName=Name{catalog=null, schema=null}, physicalName=Name{catalog=null, schema=null}]
[DEBUG] 2021-02-21 15:14:37.158 [main] TypeConfiguration$Scope - Scoping TypeConfiguration [org.hibernate.type.spi.TypeConfiguration@4339baec] to MetadataBuildingContext [org.hibernate.boot.internal.MetadataBuildingContextRootImpl@62db3891]
[DEBUG] 2021-02-21 15:14:37.237 [main] AnnotationBinder - Binding entity from annotated class: entity.Users
[DEBUG] 2021-02-21 15:14:37.271 [main] Ejb3Column - Binding column: Ejb3DiscriminatorColumn{logicalColumnName'DTYPE', discriminatorTypeName='string'}
[DEBUG] 2021-02-21 15:14:37.282 [main] EntityBinder - Import with entity name Users
[DEBUG] 2021-02-21 15:14:37.288 [main] EntityBinder - Bind entity entity.Users on table Users
[DEBUG] 2021-02-21 15:14:37.331 [main] Ejb3Column - Binding column: Ejb3Column{table=org.hibernate.mapping.Table(Users), mappingColumn=id, insertable=true, updatable=true, unique=false}
[DEBUG] 2021-02-21 15:14:37.334 [main] PropertyBinder - MetadataSourceProcessor property id with lazy=false
[DEBUG] 2021-02-21 15:14:37.337 [main] AbstractPropertyHolder - Attempting to locate auto-apply AttributeConverter for property [entity.Users:id]
[DEBUG] 2021-02-21 15:14:37.340 [main] SimpleValueBinder - building SimpleValue for id
[DEBUG] 2021-02-21 15:14:37.343 [main] PropertyBinder - Building property id
[DEBUG] 2021-02-21 15:14:37.347 [main] BinderHelper - #makeIdGenerator(org.hibernate.mapping.SimpleValue([org.hibernate.mapping.Column(id)]), id, org.hibernate.id.enhanced.SequenceStyleGenerator, native, ...)
[DEBUG] 2021-02-21 15:14:37.348 [main] Ejb3Column - Binding column: Ejb3Column{table=org.hibernate.mapping.Table(Users), mappingColumn=password, insertable=true, updatable=true, unique=false}
[DEBUG] 2021-02-21 15:14:37.348 [main] PropertyBinder - MetadataSourceProcessor property password with lazy=false
[DEBUG] 2021-02-21 15:14:37.349 [main] AbstractPropertyHolder - Attempting to locate auto-apply AttributeConverter for property [entity.Users:password]
[DEBUG] 2021-02-21 15:14:37.349 [main] SimpleValueBinder - building SimpleValue for password
[DEBUG] 2021-02-21 15:14:37.349 [main] PropertyBinder - Building property password
[DEBUG] 2021-02-21 15:14:37.351 [main] Ejb3Column - Binding column: Ejb3JoinColumn{logicalColumnName='Users_id', referencedColumn='', mappedBy=''}
[DEBUG] 2021-02-21 15:14:37.351 [main] Ejb3Column - Binding column: Ejb3Column{table=org.hibernate.mapping.Table(Users), mappingColumn=recipes, insertable=true, updatable=true, unique=false}
[DEBUG] 2021-02-21 15:14:37.352 [main] Ejb3Column - Binding column: Ejb3Column{table=org.hibernate.mapping.Table(Users), mappingColumn=null, insertable=true, updatable=true, unique=false}
[DEBUG] 2021-02-21 15:14:37.362 [main] Ejb3Column - Binding column: Ejb3Column{table=org.hibernate.mapping.Table(Users), mappingColumn=element, insertable=true, updatable=true, unique=false}
[DEBUG] 2021-02-21 15:14:37.362 [main] Ejb3Column - Binding column: Ejb3Column{table=org.hibernate.mapping.Table(Users), mappingColumn=recipes_KEY, insertable=true, updatable=true, unique=false}
[DEBUG] 2021-02-21 15:14:37.363 [main] Ejb3Column - Binding column: Ejb3JoinColumn{logicalColumnName='recipes_KEY', referencedColumn='null', mappedBy='null'}
[DEBUG] 2021-02-21 15:14:37.365 [main] Ejb3Column - Binding column: Ejb3JoinColumn{logicalColumnName='null', referencedColumn='null', mappedBy=''}
[DEBUG] 2021-02-21 15:14:37.366 [main] Ejb3Column - Binding column: Ejb3JoinColumn{logicalColumnName='null', referencedColumn='null', mappedBy=''}
[DEBUG] 2021-02-21 15:14:37.367 [main] CollectionBinder - Collection role: entity.Users.recipes
[DEBUG] 2021-02-21 15:14:37.371 [main] PropertyBinder - Building property recipes
[DEBUG] 2021-02-21 15:14:37.372 [main] Ejb3Column - Binding column: Ejb3Column{table=org.hibernate.mapping.Table(Users), mappingColumn=username, insertable=true, updatable=true, unique=false}
[DEBUG] 2021-02-21 15:14:37.373 [main] PropertyBinder - MetadataSourceProcessor property username with lazy=false
[DEBUG] 2021-02-21 15:14:37.373 [main] AbstractPropertyHolder - Attempting to locate auto-apply AttributeConverter for property [entity.Users:username]
[DEBUG] 2021-02-21 15:14:37.373 [main] SimpleValueBinder - building SimpleValue for username
[DEBUG] 2021-02-21 15:14:37.373 [main] PropertyBinder - Building property username
[DEBUG] 2021-02-21 15:14:37.375 [main] AnnotationBinder - Binding entity from annotated class: entity.Recipes
[DEBUG] 2021-02-21 15:14:37.375 [main] Ejb3Column - Binding column: Ejb3DiscriminatorColumn{logicalColumnName'DTYPE', discriminatorTypeName='string'}
[DEBUG] 2021-02-21 15:14:37.376 [main] EntityBinder - Import with entity name Recipes
[DEBUG] 2021-02-21 15:14:37.376 [main] EntityBinder - Bind entity entity.Recipes on table Recipes
[DEBUG] 2021-02-21 15:14:37.379 [main] Ejb3Column - Binding column: Ejb3Column{table=org.hibernate.mapping.Table(Recipes), mappingColumn=recipe_id, insertable=true, updatable=true, unique=false}
[DEBUG] 2021-02-21 15:14:37.380 [main] PropertyBinder - MetadataSourceProcessor property id with lazy=false
[DEBUG] 2021-02-21 15:14:37.380 [main] AbstractPropertyHolder - Attempting to locate auto-apply AttributeConverter for property [entity.Recipes:id]
[DEBUG] 2021-02-21 15:14:37.380 [main] SimpleValueBinder - building SimpleValue for id
[DEBUG] 2021-02-21 15:14:37.380 [main] PropertyBinder - Building property id
[DEBUG] 2021-02-21 15:14:37.380 [main] BinderHelper - #makeIdGenerator(org.hibernate.mapping.SimpleValue([org.hibernate.mapping.Column(recipe_id)]), id, org.hibernate.id.enhanced.SequenceStyleGenerator, native, ...)
[DEBUG] 2021-02-21 15:14:37.381 [main] Ejb3Column - Binding column: Ejb3Column{table=org.hibernate.mapping.Table(Recipes), mappingColumn=public_recipe, insertable=true, updatable=true, unique=false}
[DEBUG] 2021-02-21 15:14:37.381 [main] PropertyBinder - MetadataSourceProcessor property public_recipe with lazy=false
[DEBUG] 2021-02-21 15:14:37.381 [main] AbstractPropertyHolder - Attempting to locate auto-apply AttributeConverter for property [entity.Recipes:public_recipe]
[DEBUG] 2021-02-21 15:14:37.381 [main] SimpleValueBinder - building SimpleValue for public_recipe
[DEBUG] 2021-02-21 15:14:37.381 [main] PropertyBinder - Building property public_recipe
[DEBUG] 2021-02-21 15:14:37.381 [main] Ejb3Column - Binding column: Ejb3Column{table=org.hibernate.mapping.Table(Recipes), mappingColumn=recipe_name, insertable=true, updatable=true, unique=false}
[DEBUG] 2021-02-21 15:14:37.382 [main] PropertyBinder - MetadataSourceProcessor property recipe_name with lazy=false
[DEBUG] 2021-02-21 15:14:37.382 [main] AbstractPropertyHolder - Attempting to locate auto-apply AttributeConverter for property [entity.Recipes:recipe_name]
[DEBUG] 2021-02-21 15:14:37.382 [main] SimpleValueBinder - building SimpleValue for recipe_name
[DEBUG] 2021-02-21 15:14:37.382 [main] PropertyBinder - Building property recipe_name
[DEBUG] 2021-02-21 15:14:37.382 [main] Ejb3Column - Binding column: Ejb3JoinColumn{logicalColumnName='Users_id', referencedColumn='', mappedBy=''}
[DEBUG] 2021-02-21 15:14:37.382 [main] Ejb3Column - Binding column: Ejb3Column{table=org.hibernate.mapping.Table(Recipes), mappingColumn=user, insertable=true, updatable=true, unique=false}
[DEBUG] 2021-02-21 15:14:37.384 [main] PropertyBinder - Building property user
[DEBUG] 2021-02-21 15:14:37.386 [main] SimpleValueBinder - Starting fillSimpleValue for id
[DEBUG] 2021-02-21 15:14:37.386 [main] SimpleValueBinder - Starting fillSimpleValue for password
[DEBUG] 2021-02-21 15:14:37.386 [main] SimpleValueBinder - Starting fillSimpleValue for username
[DEBUG] 2021-02-21 15:14:37.386 [main] SimpleValueBinder - Starting fillSimpleValue for id
[DEBUG] 2021-02-21 15:14:37.387 [main] SimpleValueBinder - Starting fillSimpleValue for public_recipe
[DEBUG] 2021-02-21 15:14:37.387 [main] SimpleValueBinder - Starting fillSimpleValue for recipe_name
[DEBUG] 2021-02-21 15:14:37.391 [main] PrimaryKey - Forcing column [id] to be non-null as it is part of the primary key for table [users]
[DEBUG] 2021-02-21 15:14:37.391 [main] PrimaryKey - Forcing column [recipe_id] to be non-null as it is part of the primary key for table [recipes]
[DEBUG] 2021-02-21 15:14:37.392 [main] CollectionSecondPass - Second pass for collection: entity.Users.recipes
[DEBUG] 2021-02-21 15:14:37.392 [main] CollectionBinder - Binding a OneToMany: entity.Users.recipes through a foreign key
[DEBUG] 2021-02-21 15:14:37.392 [main] CollectionBinder - Mapping collection: entity.Users.recipes -> Recipes
[DEBUG] 2021-02-21 15:14:37.394 [main] CollectionSecondPass - Mapped collection key: Users_id, one-to-many: entity.Recipes
[DEBUG] 2021-02-21 15:14:37.394 [main] InFlightMetadataCollectorImpl - Resolving reference to class: entity.Users
[DEBUG] 2021-02-21 15:14:37.397 [main] InFlightMetadataCollectorImpl - Resolving reference to class: entity.Users
[DEBUG] 2021-02-21 15:14:37.451 [main] SessionFactoryImpl - Building session factory
[DEBUG] 2021-02-21 15:14:37.452 [main] Settings - SessionFactory name : null
[DEBUG] 2021-02-21 15:14:37.453 [main] Settings - Automatic flush during beforeCompletion(): enabled
[DEBUG] 2021-02-21 15:14:37.453 [main] Settings - Automatic session close at end of transaction: disabled
[DEBUG] 2021-02-21 15:14:37.453 [main] Settings - Statistics: disabled
[DEBUG] 2021-02-21 15:14:37.453 [main] Settings - Deleted entity synthetic identifier rollback: disabled
[DEBUG] 2021-02-21 15:14:37.453 [main] Settings - Default entity-mode: pojo
[DEBUG] 2021-02-21 15:14:37.453 [main] Settings - Check Nullability in Core (should be disabled when Bean Validation is on): enabled
[DEBUG] 2021-02-21 15:14:37.453 [main] Settings - Allow initialization of lazy state outside session : disabled
[DEBUG] 2021-02-21 15:14:37.453 [main] Settings - Using BatchFetchStyle : LEGACY
[DEBUG] 2021-02-21 15:14:37.453 [main] Settings - Default batch fetch size: -1
[DEBUG] 2021-02-21 15:14:37.453 [main] Settings - Maximum outer join fetch depth: 2
[DEBUG] 2021-02-21 15:14:37.454 [main] Settings - Default null ordering: NONE
[DEBUG] 2021-02-21 15:14:37.454 [main] Settings - Order SQL updates by primary key: disabled
[DEBUG] 2021-02-21 15:14:37.454 [main] Settings - Order SQL inserts for batching: disabled
[DEBUG] 2021-02-21 15:14:37.454 [main] Settings - multi-tenancy strategy : NONE
[DEBUG] 2021-02-21 15:14:37.454 [main] Settings - JTA Track by Thread: enabled
[DEBUG] 2021-02-21 15:14:37.454 [main] Settings - Query language substitutions: {}
[DEBUG] 2021-02-21 15:14:37.454 [main] Settings - Named query checking : enabled
[DEBUG] 2021-02-21 15:14:37.454 [main] Settings - Second-level cache: disabled
[DEBUG] 2021-02-21 15:14:37.454 [main] Settings - Second-level query cache: disabled
[DEBUG] 2021-02-21 15:14:37.454 [main] Settings - Second-level query cache factory: null
[DEBUG] 2021-02-21 15:14:37.454 [main] Settings - Second-level cache region prefix: null
[DEBUG] 2021-02-21 15:14:37.454 [main] Settings - Optimize second-level cache for minimal puts: disabled
[DEBUG] 2021-02-21 15:14:37.454 [main] Settings - Structured second-level cache entries: disabled
[DEBUG] 2021-02-21 15:14:37.454 [main] Settings - Second-level cache direct-reference entries: disabled
[DEBUG] 2021-02-21 15:14:37.454 [main] Settings - Automatic eviction of collection cache: disabled
[DEBUG] 2021-02-21 15:14:37.454 [main] Settings - JDBC batch size: 15
[DEBUG] 2021-02-21 15:14:37.455 [main] Settings - JDBC batch updates for versioned data: enabled
[DEBUG] 2021-02-21 15:14:37.455 [main] Settings - Scrollable result sets: enabled
[DEBUG] 2021-02-21 15:14:37.455 [main] Settings - Wrap result sets: disabled
[DEBUG] 2021-02-21 15:14:37.455 [main] Settings - JDBC3 getGeneratedKeys(): enabled
[DEBUG] 2021-02-21 15:14:37.455 [main] Settings - JDBC result set fetch size: null
[DEBUG] 2021-02-21 15:14:37.455 [main] Settings - Connection release mode: AFTER_TRANSACTION
[DEBUG] 2021-02-21 15:14:37.455 [main] Settings - Generate SQL with comments: disabled
[DEBUG] 2021-02-21 15:14:37.455 [main] Settings - JPA compliance - query : 
[DEBUG] 2021-02-21 15:14:37.455 [main] Settings - JPA compliance - closed-handling : 
[DEBUG] 2021-02-21 15:14:37.455 [main] Settings - JPA compliance - lists : 
[DEBUG] 2021-02-21 15:14:37.455 [main] Settings - JPA compliance - transactions : 
[INFO ] 2021-02-21 15:14:37.529 [main] beans - HHH10005002: No explicit CDI BeanManager reference was passed to Hibernate, but CDI is available on the Hibernate ClassLoader.
[DEBUG] 2021-02-21 15:14:37.559 [main] SessionFactoryImpl - Session factory constructed with filter configurations : {}
[DEBUG] 2021-02-21 15:14:37.559 [main] SessionFactoryImpl - Instantiating session factory with properties: {gopherProxySet=false, awt.toolkit=sun.lwawt.macosx.LWCToolkit, java.specification.version=11, sun.cpu.isalist=, hibernate.c3p0.idle_test_period=3000, sun.jnu.encoding=UTF-8, hibernate.c3p0.min_size=5, java.class.path=/Applications/IntelliJ IDEA.app/Contents/lib/idea_rt.jar:/Applications/IntelliJ IDEA.app/Contents/plugins/junit/lib/junit5-rt.jar:/Applications/IntelliJ IDEA.app/Contents/plugins/junit/lib/junit-rt.jar:/Users/lisaandritsch/Desktop/Java/MealAndGroceryBuilder/target/test-classes:/Users/lisaandritsch/Desktop/Java/MealAndGroceryBuilder/target/classes:/Users/lisaandritsch/.m2/repository/junit/junit/4.12/junit-4.12.jar:/Users/lisaandritsch/.m2/repository/org/hamcrest/hamcrest-core/1.3/hamcrest-core-1.3.jar:/Users/lisaandritsch/.m2/repository/javax/javaee-web-api/7.0/javaee-web-api-7.0.jar:/Users/lisaandritsch/.m2/repository/mysql/mysql-connector-java/8.0.22/mysql-connector-java-8.0.22.jar:/Users/lisaandritsch/.m2/repository/com/google/protobuf/protobuf-java/3.11.4/protobuf-java-3.11.4.jar:/Users/lisaandritsch/.m2/repository/javax/servlet/jsp/jstl/jstl-api/1.2/jstl-api-1.2.jar:/Users/lisaandritsch/.m2/repository/javax/servlet/servlet-api/2.5/servlet-api-2.5.jar:/Users/lisaandritsch/.m2/repository/javax/servlet/jsp/jsp-api/2.1/jsp-api-2.1.jar:/Users/lisaandritsch/.m2/repository/javax/servlet/jstl/1.2/jstl-1.2.jar:/Users/lisaandritsch/.m2/repository/taglibs/standard/1.1.2/standard-1.1.2.jar:/Users/lisaandritsch/.m2/repository/org/apache/logging/log4j/log4j-api/2.10.0/log4j-api-2.10.0.jar:/Users/lisaandritsch/.m2/repository/org/apache/logging/log4j/log4j-core/2.10.0/log4j-core-2.10.0.jar:/Users/lisaandritsch/.m2/repository/org/junit/platform/junit-platform-runner/1.0.0/junit-platform-runner-1.0.0.jar:/Users/lisaandritsch/.m2/repository/org/apiguardian/apiguardian-api/1.0.0/apiguardian-api-1.0.0.jar:/Users/lisaandritsch/.m2/repository/org/junit/platform/junit-platform-launcher/1.0.0/junit-platform-launcher-1.0.0.jar:/Users/lisaandritsch/.m2/repository/org/junit/platform/junit-platform-suite-api/1.0.0/junit-platform-suite-api-1.0.0.jar:/Users/lisaandritsch/.m2/repository/org/junit/platform/junit-platform-commons/1.0.0/junit-platform-commons-1.0.0.jar:/Users/lisaandritsch/.m2/repository/org/junit/vintage/junit-vintage-engine/4.12.0/junit-vintage-engine-4.12.0.jar:/Users/lisaandritsch/.m2/repository/org/junit/platform/junit-platform-engine/1.0.0/junit-platform-engine-1.0.0.jar:/Users/lisaandritsch/.m2/repository/org/opentest4j/opentest4j/1.0.0/opentest4j-1.0.0.jar:/Users/lisaandritsch/.m2/repository/org/junit/jupiter/junit-jupiter-engine/5.0.0/junit-jupiter-engine-5.0.0.jar:/Users/lisaandritsch/.m2/repository/org/junit/jupiter/junit-jupiter-api/5.0.0/junit-jupiter-api-5.0.0.jar:/Users/lisaandritsch/.m2/repository/org/hibernate/hibernate-core/5.4.4.Final/hibernate-core-5.4.4.Final.jar:/Users/lisaandritsch/.m2/repository/org/jboss/logging/jboss-logging/3.3.2.Final/jboss-logging-3.3.2.Final.jar:/Users/lisaandritsch/.m2/repository/javax/persistence/javax.persistence-api/2.2/javax.persistence-api-2.2.jar:/Users/lisaandritsch/.m2/repository/org/javassist/javassist/3.24.0-GA/javassist-3.24.0-GA.jar:/Users/lisaandritsch/.m2/repository/net/bytebuddy/byte-buddy/1.9.11/byte-buddy-1.9.11.jar:/Users/lisaandritsch/.m2/repository/antlr/antlr/2.7.7/antlr-2.7.7.jar:/Users/lisaandritsch/.m2/repository/org/jboss/spec/javax/transaction/jboss-transaction-api_1.2_spec/1.1.1.Final/jboss-transaction-api_1.2_spec-1.1.1.Final.jar:/Users/lisaandritsch/.m2/repository/org/jboss/jandex/2.0.5.Final/jandex-2.0.5.Final.jar:/Users/lisaandritsch/.m2/repository/com/fasterxml/classmate/1.3.4/classmate-1.3.4.jar:/Users/lisaandritsch/.m2/repository/javax/activation/javax.activation-api/1.2.0/javax.activation-api-1.2.0.jar:/Users/lisaandritsch/.m2/repository/org/dom4j/dom4j/2.1.1/dom4j-2.1.1.jar:/Users/lisaandritsch/.m2/repository/org/hibernate/common/hibernate-commons-annotations/5.1.0.Final/hibernate-commons-annotations-5.1.0.Final.jar:/Users/lisaandritsch/.m2/repository/javax/xml/bind/jaxb-api/2.3.1/jaxb-api-2.3.1.jar:/Users/lisaandritsch/.m2/repository/org/glassfish/jaxb/jaxb-runtime/2.3.1/jaxb-runtime-2.3.1.jar:/Users/lisaandritsch/.m2/repository/org/glassfish/jaxb/txw2/2.3.1/txw2-2.3.1.jar:/Users/lisaandritsch/.m2/repository/com/sun/istack/istack-commons-runtime/3.0.7/istack-commons-runtime-3.0.7.jar:/Users/lisaandritsch/.m2/repository/org/jvnet/staxex/stax-ex/1.8/stax-ex-1.8.jar:/Users/lisaandritsch/.m2/repository/com/sun/xml/fastinfoset/FastInfoset/1.2.15/FastInfoset-1.2.15.jar:/Users/lisaandritsch/.m2/repository/org/hibernate/hibernate-c3p0/5.4.4.Final/hibernate-c3p0-5.4.4.Final.jar:/Users/lisaandritsch/.m2/repository/com/mchange/c3p0/0.9.5.3/c3p0-0.9.5.3.jar:/Users/lisaandritsch/.m2/repository/com/mchange/mchange-commons-java/0.2.15/mchange-commons-java-0.2.15.jar, java.vm.vendor=Oracle Corporation, sun.arch.data.model=64, idea.test.cyclic.buffer.size=1048576, java.vendor.url=https://openjdk.java.net/, user.timezone=America/Chicago, os.name=Mac OS X, java.vm.specification.version=11, sun.java.launcher=SUN_STANDARD, user.country=US, sun.boot.library.path=/Library/Java/JavaVirtualMachines/jdk-11.0.9.jdk/Contents/Home/lib, sun.java.command=com.intellij.rt.junit.JUnitStarter -ideVersion5 -junit5 persistence.RecipesDAOTest,getRecipeById, http.nonProxyHosts=local|*.local|169.254/16|*.169.254/16, jdk.debug=release, sun.cpu.endian=little, user.home=/Users/lisaandritsch, hibernate.c3p0.max_statements=50, user.language=en, java.specification.vendor=Oracle Corporation, java.version.date=2020-10-20, java.home=/Library/Java/JavaVirtualMachines/jdk-11.0.9.jdk/Contents/Home, file.separator=/, java.vm.compressedOopsMode=Zero based, line.separator=
, hibernate.c3p0.timeout=300, java.specification.name=Java Platform API Specification, java.vm.specification.vendor=Oracle Corporation, java.awt.graphicsenv=sun.awt.CGraphicsEnvironment, connection.password=1LoveBacon!, sun.management.compiler=HotSpot 64-Bit Tiered Compilers, ftp.nonProxyHosts=local|*.local|169.254/16|*.169.254/16, hibernate.c3p0.max_size=20, java.runtime.version=11.0.9+7-LTS, user.name=lisaandritsch, path.separator=:, hibernate.connection.username=****, os.version=10.15.4, java.runtime.name=Java(TM) SE Runtime Environment, hibernate.connection.url=jdbc:mysql://localhost:3306/test_mealBuilder, file.encoding=UTF-8, java.vm.name=Java HotSpot(TM) 64-Bit Server VM, java.vendor.version=18.9, hibernate.connection.driver_class=com.mysql.cj.jdbc.Driver, java.vendor.url.bug=https://bugreport.java.com/bugreport/, java.io.tmpdir=/var/folders/t1/cf3c018n3358k026jslb5qb00000gn/T/, java.version=11.0.9, user.dir=/Users/lisaandritsch/Desktop/Java/MealAndGroceryBuilder, os.arch=x86_64, connection.username=root, java.vm.specification.name=Java Virtual Machine Specification, java.awt.printerjob=sun.lwawt.macosx.CPrinterJob, hibernate.connection.password=****, sun.os.patch.level=unknown, connection.driver_class=com.mysql.cj.jdbc.Driver, hibernate.boot.CfgXmlAccessService.key=org.hibernate.boot.cfgxml.spi.LoadedConfig@28369db0, java.library.path=/Users/lisaandritsch/Library/Java/Extensions:/Library/Java/Extensions:/Network/Library/Java/Extensions:/System/Library/Java/Extensions:/usr/lib/java:., java.vendor=Oracle Corporation, java.vm.info=mixed mode, java.vm.version=11.0.9+7-LTS, hibernate.bytecode.use_reflection_optimizer=false, sun.io.unicode.encoding=UnicodeBig, connection.url=jdbc:mysql://localhost:3306/test_mealBuilder, socksNonProxyHosts=local|*.local|169.254/16|*.169.254/16, java.class.version=55.0}
[DEBUG] 2021-02-21 15:14:37.585 [main] TypeSafeActivator - Unable to acquire Bean Validation ValidatorFactory, skipping activation
[DEBUG] 2021-02-21 15:14:37.585 [main] JaccIntegrator - Skipping JACC integration as it was not enabled
[DEBUG] 2021-02-21 15:14:37.586 [main] SessionFactoryImpl - Instantiated session factory
[DEBUG] 2021-02-21 15:14:37.586 [main] TypeConfiguration$Scope - Scoping TypeConfiguration [org.hibernate.type.spi.TypeConfiguration@4339baec] to SessionFactoryImpl [org.hibernate.internal.SessionFactoryImpl@239f017e]
[DEBUG] 2021-02-21 15:14:37.656 [main] ClassLoaderAccessImpl - Not known whether passed class name [entity.Recipes] is safe
[DEBUG] 2021-02-21 15:14:37.656 [main] ClassLoaderAccessImpl - No temp ClassLoader provided; using live ClassLoader for loading potentially unsafe class : entity.Recipes
[DEBUG] 2021-02-21 15:14:37.680 [main] ClassLoaderAccessImpl - Not known whether passed class name [entity.Recipes] is safe
[DEBUG] 2021-02-21 15:14:37.681 [main] ClassLoaderAccessImpl - No temp ClassLoader provided; using live ClassLoader for loading potentially unsafe class : entity.Recipes
[DEBUG] 2021-02-21 15:14:38.088 [main] ClassLoaderAccessImpl - Not known whether passed class name [entity.Users] is safe
[DEBUG] 2021-02-21 15:14:38.089 [main] ClassLoaderAccessImpl - No temp ClassLoader provided; using live ClassLoader for loading potentially unsafe class : entity.Users
[DEBUG] 2021-02-21 15:14:38.089 [main] ClassLoaderAccessImpl - Not known whether passed class name [entity.Users] is safe
[DEBUG] 2021-02-21 15:14:38.090 [main] ClassLoaderAccessImpl - No temp ClassLoader provided; using live ClassLoader for loading potentially unsafe class : entity.Users
[DEBUG] 2021-02-21 15:14:38.137 [main] AbstractCollectionPersister - Static SQL for collection: entity.Users.recipes
[DEBUG] 2021-02-21 15:14:38.137 [main] AbstractCollectionPersister -  Row insert: update Recipes set Users_id=? where recipe_id=?
[DEBUG] 2021-02-21 15:14:38.137 [main] AbstractCollectionPersister -  Row update: update Recipes set  where recipe_id=?
[DEBUG] 2021-02-21 15:14:38.137 [main] AbstractCollectionPersister -  Row delete: update Recipes set Users_id=null where Users_id=? and recipe_id=?
[DEBUG] 2021-02-21 15:14:38.137 [main] AbstractCollectionPersister -  One-shot delete: update Recipes set Users_id=null where Users_id=?
[DEBUG] 2021-02-21 15:14:38.143 [main] AbstractEntityPersister - Static SQL for entity: entity.Recipes
[DEBUG] 2021-02-21 15:14:38.143 [main] AbstractEntityPersister -  Version select: select recipe_id from Recipes where recipe_id =?
[DEBUG] 2021-02-21 15:14:38.143 [main] AbstractEntityPersister -  Snapshot select: select recipes_.recipe_id, recipes_.public_recipe as public_r2_0_, recipes_.recipe_name as recipe_n3_0_, recipes_.Users_id as Users_id4_0_ from Recipes recipes_ where recipes_.recipe_id=?
[DEBUG] 2021-02-21 15:14:38.143 [main] AbstractEntityPersister -  Insert 0: insert into Recipes (public_recipe, recipe_name, Users_id, recipe_id) values (?, ?, ?, ?)
[DEBUG] 2021-02-21 15:14:38.143 [main] AbstractEntityPersister -  Update 0: update Recipes set public_recipe=?, recipe_name=?, Users_id=? where recipe_id=?
[DEBUG] 2021-02-21 15:14:38.143 [main] AbstractEntityPersister -  Delete 0: delete from Recipes where recipe_id=?
[DEBUG] 2021-02-21 15:14:38.143 [main] AbstractEntityPersister -  Identity insert: insert into Recipes (public_recipe, recipe_name, Users_id) values (?, ?, ?)
[DEBUG] 2021-02-21 15:14:38.176 [main] QuerySpacesImpl - Adding QuerySpace : uid = <gen:0> -> org.hibernate.loader.plan.build.internal.spaces.EntityQuerySpaceImpl@4315c28c]
[DEBUG] 2021-02-21 15:14:38.177 [main] MetamodelGraphWalker - Visiting attribute path : public_recipe
[DEBUG] 2021-02-21 15:14:38.178 [main] MetamodelGraphWalker - Visiting attribute path : recipe_name
[DEBUG] 2021-02-21 15:14:38.178 [main] MetamodelGraphWalker - Visiting attribute path : user
[DEBUG] 2021-02-21 15:14:38.182 [main] QuerySpacesImpl - Adding QuerySpace : uid = <gen:1> -> org.hibernate.loader.plan.build.internal.spaces.EntityQuerySpaceImpl@15986dd5]
[DEBUG] 2021-02-21 15:14:38.184 [main] MetamodelGraphWalker - Visiting attribute path : user.password
[DEBUG] 2021-02-21 15:14:38.184 [main] MetamodelGraphWalker - Visiting attribute path : user.recipes
[DEBUG] 2021-02-21 15:14:38.184 [main] MetamodelGraphWalker - Property path deemed to be circular : user.recipes
[DEBUG] 2021-02-21 15:14:38.184 [main] MetamodelGraphWalker - Visiting attribute path : user.username
[DEBUG] 2021-02-21 15:14:38.185 [main] FetchStyleLoadPlanBuildingAssociationVisitationStrategy - Building LoadPlan...
[DEBUG] 2021-02-21 15:14:38.198 [main] LoadQueryJoinAndFetchProcessor - processing queryspace <gen:0>
[DEBUG] 2021-02-21 15:14:38.202 [main] LoadPlanTreePrinter - LoadPlan(entity=entity.Recipes)
    - Returns
       - EntityReturnImpl(entity=entity.Recipes, querySpaceUid=<gen:0>, path=entity.Recipes)
          - EntityAttributeFetchImpl(entity=entity.Users, querySpaceUid=<gen:1>, path=entity.Recipes.user)
    - QuerySpaces
       - EntityQuerySpaceImpl(uid=<gen:0>, entity=entity.Recipes)
          - SQL table alias mapping - recipes0_
          - alias suffix - 0_
          - suffixed key columns - {recipe_i1_0_0_}
          - JOIN (JoinDefinedByMetadata(user)) : <gen:0> -> <gen:1>
             - EntityQuerySpaceImpl(uid=<gen:1>, entity=entity.Users)
                - SQL table alias mapping - users1_
                - alias suffix - 1_
                - suffixed key columns - {id1_1_1_}

[DEBUG] 2021-02-21 15:14:38.206 [main] EntityLoader - Static select for entity entity.Recipes [NONE]: select recipes0_.recipe_id as recipe_i1_0_0_, recipes0_.public_recipe as public_r2_0_0_, recipes0_.recipe_name as recipe_n3_0_0_, recipes0_.Users_id as Users_id4_0_0_, users1_.id as id1_1_1_, users1_.password as password2_1_1_, users1_.username as username3_1_1_ from Recipes recipes0_ left outer join Users users1_ on recipes0_.Users_id=users1_.id where recipes0_.recipe_id=?
[DEBUG] 2021-02-21 15:14:38.206 [main] QuerySpacesImpl - Adding QuerySpace : uid = <gen:0> -> org.hibernate.loader.plan.build.internal.spaces.EntityQuerySpaceImpl@7cfb0c4c]
[DEBUG] 2021-02-21 15:14:38.207 [main] MetamodelGraphWalker - Visiting attribute path : public_recipe
[DEBUG] 2021-02-21 15:14:38.207 [main] MetamodelGraphWalker - Visiting attribute path : recipe_name
[DEBUG] 2021-02-21 15:14:38.207 [main] MetamodelGraphWalker - Visiting attribute path : user
[DEBUG] 2021-02-21 15:14:38.207 [main] QuerySpacesImpl - Adding QuerySpace : uid = <gen:1> -> org.hibernate.loader.plan.build.internal.spaces.EntityQuerySpaceImpl@6b63abdc]
[DEBUG] 2021-02-21 15:14:38.207 [main] MetamodelGraphWalker - Visiting attribute path : user.password
[DEBUG] 2021-02-21 15:14:38.207 [main] MetamodelGraphWalker - Visiting attribute path : user.recipes
[DEBUG] 2021-02-21 15:14:38.207 [main] MetamodelGraphWalker - Property path deemed to be circular : user.recipes
[DEBUG] 2021-02-21 15:14:38.207 [main] MetamodelGraphWalker - Visiting attribute path : user.username
[DEBUG] 2021-02-21 15:14:38.207 [main] FetchStyleLoadPlanBuildingAssociationVisitationStrategy - Building LoadPlan...
[DEBUG] 2021-02-21 15:14:38.208 [main] LoadQueryJoinAndFetchProcessor - processing queryspace <gen:0>
[DEBUG] 2021-02-21 15:14:38.208 [main] LoadPlanTreePrinter - LoadPlan(entity=entity.Recipes)
    - Returns
       - EntityReturnImpl(entity=entity.Recipes, querySpaceUid=<gen:0>, path=entity.Recipes)
          - EntityAttributeFetchImpl(entity=entity.Users, querySpaceUid=<gen:1>, path=entity.Recipes.user)
    - QuerySpaces
       - EntityQuerySpaceImpl(uid=<gen:0>, entity=entity.Recipes)
          - SQL table alias mapping - recipes0_
          - alias suffix - 0_
          - suffixed key columns - {recipe_i1_0_0_}
          - JOIN (JoinDefinedByMetadata(user)) : <gen:0> -> <gen:1>
             - EntityQuerySpaceImpl(uid=<gen:1>, entity=entity.Users)
                - SQL table alias mapping - users1_
                - alias suffix - 1_
                - suffixed key columns - {id1_1_1_}

[DEBUG] 2021-02-21 15:14:38.208 [main] EntityLoader - Static select for entity entity.Recipes [READ]: select recipes0_.recipe_id as recipe_i1_0_0_, recipes0_.public_recipe as public_r2_0_0_, recipes0_.recipe_name as recipe_n3_0_0_, recipes0_.Users_id as Users_id4_0_0_, users1_.id as id1_1_1_, users1_.password as password2_1_1_, users1_.username as username3_1_1_ from Recipes recipes0_ left outer join Users users1_ on recipes0_.Users_id=users1_.id where recipes0_.recipe_id=?
[DEBUG] 2021-02-21 15:14:38.229 [main] Loader - Static select for action ACTION_MERGE on entity entity.Recipes: select recipes0_.recipe_id as recipe_i1_0_0_, recipes0_.public_recipe as public_r2_0_0_, recipes0_.recipe_name as recipe_n3_0_0_, recipes0_.Users_id as Users_id4_0_0_ from Recipes recipes0_ where recipes0_.recipe_id=?
[DEBUG] 2021-02-21 15:14:38.230 [main] Loader - Static select for action ACTION_REFRESH on entity entity.Recipes: select recipes0_.recipe_id as recipe_i1_0_0_, recipes0_.public_recipe as public_r2_0_0_, recipes0_.recipe_name as recipe_n3_0_0_, recipes0_.Users_id as Users_id4_0_0_ from Recipes recipes0_ where recipes0_.recipe_id=?
[DEBUG] 2021-02-21 15:14:38.230 [main] AbstractEntityPersister - Static SQL for entity: entity.Users
[DEBUG] 2021-02-21 15:14:38.230 [main] AbstractEntityPersister -  Version select: select id from Users where id =?
[DEBUG] 2021-02-21 15:14:38.230 [main] AbstractEntityPersister -  Snapshot select: select users_.id, users_.password as password2_1_, users_.username as username3_1_ from Users users_ where users_.id=?
[DEBUG] 2021-02-21 15:14:38.230 [main] AbstractEntityPersister -  Insert 0: insert into Users (password, username, id) values (?, ?, ?)
[DEBUG] 2021-02-21 15:14:38.230 [main] AbstractEntityPersister -  Update 0: update Users set password=?, username=? where id=?
[DEBUG] 2021-02-21 15:14:38.230 [main] AbstractEntityPersister -  Delete 0: delete from Users where id=?
[DEBUG] 2021-02-21 15:14:38.230 [main] AbstractEntityPersister -  Identity insert: insert into Users (password, username) values (?, ?)
[DEBUG] 2021-02-21 15:14:38.231 [main] QuerySpacesImpl - Adding QuerySpace : uid = <gen:0> -> org.hibernate.loader.plan.build.internal.spaces.EntityQuerySpaceImpl@9cfc77]
[DEBUG] 2021-02-21 15:14:38.231 [main] MetamodelGraphWalker - Visiting attribute path : password
[DEBUG] 2021-02-21 15:14:38.231 [main] MetamodelGraphWalker - Visiting attribute path : recipes
[DEBUG] 2021-02-21 15:14:38.232 [main] QuerySpacesImpl - Adding QuerySpace : uid = <gen:1> -> org.hibernate.loader.plan.build.internal.spaces.CollectionQuerySpaceImpl@2f9a10df]
[DEBUG] 2021-02-21 15:14:38.234 [main] QuerySpacesImpl - Adding QuerySpace : uid = <gen:2> -> org.hibernate.loader.plan.build.internal.spaces.EntityQuerySpaceImpl@4aebee4b]
[DEBUG] 2021-02-21 15:14:38.237 [main] MetamodelGraphWalker - Visiting attribute path : recipes.public_recipe
[DEBUG] 2021-02-21 15:14:38.237 [main] MetamodelGraphWalker - Visiting attribute path : recipes.recipe_name
[DEBUG] 2021-02-21 15:14:38.237 [main] MetamodelGraphWalker - Visiting attribute path : recipes.user
[DEBUG] 2021-02-21 15:14:38.238 [main] MetamodelGraphWalker - Property path deemed to be circular : recipes.user
[DEBUG] 2021-02-21 15:14:38.239 [main] MetamodelGraphWalker - Visiting attribute path : username
[DEBUG] 2021-02-21 15:14:38.239 [main] FetchStyleLoadPlanBuildingAssociationVisitationStrategy - Building LoadPlan...
[DEBUG] 2021-02-21 15:14:38.240 [main] LoadQueryJoinAndFetchProcessor - processing queryspace <gen:0>
[DEBUG] 2021-02-21 15:14:38.244 [main] LoadPlanTreePrinter - LoadPlan(entity=entity.Users)
    - Returns
       - EntityReturnImpl(entity=entity.Users, querySpaceUid=<gen:0>, path=entity.Users)
          - CollectionAttributeFetchImpl(collection=entity.Users.recipes, querySpaceUid=<gen:1>, path=entity.Users.recipes)
             - (collection element) CollectionFetchableElementEntityGraph(entity=entity.Recipes, querySpaceUid=<gen:2>, path=entity.Users.recipes.<elements>)
    - QuerySpaces
       - EntityQuerySpaceImpl(uid=<gen:0>, entity=entity.Users)
          - SQL table alias mapping - users0_
          - alias suffix - 0_
          - suffixed key columns - {id1_1_0_}
          - JOIN (JoinDefinedByMetadata(recipes)) : <gen:0> -> <gen:1>
             - CollectionQuerySpaceImpl(uid=<gen:1>, collection=entity.Users.recipes)
                - SQL table alias mapping - recipes1_
                - alias suffix - 1_
                - suffixed key columns - {Users_id4_0_1_}
                - entity-element alias suffix - 2_
                - 2_entity-element suffixed key columns - recipe_i1_0_2_
                - JOIN (JoinDefinedByMetadata(elements)) : <gen:1> -> <gen:2>
                   - EntityQuerySpaceImpl(uid=<gen:2>, entity=entity.Recipes)
                      - SQL table alias mapping - recipes1_
                      - alias suffix - 2_
                      - suffixed key columns - {recipe_i1_0_2_}

[DEBUG] 2021-02-21 15:14:38.244 [main] EntityLoader - Static select for entity entity.Users [NONE]: select users0_.id as id1_1_0_, users0_.password as password2_1_0_, users0_.username as username3_1_0_, recipes1_.Users_id as Users_id4_0_1_, recipes1_.recipe_id as recipe_i1_0_1_, recipes1_.recipe_id as recipe_i1_0_2_, recipes1_.public_recipe as public_r2_0_2_, recipes1_.recipe_name as recipe_n3_0_2_, recipes1_.Users_id as Users_id4_0_2_ from Users users0_ left outer join Recipes recipes1_ on users0_.id=recipes1_.Users_id where users0_.id=?
[DEBUG] 2021-02-21 15:14:38.245 [main] QuerySpacesImpl - Adding QuerySpace : uid = <gen:0> -> org.hibernate.loader.plan.build.internal.spaces.EntityQuerySpaceImpl@1e545821]
[DEBUG] 2021-02-21 15:14:38.245 [main] MetamodelGraphWalker - Visiting attribute path : password
[DEBUG] 2021-02-21 15:14:38.245 [main] MetamodelGraphWalker - Visiting attribute path : recipes
[DEBUG] 2021-02-21 15:14:38.245 [main] QuerySpacesImpl - Adding QuerySpace : uid = <gen:1> -> org.hibernate.loader.plan.build.internal.spaces.CollectionQuerySpaceImpl@76a7fcbd]
[DEBUG] 2021-02-21 15:14:38.245 [main] QuerySpacesImpl - Adding QuerySpace : uid = <gen:2> -> org.hibernate.loader.plan.build.internal.spaces.EntityQuerySpaceImpl@433ea2ac]
[DEBUG] 2021-02-21 15:14:38.245 [main] MetamodelGraphWalker - Visiting attribute path : recipes.public_recipe
[DEBUG] 2021-02-21 15:14:38.245 [main] MetamodelGraphWalker - Visiting attribute path : recipes.recipe_name
[DEBUG] 2021-02-21 15:14:38.245 [main] MetamodelGraphWalker - Visiting attribute path : recipes.user
[DEBUG] 2021-02-21 15:14:38.245 [main] MetamodelGraphWalker - Property path deemed to be circular : recipes.user
[DEBUG] 2021-02-21 15:14:38.245 [main] MetamodelGraphWalker - Visiting attribute path : username
[DEBUG] 2021-02-21 15:14:38.245 [main] FetchStyleLoadPlanBuildingAssociationVisitationStrategy - Building LoadPlan...
[DEBUG] 2021-02-21 15:14:38.246 [main] LoadQueryJoinAndFetchProcessor - processing queryspace <gen:0>
[DEBUG] 2021-02-21 15:14:38.247 [main] LoadPlanTreePrinter - LoadPlan(entity=entity.Users)
    - Returns
       - EntityReturnImpl(entity=entity.Users, querySpaceUid=<gen:0>, path=entity.Users)
          - CollectionAttributeFetchImpl(collection=entity.Users.recipes, querySpaceUid=<gen:1>, path=entity.Users.recipes)
             - (collection element) CollectionFetchableElementEntityGraph(entity=entity.Recipes, querySpaceUid=<gen:2>, path=entity.Users.recipes.<elements>)
    - QuerySpaces
       - EntityQuerySpaceImpl(uid=<gen:0>, entity=entity.Users)
          - SQL table alias mapping - users0_
          - alias suffix - 0_
          - suffixed key columns - {id1_1_0_}
          - JOIN (JoinDefinedByMetadata(recipes)) : <gen:0> -> <gen:1>
             - CollectionQuerySpaceImpl(uid=<gen:1>, collection=entity.Users.recipes)
                - SQL table alias mapping - recipes1_
                - alias suffix - 1_
                - suffixed key columns - {Users_id4_0_1_}
                - entity-element alias suffix - 2_
                - 2_entity-element suffixed key columns - recipe_i1_0_2_
                - JOIN (JoinDefinedByMetadata(elements)) : <gen:1> -> <gen:2>
                   - EntityQuerySpaceImpl(uid=<gen:2>, entity=entity.Recipes)
                      - SQL table alias mapping - recipes1_
                      - alias suffix - 2_
                      - suffixed key columns - {recipe_i1_0_2_}

[DEBUG] 2021-02-21 15:14:38.247 [main] EntityLoader - Static select for entity entity.Users [READ]: select users0_.id as id1_1_0_, users0_.password as password2_1_0_, users0_.username as username3_1_0_, recipes1_.Users_id as Users_id4_0_1_, recipes1_.recipe_id as recipe_i1_0_1_, recipes1_.recipe_id as recipe_i1_0_2_, recipes1_.public_recipe as public_r2_0_2_, recipes1_.recipe_name as recipe_n3_0_2_, recipes1_.Users_id as Users_id4_0_2_ from Users users0_ left outer join Recipes recipes1_ on users0_.id=recipes1_.Users_id where users0_.id=?
[DEBUG] 2021-02-21 15:14:38.248 [main] Loader - Static select for action ACTION_MERGE on entity entity.Users: select users0_.id as id1_1_1_, users0_.password as password2_1_1_, users0_.username as username3_1_1_, recipes1_.Users_id as Users_id4_0_3_, recipes1_.recipe_id as recipe_i1_0_3_, recipes1_.recipe_id as recipe_i1_0_0_, recipes1_.public_recipe as public_r2_0_0_, recipes1_.recipe_name as recipe_n3_0_0_, recipes1_.Users_id as Users_id4_0_0_ from Users users0_ left outer join Recipes recipes1_ on users0_.id=recipes1_.Users_id where users0_.id=?
[DEBUG] 2021-02-21 15:14:38.249 [main] Loader - Static select for action ACTION_REFRESH on entity entity.Users: select users0_.id as id1_1_1_, users0_.password as password2_1_1_, users0_.username as username3_1_1_, recipes1_.Users_id as Users_id4_0_3_, recipes1_.recipe_id as recipe_i1_0_3_, recipes1_.recipe_id as recipe_i1_0_0_, recipes1_.public_recipe as public_r2_0_0_, recipes1_.recipe_name as recipe_n3_0_0_, recipes1_.Users_id as Users_id4_0_0_ from Users users0_ left outer join Recipes recipes1_ on users0_.id=recipes1_.Users_id where users0_.id=?
[DEBUG] 2021-02-21 15:14:38.255 [main] QuerySpacesImpl - Adding QuerySpace : uid = <gen:0> -> org.hibernate.loader.plan.build.internal.spaces.CollectionQuerySpaceImpl@372461a9]
[DEBUG] 2021-02-21 15:14:38.255 [main] QuerySpacesImpl - Adding QuerySpace : uid = <gen:1> -> org.hibernate.loader.plan.build.internal.spaces.EntityQuerySpaceImpl@5fffb692]
[DEBUG] 2021-02-21 15:14:38.255 [main] MetamodelGraphWalker - Visiting attribute path : public_recipe
[DEBUG] 2021-02-21 15:14:38.255 [main] MetamodelGraphWalker - Visiting attribute path : recipe_name
[DEBUG] 2021-02-21 15:14:38.255 [main] MetamodelGraphWalker - Visiting attribute path : user
[DEBUG] 2021-02-21 15:14:38.256 [main] MetamodelGraphWalker - Property path deemed to be circular : user
[DEBUG] 2021-02-21 15:14:38.256 [main] FetchStyleLoadPlanBuildingAssociationVisitationStrategy - Building LoadPlan...
[DEBUG] 2021-02-21 15:14:38.258 [main] LoadQueryJoinAndFetchProcessor - processing queryspace <gen:0>
[DEBUG] 2021-02-21 15:14:38.259 [main] LoadPlanTreePrinter - LoadPlan(collection=entity.Users.recipes)
    - Returns
       - CollectionReturnImpl(collection=entity.Users.recipes, querySpaceUid=<gen:0>, path=[entity.Users.recipes])
          - (collection element) CollectionFetchableElementEntityGraph(entity=entity.Recipes, querySpaceUid=<gen:1>, path=[entity.Users.recipes].<elements>)
    - QuerySpaces
       - CollectionQuerySpaceImpl(uid=<gen:0>, collection=entity.Users.recipes)
          - SQL table alias mapping - recipes0_
          - alias suffix - 0_
          - suffixed key columns - {Users_id4_0_0_}
          - entity-element alias suffix - 1_
          - 1_entity-element suffixed key columns - recipe_i1_0_1_
          - JOIN (JoinDefinedByMetadata(elements)) : <gen:0> -> <gen:1>
             - EntityQuerySpaceImpl(uid=<gen:1>, entity=entity.Recipes)
                - SQL table alias mapping - recipes0_
                - alias suffix - 1_
                - suffixed key columns - {recipe_i1_0_1_}

[DEBUG] 2021-02-21 15:14:38.259 [main] CollectionLoader - Static select for collection entity.Users.recipes: select recipes0_.Users_id as Users_id4_0_0_, recipes0_.recipe_id as recipe_i1_0_0_, recipes0_.recipe_id as recipe_i1_0_1_, recipes0_.public_recipe as public_r2_0_1_, recipes0_.recipe_name as recipe_n3_0_1_, recipes0_.Users_id as Users_id4_0_1_ from Recipes recipes0_ where recipes0_.Users_id=?
[DEBUG] 2021-02-21 15:14:38.307 [main] SchemaManagementToolCoordinator - No actions specified; doing nothing
[DEBUG] 2021-02-21 15:14:38.307 [main] JtaPlatformInitiator - No JtaPlatform was specified, checking resolver
[DEBUG] 2021-02-21 15:14:38.308 [main] JtaPlatformResolverInitiator - No JtaPlatformResolver was specified, using default [org.hibernate.engine.transaction.jta.platform.internal.StandardJtaPlatformResolver]
[DEBUG] 2021-02-21 15:14:38.316 [main] StandardJtaPlatformResolver - Could not resolve JtaPlatform, using default [org.hibernate.engine.transaction.jta.platform.internal.NoJtaPlatform]
[INFO ] 2021-02-21 15:14:38.317 [main] JtaPlatformInitiator - HHH000490: Using JtaPlatform implementation: [org.hibernate.engine.transaction.jta.platform.internal.NoJtaPlatform]
[DEBUG] 2021-02-21 15:14:38.318 [main] NamedQueryRepository - Checking 0 named HQL queries
[DEBUG] 2021-02-21 15:14:38.318 [main] NamedQueryRepository - Checking 0 named SQL queries
[DEBUG] 2021-02-21 15:14:38.320 [main] SessionFactoryRegistry - Initializing SessionFactoryRegistry : org.hibernate.internal.SessionFactoryRegistry@69ed5ea2
[DEBUG] 2021-02-21 15:14:38.323 [main] SessionFactoryRegistry - Registering SessionFactory: e0099cff-d702-44e7-a28a-cd15f9d16a72 (<unnamed>)
[DEBUG] 2021-02-21 15:14:38.323 [main] SessionFactoryRegistry - Not binding SessionFactory to JNDI, no JNDI name configured
[DEBUG] 2021-02-21 15:14:38.463 [main] StatisticsInitiator - Statistics initialized [enabled=false]
[DEBUG] 2021-02-21 15:14:38.501 [main] CriteriaQueryImpl - Rendered criteria query -> select generatedAlias0 from Recipes as generatedAlias0
[DEBUG] 2021-02-21 15:14:38.520 [main] QueryTranslatorFactoryInitiator - QueryTranslatorFactory: org.hibernate.hql.internal.ast.ASTQueryTranslatorFactory@3ab595c8
[DEBUG] 2021-02-21 15:14:38.565 [main] QueryTranslatorImpl - parse() - HQL: select generatedAlias0 from entity.Recipes as generatedAlias0
[DEBUG] 2021-02-21 15:14:38.574 [main] ErrorTracker - throwQueryException() : no errors
[DEBUG] 2021-02-21 15:14:38.580 [main] QueryTranslatorImpl - --- HQL AST ---
 \-[QUERY] Node: 'query'
    \-[SELECT_FROM] Node: 'SELECT_FROM'
       +-[FROM] Node: 'from'
       |  \-[RANGE] Node: 'RANGE'
       |     +-[DOT] Node: '.'
       |     |  +-[IDENT] Node: 'entity'
       |     |  \-[IDENT] Node: 'Recipes'
       |     \-[ALIAS] Node: 'generatedAlias0'
       \-[SELECT] Node: 'select'
          \-[IDENT] Node: 'generatedAlias0'

[DEBUG] 2021-02-21 15:14:38.622 [main] HqlSqlBaseWalker - select << begin [level=1, statement=select]
[DEBUG] 2021-02-21 15:14:38.642 [main] FromElement - FromClause{level=1} : entity.Recipes (generatedAlias0) -> recipes0_
[DEBUG] 2021-02-21 15:14:38.644 [main] FromReferenceNode - Resolved : generatedAlias0 -> recipes0_.recipe_id
[DEBUG] 2021-02-21 15:14:38.645 [main] HqlSqlBaseWalker - select : finishing up [level=1, statement=select]
[DEBUG] 2021-02-21 15:14:38.645 [main] HqlSqlWalker - processQuery() :  ( SELECT ( {select clause} recipes0_.recipe_id ) ( FromClause{level=1} Recipes recipes0_ ) )
[DEBUG] 2021-02-21 15:14:38.655 [main] JoinProcessor - Using FROM fragment [Recipes recipes0_]
[DEBUG] 2021-02-21 15:14:38.655 [main] HqlSqlBaseWalker - select >> end [level=1, statement=select]
[DEBUG] 2021-02-21 15:14:38.655 [main] QueryTranslatorImpl - --- SQL AST ---
 \-[SELECT] QueryNode: 'SELECT'  querySpaces (Recipes)
    +-[SELECT_CLAUSE] SelectClause: '{select clause}'
    |  +-[ALIAS_REF] IdentNode: 'recipes0_.recipe_id as recipe_i1_0_' {alias=generatedAlias0, className=entity.Recipes, tableAlias=recipes0_}
    |  \-[SQL_TOKEN] SqlFragment: 'recipes0_.public_recipe as public_r2_0_, recipes0_.recipe_name as recipe_n3_0_, recipes0_.Users_id as Users_id4_0_'
    \-[FROM] FromClause: 'from' FromClause{level=1, fromElementCounter=1, fromElements=1, fromElementByClassAlias=[generatedAlias0], fromElementByTableAlias=[recipes0_], fromElementsByPath=[], collectionJoinFromElementsByPath=[], impliedElements=[]}
       \-[FROM_FRAGMENT] FromElement: 'Recipes recipes0_' FromElement{explicit,not a collection join,not a fetch join,fetch non-lazy properties,classAlias=generatedAlias0,role=null,tableName=Recipes,tableAlias=recipes0_,origin=null,columns={,className=entity.Recipes}}

[DEBUG] 2021-02-21 15:14:38.656 [main] ErrorTracker - throwQueryException() : no errors
[DEBUG] 2021-02-21 15:14:38.663 [main] QueryTranslatorImpl - HQL: select generatedAlias0 from entity.Recipes as generatedAlias0
[DEBUG] 2021-02-21 15:14:38.663 [main] QueryTranslatorImpl - SQL: select recipes0_.recipe_id as recipe_i1_0_, recipes0_.public_recipe as public_r2_0_, recipes0_.recipe_name as recipe_n3_0_, recipes0_.Users_id as Users_id4_0_ from Recipes recipes0_
[DEBUG] 2021-02-21 15:14:38.663 [main] ErrorTracker - throwQueryException() : no errors
[DEBUG] 2021-02-21 15:14:38.682 [main] SQL - select recipes0_.recipe_id as recipe_i1_0_, recipes0_.public_recipe as public_r2_0_, recipes0_.recipe_name as recipe_n3_0_, recipes0_.Users_id as Users_id4_0_ from Recipes recipes0_
[DEBUG] 2021-02-21 15:14:38.714 [main] LogicalConnectionManagedImpl - Initiating JDBC connection release from afterTransaction
[DEBUG] 2021-02-21 15:14:38.721 [main] TransactionImpl - On TransactionImpl creation, JpaCompliance#isJpaTransactionComplianceEnabled == false
[DEBUG] 2021-02-21 15:14:38.721 [main] TransactionImpl - begin
[DEBUG] 2021-02-21 15:14:38.744 [main] ActionQueue - Executing identity-insert immediately
[DEBUG] 2021-02-21 15:14:38.746 [main] SQL - insert into Users (password, username) values (?, ?)
[DEBUG] 2021-02-21 15:14:38.752 [main] IdentifierGeneratorHelper - Natively generated identity: 79
[DEBUG] 2021-02-21 15:14:38.752 [main] ResourceRegistryStandardImpl - HHH000387: ResultSet's statement was not registered
[DEBUG] 2021-02-21 15:14:38.755 [main] TransactionImpl - committing
[DEBUG] 2021-02-21 15:14:38.756 [main] AbstractFlushingEventListener - Processing flush-time cascades
[DEBUG] 2021-02-21 15:14:38.757 [main] AbstractFlushingEventListener - Dirty checking collections
[DEBUG] 2021-02-21 15:14:38.761 [main] Collections - Collection found: [entity.Users.recipes#79], was: [<unreferenced>] (initialized)
[DEBUG] 2021-02-21 15:14:38.764 [main] AbstractFlushingEventListener - Flushed: 0 insertions, 0 updates, 0 deletions to 1 objects
[DEBUG] 2021-02-21 15:14:38.765 [main] AbstractFlushingEventListener - Flushed: 1 (re)creations, 0 updates, 0 removals to 1 collections
[DEBUG] 2021-02-21 15:14:38.767 [main] EntityPrinter - Listing entities:
[DEBUG] 2021-02-21 15:14:38.767 [main] EntityPrinter - entity.Users{recipes=[], password=bananas, id=79, username=Lucy}
[DEBUG] 2021-02-21 15:14:38.768 [main] AbstractCollectionPersister - Inserting collection: [entity.Users.recipes#79]
[DEBUG] 2021-02-21 15:14:38.768 [main] AbstractCollectionPersister - Collection was empty
[DEBUG] 2021-02-21 15:14:38.772 [main] LogicalConnectionManagedImpl - Initiating JDBC connection release from afterTransaction
[DEBUG] 2021-02-21 15:14:38.773 [main] LogicalConnectionManagedImpl - Initiating JDBC connection release from afterTransaction
[DEBUG] 2021-02-21 15:14:38.780 [main] SQL - select users0_.id as id1_1_0_, users0_.password as password2_1_0_, users0_.username as username3_1_0_, recipes1_.Users_id as Users_id4_0_1_, recipes1_.recipe_id as recipe_i1_0_1_, recipes1_.recipe_id as recipe_i1_0_2_, recipes1_.public_recipe as public_r2_0_2_, recipes1_.recipe_name as recipe_n3_0_2_, recipes1_.Users_id as Users_id4_0_2_ from Users users0_ left outer join Recipes recipes1_ on users0_.id=recipes1_.Users_id where users0_.id=?
[DEBUG] 2021-02-21 15:14:38.785 [main] ResultSetProcessorImpl - Starting ResultSet row #0
[DEBUG] 2021-02-21 15:14:38.788 [main] EntityReferenceInitializerImpl - On call to EntityIdentifierReaderImpl#resolve, EntityKey was already known; should only happen on root returns with an optional identifier specified
[DEBUG] 2021-02-21 15:14:38.792 [main] CollectionReferenceInitializerImpl - Result set contains (possibly empty) collection: [entity.Users.recipes#79]
[DEBUG] 2021-02-21 15:14:38.795 [main] TwoPhaseLoad - Resolving attributes for [entity.Users#79]
[DEBUG] 2021-02-21 15:14:38.795 [main] TwoPhaseLoad - Processing attribute `password` : value = bananas
[DEBUG] 2021-02-21 15:14:38.795 [main] TwoPhaseLoad - Attribute (`password`)  - enhanced for lazy-loading? - false
[DEBUG] 2021-02-21 15:14:38.795 [main] TwoPhaseLoad - Processing attribute `recipes` : value = NOT NULL COLLECTION
[DEBUG] 2021-02-21 15:14:38.795 [main] TwoPhaseLoad - Attribute (`recipes`)  - enhanced for lazy-loading? - false
[DEBUG] 2021-02-21 15:14:38.796 [main] TwoPhaseLoad - Processing attribute `username` : value = Lucy
[DEBUG] 2021-02-21 15:14:38.796 [main] TwoPhaseLoad - Attribute (`username`)  - enhanced for lazy-loading? - false
[DEBUG] 2021-02-21 15:14:38.796 [main] TwoPhaseLoad - Done materializing entity [entity.Users#79]
[DEBUG] 2021-02-21 15:14:38.796 [main] CollectionLoadContext - 1 collections were found in result set for role: entity.Users.recipes
[DEBUG] 2021-02-21 15:14:38.796 [main] CollectionLoadContext - Collection fully initialized: [entity.Users.recipes#79]
[DEBUG] 2021-02-21 15:14:38.796 [main] CollectionLoadContext - 1 collections initialized for role: entity.Users.recipes
[DEBUG] 2021-02-21 15:14:38.797 [main] ResourceRegistryStandardImpl - HHH000387: ResultSet's statement was not registered
[DEBUG] 2021-02-21 15:14:38.797 [main] AbstractLoadPlanBasedEntityLoader - Done entity load : entity.Users#79
[DEBUG] 2021-02-21 15:14:38.797 [main] LogicalConnectionManagedImpl - Initiating JDBC connection release from afterTransaction
[DEBUG] 2021-02-21 15:14:38.799 [main] CriteriaQueryImpl - Rendered criteria query -> select generatedAlias0 from Recipes as generatedAlias0
[DEBUG] 2021-02-21 15:14:38.799 [main] SQL - select recipes0_.recipe_id as recipe_i1_0_, recipes0_.public_recipe as public_r2_0_, recipes0_.recipe_name as recipe_n3_0_, recipes0_.Users_id as Users_id4_0_ from Recipes recipes0_
[DEBUG] 2021-02-21 15:14:38.801 [main] LogicalConnectionManagedImpl - Initiating JDBC connection release from afterTransaction
[DEBUG] 2021-02-21 15:14:38.804 [main] TransactionImpl - On TransactionImpl creation, JpaCompliance#isJpaTransactionComplianceEnabled == false
[DEBUG] 2021-02-21 15:14:38.804 [main] TransactionImpl - begin
[DEBUG] 2021-02-21 15:14:38.806 [main] ActionQueue - Executing identity-insert immediately
[DEBUG] 2021-02-21 15:14:38.806 [main] SQL - insert into Recipes (public_recipe, recipe_name, Users_id) values (?, ?, ?)
[DEBUG] 2021-02-21 15:14:38.808 [main] IdentifierGeneratorHelper - Natively generated identity: 27
[DEBUG] 2021-02-21 15:14:38.808 [main] ResourceRegistryStandardImpl - HHH000387: ResultSet's statement was not registered
[DEBUG] 2021-02-21 15:14:38.808 [main] TransactionImpl - committing
[DEBUG] 2021-02-21 15:14:38.808 [main] AbstractFlushingEventListener - Processing flush-time cascades
[DEBUG] 2021-02-21 15:14:38.809 [main] AbstractFlushingEventListener - Dirty checking collections
[DEBUG] 2021-02-21 15:14:38.809 [main] AbstractFlushingEventListener - Flushed: 0 insertions, 0 updates, 0 deletions to 1 objects
[DEBUG] 2021-02-21 15:14:38.809 [main] AbstractFlushingEventListener - Flushed: 0 (re)creations, 0 updates, 0 removals to 0 collections
[DEBUG] 2021-02-21 15:14:38.809 [main] EntityPrinter - Listing entities:
[DEBUG] 2021-02-21 15:14:38.809 [main] EntityPrinter - entity.Recipes{public_recipe=1, recipe_name=Chicken Tikka Masala, id=27, user=entity.Users#79}
[DEBUG] 2021-02-21 15:14:38.811 [main] LogicalConnectionManagedImpl - Initiating JDBC connection release from afterTransaction
[DEBUG] 2021-02-21 15:14:38.812 [main] LogicalConnectionManagedImpl - Initiating JDBC connection release from afterTransaction
[DEBUG] 2021-02-21 15:14:38.813 [main] CriteriaQueryImpl - Rendered criteria query -> select generatedAlias0 from Recipes as generatedAlias0
[DEBUG] 2021-02-21 15:14:38.813 [main] SQL - select recipes0_.recipe_id as recipe_i1_0_, recipes0_.public_recipe as public_r2_0_, recipes0_.recipe_name as recipe_n3_0_, recipes0_.Users_id as Users_id4_0_ from Recipes recipes0_
[DEBUG] 2021-02-21 15:14:38.816 [main] Loader - Result set row: 0
[DEBUG] 2021-02-21 15:14:38.816 [main] Loader - Result row: EntityKey[entity.Recipes#27]
[DEBUG] 2021-02-21 15:14:38.817 [main] TwoPhaseLoad - Resolving attributes for [entity.Recipes#27]
[DEBUG] 2021-02-21 15:14:38.817 [main] TwoPhaseLoad - Processing attribute `public_recipe` : value = 1
[DEBUG] 2021-02-21 15:14:38.817 [main] TwoPhaseLoad - Attribute (`public_recipe`)  - enhanced for lazy-loading? - false
[DEBUG] 2021-02-21 15:14:38.817 [main] TwoPhaseLoad - Processing attribute `recipe_name` : value = Chicken Tikka Masala
[DEBUG] 2021-02-21 15:14:38.817 [main] TwoPhaseLoad - Attribute (`recipe_name`)  - enhanced for lazy-loading? - false
[DEBUG] 2021-02-21 15:14:38.818 [main] TwoPhaseLoad - Processing attribute `user` : value = 79
[DEBUG] 2021-02-21 15:14:38.818 [main] TwoPhaseLoad - Attribute (`user`)  - enhanced for lazy-loading? - false
[DEBUG] 2021-02-21 15:14:38.818 [main] SQL - select users0_.id as id1_1_0_, users0_.password as password2_1_0_, users0_.username as username3_1_0_, recipes1_.Users_id as Users_id4_0_1_, recipes1_.recipe_id as recipe_i1_0_1_, recipes1_.recipe_id as recipe_i1_0_2_, recipes1_.public_recipe as public_r2_0_2_, recipes1_.recipe_name as recipe_n3_0_2_, recipes1_.Users_id as Users_id4_0_2_ from Users users0_ left outer join Recipes recipes1_ on users0_.id=recipes1_.Users_id where users0_.id=?
[DEBUG] 2021-02-21 15:14:38.820 [main] ResultSetProcessorImpl - Starting ResultSet row #0
[DEBUG] 2021-02-21 15:14:38.821 [main] EntityReferenceInitializerImpl - On call to EntityIdentifierReaderImpl#resolve, EntityKey was already known; should only happen on root returns with an optional identifier specified
[DEBUG] 2021-02-21 15:14:38.821 [main] CollectionReferenceInitializerImpl - Found row of collection: [entity.Users.recipes#79]
[DEBUG] 2021-02-21 15:14:38.822 [main] TwoPhaseLoad - Resolving attributes for [entity.Users#79]
[DEBUG] 2021-02-21 15:14:38.822 [main] TwoPhaseLoad - Processing attribute `password` : value = bananas
[DEBUG] 2021-02-21 15:14:38.822 [main] TwoPhaseLoad - Attribute (`password`)  - enhanced for lazy-loading? - false
[DEBUG] 2021-02-21 15:14:38.822 [main] TwoPhaseLoad - Processing attribute `recipes` : value = NOT NULL COLLECTION
[DEBUG] 2021-02-21 15:14:38.822 [main] TwoPhaseLoad - Attribute (`recipes`)  - enhanced for lazy-loading? - false
[DEBUG] 2021-02-21 15:14:38.822 [main] TwoPhaseLoad - Processing attribute `username` : value = Lucy
[DEBUG] 2021-02-21 15:14:38.823 [main] TwoPhaseLoad - Attribute (`username`)  - enhanced for lazy-loading? - false
[DEBUG] 2021-02-21 15:14:38.823 [main] TwoPhaseLoad - Done materializing entity [entity.Users#79]
[DEBUG] 2021-02-21 15:14:38.823 [main] CollectionLoadContext - 1 collections were found in result set for role: entity.Users.recipes
[DEBUG] 2021-02-21 15:14:38.823 [main] CollectionLoadContext - Collection fully initialized: [entity.Users.recipes#79]
[DEBUG] 2021-02-21 15:14:38.823 [main] CollectionLoadContext - 1 collections initialized for role: entity.Users.recipes
[DEBUG] 2021-02-21 15:14:38.823 [main] ResourceRegistryStandardImpl - HHH000387: ResultSet's statement was not registered
[DEBUG] 2021-02-21 15:14:38.823 [main] AbstractLoadPlanBasedEntityLoader - Done entity load : entity.Users#79
[DEBUG] 2021-02-21 15:14:38.823 [main] TwoPhaseLoad - Done materializing entity [entity.Recipes#27]
[DEBUG] 2021-02-21 15:14:38.824 [main] LogicalConnectionManagedImpl - Initiating JDBC connection release from afterTransaction
[DEBUG] 2021-02-21 15:14:38.828 [main] SQL - select recipes0_.recipe_id as recipe_i1_0_0_, recipes0_.public_recipe as public_r2_0_0_, recipes0_.recipe_name as recipe_n3_0_0_, recipes0_.Users_id as Users_id4_0_0_, users1_.id as id1_1_1_, users1_.password as password2_1_1_, users1_.username as username3_1_1_ from Recipes recipes0_ left outer join Users users1_ on recipes0_.Users_id=users1_.id where recipes0_.recipe_id=?
[DEBUG] 2021-02-21 15:14:38.831 [main] ResultSetProcessorImpl - Starting ResultSet row #0
[DEBUG] 2021-02-21 15:14:38.831 [main] EntityReferenceInitializerImpl - On call to EntityIdentifierReaderImpl#resolve, EntityKey was already known; should only happen on root returns with an optional identifier specified
[DEBUG] 2021-02-21 15:14:38.832 [main] TwoPhaseLoad - Resolving attributes for [entity.Recipes#27]
[DEBUG] 2021-02-21 15:14:38.832 [main] TwoPhaseLoad - Processing attribute `public_recipe` : value = 1
[DEBUG] 2021-02-21 15:14:38.832 [main] TwoPhaseLoad - Attribute (`public_recipe`)  - enhanced for lazy-loading? - false
[DEBUG] 2021-02-21 15:14:38.832 [main] TwoPhaseLoad - Processing attribute `recipe_name` : value = Chicken Tikka Masala
[DEBUG] 2021-02-21 15:14:38.833 [main] TwoPhaseLoad - Attribute (`recipe_name`)  - enhanced for lazy-loading? - false
[DEBUG] 2021-02-21 15:14:38.833 [main] TwoPhaseLoad - Processing attribute `user` : value = 79
[DEBUG] 2021-02-21 15:14:38.833 [main] TwoPhaseLoad - Attribute (`user`)  - enhanced for lazy-loading? - false
[DEBUG] 2021-02-21 15:14:38.833 [main] TwoPhaseLoad - Done materializing entity [entity.Recipes#27]
[DEBUG] 2021-02-21 15:14:38.833 [main] TwoPhaseLoad - Resolving attributes for [entity.Users#79]
[DEBUG] 2021-02-21 15:14:38.833 [main] TwoPhaseLoad - Processing attribute `password` : value = bananas
[DEBUG] 2021-02-21 15:14:38.833 [main] TwoPhaseLoad - Attribute (`password`)  - enhanced for lazy-loading? - false
[DEBUG] 2021-02-21 15:14:38.833 [main] TwoPhaseLoad - Processing attribute `recipes` : value = NOT NULL COLLECTION
[DEBUG] 2021-02-21 15:14:38.834 [main] TwoPhaseLoad - Attribute (`recipes`)  - enhanced for lazy-loading? - false
[DEBUG] 2021-02-21 15:14:38.834 [main] TwoPhaseLoad - Processing attribute `username` : value = Lucy
[DEBUG] 2021-02-21 15:14:38.834 [main] TwoPhaseLoad - Attribute (`username`)  - enhanced for lazy-loading? - false
[DEBUG] 2021-02-21 15:14:38.834 [main] TwoPhaseLoad - Done materializing entity [entity.Users#79]
[DEBUG] 2021-02-21 15:14:38.834 [main] ResourceRegistryStandardImpl - HHH000387: ResultSet's statement was not registered
[DEBUG] 2021-02-21 15:14:38.836 [main] AbstractLoadPlanBasedCollectionInitializer - Loading collection: [entity.Users.recipes#79]
[DEBUG] 2021-02-21 15:14:38.836 [main] SQL - select recipes0_.Users_id as Users_id4_0_0_, recipes0_.recipe_id as recipe_i1_0_0_, recipes0_.recipe_id as recipe_i1_0_1_, recipes0_.public_recipe as public_r2_0_1_, recipes0_.recipe_name as recipe_n3_0_1_, recipes0_.Users_id as Users_id4_0_1_ from Recipes recipes0_ where recipes0_.Users_id=?
[DEBUG] 2021-02-21 15:14:38.839 [main] ResultSetProcessorImpl - Preparing collection initializer : [entity.Users.recipes#79]
[DEBUG] 2021-02-21 15:14:38.839 [main] ResultSetProcessorImpl - Starting ResultSet row #0
[DEBUG] 2021-02-21 15:14:38.839 [main] CollectionReferenceInitializerImpl - Found row of collection: [entity.Users.recipes#79]
[DEBUG] 2021-02-21 15:14:38.840 [main] CollectionLoadContext - 1 collections were found in result set for role: entity.Users.recipes
[DEBUG] 2021-02-21 15:14:38.840 [main] CollectionLoadContext - Collection fully initialized: [entity.Users.recipes#79]
[DEBUG] 2021-02-21 15:14:38.840 [main] CollectionLoadContext - 1 collections initialized for role: entity.Users.recipes
[DEBUG] 2021-02-21 15:14:38.840 [main] ResourceRegistryStandardImpl - HHH000387: ResultSet's statement was not registered
[DEBUG] 2021-02-21 15:14:38.840 [main] AbstractLoadPlanBasedCollectionInitializer - Done loading collection
[DEBUG] 2021-02-21 15:14:38.840 [main] AbstractLoadPlanBasedEntityLoader - Done entity load : entity.Recipes#27
[DEBUG] 2021-02-21 15:14:38.840 [main] LogicalConnectionManagedImpl - Initiating JDBC connection release from afterTransaction
