[DEBUG] 2021-02-21 08:56:25.186 [main] IntegratorServiceImpl - Adding Integrator [org.hibernate.cfg.beanvalidation.BeanValidationIntegrator].
[DEBUG] 2021-02-21 08:56:25.196 [main] IntegratorServiceImpl - Adding Integrator [org.hibernate.secure.spi.JaccIntegrator].
[DEBUG] 2021-02-21 08:56:25.202 [main] IntegratorServiceImpl - Adding Integrator [org.hibernate.cache.internal.CollectionCacheInvalidator].
[INFO ] 2021-02-21 08:56:25.349 [main] Version - HHH000412: Hibernate Core {5.4.4.Final}
[DEBUG] 2021-02-21 08:56:25.356 [main] Environment - HHH000206: hibernate.properties not found
[DEBUG] 2021-02-21 08:56:25.897 [main] JaxbCfgProcessor - cfg.xml document did not define namespaces; wrapping in custom event reader to introduce namespace information
[DEBUG] 2021-02-21 08:56:26.515 [main] ServiceBinding - Overriding existing service binding [org.hibernate.secure.spi.JaccService]
[DEBUG] 2021-02-21 08:56:26.540 [main] RegionFactoryInitiator - Cannot default RegionFactory based on registered strategies as `[]` RegionFactory strategies were registered
[DEBUG] 2021-02-21 08:56:26.541 [main] RegionFactoryInitiator - Cache region factory : org.hibernate.cache.internal.NoCachingRegionFactory
[INFO ] 2021-02-21 08:56:26.563 [main] Version - HCANN000001: Hibernate Commons Annotations {5.1.0.Final}
[DEBUG] 2021-02-21 08:56:26.598 [main] BasicTypeRegistry - Adding type registration boolean -> org.hibernate.type.BooleanType@70242f38
[DEBUG] 2021-02-21 08:56:26.599 [main] BasicTypeRegistry - Adding type registration boolean -> org.hibernate.type.BooleanType@70242f38
[DEBUG] 2021-02-21 08:56:26.599 [main] BasicTypeRegistry - Adding type registration java.lang.Boolean -> org.hibernate.type.BooleanType@70242f38
[DEBUG] 2021-02-21 08:56:26.599 [main] BasicTypeRegistry - Adding type registration numeric_boolean -> org.hibernate.type.NumericBooleanType@4390f46e
[DEBUG] 2021-02-21 08:56:26.600 [main] BasicTypeRegistry - Adding type registration true_false -> org.hibernate.type.TrueFalseType@1948ea69
[DEBUG] 2021-02-21 08:56:26.600 [main] BasicTypeRegistry - Adding type registration yes_no -> org.hibernate.type.YesNoType@3015db78
[DEBUG] 2021-02-21 08:56:26.601 [main] BasicTypeRegistry - Adding type registration byte -> org.hibernate.type.ByteType@7f9ab969
[DEBUG] 2021-02-21 08:56:26.601 [main] BasicTypeRegistry - Adding type registration byte -> org.hibernate.type.ByteType@7f9ab969
[DEBUG] 2021-02-21 08:56:26.601 [main] BasicTypeRegistry - Adding type registration java.lang.Byte -> org.hibernate.type.ByteType@7f9ab969
[DEBUG] 2021-02-21 08:56:26.602 [main] BasicTypeRegistry - Adding type registration character -> org.hibernate.type.CharacterType@749ab7b4
[DEBUG] 2021-02-21 08:56:26.602 [main] BasicTypeRegistry - Adding type registration char -> org.hibernate.type.CharacterType@749ab7b4
[DEBUG] 2021-02-21 08:56:26.602 [main] BasicTypeRegistry - Adding type registration java.lang.Character -> org.hibernate.type.CharacterType@749ab7b4
[DEBUG] 2021-02-21 08:56:26.603 [main] BasicTypeRegistry - Adding type registration short -> org.hibernate.type.ShortType@3b0ee03a
[DEBUG] 2021-02-21 08:56:26.604 [main] BasicTypeRegistry - Adding type registration short -> org.hibernate.type.ShortType@3b0ee03a
[DEBUG] 2021-02-21 08:56:26.604 [main] BasicTypeRegistry - Adding type registration java.lang.Short -> org.hibernate.type.ShortType@3b0ee03a
[DEBUG] 2021-02-21 08:56:26.605 [main] BasicTypeRegistry - Adding type registration integer -> org.hibernate.type.IntegerType@28a6301f
[DEBUG] 2021-02-21 08:56:26.605 [main] BasicTypeRegistry - Adding type registration int -> org.hibernate.type.IntegerType@28a6301f
[DEBUG] 2021-02-21 08:56:26.605 [main] BasicTypeRegistry - Adding type registration java.lang.Integer -> org.hibernate.type.IntegerType@28a6301f
[DEBUG] 2021-02-21 08:56:26.606 [main] BasicTypeRegistry - Adding type registration long -> org.hibernate.type.LongType@7abe27bf
[DEBUG] 2021-02-21 08:56:26.606 [main] BasicTypeRegistry - Adding type registration long -> org.hibernate.type.LongType@7abe27bf
[DEBUG] 2021-02-21 08:56:26.606 [main] BasicTypeRegistry - Adding type registration java.lang.Long -> org.hibernate.type.LongType@7abe27bf
[DEBUG] 2021-02-21 08:56:26.607 [main] BasicTypeRegistry - Adding type registration float -> org.hibernate.type.FloatType@5bb7643d
[DEBUG] 2021-02-21 08:56:26.607 [main] BasicTypeRegistry - Adding type registration float -> org.hibernate.type.FloatType@5bb7643d
[DEBUG] 2021-02-21 08:56:26.608 [main] BasicTypeRegistry - Adding type registration java.lang.Float -> org.hibernate.type.FloatType@5bb7643d
[DEBUG] 2021-02-21 08:56:26.608 [main] BasicTypeRegistry - Adding type registration double -> org.hibernate.type.DoubleType@3c0fbd3a
[DEBUG] 2021-02-21 08:56:26.609 [main] BasicTypeRegistry - Adding type registration double -> org.hibernate.type.DoubleType@3c0fbd3a
[DEBUG] 2021-02-21 08:56:26.609 [main] BasicTypeRegistry - Adding type registration java.lang.Double -> org.hibernate.type.DoubleType@3c0fbd3a
[DEBUG] 2021-02-21 08:56:26.610 [main] BasicTypeRegistry - Adding type registration big_decimal -> org.hibernate.type.BigDecimalType@7cf162bc
[DEBUG] 2021-02-21 08:56:26.610 [main] BasicTypeRegistry - Adding type registration java.math.BigDecimal -> org.hibernate.type.BigDecimalType@7cf162bc
[DEBUG] 2021-02-21 08:56:26.611 [main] BasicTypeRegistry - Adding type registration big_integer -> org.hibernate.type.BigIntegerType@60e21209
[DEBUG] 2021-02-21 08:56:26.611 [main] BasicTypeRegistry - Adding type registration java.math.BigInteger -> org.hibernate.type.BigIntegerType@60e21209
[DEBUG] 2021-02-21 08:56:26.612 [main] BasicTypeRegistry - Adding type registration string -> org.hibernate.type.StringType@2715644a
[DEBUG] 2021-02-21 08:56:26.612 [main] BasicTypeRegistry - Adding type registration java.lang.String -> org.hibernate.type.StringType@2715644a
[DEBUG] 2021-02-21 08:56:26.613 [main] BasicTypeRegistry - Adding type registration nstring -> org.hibernate.type.StringNVarcharType@6edcd0d8
[DEBUG] 2021-02-21 08:56:26.613 [main] BasicTypeRegistry - Adding type registration ncharacter -> org.hibernate.type.CharacterNCharType@35835fa
[DEBUG] 2021-02-21 08:56:26.614 [main] BasicTypeRegistry - Adding type registration url -> org.hibernate.type.UrlType@5e8604bf
[DEBUG] 2021-02-21 08:56:26.614 [main] BasicTypeRegistry - Adding type registration java.net.URL -> org.hibernate.type.UrlType@5e8604bf
[DEBUG] 2021-02-21 08:56:26.615 [main] BasicTypeRegistry - Adding type registration Duration -> org.hibernate.type.DurationType@546621c4
[DEBUG] 2021-02-21 08:56:26.615 [main] BasicTypeRegistry - Adding type registration java.time.Duration -> org.hibernate.type.DurationType@546621c4
[DEBUG] 2021-02-21 08:56:26.635 [main] BasicTypeRegistry - Adding type registration Instant -> org.hibernate.type.InstantType@2679311f
[DEBUG] 2021-02-21 08:56:26.636 [main] BasicTypeRegistry - Adding type registration java.time.Instant -> org.hibernate.type.InstantType@2679311f
[DEBUG] 2021-02-21 08:56:26.639 [main] BasicTypeRegistry - Adding type registration LocalDateTime -> org.hibernate.type.LocalDateTimeType@2e34384c
[DEBUG] 2021-02-21 08:56:26.639 [main] BasicTypeRegistry - Adding type registration java.time.LocalDateTime -> org.hibernate.type.LocalDateTimeType@2e34384c
[DEBUG] 2021-02-21 08:56:26.641 [main] BasicTypeRegistry - Adding type registration LocalDate -> org.hibernate.type.LocalDateType@3fa76c61
[DEBUG] 2021-02-21 08:56:26.642 [main] BasicTypeRegistry - Adding type registration java.time.LocalDate -> org.hibernate.type.LocalDateType@3fa76c61
[DEBUG] 2021-02-21 08:56:26.644 [main] BasicTypeRegistry - Adding type registration LocalTime -> org.hibernate.type.LocalTimeType@7b3315a5
[DEBUG] 2021-02-21 08:56:26.644 [main] BasicTypeRegistry - Adding type registration java.time.LocalTime -> org.hibernate.type.LocalTimeType@7b3315a5
[DEBUG] 2021-02-21 08:56:26.646 [main] BasicTypeRegistry - Adding type registration OffsetDateTime -> org.hibernate.type.OffsetDateTimeType@2ce45a7b
[DEBUG] 2021-02-21 08:56:26.647 [main] BasicTypeRegistry - Adding type registration java.time.OffsetDateTime -> org.hibernate.type.OffsetDateTimeType@2ce45a7b
[DEBUG] 2021-02-21 08:56:26.649 [main] BasicTypeRegistry - Adding type registration OffsetTime -> org.hibernate.type.OffsetTimeType@42f9c19a
[DEBUG] 2021-02-21 08:56:26.649 [main] BasicTypeRegistry - Adding type registration java.time.OffsetTime -> org.hibernate.type.OffsetTimeType@42f9c19a
[DEBUG] 2021-02-21 08:56:26.652 [main] BasicTypeRegistry - Adding type registration ZonedDateTime -> org.hibernate.type.ZonedDateTimeType@629ae7e
[DEBUG] 2021-02-21 08:56:26.652 [main] BasicTypeRegistry - Adding type registration java.time.ZonedDateTime -> org.hibernate.type.ZonedDateTimeType@629ae7e
[DEBUG] 2021-02-21 08:56:26.655 [main] BasicTypeRegistry - Adding type registration date -> org.hibernate.type.DateType@5ce4369b
[DEBUG] 2021-02-21 08:56:26.655 [main] BasicTypeRegistry - Adding type registration java.sql.Date -> org.hibernate.type.DateType@5ce4369b
[DEBUG] 2021-02-21 08:56:26.657 [main] BasicTypeRegistry - Adding type registration time -> org.hibernate.type.TimeType@6ae7deac
[DEBUG] 2021-02-21 08:56:26.657 [main] BasicTypeRegistry - Adding type registration java.sql.Time -> org.hibernate.type.TimeType@6ae7deac
[DEBUG] 2021-02-21 08:56:26.659 [main] BasicTypeRegistry - Adding type registration timestamp -> org.hibernate.type.TimestampType@3daa82be
[DEBUG] 2021-02-21 08:56:26.660 [main] BasicTypeRegistry - Adding type registration java.sql.Timestamp -> org.hibernate.type.TimestampType@3daa82be
[DEBUG] 2021-02-21 08:56:26.660 [main] BasicTypeRegistry - Adding type registration java.util.Date -> org.hibernate.type.TimestampType@3daa82be
[DEBUG] 2021-02-21 08:56:26.664 [main] BasicTypeRegistry - Adding type registration dbtimestamp -> org.hibernate.type.DbTimestampType@e344ad3
[DEBUG] 2021-02-21 08:56:26.665 [main] BasicTypeRegistry - Adding type registration calendar -> org.hibernate.type.CalendarType@597f48df
[DEBUG] 2021-02-21 08:56:26.665 [main] BasicTypeRegistry - Adding type registration java.util.Calendar -> org.hibernate.type.CalendarType@597f48df
[DEBUG] 2021-02-21 08:56:26.665 [main] BasicTypeRegistry - Adding type registration java.util.GregorianCalendar -> org.hibernate.type.CalendarType@597f48df
[DEBUG] 2021-02-21 08:56:26.666 [main] BasicTypeRegistry - Adding type registration calendar_date -> org.hibernate.type.CalendarDateType@27d57a2c
[DEBUG] 2021-02-21 08:56:26.668 [main] BasicTypeRegistry - Adding type registration locale -> org.hibernate.type.LocaleType@486bc9a4
[DEBUG] 2021-02-21 08:56:26.668 [main] BasicTypeRegistry - Adding type registration java.util.Locale -> org.hibernate.type.LocaleType@486bc9a4
[DEBUG] 2021-02-21 08:56:26.670 [main] BasicTypeRegistry - Adding type registration currency -> org.hibernate.type.CurrencyType@1237e0be
[DEBUG] 2021-02-21 08:56:26.670 [main] BasicTypeRegistry - Adding type registration java.util.Currency -> org.hibernate.type.CurrencyType@1237e0be
[DEBUG] 2021-02-21 08:56:26.671 [main] BasicTypeRegistry - Adding type registration timezone -> org.hibernate.type.TimeZoneType@6441c486
[DEBUG] 2021-02-21 08:56:26.672 [main] BasicTypeRegistry - Adding type registration java.util.TimeZone -> org.hibernate.type.TimeZoneType@6441c486
[DEBUG] 2021-02-21 08:56:26.673 [main] BasicTypeRegistry - Adding type registration class -> org.hibernate.type.ClassType@58d63b16
[DEBUG] 2021-02-21 08:56:26.673 [main] BasicTypeRegistry - Adding type registration java.lang.Class -> org.hibernate.type.ClassType@58d63b16
[DEBUG] 2021-02-21 08:56:26.674 [main] BasicTypeRegistry - Adding type registration uuid-binary -> org.hibernate.type.UUIDBinaryType@369c9bb
[DEBUG] 2021-02-21 08:56:26.674 [main] BasicTypeRegistry - Adding type registration java.util.UUID -> org.hibernate.type.UUIDBinaryType@369c9bb
[DEBUG] 2021-02-21 08:56:26.675 [main] BasicTypeRegistry - Adding type registration uuid-char -> org.hibernate.type.UUIDCharType@25b5c5e3
[DEBUG] 2021-02-21 08:56:26.676 [main] BasicTypeRegistry - Adding type registration binary -> org.hibernate.type.BinaryType@3047254d
[DEBUG] 2021-02-21 08:56:26.677 [main] BasicTypeRegistry - Adding type registration byte[] -> org.hibernate.type.BinaryType@3047254d
[DEBUG] 2021-02-21 08:56:26.677 [main] BasicTypeRegistry - Adding type registration [B -> org.hibernate.type.BinaryType@3047254d
[DEBUG] 2021-02-21 08:56:26.679 [main] BasicTypeRegistry - Adding type registration wrapper-binary -> org.hibernate.type.WrapperBinaryType@655523dd
[DEBUG] 2021-02-21 08:56:26.679 [main] BasicTypeRegistry - Adding type registration Byte[] -> org.hibernate.type.WrapperBinaryType@655523dd
[DEBUG] 2021-02-21 08:56:26.679 [main] BasicTypeRegistry - Adding type registration [Ljava.lang.Byte; -> org.hibernate.type.WrapperBinaryType@655523dd
[DEBUG] 2021-02-21 08:56:26.682 [main] BasicTypeRegistry - Adding type registration row_version -> org.hibernate.type.RowVersionType@21a66d45
[DEBUG] 2021-02-21 08:56:26.683 [main] BasicTypeRegistry - Adding type registration image -> org.hibernate.type.ImageType@66f659e6
[DEBUG] 2021-02-21 08:56:26.684 [main] BasicTypeRegistry - Adding type registration characters -> org.hibernate.type.CharArrayType@50a3d0f6
[DEBUG] 2021-02-21 08:56:26.685 [main] BasicTypeRegistry - Adding type registration char[] -> org.hibernate.type.CharArrayType@50a3d0f6
[DEBUG] 2021-02-21 08:56:26.685 [main] BasicTypeRegistry - Adding type registration [C -> org.hibernate.type.CharArrayType@50a3d0f6
[DEBUG] 2021-02-21 08:56:26.686 [main] BasicTypeRegistry - Adding type registration wrapper-characters -> org.hibernate.type.CharacterArrayType@35636217
[DEBUG] 2021-02-21 08:56:26.686 [main] BasicTypeRegistry - Adding type registration [Ljava.lang.Character; -> org.hibernate.type.CharacterArrayType@35636217
[DEBUG] 2021-02-21 08:56:26.686 [main] BasicTypeRegistry - Adding type registration Character[] -> org.hibernate.type.CharacterArrayType@35636217
[DEBUG] 2021-02-21 08:56:26.687 [main] BasicTypeRegistry - Adding type registration text -> org.hibernate.type.TextType@16ade133
[DEBUG] 2021-02-21 08:56:26.688 [main] BasicTypeRegistry - Adding type registration ntext -> org.hibernate.type.NTextType@4f82663e
[DEBUG] 2021-02-21 08:56:26.691 [main] BasicTypeRegistry - Adding type registration blob -> org.hibernate.type.BlobType@77c7ed8e
[DEBUG] 2021-02-21 08:56:26.691 [main] BasicTypeRegistry - Adding type registration java.sql.Blob -> org.hibernate.type.BlobType@77c7ed8e
[DEBUG] 2021-02-21 08:56:26.692 [main] BasicTypeRegistry - Adding type registration materialized_blob -> org.hibernate.type.MaterializedBlobType@640dc4c6
[DEBUG] 2021-02-21 08:56:26.694 [main] BasicTypeRegistry - Adding type registration clob -> org.hibernate.type.ClobType@616b241a
[DEBUG] 2021-02-21 08:56:26.695 [main] BasicTypeRegistry - Adding type registration java.sql.Clob -> org.hibernate.type.ClobType@616b241a
[DEBUG] 2021-02-21 08:56:26.696 [main] BasicTypeRegistry - Adding type registration nclob -> org.hibernate.type.NClobType@610df783
[DEBUG] 2021-02-21 08:56:26.697 [main] BasicTypeRegistry - Adding type registration java.sql.NClob -> org.hibernate.type.NClobType@610df783
[DEBUG] 2021-02-21 08:56:26.697 [main] BasicTypeRegistry - Adding type registration materialized_clob -> org.hibernate.type.MaterializedClobType@776802b0
[DEBUG] 2021-02-21 08:56:26.698 [main] BasicTypeRegistry - Adding type registration materialized_nclob -> org.hibernate.type.MaterializedNClobType@6ee8dcd3
[DEBUG] 2021-02-21 08:56:26.700 [main] BasicTypeRegistry - Adding type registration serializable -> org.hibernate.type.SerializableType@14bf57b2
[DEBUG] 2021-02-21 08:56:26.705 [main] BasicTypeRegistry - Adding type registration object -> org.hibernate.type.ObjectType@7ce9e05a
[DEBUG] 2021-02-21 08:56:26.705 [main] BasicTypeRegistry - Adding type registration java.lang.Object -> org.hibernate.type.ObjectType@7ce9e05a
[DEBUG] 2021-02-21 08:56:26.706 [main] BasicTypeRegistry - Adding type registration imm_date -> org.hibernate.type.AdaptedImmutableType@4d774249
[DEBUG] 2021-02-21 08:56:26.706 [main] BasicTypeRegistry - Adding type registration imm_time -> org.hibernate.type.AdaptedImmutableType@17b64941
[DEBUG] 2021-02-21 08:56:26.706 [main] BasicTypeRegistry - Adding type registration imm_timestamp -> org.hibernate.type.AdaptedImmutableType@53ac845a
[DEBUG] 2021-02-21 08:56:26.707 [main] BasicTypeRegistry - Adding type registration imm_dbtimestamp -> org.hibernate.type.AdaptedImmutableType@5136207f
[DEBUG] 2021-02-21 08:56:26.707 [main] BasicTypeRegistry - Adding type registration imm_calendar -> org.hibernate.type.AdaptedImmutableType@26a4551a
[DEBUG] 2021-02-21 08:56:26.707 [main] BasicTypeRegistry - Adding type registration imm_calendar_date -> org.hibernate.type.AdaptedImmutableType@3fdecce
[DEBUG] 2021-02-21 08:56:26.707 [main] BasicTypeRegistry - Adding type registration imm_binary -> org.hibernate.type.AdaptedImmutableType@344426bf
[DEBUG] 2021-02-21 08:56:26.707 [main] BasicTypeRegistry - Adding type registration imm_serializable -> org.hibernate.type.AdaptedImmutableType@5411dd90
[DEBUG] 2021-02-21 08:56:26.738 [main] DefaultIdentifierGeneratorFactory - Registering IdentifierGenerator strategy [uuid2] -> [org.hibernate.id.UUIDGenerator]
[DEBUG] 2021-02-21 08:56:26.738 [main] DefaultIdentifierGeneratorFactory - Registering IdentifierGenerator strategy [guid] -> [org.hibernate.id.GUIDGenerator]
[DEBUG] 2021-02-21 08:56:26.739 [main] DefaultIdentifierGeneratorFactory - Registering IdentifierGenerator strategy [uuid] -> [org.hibernate.id.UUIDHexGenerator]
[DEBUG] 2021-02-21 08:56:26.739 [main] DefaultIdentifierGeneratorFactory - Registering IdentifierGenerator strategy [uuid.hex] -> [org.hibernate.id.UUIDHexGenerator]
[DEBUG] 2021-02-21 08:56:26.740 [main] DefaultIdentifierGeneratorFactory - Registering IdentifierGenerator strategy [assigned] -> [org.hibernate.id.Assigned]
[DEBUG] 2021-02-21 08:56:26.740 [main] DefaultIdentifierGeneratorFactory - Registering IdentifierGenerator strategy [identity] -> [org.hibernate.id.IdentityGenerator]
[DEBUG] 2021-02-21 08:56:26.741 [main] DefaultIdentifierGeneratorFactory - Registering IdentifierGenerator strategy [select] -> [org.hibernate.id.SelectGenerator]
[DEBUG] 2021-02-21 08:56:26.742 [main] DefaultIdentifierGeneratorFactory - Registering IdentifierGenerator strategy [sequence] -> [org.hibernate.id.enhanced.SequenceStyleGenerator]
[DEBUG] 2021-02-21 08:56:26.743 [main] DefaultIdentifierGeneratorFactory - Registering IdentifierGenerator strategy [seqhilo] -> [org.hibernate.id.SequenceHiLoGenerator]
[DEBUG] 2021-02-21 08:56:26.743 [main] DefaultIdentifierGeneratorFactory - Registering IdentifierGenerator strategy [increment] -> [org.hibernate.id.IncrementGenerator]
[DEBUG] 2021-02-21 08:56:26.744 [main] DefaultIdentifierGeneratorFactory - Registering IdentifierGenerator strategy [foreign] -> [org.hibernate.id.ForeignGenerator]
[DEBUG] 2021-02-21 08:56:26.744 [main] DefaultIdentifierGeneratorFactory - Registering IdentifierGenerator strategy [sequence-identity] -> [org.hibernate.id.SequenceIdentityGenerator]
[DEBUG] 2021-02-21 08:56:26.744 [main] DefaultIdentifierGeneratorFactory - Registering IdentifierGenerator strategy [enhanced-sequence] -> [org.hibernate.id.enhanced.SequenceStyleGenerator]
[DEBUG] 2021-02-21 08:56:26.745 [main] DefaultIdentifierGeneratorFactory - Registering IdentifierGenerator strategy [enhanced-table] -> [org.hibernate.id.enhanced.TableGenerator]
[INFO ] 2021-02-21 08:56:26.750 [main] C3P0ConnectionProvider - HHH010002: C3P0 using driver: com.mysql.cj.jdbc.Driver at URL: jdbc:mysql://localhost:3306/test_mealBuilder
[INFO ] 2021-02-21 08:56:26.750 [main] C3P0ConnectionProvider - HHH10001001: Connection properties: {password=****, user=root}
[INFO ] 2021-02-21 08:56:26.751 [main] C3P0ConnectionProvider - HHH10001003: Autocommit mode: false
[INFO ] 2021-02-21 08:56:26.913 [main] C3P0ConnectionProvider - HHH10001007: JDBC isolation level: <unknown>
[DEBUG] 2021-02-21 08:56:27.782 [main] JdbcEnvironmentInitiator - Database ->
       name : MySQL
    version : 8.0.22
      major : 8
      minor : 0
[DEBUG] 2021-02-21 08:56:27.783 [main] JdbcEnvironmentInitiator - Driver ->
       name : MySQL Connector/J
    version : mysql-connector-java-8.0.22 (Revision: d64b664fa93e81296a377de031b8123a67e6def2)
      major : 8
      minor : 0
[DEBUG] 2021-02-21 08:56:27.783 [main] JdbcEnvironmentInitiator - JDBC version : 4.2
[INFO ] 2021-02-21 08:56:27.812 [main] Dialect - HHH000400: Using dialect: org.hibernate.dialect.MySQL8Dialect
[DEBUG] 2021-02-21 08:56:27.840 [main] IdentifierHelperBuilder - JDBC driver metadata reported database stores quoted identifiers in more than one case
[DEBUG] 2021-02-21 08:56:27.881 [main] IdentifierHelperBuilder - IdentifierCaseStrategy for both quoted and unquoted identifiers was set to the same strategy [MIXED]; that will likely lead to problems in schema update and validation if using quoted identifiers
[DEBUG] 2021-02-21 08:56:27.933 [main] Namespace - Created database namespace [logicalName=Name{catalog=null, schema=null}, physicalName=Name{catalog=null, schema=null}]
[DEBUG] 2021-02-21 08:56:27.937 [main] TypeConfiguration$Scope - Scoping TypeConfiguration [org.hibernate.type.spi.TypeConfiguration@61cd1c71] to MetadataBuildingContext [org.hibernate.boot.internal.MetadataBuildingContextRootImpl@6724cdec]
[DEBUG] 2021-02-21 08:56:28.024 [main] AnnotationBinder - Binding entity from annotated class: entity.Users
[DEBUG] 2021-02-21 08:56:28.057 [main] Ejb3Column - Binding column: Ejb3DiscriminatorColumn{logicalColumnName'DTYPE', discriminatorTypeName='string'}
[DEBUG] 2021-02-21 08:56:28.065 [main] EntityBinder - Import with entity name Users
[DEBUG] 2021-02-21 08:56:28.069 [main] EntityBinder - Bind entity entity.Users on table Users
[DEBUG] 2021-02-21 08:56:28.101 [main] Ejb3Column - Binding column: Ejb3Column{table=org.hibernate.mapping.Table(Users), mappingColumn=id, insertable=true, updatable=true, unique=false}
[DEBUG] 2021-02-21 08:56:28.105 [main] PropertyBinder - MetadataSourceProcessor property id with lazy=false
[DEBUG] 2021-02-21 08:56:28.108 [main] AbstractPropertyHolder - Attempting to locate auto-apply AttributeConverter for property [entity.Users:id]
[DEBUG] 2021-02-21 08:56:28.111 [main] SimpleValueBinder - building SimpleValue for id
[DEBUG] 2021-02-21 08:56:28.114 [main] PropertyBinder - Building property id
[DEBUG] 2021-02-21 08:56:28.120 [main] BinderHelper - #makeIdGenerator(org.hibernate.mapping.SimpleValue([org.hibernate.mapping.Column(id)]), id, org.hibernate.id.enhanced.SequenceStyleGenerator, native, ...)
[DEBUG] 2021-02-21 08:56:28.122 [main] Ejb3Column - Binding column: Ejb3Column{table=org.hibernate.mapping.Table(Users), mappingColumn=password, insertable=true, updatable=true, unique=false}
[DEBUG] 2021-02-21 08:56:28.123 [main] PropertyBinder - MetadataSourceProcessor property password with lazy=false
[DEBUG] 2021-02-21 08:56:28.123 [main] AbstractPropertyHolder - Attempting to locate auto-apply AttributeConverter for property [entity.Users:password]
[DEBUG] 2021-02-21 08:56:28.123 [main] SimpleValueBinder - building SimpleValue for password
[DEBUG] 2021-02-21 08:56:28.123 [main] PropertyBinder - Building property password
[DEBUG] 2021-02-21 08:56:28.124 [main] Ejb3Column - Binding column: Ejb3Column{table=org.hibernate.mapping.Table(Users), mappingColumn=username, insertable=true, updatable=true, unique=false}
[DEBUG] 2021-02-21 08:56:28.124 [main] PropertyBinder - MetadataSourceProcessor property username with lazy=false
[DEBUG] 2021-02-21 08:56:28.124 [main] AbstractPropertyHolder - Attempting to locate auto-apply AttributeConverter for property [entity.Users:username]
[DEBUG] 2021-02-21 08:56:28.124 [main] SimpleValueBinder - building SimpleValue for username
[DEBUG] 2021-02-21 08:56:28.124 [main] PropertyBinder - Building property username
[DEBUG] 2021-02-21 08:56:28.127 [main] AnnotationBinder - Binding entity from annotated class: entity.Recipes
[DEBUG] 2021-02-21 08:56:28.128 [main] Ejb3Column - Binding column: Ejb3DiscriminatorColumn{logicalColumnName'DTYPE', discriminatorTypeName='string'}
[DEBUG] 2021-02-21 08:56:28.128 [main] EntityBinder - Import with entity name Recipes
[DEBUG] 2021-02-21 08:56:28.128 [main] EntityBinder - Bind entity entity.Recipes on table Recipes
[DEBUG] 2021-02-21 08:56:28.132 [main] Ejb3Column - Binding column: Ejb3Column{table=org.hibernate.mapping.Table(Recipes), mappingColumn=recipe_id, insertable=true, updatable=true, unique=false}
[DEBUG] 2021-02-21 08:56:28.133 [main] PropertyBinder - MetadataSourceProcessor property id with lazy=false
[DEBUG] 2021-02-21 08:56:28.133 [main] AbstractPropertyHolder - Attempting to locate auto-apply AttributeConverter for property [entity.Recipes:id]
[DEBUG] 2021-02-21 08:56:28.133 [main] SimpleValueBinder - building SimpleValue for id
[DEBUG] 2021-02-21 08:56:28.133 [main] PropertyBinder - Building property id
[DEBUG] 2021-02-21 08:56:28.133 [main] BinderHelper - #makeIdGenerator(org.hibernate.mapping.SimpleValue([org.hibernate.mapping.Column(recipe_id)]), id, org.hibernate.id.enhanced.SequenceStyleGenerator, native, ...)
[DEBUG] 2021-02-21 08:56:28.134 [main] Ejb3Column - Binding column: Ejb3Column{table=org.hibernate.mapping.Table(Recipes), mappingColumn=public_recipe, insertable=true, updatable=true, unique=false}
[DEBUG] 2021-02-21 08:56:28.134 [main] PropertyBinder - MetadataSourceProcessor property public_recipe with lazy=false
[DEBUG] 2021-02-21 08:56:28.134 [main] AbstractPropertyHolder - Attempting to locate auto-apply AttributeConverter for property [entity.Recipes:public_recipe]
[DEBUG] 2021-02-21 08:56:28.134 [main] SimpleValueBinder - building SimpleValue for public_recipe
[DEBUG] 2021-02-21 08:56:28.134 [main] PropertyBinder - Building property public_recipe
[DEBUG] 2021-02-21 08:56:28.135 [main] Ejb3Column - Binding column: Ejb3Column{table=org.hibernate.mapping.Table(Recipes), mappingColumn=recipe_name, insertable=true, updatable=true, unique=false}
[DEBUG] 2021-02-21 08:56:28.135 [main] PropertyBinder - MetadataSourceProcessor property recipe_name with lazy=false
[DEBUG] 2021-02-21 08:56:28.135 [main] AbstractPropertyHolder - Attempting to locate auto-apply AttributeConverter for property [entity.Recipes:recipe_name]
[DEBUG] 2021-02-21 08:56:28.135 [main] SimpleValueBinder - building SimpleValue for recipe_name
[DEBUG] 2021-02-21 08:56:28.135 [main] PropertyBinder - Building property recipe_name
[DEBUG] 2021-02-21 08:56:28.138 [main] Ejb3Column - Binding column: Ejb3JoinColumn{logicalColumnName='null', referencedColumn='null', mappedBy='null'}
[DEBUG] 2021-02-21 08:56:28.138 [main] Ejb3Column - Binding column: Ejb3Column{table=org.hibernate.mapping.Table(Recipes), mappingColumn=user, insertable=true, updatable=true, unique=false}
[DEBUG] 2021-02-21 08:56:28.146 [main] PropertyBinder - Building property user
[DEBUG] 2021-02-21 08:56:28.148 [main] SimpleValueBinder - Starting fillSimpleValue for id
[DEBUG] 2021-02-21 08:56:28.149 [main] SimpleValueBinder - Starting fillSimpleValue for password
[DEBUG] 2021-02-21 08:56:28.149 [main] SimpleValueBinder - Starting fillSimpleValue for username
[DEBUG] 2021-02-21 08:56:28.149 [main] SimpleValueBinder - Starting fillSimpleValue for id
[DEBUG] 2021-02-21 08:56:28.149 [main] SimpleValueBinder - Starting fillSimpleValue for public_recipe
[DEBUG] 2021-02-21 08:56:28.149 [main] SimpleValueBinder - Starting fillSimpleValue for recipe_name
[DEBUG] 2021-02-21 08:56:28.157 [main] PrimaryKey - Forcing column [id] to be non-null as it is part of the primary key for table [users]
[DEBUG] 2021-02-21 08:56:28.157 [main] PrimaryKey - Forcing column [recipe_id] to be non-null as it is part of the primary key for table [recipes]
[DEBUG] 2021-02-21 08:56:28.158 [main] InFlightMetadataCollectorImpl - Resolving reference to class: entity.Users
[DEBUG] 2021-02-21 08:56:28.162 [main] InFlightMetadataCollectorImpl - Resolving reference to class: entity.Users
[DEBUG] 2021-02-21 08:56:28.204 [main] SessionFactoryImpl - Building session factory
[DEBUG] 2021-02-21 08:56:28.205 [main] Settings - SessionFactory name : null
[DEBUG] 2021-02-21 08:56:28.206 [main] Settings - Automatic flush during beforeCompletion(): enabled
[DEBUG] 2021-02-21 08:56:28.206 [main] Settings - Automatic session close at end of transaction: disabled
[DEBUG] 2021-02-21 08:56:28.206 [main] Settings - Statistics: disabled
[DEBUG] 2021-02-21 08:56:28.206 [main] Settings - Deleted entity synthetic identifier rollback: disabled
[DEBUG] 2021-02-21 08:56:28.206 [main] Settings - Default entity-mode: pojo
[DEBUG] 2021-02-21 08:56:28.206 [main] Settings - Check Nullability in Core (should be disabled when Bean Validation is on): enabled
[DEBUG] 2021-02-21 08:56:28.206 [main] Settings - Allow initialization of lazy state outside session : disabled
[DEBUG] 2021-02-21 08:56:28.206 [main] Settings - Using BatchFetchStyle : LEGACY
[DEBUG] 2021-02-21 08:56:28.206 [main] Settings - Default batch fetch size: -1
[DEBUG] 2021-02-21 08:56:28.206 [main] Settings - Maximum outer join fetch depth: 2
[DEBUG] 2021-02-21 08:56:28.207 [main] Settings - Default null ordering: NONE
[DEBUG] 2021-02-21 08:56:28.207 [main] Settings - Order SQL updates by primary key: disabled
[DEBUG] 2021-02-21 08:56:28.207 [main] Settings - Order SQL inserts for batching: disabled
[DEBUG] 2021-02-21 08:56:28.207 [main] Settings - multi-tenancy strategy : NONE
[DEBUG] 2021-02-21 08:56:28.207 [main] Settings - JTA Track by Thread: enabled
[DEBUG] 2021-02-21 08:56:28.207 [main] Settings - Query language substitutions: {}
[DEBUG] 2021-02-21 08:56:28.207 [main] Settings - Named query checking : enabled
[DEBUG] 2021-02-21 08:56:28.208 [main] Settings - Second-level cache: disabled
[DEBUG] 2021-02-21 08:56:28.208 [main] Settings - Second-level query cache: disabled
[DEBUG] 2021-02-21 08:56:28.208 [main] Settings - Second-level query cache factory: null
[DEBUG] 2021-02-21 08:56:28.209 [main] Settings - Second-level cache region prefix: null
[DEBUG] 2021-02-21 08:56:28.209 [main] Settings - Optimize second-level cache for minimal puts: disabled
[DEBUG] 2021-02-21 08:56:28.209 [main] Settings - Structured second-level cache entries: disabled
[DEBUG] 2021-02-21 08:56:28.209 [main] Settings - Second-level cache direct-reference entries: disabled
[DEBUG] 2021-02-21 08:56:28.209 [main] Settings - Automatic eviction of collection cache: disabled
[DEBUG] 2021-02-21 08:56:28.210 [main] Settings - JDBC batch size: 15
[DEBUG] 2021-02-21 08:56:28.210 [main] Settings - JDBC batch updates for versioned data: enabled
[DEBUG] 2021-02-21 08:56:28.210 [main] Settings - Scrollable result sets: enabled
[DEBUG] 2021-02-21 08:56:28.210 [main] Settings - Wrap result sets: disabled
[DEBUG] 2021-02-21 08:56:28.210 [main] Settings - JDBC3 getGeneratedKeys(): enabled
[DEBUG] 2021-02-21 08:56:28.210 [main] Settings - JDBC result set fetch size: null
[DEBUG] 2021-02-21 08:56:28.210 [main] Settings - Connection release mode: AFTER_TRANSACTION
[DEBUG] 2021-02-21 08:56:28.210 [main] Settings - Generate SQL with comments: disabled
[DEBUG] 2021-02-21 08:56:28.210 [main] Settings - JPA compliance - query : 
[DEBUG] 2021-02-21 08:56:28.210 [main] Settings - JPA compliance - closed-handling : 
[DEBUG] 2021-02-21 08:56:28.210 [main] Settings - JPA compliance - lists : 
[DEBUG] 2021-02-21 08:56:28.210 [main] Settings - JPA compliance - transactions : 
[INFO ] 2021-02-21 08:56:28.270 [main] beans - HHH10005002: No explicit CDI BeanManager reference was passed to Hibernate, but CDI is available on the Hibernate ClassLoader.
[DEBUG] 2021-02-21 08:56:28.297 [main] SessionFactoryImpl - Session factory constructed with filter configurations : {}
[DEBUG] 2021-02-21 08:56:28.297 [main] SessionFactoryImpl - Instantiating session factory with properties: {gopherProxySet=false, awt.toolkit=sun.lwawt.macosx.LWCToolkit, java.specification.version=11, sun.cpu.isalist=, hibernate.c3p0.idle_test_period=3000, sun.jnu.encoding=UTF-8, hibernate.c3p0.min_size=5, java.class.path=/Applications/IntelliJ IDEA.app/Contents/lib/idea_rt.jar:/Applications/IntelliJ IDEA.app/Contents/plugins/junit/lib/junit5-rt.jar:/Applications/IntelliJ IDEA.app/Contents/plugins/junit/lib/junit-rt.jar:/Users/lisaandritsch/Desktop/Java/MealAndGroceryBuilder/target/test-classes:/Users/lisaandritsch/Desktop/Java/MealAndGroceryBuilder/target/classes:/Users/lisaandritsch/.m2/repository/junit/junit/4.12/junit-4.12.jar:/Users/lisaandritsch/.m2/repository/org/hamcrest/hamcrest-core/1.3/hamcrest-core-1.3.jar:/Users/lisaandritsch/.m2/repository/javax/javaee-web-api/7.0/javaee-web-api-7.0.jar:/Users/lisaandritsch/.m2/repository/mysql/mysql-connector-java/8.0.22/mysql-connector-java-8.0.22.jar:/Users/lisaandritsch/.m2/repository/com/google/protobuf/protobuf-java/3.11.4/protobuf-java-3.11.4.jar:/Users/lisaandritsch/.m2/repository/javax/servlet/jsp/jstl/jstl-api/1.2/jstl-api-1.2.jar:/Users/lisaandritsch/.m2/repository/javax/servlet/servlet-api/2.5/servlet-api-2.5.jar:/Users/lisaandritsch/.m2/repository/javax/servlet/jsp/jsp-api/2.1/jsp-api-2.1.jar:/Users/lisaandritsch/.m2/repository/javax/servlet/jstl/1.2/jstl-1.2.jar:/Users/lisaandritsch/.m2/repository/taglibs/standard/1.1.2/standard-1.1.2.jar:/Users/lisaandritsch/.m2/repository/org/apache/logging/log4j/log4j-api/2.10.0/log4j-api-2.10.0.jar:/Users/lisaandritsch/.m2/repository/org/apache/logging/log4j/log4j-core/2.10.0/log4j-core-2.10.0.jar:/Users/lisaandritsch/.m2/repository/org/junit/platform/junit-platform-runner/1.0.0/junit-platform-runner-1.0.0.jar:/Users/lisaandritsch/.m2/repository/org/apiguardian/apiguardian-api/1.0.0/apiguardian-api-1.0.0.jar:/Users/lisaandritsch/.m2/repository/org/junit/platform/junit-platform-launcher/1.0.0/junit-platform-launcher-1.0.0.jar:/Users/lisaandritsch/.m2/repository/org/junit/platform/junit-platform-suite-api/1.0.0/junit-platform-suite-api-1.0.0.jar:/Users/lisaandritsch/.m2/repository/org/junit/platform/junit-platform-commons/1.0.0/junit-platform-commons-1.0.0.jar:/Users/lisaandritsch/.m2/repository/org/junit/vintage/junit-vintage-engine/4.12.0/junit-vintage-engine-4.12.0.jar:/Users/lisaandritsch/.m2/repository/org/junit/platform/junit-platform-engine/1.0.0/junit-platform-engine-1.0.0.jar:/Users/lisaandritsch/.m2/repository/org/opentest4j/opentest4j/1.0.0/opentest4j-1.0.0.jar:/Users/lisaandritsch/.m2/repository/org/junit/jupiter/junit-jupiter-engine/5.0.0/junit-jupiter-engine-5.0.0.jar:/Users/lisaandritsch/.m2/repository/org/junit/jupiter/junit-jupiter-api/5.0.0/junit-jupiter-api-5.0.0.jar:/Users/lisaandritsch/.m2/repository/org/hibernate/hibernate-core/5.4.4.Final/hibernate-core-5.4.4.Final.jar:/Users/lisaandritsch/.m2/repository/org/jboss/logging/jboss-logging/3.3.2.Final/jboss-logging-3.3.2.Final.jar:/Users/lisaandritsch/.m2/repository/javax/persistence/javax.persistence-api/2.2/javax.persistence-api-2.2.jar:/Users/lisaandritsch/.m2/repository/org/javassist/javassist/3.24.0-GA/javassist-3.24.0-GA.jar:/Users/lisaandritsch/.m2/repository/net/bytebuddy/byte-buddy/1.9.11/byte-buddy-1.9.11.jar:/Users/lisaandritsch/.m2/repository/antlr/antlr/2.7.7/antlr-2.7.7.jar:/Users/lisaandritsch/.m2/repository/org/jboss/spec/javax/transaction/jboss-transaction-api_1.2_spec/1.1.1.Final/jboss-transaction-api_1.2_spec-1.1.1.Final.jar:/Users/lisaandritsch/.m2/repository/org/jboss/jandex/2.0.5.Final/jandex-2.0.5.Final.jar:/Users/lisaandritsch/.m2/repository/com/fasterxml/classmate/1.3.4/classmate-1.3.4.jar:/Users/lisaandritsch/.m2/repository/javax/activation/javax.activation-api/1.2.0/javax.activation-api-1.2.0.jar:/Users/lisaandritsch/.m2/repository/org/dom4j/dom4j/2.1.1/dom4j-2.1.1.jar:/Users/lisaandritsch/.m2/repository/org/hibernate/common/hibernate-commons-annotations/5.1.0.Final/hibernate-commons-annotations-5.1.0.Final.jar:/Users/lisaandritsch/.m2/repository/javax/xml/bind/jaxb-api/2.3.1/jaxb-api-2.3.1.jar:/Users/lisaandritsch/.m2/repository/org/glassfish/jaxb/jaxb-runtime/2.3.1/jaxb-runtime-2.3.1.jar:/Users/lisaandritsch/.m2/repository/org/glassfish/jaxb/txw2/2.3.1/txw2-2.3.1.jar:/Users/lisaandritsch/.m2/repository/com/sun/istack/istack-commons-runtime/3.0.7/istack-commons-runtime-3.0.7.jar:/Users/lisaandritsch/.m2/repository/org/jvnet/staxex/stax-ex/1.8/stax-ex-1.8.jar:/Users/lisaandritsch/.m2/repository/com/sun/xml/fastinfoset/FastInfoset/1.2.15/FastInfoset-1.2.15.jar:/Users/lisaandritsch/.m2/repository/org/hibernate/hibernate-c3p0/5.4.4.Final/hibernate-c3p0-5.4.4.Final.jar:/Users/lisaandritsch/.m2/repository/com/mchange/c3p0/0.9.5.3/c3p0-0.9.5.3.jar:/Users/lisaandritsch/.m2/repository/com/mchange/mchange-commons-java/0.2.15/mchange-commons-java-0.2.15.jar, java.vm.vendor=Oracle Corporation, sun.arch.data.model=64, idea.test.cyclic.buffer.size=1048576, java.vendor.url=https://openjdk.java.net/, user.timezone=America/Chicago, os.name=Mac OS X, java.vm.specification.version=11, sun.java.launcher=SUN_STANDARD, user.country=US, sun.boot.library.path=/Library/Java/JavaVirtualMachines/jdk-11.0.9.jdk/Contents/Home/lib, sun.java.command=com.intellij.rt.junit.JUnitStarter -ideVersion5 -junit5 persistence.UsersDAOTest,createUserSuccess, http.nonProxyHosts=local|*.local|169.254/16|*.169.254/16, jdk.debug=release, sun.cpu.endian=little, user.home=/Users/lisaandritsch, hibernate.c3p0.max_statements=50, user.language=en, java.specification.vendor=Oracle Corporation, java.version.date=2020-10-20, java.home=/Library/Java/JavaVirtualMachines/jdk-11.0.9.jdk/Contents/Home, file.separator=/, java.vm.compressedOopsMode=Zero based, line.separator=
, hibernate.c3p0.timeout=300, java.specification.name=Java Platform API Specification, java.vm.specification.vendor=Oracle Corporation, java.awt.graphicsenv=sun.awt.CGraphicsEnvironment, connection.password=1LoveBacon!, sun.management.compiler=HotSpot 64-Bit Tiered Compilers, ftp.nonProxyHosts=local|*.local|169.254/16|*.169.254/16, hibernate.c3p0.max_size=20, java.runtime.version=11.0.9+7-LTS, user.name=lisaandritsch, path.separator=:, hibernate.connection.username=****, os.version=10.15.4, java.runtime.name=Java(TM) SE Runtime Environment, hibernate.connection.url=jdbc:mysql://localhost:3306/test_mealBuilder, file.encoding=UTF-8, java.vm.name=Java HotSpot(TM) 64-Bit Server VM, java.vendor.version=18.9, hibernate.connection.driver_class=com.mysql.cj.jdbc.Driver, java.vendor.url.bug=https://bugreport.java.com/bugreport/, java.io.tmpdir=/var/folders/t1/cf3c018n3358k026jslb5qb00000gn/T/, java.version=11.0.9, user.dir=/Users/lisaandritsch/Desktop/Java/MealAndGroceryBuilder, os.arch=x86_64, connection.username=root, java.vm.specification.name=Java Virtual Machine Specification, java.awt.printerjob=sun.lwawt.macosx.CPrinterJob, hibernate.connection.password=****, sun.os.patch.level=unknown, connection.driver_class=com.mysql.cj.jdbc.Driver, hibernate.boot.CfgXmlAccessService.key=org.hibernate.boot.cfgxml.spi.LoadedConfig@463561c5, java.library.path=/Users/lisaandritsch/Library/Java/Extensions:/Library/Java/Extensions:/Network/Library/Java/Extensions:/System/Library/Java/Extensions:/usr/lib/java:., java.vendor=Oracle Corporation, java.vm.info=mixed mode, java.vm.version=11.0.9+7-LTS, hibernate.bytecode.use_reflection_optimizer=false, sun.io.unicode.encoding=UnicodeBig, connection.url=jdbc:mysql://localhost:3306/test_mealBuilder, socksNonProxyHosts=local|*.local|169.254/16|*.169.254/16, java.class.version=55.0}
[DEBUG] 2021-02-21 08:56:28.340 [main] TypeSafeActivator - Unable to acquire Bean Validation ValidatorFactory, skipping activation
[DEBUG] 2021-02-21 08:56:28.340 [main] JaccIntegrator - Skipping JACC integration as it was not enabled
[DEBUG] 2021-02-21 08:56:28.342 [main] SessionFactoryImpl - Instantiated session factory
[DEBUG] 2021-02-21 08:56:28.342 [main] TypeConfiguration$Scope - Scoping TypeConfiguration [org.hibernate.type.spi.TypeConfiguration@61cd1c71] to SessionFactoryImpl [org.hibernate.internal.SessionFactoryImpl@43b5021c]
[DEBUG] 2021-02-21 08:56:28.412 [main] ClassLoaderAccessImpl - Not known whether passed class name [entity.Recipes] is safe
[DEBUG] 2021-02-21 08:56:28.412 [main] ClassLoaderAccessImpl - No temp ClassLoader provided; using live ClassLoader for loading potentially unsafe class : entity.Recipes
[DEBUG] 2021-02-21 08:56:28.431 [main] ClassLoaderAccessImpl - Not known whether passed class name [entity.Recipes] is safe
[DEBUG] 2021-02-21 08:56:28.431 [main] ClassLoaderAccessImpl - No temp ClassLoader provided; using live ClassLoader for loading potentially unsafe class : entity.Recipes
[DEBUG] 2021-02-21 08:56:28.801 [main] ClassLoaderAccessImpl - Not known whether passed class name [entity.Users] is safe
[DEBUG] 2021-02-21 08:56:28.801 [main] ClassLoaderAccessImpl - No temp ClassLoader provided; using live ClassLoader for loading potentially unsafe class : entity.Users
[DEBUG] 2021-02-21 08:56:28.801 [main] ClassLoaderAccessImpl - Not known whether passed class name [entity.Users] is safe
[DEBUG] 2021-02-21 08:56:28.802 [main] ClassLoaderAccessImpl - No temp ClassLoader provided; using live ClassLoader for loading potentially unsafe class : entity.Users
[DEBUG] 2021-02-21 08:56:28.844 [main] AbstractEntityPersister - Static SQL for entity: entity.Recipes
[DEBUG] 2021-02-21 08:56:28.845 [main] AbstractEntityPersister -  Version select: select recipe_id from Recipes where recipe_id =?
[DEBUG] 2021-02-21 08:56:28.845 [main] AbstractEntityPersister -  Snapshot select: select recipes_.recipe_id, recipes_.public_recipe as public_r2_0_, recipes_.recipe_name as recipe_n3_0_, recipes_.user_id as user_id4_0_ from Recipes recipes_ where recipes_.recipe_id=?
[DEBUG] 2021-02-21 08:56:28.845 [main] AbstractEntityPersister -  Insert 0: insert into Recipes (public_recipe, recipe_name, user_id, recipe_id) values (?, ?, ?, ?)
[DEBUG] 2021-02-21 08:56:28.845 [main] AbstractEntityPersister -  Update 0: update Recipes set public_recipe=?, recipe_name=?, user_id=? where recipe_id=?
[DEBUG] 2021-02-21 08:56:28.845 [main] AbstractEntityPersister -  Delete 0: delete from Recipes where recipe_id=?
[DEBUG] 2021-02-21 08:56:28.845 [main] AbstractEntityPersister -  Identity insert: insert into Recipes (public_recipe, recipe_name, user_id) values (?, ?, ?)
[DEBUG] 2021-02-21 08:56:28.881 [main] QuerySpacesImpl - Adding QuerySpace : uid = <gen:0> -> org.hibernate.loader.plan.build.internal.spaces.EntityQuerySpaceImpl@2e7af36e]
[DEBUG] 2021-02-21 08:56:28.882 [main] MetamodelGraphWalker - Visiting attribute path : public_recipe
[DEBUG] 2021-02-21 08:56:28.882 [main] MetamodelGraphWalker - Visiting attribute path : recipe_name
[DEBUG] 2021-02-21 08:56:28.882 [main] MetamodelGraphWalker - Visiting attribute path : user
[DEBUG] 2021-02-21 08:56:28.886 [main] QuerySpacesImpl - Adding QuerySpace : uid = <gen:1> -> org.hibernate.loader.plan.build.internal.spaces.EntityQuerySpaceImpl@4e140497]
[DEBUG] 2021-02-21 08:56:28.888 [main] MetamodelGraphWalker - Visiting attribute path : user.password
[DEBUG] 2021-02-21 08:56:28.888 [main] MetamodelGraphWalker - Visiting attribute path : user.username
[DEBUG] 2021-02-21 08:56:28.888 [main] FetchStyleLoadPlanBuildingAssociationVisitationStrategy - Building LoadPlan...
[DEBUG] 2021-02-21 08:56:28.900 [main] LoadQueryJoinAndFetchProcessor - processing queryspace <gen:0>
[DEBUG] 2021-02-21 08:56:28.904 [main] LoadPlanTreePrinter - LoadPlan(entity=entity.Recipes)
    - Returns
       - EntityReturnImpl(entity=entity.Recipes, querySpaceUid=<gen:0>, path=entity.Recipes)
          - EntityAttributeFetchImpl(entity=entity.Users, querySpaceUid=<gen:1>, path=entity.Recipes.user)
    - QuerySpaces
       - EntityQuerySpaceImpl(uid=<gen:0>, entity=entity.Recipes)
          - SQL table alias mapping - recipes0_
          - alias suffix - 0_
          - suffixed key columns - {recipe_i1_0_0_}
          - JOIN (JoinDefinedByMetadata(user)) : <gen:0> -> <gen:1>
             - EntityQuerySpaceImpl(uid=<gen:1>, entity=entity.Users)
                - SQL table alias mapping - users1_
                - alias suffix - 1_
                - suffixed key columns - {id1_1_1_}

[DEBUG] 2021-02-21 08:56:28.908 [main] EntityLoader - Static select for entity entity.Recipes [NONE]: select recipes0_.recipe_id as recipe_i1_0_0_, recipes0_.public_recipe as public_r2_0_0_, recipes0_.recipe_name as recipe_n3_0_0_, recipes0_.user_id as user_id4_0_0_, users1_.id as id1_1_1_, users1_.password as password2_1_1_, users1_.username as username3_1_1_ from Recipes recipes0_ left outer join Users users1_ on recipes0_.user_id=users1_.id where recipes0_.recipe_id=?
[DEBUG] 2021-02-21 08:56:28.909 [main] QuerySpacesImpl - Adding QuerySpace : uid = <gen:0> -> org.hibernate.loader.plan.build.internal.spaces.EntityQuerySpaceImpl@7af0affa]
[DEBUG] 2021-02-21 08:56:28.909 [main] MetamodelGraphWalker - Visiting attribute path : public_recipe
[DEBUG] 2021-02-21 08:56:28.909 [main] MetamodelGraphWalker - Visiting attribute path : recipe_name
[DEBUG] 2021-02-21 08:56:28.909 [main] MetamodelGraphWalker - Visiting attribute path : user
[DEBUG] 2021-02-21 08:56:28.909 [main] QuerySpacesImpl - Adding QuerySpace : uid = <gen:1> -> org.hibernate.loader.plan.build.internal.spaces.EntityQuerySpaceImpl@3e1f1046]
[DEBUG] 2021-02-21 08:56:28.909 [main] MetamodelGraphWalker - Visiting attribute path : user.password
[DEBUG] 2021-02-21 08:56:28.909 [main] MetamodelGraphWalker - Visiting attribute path : user.username
[DEBUG] 2021-02-21 08:56:28.909 [main] FetchStyleLoadPlanBuildingAssociationVisitationStrategy - Building LoadPlan...
[DEBUG] 2021-02-21 08:56:28.910 [main] LoadQueryJoinAndFetchProcessor - processing queryspace <gen:0>
[DEBUG] 2021-02-21 08:56:28.910 [main] LoadPlanTreePrinter - LoadPlan(entity=entity.Recipes)
    - Returns
       - EntityReturnImpl(entity=entity.Recipes, querySpaceUid=<gen:0>, path=entity.Recipes)
          - EntityAttributeFetchImpl(entity=entity.Users, querySpaceUid=<gen:1>, path=entity.Recipes.user)
    - QuerySpaces
       - EntityQuerySpaceImpl(uid=<gen:0>, entity=entity.Recipes)
          - SQL table alias mapping - recipes0_
          - alias suffix - 0_
          - suffixed key columns - {recipe_i1_0_0_}
          - JOIN (JoinDefinedByMetadata(user)) : <gen:0> -> <gen:1>
             - EntityQuerySpaceImpl(uid=<gen:1>, entity=entity.Users)
                - SQL table alias mapping - users1_
                - alias suffix - 1_
                - suffixed key columns - {id1_1_1_}

[DEBUG] 2021-02-21 08:56:28.911 [main] EntityLoader - Static select for entity entity.Recipes [READ]: select recipes0_.recipe_id as recipe_i1_0_0_, recipes0_.public_recipe as public_r2_0_0_, recipes0_.recipe_name as recipe_n3_0_0_, recipes0_.user_id as user_id4_0_0_, users1_.id as id1_1_1_, users1_.password as password2_1_1_, users1_.username as username3_1_1_ from Recipes recipes0_ left outer join Users users1_ on recipes0_.user_id=users1_.id where recipes0_.recipe_id=?
[DEBUG] 2021-02-21 08:56:28.929 [main] Loader - Static select for action ACTION_MERGE on entity entity.Recipes: select recipes0_.recipe_id as recipe_i1_0_0_, recipes0_.public_recipe as public_r2_0_0_, recipes0_.recipe_name as recipe_n3_0_0_, recipes0_.user_id as user_id4_0_0_ from Recipes recipes0_ where recipes0_.recipe_id=?
[DEBUG] 2021-02-21 08:56:28.929 [main] Loader - Static select for action ACTION_REFRESH on entity entity.Recipes: select recipes0_.recipe_id as recipe_i1_0_0_, recipes0_.public_recipe as public_r2_0_0_, recipes0_.recipe_name as recipe_n3_0_0_, recipes0_.user_id as user_id4_0_0_ from Recipes recipes0_ where recipes0_.recipe_id=?
[DEBUG] 2021-02-21 08:56:28.930 [main] AbstractEntityPersister - Static SQL for entity: entity.Users
[DEBUG] 2021-02-21 08:56:28.930 [main] AbstractEntityPersister -  Version select: select id from Users where id =?
[DEBUG] 2021-02-21 08:56:28.930 [main] AbstractEntityPersister -  Snapshot select: select users_.id, users_.password as password2_1_, users_.username as username3_1_ from Users users_ where users_.id=?
[DEBUG] 2021-02-21 08:56:28.930 [main] AbstractEntityPersister -  Insert 0: insert into Users (password, username, id) values (?, ?, ?)
[DEBUG] 2021-02-21 08:56:28.930 [main] AbstractEntityPersister -  Update 0: update Users set password=?, username=? where id=?
[DEBUG] 2021-02-21 08:56:28.930 [main] AbstractEntityPersister -  Delete 0: delete from Users where id=?
[DEBUG] 2021-02-21 08:56:28.930 [main] AbstractEntityPersister -  Identity insert: insert into Users (password, username) values (?, ?)
[DEBUG] 2021-02-21 08:56:28.930 [main] QuerySpacesImpl - Adding QuerySpace : uid = <gen:0> -> org.hibernate.loader.plan.build.internal.spaces.EntityQuerySpaceImpl@2bb62414]
[DEBUG] 2021-02-21 08:56:28.930 [main] MetamodelGraphWalker - Visiting attribute path : password
[DEBUG] 2021-02-21 08:56:28.930 [main] MetamodelGraphWalker - Visiting attribute path : username
[DEBUG] 2021-02-21 08:56:28.931 [main] FetchStyleLoadPlanBuildingAssociationVisitationStrategy - Building LoadPlan...
[DEBUG] 2021-02-21 08:56:28.931 [main] LoadQueryJoinAndFetchProcessor - processing queryspace <gen:0>
[DEBUG] 2021-02-21 08:56:28.931 [main] LoadPlanTreePrinter - LoadPlan(entity=entity.Users)
    - Returns
       - EntityReturnImpl(entity=entity.Users, querySpaceUid=<gen:0>, path=entity.Users)
    - QuerySpaces
       - EntityQuerySpaceImpl(uid=<gen:0>, entity=entity.Users)
          - SQL table alias mapping - users0_
          - alias suffix - 0_
          - suffixed key columns - {id1_1_0_}

[DEBUG] 2021-02-21 08:56:28.931 [main] EntityLoader - Static select for entity entity.Users [NONE]: select users0_.id as id1_1_0_, users0_.password as password2_1_0_, users0_.username as username3_1_0_ from Users users0_ where users0_.id=?
[DEBUG] 2021-02-21 08:56:28.931 [main] QuerySpacesImpl - Adding QuerySpace : uid = <gen:0> -> org.hibernate.loader.plan.build.internal.spaces.EntityQuerySpaceImpl@644d1b61]
[DEBUG] 2021-02-21 08:56:28.932 [main] MetamodelGraphWalker - Visiting attribute path : password
[DEBUG] 2021-02-21 08:56:28.932 [main] MetamodelGraphWalker - Visiting attribute path : username
[DEBUG] 2021-02-21 08:56:28.932 [main] FetchStyleLoadPlanBuildingAssociationVisitationStrategy - Building LoadPlan...
[DEBUG] 2021-02-21 08:56:28.932 [main] LoadQueryJoinAndFetchProcessor - processing queryspace <gen:0>
[DEBUG] 2021-02-21 08:56:28.932 [main] LoadPlanTreePrinter - LoadPlan(entity=entity.Users)
    - Returns
       - EntityReturnImpl(entity=entity.Users, querySpaceUid=<gen:0>, path=entity.Users)
    - QuerySpaces
       - EntityQuerySpaceImpl(uid=<gen:0>, entity=entity.Users)
          - SQL table alias mapping - users0_
          - alias suffix - 0_
          - suffixed key columns - {id1_1_0_}

[DEBUG] 2021-02-21 08:56:28.933 [main] EntityLoader - Static select for entity entity.Users [READ]: select users0_.id as id1_1_0_, users0_.password as password2_1_0_, users0_.username as username3_1_0_ from Users users0_ where users0_.id=?
[DEBUG] 2021-02-21 08:56:28.933 [main] Loader - Static select for action ACTION_MERGE on entity entity.Users: select users0_.id as id1_1_0_, users0_.password as password2_1_0_, users0_.username as username3_1_0_ from Users users0_ where users0_.id=?
[DEBUG] 2021-02-21 08:56:28.933 [main] Loader - Static select for action ACTION_REFRESH on entity entity.Users: select users0_.id as id1_1_0_, users0_.password as password2_1_0_, users0_.username as username3_1_0_ from Users users0_ where users0_.id=?
[DEBUG] 2021-02-21 08:56:28.968 [main] SchemaManagementToolCoordinator - No actions specified; doing nothing
[DEBUG] 2021-02-21 08:56:28.968 [main] JtaPlatformInitiator - No JtaPlatform was specified, checking resolver
[DEBUG] 2021-02-21 08:56:28.969 [main] JtaPlatformResolverInitiator - No JtaPlatformResolver was specified, using default [org.hibernate.engine.transaction.jta.platform.internal.StandardJtaPlatformResolver]
[DEBUG] 2021-02-21 08:56:28.976 [main] StandardJtaPlatformResolver - Could not resolve JtaPlatform, using default [org.hibernate.engine.transaction.jta.platform.internal.NoJtaPlatform]
[INFO ] 2021-02-21 08:56:28.976 [main] JtaPlatformInitiator - HHH000490: Using JtaPlatform implementation: [org.hibernate.engine.transaction.jta.platform.internal.NoJtaPlatform]
[DEBUG] 2021-02-21 08:56:28.977 [main] NamedQueryRepository - Checking 0 named HQL queries
[DEBUG] 2021-02-21 08:56:28.977 [main] NamedQueryRepository - Checking 0 named SQL queries
[DEBUG] 2021-02-21 08:56:28.979 [main] SessionFactoryRegistry - Initializing SessionFactoryRegistry : org.hibernate.internal.SessionFactoryRegistry@1a9ec80e
[DEBUG] 2021-02-21 08:56:28.981 [main] SessionFactoryRegistry - Registering SessionFactory: 0ba8a036-8cf2-4298-9135-1f83f56f27ba (<unnamed>)
[DEBUG] 2021-02-21 08:56:28.981 [main] SessionFactoryRegistry - Not binding SessionFactory to JNDI, no JNDI name configured
[DEBUG] 2021-02-21 08:56:29.140 [main] StatisticsInitiator - Statistics initialized [enabled=false]
[DEBUG] 2021-02-21 08:56:29.156 [main] TransactionImpl - On TransactionImpl creation, JpaCompliance#isJpaTransactionComplianceEnabled == false
[DEBUG] 2021-02-21 08:56:29.156 [main] TransactionImpl - begin
[DEBUG] 2021-02-21 08:56:29.188 [main] ActionQueue - Executing identity-insert immediately
[DEBUG] 2021-02-21 08:56:29.197 [main] SQL - insert into Users (password, username) values (?, ?)
[DEBUG] 2021-02-21 08:56:29.241 [main] IdentifierGeneratorHelper - Natively generated identity: 26
[DEBUG] 2021-02-21 08:56:29.241 [main] ResourceRegistryStandardImpl - HHH000387: ResultSet's statement was not registered
[DEBUG] 2021-02-21 08:56:29.247 [main] TransactionImpl - committing
[DEBUG] 2021-02-21 08:56:29.248 [main] AbstractFlushingEventListener - Processing flush-time cascades
[DEBUG] 2021-02-21 08:56:29.250 [main] AbstractFlushingEventListener - Dirty checking collections
[DEBUG] 2021-02-21 08:56:29.253 [main] AbstractFlushingEventListener - Flushed: 0 insertions, 0 updates, 0 deletions to 1 objects
[DEBUG] 2021-02-21 08:56:29.253 [main] AbstractFlushingEventListener - Flushed: 0 (re)creations, 0 updates, 0 removals to 0 collections
[DEBUG] 2021-02-21 08:56:29.255 [main] EntityPrinter - Listing entities:
[DEBUG] 2021-02-21 08:56:29.255 [main] EntityPrinter - entity.Users{password=bananas, id=26, username=Manji}
[DEBUG] 2021-02-21 08:56:29.262 [main] LogicalConnectionManagedImpl - Initiating JDBC connection release from afterTransaction
[DEBUG] 2021-02-21 08:56:29.264 [main] LogicalConnectionManagedImpl - Initiating JDBC connection release from afterTransaction
[DEBUG] 2021-02-21 08:56:29.303 [main] CriteriaQueryImpl - Rendered criteria query -> select generatedAlias0 from Users as generatedAlias0
[DEBUG] 2021-02-21 08:56:29.325 [main] QueryTranslatorFactoryInitiator - QueryTranslatorFactory: org.hibernate.hql.internal.ast.ASTQueryTranslatorFactory@29d070c7
[DEBUG] 2021-02-21 08:56:29.389 [main] QueryTranslatorImpl - parse() - HQL: select generatedAlias0 from entity.Users as generatedAlias0
[DEBUG] 2021-02-21 08:56:29.396 [main] ErrorTracker - throwQueryException() : no errors
[DEBUG] 2021-02-21 08:56:29.404 [main] QueryTranslatorImpl - --- HQL AST ---
 \-[QUERY] Node: 'query'
    \-[SELECT_FROM] Node: 'SELECT_FROM'
       +-[FROM] Node: 'from'
       |  \-[RANGE] Node: 'RANGE'
       |     +-[DOT] Node: '.'
       |     |  +-[IDENT] Node: 'entity'
       |     |  \-[IDENT] Node: 'Users'
       |     \-[ALIAS] Node: 'generatedAlias0'
       \-[SELECT] Node: 'select'
          \-[IDENT] Node: 'generatedAlias0'

[DEBUG] 2021-02-21 08:56:29.434 [main] HqlSqlBaseWalker - select << begin [level=1, statement=select]
[DEBUG] 2021-02-21 08:56:29.454 [main] FromElement - FromClause{level=1} : entity.Users (generatedAlias0) -> users0_
[DEBUG] 2021-02-21 08:56:29.455 [main] FromReferenceNode - Resolved : generatedAlias0 -> users0_.id
[DEBUG] 2021-02-21 08:56:29.457 [main] HqlSqlBaseWalker - select : finishing up [level=1, statement=select]
[DEBUG] 2021-02-21 08:56:29.457 [main] HqlSqlWalker - processQuery() :  ( SELECT ( {select clause} users0_.id ) ( FromClause{level=1} Users users0_ ) )
[DEBUG] 2021-02-21 08:56:29.467 [main] JoinProcessor - Using FROM fragment [Users users0_]
[DEBUG] 2021-02-21 08:56:29.467 [main] HqlSqlBaseWalker - select >> end [level=1, statement=select]
[DEBUG] 2021-02-21 08:56:29.469 [main] QueryTranslatorImpl - --- SQL AST ---
 \-[SELECT] QueryNode: 'SELECT'  querySpaces (Users)
    +-[SELECT_CLAUSE] SelectClause: '{select clause}'
    |  +-[ALIAS_REF] IdentNode: 'users0_.id as id1_1_' {alias=generatedAlias0, className=entity.Users, tableAlias=users0_}
    |  \-[SQL_TOKEN] SqlFragment: 'users0_.password as password2_1_, users0_.username as username3_1_'
    \-[FROM] FromClause: 'from' FromClause{level=1, fromElementCounter=1, fromElements=1, fromElementByClassAlias=[generatedAlias0], fromElementByTableAlias=[users0_], fromElementsByPath=[], collectionJoinFromElementsByPath=[], impliedElements=[]}
       \-[FROM_FRAGMENT] FromElement: 'Users users0_' FromElement{explicit,not a collection join,not a fetch join,fetch non-lazy properties,classAlias=generatedAlias0,role=null,tableName=Users,tableAlias=users0_,origin=null,columns={,className=entity.Users}}

[DEBUG] 2021-02-21 08:56:29.469 [main] ErrorTracker - throwQueryException() : no errors
[DEBUG] 2021-02-21 08:56:29.481 [main] QueryTranslatorImpl - HQL: select generatedAlias0 from entity.Users as generatedAlias0
[DEBUG] 2021-02-21 08:56:29.481 [main] QueryTranslatorImpl - SQL: select users0_.id as id1_1_, users0_.password as password2_1_, users0_.username as username3_1_ from Users users0_
[DEBUG] 2021-02-21 08:56:29.481 [main] ErrorTracker - throwQueryException() : no errors
[DEBUG] 2021-02-21 08:56:29.498 [main] SQL - select users0_.id as id1_1_, users0_.password as password2_1_, users0_.username as username3_1_ from Users users0_
[DEBUG] 2021-02-21 08:56:29.502 [main] Loader - Result set row: 0
[DEBUG] 2021-02-21 08:56:29.505 [main] Loader - Result row: EntityKey[entity.Users#5]
[DEBUG] 2021-02-21 08:56:29.508 [main] Loader - Result set row: 1
[DEBUG] 2021-02-21 08:56:29.508 [main] Loader - Result row: EntityKey[entity.Users#8]
[DEBUG] 2021-02-21 08:56:29.508 [main] Loader - Result set row: 2
[DEBUG] 2021-02-21 08:56:29.508 [main] Loader - Result row: EntityKey[entity.Users#10]
[DEBUG] 2021-02-21 08:56:29.508 [main] Loader - Result set row: 3
[DEBUG] 2021-02-21 08:56:29.508 [main] Loader - Result row: EntityKey[entity.Users#12]
[DEBUG] 2021-02-21 08:56:29.508 [main] Loader - Result set row: 4
[DEBUG] 2021-02-21 08:56:29.509 [main] Loader - Result row: EntityKey[entity.Users#14]
[DEBUG] 2021-02-21 08:56:29.509 [main] Loader - Result set row: 5
[DEBUG] 2021-02-21 08:56:29.509 [main] Loader - Result row: EntityKey[entity.Users#15]
[DEBUG] 2021-02-21 08:56:29.509 [main] Loader - Result set row: 6
[DEBUG] 2021-02-21 08:56:29.509 [main] Loader - Result row: EntityKey[entity.Users#16]
[DEBUG] 2021-02-21 08:56:29.509 [main] Loader - Result set row: 7
[DEBUG] 2021-02-21 08:56:29.509 [main] Loader - Result row: EntityKey[entity.Users#17]
[DEBUG] 2021-02-21 08:56:29.509 [main] Loader - Result set row: 8
[DEBUG] 2021-02-21 08:56:29.509 [main] Loader - Result row: EntityKey[entity.Users#19]
[DEBUG] 2021-02-21 08:56:29.509 [main] Loader - Result set row: 9
[DEBUG] 2021-02-21 08:56:29.510 [main] Loader - Result row: EntityKey[entity.Users#20]
[DEBUG] 2021-02-21 08:56:29.510 [main] Loader - Result set row: 10
[DEBUG] 2021-02-21 08:56:29.510 [main] Loader - Result row: EntityKey[entity.Users#21]
[DEBUG] 2021-02-21 08:56:29.510 [main] Loader - Result set row: 11
[DEBUG] 2021-02-21 08:56:29.510 [main] Loader - Result row: EntityKey[entity.Users#22]
[DEBUG] 2021-02-21 08:56:29.510 [main] Loader - Result set row: 12
[DEBUG] 2021-02-21 08:56:29.510 [main] Loader - Result row: EntityKey[entity.Users#23]
[DEBUG] 2021-02-21 08:56:29.511 [main] Loader - Result set row: 13
[DEBUG] 2021-02-21 08:56:29.511 [main] Loader - Result row: EntityKey[entity.Users#24]
[DEBUG] 2021-02-21 08:56:29.511 [main] Loader - Result set row: 14
[DEBUG] 2021-02-21 08:56:29.511 [main] Loader - Result row: EntityKey[entity.Users#25]
[DEBUG] 2021-02-21 08:56:29.512 [main] Loader - Result set row: 15
[DEBUG] 2021-02-21 08:56:29.512 [main] Loader - Result row: EntityKey[entity.Users#26]
[DEBUG] 2021-02-21 08:56:29.514 [main] TwoPhaseLoad - Resolving attributes for [entity.Users#5]
[DEBUG] 2021-02-21 08:56:29.515 [main] TwoPhaseLoad - Processing attribute `password` : value = bananas
[DEBUG] 2021-02-21 08:56:29.515 [main] TwoPhaseLoad - Attribute (`password`)  - enhanced for lazy-loading? - false
[DEBUG] 2021-02-21 08:56:29.515 [main] TwoPhaseLoad - Processing attribute `username` : value = lucy
[DEBUG] 2021-02-21 08:56:29.515 [main] TwoPhaseLoad - Attribute (`username`)  - enhanced for lazy-loading? - false
[DEBUG] 2021-02-21 08:56:29.516 [main] TwoPhaseLoad - Done materializing entity [entity.Users#5]
[DEBUG] 2021-02-21 08:56:29.516 [main] TwoPhaseLoad - Resolving attributes for [entity.Users#8]
[DEBUG] 2021-02-21 08:56:29.516 [main] TwoPhaseLoad - Processing attribute `password` : value = bananas
[DEBUG] 2021-02-21 08:56:29.516 [main] TwoPhaseLoad - Attribute (`password`)  - enhanced for lazy-loading? - false
[DEBUG] 2021-02-21 08:56:29.516 [main] TwoPhaseLoad - Processing attribute `username` : value = Manji
[DEBUG] 2021-02-21 08:56:29.516 [main] TwoPhaseLoad - Attribute (`username`)  - enhanced for lazy-loading? - false
[DEBUG] 2021-02-21 08:56:29.516 [main] TwoPhaseLoad - Done materializing entity [entity.Users#8]
[DEBUG] 2021-02-21 08:56:29.516 [main] TwoPhaseLoad - Resolving attributes for [entity.Users#10]
[DEBUG] 2021-02-21 08:56:29.516 [main] TwoPhaseLoad - Processing attribute `password` : value = bananas
[DEBUG] 2021-02-21 08:56:29.517 [main] TwoPhaseLoad - Attribute (`password`)  - enhanced for lazy-loading? - false
[DEBUG] 2021-02-21 08:56:29.517 [main] TwoPhaseLoad - Processing attribute `username` : value = Manji
[DEBUG] 2021-02-21 08:56:29.517 [main] TwoPhaseLoad - Attribute (`username`)  - enhanced for lazy-loading? - false
[DEBUG] 2021-02-21 08:56:29.517 [main] TwoPhaseLoad - Done materializing entity [entity.Users#10]
[DEBUG] 2021-02-21 08:56:29.517 [main] TwoPhaseLoad - Resolving attributes for [entity.Users#12]
[DEBUG] 2021-02-21 08:56:29.517 [main] TwoPhaseLoad - Processing attribute `password` : value = bananas
[DEBUG] 2021-02-21 08:56:29.517 [main] TwoPhaseLoad - Attribute (`password`)  - enhanced for lazy-loading? - false
[DEBUG] 2021-02-21 08:56:29.517 [main] TwoPhaseLoad - Processing attribute `username` : value = Manji
[DEBUG] 2021-02-21 08:56:29.517 [main] TwoPhaseLoad - Attribute (`username`)  - enhanced for lazy-loading? - false
[DEBUG] 2021-02-21 08:56:29.517 [main] TwoPhaseLoad - Done materializing entity [entity.Users#12]
[DEBUG] 2021-02-21 08:56:29.517 [main] TwoPhaseLoad - Resolving attributes for [entity.Users#14]
[DEBUG] 2021-02-21 08:56:29.517 [main] TwoPhaseLoad - Processing attribute `password` : value = bananas
[DEBUG] 2021-02-21 08:56:29.517 [main] TwoPhaseLoad - Attribute (`password`)  - enhanced for lazy-loading? - false
[DEBUG] 2021-02-21 08:56:29.518 [main] TwoPhaseLoad - Processing attribute `username` : value = Manji
[DEBUG] 2021-02-21 08:56:29.518 [main] TwoPhaseLoad - Attribute (`username`)  - enhanced for lazy-loading? - false
[DEBUG] 2021-02-21 08:56:29.518 [main] TwoPhaseLoad - Done materializing entity [entity.Users#14]
[DEBUG] 2021-02-21 08:56:29.518 [main] TwoPhaseLoad - Resolving attributes for [entity.Users#15]
[DEBUG] 2021-02-21 08:56:29.518 [main] TwoPhaseLoad - Processing attribute `password` : value = bananas
[DEBUG] 2021-02-21 08:56:29.518 [main] TwoPhaseLoad - Attribute (`password`)  - enhanced for lazy-loading? - false
[DEBUG] 2021-02-21 08:56:29.518 [main] TwoPhaseLoad - Processing attribute `username` : value = Manji
[DEBUG] 2021-02-21 08:56:29.518 [main] TwoPhaseLoad - Attribute (`username`)  - enhanced for lazy-loading? - false
[DEBUG] 2021-02-21 08:56:29.518 [main] TwoPhaseLoad - Done materializing entity [entity.Users#15]
[DEBUG] 2021-02-21 08:56:29.518 [main] TwoPhaseLoad - Resolving attributes for [entity.Users#16]
[DEBUG] 2021-02-21 08:56:29.518 [main] TwoPhaseLoad - Processing attribute `password` : value = bananas
[DEBUG] 2021-02-21 08:56:29.518 [main] TwoPhaseLoad - Attribute (`password`)  - enhanced for lazy-loading? - false
[DEBUG] 2021-02-21 08:56:29.518 [main] TwoPhaseLoad - Processing attribute `username` : value = Manji
[DEBUG] 2021-02-21 08:56:29.518 [main] TwoPhaseLoad - Attribute (`username`)  - enhanced for lazy-loading? - false
[DEBUG] 2021-02-21 08:56:29.519 [main] TwoPhaseLoad - Done materializing entity [entity.Users#16]
[DEBUG] 2021-02-21 08:56:29.519 [main] TwoPhaseLoad - Resolving attributes for [entity.Users#17]
[DEBUG] 2021-02-21 08:56:29.519 [main] TwoPhaseLoad - Processing attribute `password` : value = bananas
[DEBUG] 2021-02-21 08:56:29.519 [main] TwoPhaseLoad - Attribute (`password`)  - enhanced for lazy-loading? - false
[DEBUG] 2021-02-21 08:56:29.519 [main] TwoPhaseLoad - Processing attribute `username` : value = Manji
[DEBUG] 2021-02-21 08:56:29.519 [main] TwoPhaseLoad - Attribute (`username`)  - enhanced for lazy-loading? - false
[DEBUG] 2021-02-21 08:56:29.519 [main] TwoPhaseLoad - Done materializing entity [entity.Users#17]
[DEBUG] 2021-02-21 08:56:29.519 [main] TwoPhaseLoad - Resolving attributes for [entity.Users#19]
[DEBUG] 2021-02-21 08:56:29.519 [main] TwoPhaseLoad - Processing attribute `password` : value = bananas
[DEBUG] 2021-02-21 08:56:29.519 [main] TwoPhaseLoad - Attribute (`password`)  - enhanced for lazy-loading? - false
[DEBUG] 2021-02-21 08:56:29.519 [main] TwoPhaseLoad - Processing attribute `username` : value = lucy
[DEBUG] 2021-02-21 08:56:29.520 [main] TwoPhaseLoad - Attribute (`username`)  - enhanced for lazy-loading? - false
[DEBUG] 2021-02-21 08:56:29.520 [main] TwoPhaseLoad - Done materializing entity [entity.Users#19]
[DEBUG] 2021-02-21 08:56:29.520 [main] TwoPhaseLoad - Resolving attributes for [entity.Users#20]
[DEBUG] 2021-02-21 08:56:29.520 [main] TwoPhaseLoad - Processing attribute `password` : value = bananas
[DEBUG] 2021-02-21 08:56:29.520 [main] TwoPhaseLoad - Attribute (`password`)  - enhanced for lazy-loading? - false
[DEBUG] 2021-02-21 08:56:29.520 [main] TwoPhaseLoad - Processing attribute `username` : value = Manji
[DEBUG] 2021-02-21 08:56:29.520 [main] TwoPhaseLoad - Attribute (`username`)  - enhanced for lazy-loading? - false
[DEBUG] 2021-02-21 08:56:29.520 [main] TwoPhaseLoad - Done materializing entity [entity.Users#20]
[DEBUG] 2021-02-21 08:56:29.520 [main] TwoPhaseLoad - Resolving attributes for [entity.Users#21]
[DEBUG] 2021-02-21 08:56:29.520 [main] TwoPhaseLoad - Processing attribute `password` : value = bananas
[DEBUG] 2021-02-21 08:56:29.520 [main] TwoPhaseLoad - Attribute (`password`)  - enhanced for lazy-loading? - false
[DEBUG] 2021-02-21 08:56:29.520 [main] TwoPhaseLoad - Processing attribute `username` : value = Manji
[DEBUG] 2021-02-21 08:56:29.520 [main] TwoPhaseLoad - Attribute (`username`)  - enhanced for lazy-loading? - false
[DEBUG] 2021-02-21 08:56:29.521 [main] TwoPhaseLoad - Done materializing entity [entity.Users#21]
[DEBUG] 2021-02-21 08:56:29.521 [main] TwoPhaseLoad - Resolving attributes for [entity.Users#22]
[DEBUG] 2021-02-21 08:56:29.521 [main] TwoPhaseLoad - Processing attribute `password` : value = bananas
[DEBUG] 2021-02-21 08:56:29.521 [main] TwoPhaseLoad - Attribute (`password`)  - enhanced for lazy-loading? - false
[DEBUG] 2021-02-21 08:56:29.521 [main] TwoPhaseLoad - Processing attribute `username` : value = Manji
[DEBUG] 2021-02-21 08:56:29.521 [main] TwoPhaseLoad - Attribute (`username`)  - enhanced for lazy-loading? - false
[DEBUG] 2021-02-21 08:56:29.521 [main] TwoPhaseLoad - Done materializing entity [entity.Users#22]
[DEBUG] 2021-02-21 08:56:29.521 [main] TwoPhaseLoad - Resolving attributes for [entity.Users#23]
[DEBUG] 2021-02-21 08:56:29.521 [main] TwoPhaseLoad - Processing attribute `password` : value = bananas
[DEBUG] 2021-02-21 08:56:29.521 [main] TwoPhaseLoad - Attribute (`password`)  - enhanced for lazy-loading? - false
[DEBUG] 2021-02-21 08:56:29.521 [main] TwoPhaseLoad - Processing attribute `username` : value = Manji
[DEBUG] 2021-02-21 08:56:29.521 [main] TwoPhaseLoad - Attribute (`username`)  - enhanced for lazy-loading? - false
[DEBUG] 2021-02-21 08:56:29.522 [main] TwoPhaseLoad - Done materializing entity [entity.Users#23]
[DEBUG] 2021-02-21 08:56:29.522 [main] TwoPhaseLoad - Resolving attributes for [entity.Users#24]
[DEBUG] 2021-02-21 08:56:29.522 [main] TwoPhaseLoad - Processing attribute `password` : value = bananas
[DEBUG] 2021-02-21 08:56:29.522 [main] TwoPhaseLoad - Attribute (`password`)  - enhanced for lazy-loading? - false
[DEBUG] 2021-02-21 08:56:29.522 [main] TwoPhaseLoad - Processing attribute `username` : value = Manji
[DEBUG] 2021-02-21 08:56:29.522 [main] TwoPhaseLoad - Attribute (`username`)  - enhanced for lazy-loading? - false
[DEBUG] 2021-02-21 08:56:29.522 [main] TwoPhaseLoad - Done materializing entity [entity.Users#24]
[DEBUG] 2021-02-21 08:56:29.522 [main] TwoPhaseLoad - Resolving attributes for [entity.Users#25]
[DEBUG] 2021-02-21 08:56:29.522 [main] TwoPhaseLoad - Processing attribute `password` : value = bananas
[DEBUG] 2021-02-21 08:56:29.522 [main] TwoPhaseLoad - Attribute (`password`)  - enhanced for lazy-loading? - false
[DEBUG] 2021-02-21 08:56:29.522 [main] TwoPhaseLoad - Processing attribute `username` : value = Manji
[DEBUG] 2021-02-21 08:56:29.522 [main] TwoPhaseLoad - Attribute (`username`)  - enhanced for lazy-loading? - false
[DEBUG] 2021-02-21 08:56:29.523 [main] TwoPhaseLoad - Done materializing entity [entity.Users#25]
[DEBUG] 2021-02-21 08:56:29.523 [main] TwoPhaseLoad - Resolving attributes for [entity.Users#26]
[DEBUG] 2021-02-21 08:56:29.523 [main] TwoPhaseLoad - Processing attribute `password` : value = bananas
[DEBUG] 2021-02-21 08:56:29.523 [main] TwoPhaseLoad - Attribute (`password`)  - enhanced for lazy-loading? - false
[DEBUG] 2021-02-21 08:56:29.523 [main] TwoPhaseLoad - Processing attribute `username` : value = Manji
[DEBUG] 2021-02-21 08:56:29.523 [main] TwoPhaseLoad - Attribute (`username`)  - enhanced for lazy-loading? - false
[DEBUG] 2021-02-21 08:56:29.523 [main] TwoPhaseLoad - Done materializing entity [entity.Users#26]
[DEBUG] 2021-02-21 08:56:29.525 [main] LogicalConnectionManagedImpl - Initiating JDBC connection release from afterTransaction
[DEBUG] 2021-02-21 08:56:29.527 [main] TransactionImpl - On TransactionImpl creation, JpaCompliance#isJpaTransactionComplianceEnabled == false
[DEBUG] 2021-02-21 08:56:29.527 [main] TransactionImpl - begin
[DEBUG] 2021-02-21 08:56:29.529 [main] ActionQueue - Executing identity-insert immediately
[DEBUG] 2021-02-21 08:56:29.529 [main] SQL - insert into Users (password, username) values (?, ?)
[DEBUG] 2021-02-21 08:56:29.530 [main] IdentifierGeneratorHelper - Natively generated identity: 27
[DEBUG] 2021-02-21 08:56:29.530 [main] ResourceRegistryStandardImpl - HHH000387: ResultSet's statement was not registered
[DEBUG] 2021-02-21 08:56:29.531 [main] TransactionImpl - committing
[DEBUG] 2021-02-21 08:56:29.531 [main] AbstractFlushingEventListener - Processing flush-time cascades
[DEBUG] 2021-02-21 08:56:29.531 [main] AbstractFlushingEventListener - Dirty checking collections
[DEBUG] 2021-02-21 08:56:29.531 [main] AbstractFlushingEventListener - Flushed: 0 insertions, 0 updates, 0 deletions to 1 objects
[DEBUG] 2021-02-21 08:56:29.531 [main] AbstractFlushingEventListener - Flushed: 0 (re)creations, 0 updates, 0 removals to 0 collections
[DEBUG] 2021-02-21 08:56:29.531 [main] EntityPrinter - Listing entities:
[DEBUG] 2021-02-21 08:56:29.531 [main] EntityPrinter - entity.Users{password=bananas, id=27, username=lucy}
[DEBUG] 2021-02-21 08:56:29.534 [main] LogicalConnectionManagedImpl - Initiating JDBC connection release from afterTransaction
[DEBUG] 2021-02-21 08:56:29.535 [main] LogicalConnectionManagedImpl - Initiating JDBC connection release from afterTransaction
[DEBUG] 2021-02-21 08:56:29.536 [main] CriteriaQueryImpl - Rendered criteria query -> select generatedAlias0 from Users as generatedAlias0
[DEBUG] 2021-02-21 08:56:29.536 [main] SQL - select users0_.id as id1_1_, users0_.password as password2_1_, users0_.username as username3_1_ from Users users0_
[DEBUG] 2021-02-21 08:56:29.538 [main] Loader - Result set row: 0
[DEBUG] 2021-02-21 08:56:29.539 [main] Loader - Result row: EntityKey[entity.Users#5]
[DEBUG] 2021-02-21 08:56:29.539 [main] Loader - Result set row: 1
[DEBUG] 2021-02-21 08:56:29.539 [main] Loader - Result row: EntityKey[entity.Users#8]
[DEBUG] 2021-02-21 08:56:29.539 [main] Loader - Result set row: 2
[DEBUG] 2021-02-21 08:56:29.539 [main] Loader - Result row: EntityKey[entity.Users#10]
[DEBUG] 2021-02-21 08:56:29.539 [main] Loader - Result set row: 3
[DEBUG] 2021-02-21 08:56:29.540 [main] Loader - Result row: EntityKey[entity.Users#12]
[DEBUG] 2021-02-21 08:56:29.540 [main] Loader - Result set row: 4
[DEBUG] 2021-02-21 08:56:29.540 [main] Loader - Result row: EntityKey[entity.Users#14]
[DEBUG] 2021-02-21 08:56:29.540 [main] Loader - Result set row: 5
[DEBUG] 2021-02-21 08:56:29.540 [main] Loader - Result row: EntityKey[entity.Users#15]
[DEBUG] 2021-02-21 08:56:29.541 [main] Loader - Result set row: 6
[DEBUG] 2021-02-21 08:56:29.541 [main] Loader - Result row: EntityKey[entity.Users#16]
[DEBUG] 2021-02-21 08:56:29.541 [main] Loader - Result set row: 7
[DEBUG] 2021-02-21 08:56:29.541 [main] Loader - Result row: EntityKey[entity.Users#17]
[DEBUG] 2021-02-21 08:56:29.541 [main] Loader - Result set row: 8
[DEBUG] 2021-02-21 08:56:29.541 [main] Loader - Result row: EntityKey[entity.Users#19]
[DEBUG] 2021-02-21 08:56:29.542 [main] Loader - Result set row: 9
[DEBUG] 2021-02-21 08:56:29.542 [main] Loader - Result row: EntityKey[entity.Users#20]
[DEBUG] 2021-02-21 08:56:29.542 [main] Loader - Result set row: 10
[DEBUG] 2021-02-21 08:56:29.542 [main] Loader - Result row: EntityKey[entity.Users#21]
[DEBUG] 2021-02-21 08:56:29.542 [main] Loader - Result set row: 11
[DEBUG] 2021-02-21 08:56:29.542 [main] Loader - Result row: EntityKey[entity.Users#22]
[DEBUG] 2021-02-21 08:56:29.542 [main] Loader - Result set row: 12
[DEBUG] 2021-02-21 08:56:29.543 [main] Loader - Result row: EntityKey[entity.Users#23]
[DEBUG] 2021-02-21 08:56:29.543 [main] Loader - Result set row: 13
[DEBUG] 2021-02-21 08:56:29.543 [main] Loader - Result row: EntityKey[entity.Users#24]
[DEBUG] 2021-02-21 08:56:29.543 [main] Loader - Result set row: 14
[DEBUG] 2021-02-21 08:56:29.543 [main] Loader - Result row: EntityKey[entity.Users#25]
[DEBUG] 2021-02-21 08:56:29.544 [main] Loader - Result set row: 15
[DEBUG] 2021-02-21 08:56:29.544 [main] Loader - Result row: EntityKey[entity.Users#26]
[DEBUG] 2021-02-21 08:56:29.544 [main] Loader - Result set row: 16
[DEBUG] 2021-02-21 08:56:29.544 [main] Loader - Result row: EntityKey[entity.Users#27]
[DEBUG] 2021-02-21 08:56:29.544 [main] TwoPhaseLoad - Resolving attributes for [entity.Users#5]
[DEBUG] 2021-02-21 08:56:29.544 [main] TwoPhaseLoad - Processing attribute `password` : value = bananas
[DEBUG] 2021-02-21 08:56:29.544 [main] TwoPhaseLoad - Attribute (`password`)  - enhanced for lazy-loading? - false
[DEBUG] 2021-02-21 08:56:29.544 [main] TwoPhaseLoad - Processing attribute `username` : value = lucy
[DEBUG] 2021-02-21 08:56:29.545 [main] TwoPhaseLoad - Attribute (`username`)  - enhanced for lazy-loading? - false
[DEBUG] 2021-02-21 08:56:29.545 [main] TwoPhaseLoad - Done materializing entity [entity.Users#5]
[DEBUG] 2021-02-21 08:56:29.545 [main] TwoPhaseLoad - Resolving attributes for [entity.Users#8]
[DEBUG] 2021-02-21 08:56:29.545 [main] TwoPhaseLoad - Processing attribute `password` : value = bananas
[DEBUG] 2021-02-21 08:56:29.545 [main] TwoPhaseLoad - Attribute (`password`)  - enhanced for lazy-loading? - false
[DEBUG] 2021-02-21 08:56:29.545 [main] TwoPhaseLoad - Processing attribute `username` : value = Manji
[DEBUG] 2021-02-21 08:56:29.545 [main] TwoPhaseLoad - Attribute (`username`)  - enhanced for lazy-loading? - false
[DEBUG] 2021-02-21 08:56:29.545 [main] TwoPhaseLoad - Done materializing entity [entity.Users#8]
[DEBUG] 2021-02-21 08:56:29.545 [main] TwoPhaseLoad - Resolving attributes for [entity.Users#10]
[DEBUG] 2021-02-21 08:56:29.545 [main] TwoPhaseLoad - Processing attribute `password` : value = bananas
[DEBUG] 2021-02-21 08:56:29.545 [main] TwoPhaseLoad - Attribute (`password`)  - enhanced for lazy-loading? - false
[DEBUG] 2021-02-21 08:56:29.545 [main] TwoPhaseLoad - Processing attribute `username` : value = Manji
[DEBUG] 2021-02-21 08:56:29.546 [main] TwoPhaseLoad - Attribute (`username`)  - enhanced for lazy-loading? - false
[DEBUG] 2021-02-21 08:56:29.546 [main] TwoPhaseLoad - Done materializing entity [entity.Users#10]
[DEBUG] 2021-02-21 08:56:29.547 [main] TwoPhaseLoad - Resolving attributes for [entity.Users#12]
[DEBUG] 2021-02-21 08:56:29.548 [main] TwoPhaseLoad - Processing attribute `password` : value = bananas
[DEBUG] 2021-02-21 08:56:29.549 [main] TwoPhaseLoad - Attribute (`password`)  - enhanced for lazy-loading? - false
[DEBUG] 2021-02-21 08:56:29.549 [main] TwoPhaseLoad - Processing attribute `username` : value = Manji
[DEBUG] 2021-02-21 08:56:29.549 [main] TwoPhaseLoad - Attribute (`username`)  - enhanced for lazy-loading? - false
[DEBUG] 2021-02-21 08:56:29.549 [main] TwoPhaseLoad - Done materializing entity [entity.Users#12]
[DEBUG] 2021-02-21 08:56:29.549 [main] TwoPhaseLoad - Resolving attributes for [entity.Users#14]
[DEBUG] 2021-02-21 08:56:29.549 [main] TwoPhaseLoad - Processing attribute `password` : value = bananas
[DEBUG] 2021-02-21 08:56:29.550 [main] TwoPhaseLoad - Attribute (`password`)  - enhanced for lazy-loading? - false
[DEBUG] 2021-02-21 08:56:29.550 [main] TwoPhaseLoad - Processing attribute `username` : value = Manji
[DEBUG] 2021-02-21 08:56:29.550 [main] TwoPhaseLoad - Attribute (`username`)  - enhanced for lazy-loading? - false
[DEBUG] 2021-02-21 08:56:29.550 [main] TwoPhaseLoad - Done materializing entity [entity.Users#14]
[DEBUG] 2021-02-21 08:56:29.550 [main] TwoPhaseLoad - Resolving attributes for [entity.Users#15]
[DEBUG] 2021-02-21 08:56:29.550 [main] TwoPhaseLoad - Processing attribute `password` : value = bananas
[DEBUG] 2021-02-21 08:56:29.550 [main] TwoPhaseLoad - Attribute (`password`)  - enhanced for lazy-loading? - false
[DEBUG] 2021-02-21 08:56:29.550 [main] TwoPhaseLoad - Processing attribute `username` : value = Manji
[DEBUG] 2021-02-21 08:56:29.550 [main] TwoPhaseLoad - Attribute (`username`)  - enhanced for lazy-loading? - false
[DEBUG] 2021-02-21 08:56:29.551 [main] TwoPhaseLoad - Done materializing entity [entity.Users#15]
[DEBUG] 2021-02-21 08:56:29.551 [main] TwoPhaseLoad - Resolving attributes for [entity.Users#16]
[DEBUG] 2021-02-21 08:56:29.551 [main] TwoPhaseLoad - Processing attribute `password` : value = bananas
[DEBUG] 2021-02-21 08:56:29.551 [main] TwoPhaseLoad - Attribute (`password`)  - enhanced for lazy-loading? - false
[DEBUG] 2021-02-21 08:56:29.551 [main] TwoPhaseLoad - Processing attribute `username` : value = Manji
[DEBUG] 2021-02-21 08:56:29.551 [main] TwoPhaseLoad - Attribute (`username`)  - enhanced for lazy-loading? - false
[DEBUG] 2021-02-21 08:56:29.551 [main] TwoPhaseLoad - Done materializing entity [entity.Users#16]
[DEBUG] 2021-02-21 08:56:29.551 [main] TwoPhaseLoad - Resolving attributes for [entity.Users#17]
[DEBUG] 2021-02-21 08:56:29.551 [main] TwoPhaseLoad - Processing attribute `password` : value = bananas
[DEBUG] 2021-02-21 08:56:29.551 [main] TwoPhaseLoad - Attribute (`password`)  - enhanced for lazy-loading? - false
[DEBUG] 2021-02-21 08:56:29.551 [main] TwoPhaseLoad - Processing attribute `username` : value = Manji
[DEBUG] 2021-02-21 08:56:29.552 [main] TwoPhaseLoad - Attribute (`username`)  - enhanced for lazy-loading? - false
[DEBUG] 2021-02-21 08:56:29.552 [main] TwoPhaseLoad - Done materializing entity [entity.Users#17]
[DEBUG] 2021-02-21 08:56:29.552 [main] TwoPhaseLoad - Resolving attributes for [entity.Users#19]
[DEBUG] 2021-02-21 08:56:29.552 [main] TwoPhaseLoad - Processing attribute `password` : value = bananas
[DEBUG] 2021-02-21 08:56:29.552 [main] TwoPhaseLoad - Attribute (`password`)  - enhanced for lazy-loading? - false
[DEBUG] 2021-02-21 08:56:29.552 [main] TwoPhaseLoad - Processing attribute `username` : value = lucy
[DEBUG] 2021-02-21 08:56:29.552 [main] TwoPhaseLoad - Attribute (`username`)  - enhanced for lazy-loading? - false
[DEBUG] 2021-02-21 08:56:29.552 [main] TwoPhaseLoad - Done materializing entity [entity.Users#19]
[DEBUG] 2021-02-21 08:56:29.552 [main] TwoPhaseLoad - Resolving attributes for [entity.Users#20]
[DEBUG] 2021-02-21 08:56:29.552 [main] TwoPhaseLoad - Processing attribute `password` : value = bananas
[DEBUG] 2021-02-21 08:56:29.552 [main] TwoPhaseLoad - Attribute (`password`)  - enhanced for lazy-loading? - false
[DEBUG] 2021-02-21 08:56:29.552 [main] TwoPhaseLoad - Processing attribute `username` : value = Manji
[DEBUG] 2021-02-21 08:56:29.552 [main] TwoPhaseLoad - Attribute (`username`)  - enhanced for lazy-loading? - false
[DEBUG] 2021-02-21 08:56:29.553 [main] TwoPhaseLoad - Done materializing entity [entity.Users#20]
[DEBUG] 2021-02-21 08:56:29.553 [main] TwoPhaseLoad - Resolving attributes for [entity.Users#21]
[DEBUG] 2021-02-21 08:56:29.553 [main] TwoPhaseLoad - Processing attribute `password` : value = bananas
[DEBUG] 2021-02-21 08:56:29.553 [main] TwoPhaseLoad - Attribute (`password`)  - enhanced for lazy-loading? - false
[DEBUG] 2021-02-21 08:56:29.553 [main] TwoPhaseLoad - Processing attribute `username` : value = Manji
[DEBUG] 2021-02-21 08:56:29.553 [main] TwoPhaseLoad - Attribute (`username`)  - enhanced for lazy-loading? - false
[DEBUG] 2021-02-21 08:56:29.553 [main] TwoPhaseLoad - Done materializing entity [entity.Users#21]
[DEBUG] 2021-02-21 08:56:29.553 [main] TwoPhaseLoad - Resolving attributes for [entity.Users#22]
[DEBUG] 2021-02-21 08:56:29.553 [main] TwoPhaseLoad - Processing attribute `password` : value = bananas
[DEBUG] 2021-02-21 08:56:29.553 [main] TwoPhaseLoad - Attribute (`password`)  - enhanced for lazy-loading? - false
[DEBUG] 2021-02-21 08:56:29.553 [main] TwoPhaseLoad - Processing attribute `username` : value = Manji
[DEBUG] 2021-02-21 08:56:29.553 [main] TwoPhaseLoad - Attribute (`username`)  - enhanced for lazy-loading? - false
[DEBUG] 2021-02-21 08:56:29.554 [main] TwoPhaseLoad - Done materializing entity [entity.Users#22]
[DEBUG] 2021-02-21 08:56:29.554 [main] TwoPhaseLoad - Resolving attributes for [entity.Users#23]
[DEBUG] 2021-02-21 08:56:29.554 [main] TwoPhaseLoad - Processing attribute `password` : value = bananas
[DEBUG] 2021-02-21 08:56:29.554 [main] TwoPhaseLoad - Attribute (`password`)  - enhanced for lazy-loading? - false
[DEBUG] 2021-02-21 08:56:29.554 [main] TwoPhaseLoad - Processing attribute `username` : value = Manji
[DEBUG] 2021-02-21 08:56:29.554 [main] TwoPhaseLoad - Attribute (`username`)  - enhanced for lazy-loading? - false
[DEBUG] 2021-02-21 08:56:29.554 [main] TwoPhaseLoad - Done materializing entity [entity.Users#23]
[DEBUG] 2021-02-21 08:56:29.554 [main] TwoPhaseLoad - Resolving attributes for [entity.Users#24]
[DEBUG] 2021-02-21 08:56:29.554 [main] TwoPhaseLoad - Processing attribute `password` : value = bananas
[DEBUG] 2021-02-21 08:56:29.554 [main] TwoPhaseLoad - Attribute (`password`)  - enhanced for lazy-loading? - false
[DEBUG] 2021-02-21 08:56:29.554 [main] TwoPhaseLoad - Processing attribute `username` : value = Manji
[DEBUG] 2021-02-21 08:56:29.554 [main] TwoPhaseLoad - Attribute (`username`)  - enhanced for lazy-loading? - false
[DEBUG] 2021-02-21 08:56:29.554 [main] TwoPhaseLoad - Done materializing entity [entity.Users#24]
[DEBUG] 2021-02-21 08:56:29.555 [main] TwoPhaseLoad - Resolving attributes for [entity.Users#25]
[DEBUG] 2021-02-21 08:56:29.555 [main] TwoPhaseLoad - Processing attribute `password` : value = bananas
[DEBUG] 2021-02-21 08:56:29.555 [main] TwoPhaseLoad - Attribute (`password`)  - enhanced for lazy-loading? - false
[DEBUG] 2021-02-21 08:56:29.555 [main] TwoPhaseLoad - Processing attribute `username` : value = Manji
[DEBUG] 2021-02-21 08:56:29.555 [main] TwoPhaseLoad - Attribute (`username`)  - enhanced for lazy-loading? - false
[DEBUG] 2021-02-21 08:56:29.555 [main] TwoPhaseLoad - Done materializing entity [entity.Users#25]
[DEBUG] 2021-02-21 08:56:29.555 [main] TwoPhaseLoad - Resolving attributes for [entity.Users#26]
[DEBUG] 2021-02-21 08:56:29.555 [main] TwoPhaseLoad - Processing attribute `password` : value = bananas
[DEBUG] 2021-02-21 08:56:29.555 [main] TwoPhaseLoad - Attribute (`password`)  - enhanced for lazy-loading? - false
[DEBUG] 2021-02-21 08:56:29.555 [main] TwoPhaseLoad - Processing attribute `username` : value = Manji
[DEBUG] 2021-02-21 08:56:29.555 [main] TwoPhaseLoad - Attribute (`username`)  - enhanced for lazy-loading? - false
[DEBUG] 2021-02-21 08:56:29.555 [main] TwoPhaseLoad - Done materializing entity [entity.Users#26]
[DEBUG] 2021-02-21 08:56:29.555 [main] TwoPhaseLoad - Resolving attributes for [entity.Users#27]
[DEBUG] 2021-02-21 08:56:29.555 [main] TwoPhaseLoad - Processing attribute `password` : value = bananas
[DEBUG] 2021-02-21 08:56:29.556 [main] TwoPhaseLoad - Attribute (`password`)  - enhanced for lazy-loading? - false
[DEBUG] 2021-02-21 08:56:29.556 [main] TwoPhaseLoad - Processing attribute `username` : value = lucy
[DEBUG] 2021-02-21 08:56:29.556 [main] TwoPhaseLoad - Attribute (`username`)  - enhanced for lazy-loading? - false
[DEBUG] 2021-02-21 08:56:29.556 [main] TwoPhaseLoad - Done materializing entity [entity.Users#27]
[DEBUG] 2021-02-21 08:56:29.556 [main] LogicalConnectionManagedImpl - Initiating JDBC connection release from afterTransaction
[DEBUG] 2021-02-21 08:56:29.571 [main] SQL - select users0_.id as id1_1_0_, users0_.password as password2_1_0_, users0_.username as username3_1_0_ from Users users0_ where users0_.id=?
[DEBUG] 2021-02-21 08:56:29.579 [main] ResultSetProcessorImpl - Starting ResultSet row #0
[DEBUG] 2021-02-21 08:56:29.580 [main] EntityReferenceInitializerImpl - On call to EntityIdentifierReaderImpl#resolve, EntityKey was already known; should only happen on root returns with an optional identifier specified
[DEBUG] 2021-02-21 08:56:29.581 [main] TwoPhaseLoad - Resolving attributes for [entity.Users#26]
[DEBUG] 2021-02-21 08:56:29.582 [main] TwoPhaseLoad - Processing attribute `password` : value = bananas
[DEBUG] 2021-02-21 08:56:29.582 [main] TwoPhaseLoad - Attribute (`password`)  - enhanced for lazy-loading? - false
[DEBUG] 2021-02-21 08:56:29.582 [main] TwoPhaseLoad - Processing attribute `username` : value = Manji
[DEBUG] 2021-02-21 08:56:29.582 [main] TwoPhaseLoad - Attribute (`username`)  - enhanced for lazy-loading? - false
[DEBUG] 2021-02-21 08:56:29.582 [main] TwoPhaseLoad - Done materializing entity [entity.Users#26]
[DEBUG] 2021-02-21 08:56:29.582 [main] ResourceRegistryStandardImpl - HHH000387: ResultSet's statement was not registered
[DEBUG] 2021-02-21 08:56:29.582 [main] AbstractLoadPlanBasedEntityLoader - Done entity load : entity.Users#26
[DEBUG] 2021-02-21 08:56:29.583 [main] LogicalConnectionManagedImpl - Initiating JDBC connection release from afterTransaction
[DEBUG] 2021-02-21 08:56:29.584 [main] TransactionImpl - On TransactionImpl creation, JpaCompliance#isJpaTransactionComplianceEnabled == false
[DEBUG] 2021-02-21 08:56:29.585 [main] TransactionImpl - begin
[DEBUG] 2021-02-21 08:56:29.592 [main] TransactionImpl - committing
[DEBUG] 2021-02-21 08:56:29.592 [main] AbstractFlushingEventListener - Processing flush-time cascades
[DEBUG] 2021-02-21 08:56:29.592 [main] AbstractFlushingEventListener - Dirty checking collections
[DEBUG] 2021-02-21 08:56:29.592 [main] AbstractFlushingEventListener - Flushed: 0 insertions, 0 updates, 1 deletions to 1 objects
[DEBUG] 2021-02-21 08:56:29.592 [main] AbstractFlushingEventListener - Flushed: 0 (re)creations, 0 updates, 0 removals to 0 collections
[DEBUG] 2021-02-21 08:56:29.592 [main] EntityPrinter - Listing entities:
[DEBUG] 2021-02-21 08:56:29.593 [main] EntityPrinter - entity.Users{password=bananas, id=26, username=Manji}
[DEBUG] 2021-02-21 08:56:29.604 [main] SQL - delete from Users where id=?
[DEBUG] 2021-02-21 08:56:29.612 [main] LogicalConnectionManagedImpl - Initiating JDBC connection release from afterTransaction
[DEBUG] 2021-02-21 08:56:29.613 [main] LogicalConnectionManagedImpl - Initiating JDBC connection release from afterTransaction
[DEBUG] 2021-02-21 08:56:29.613 [main] JdbcCoordinatorImpl - HHH000420: Closing un-released batch
