[INFO ] 2021-02-16 19:48:09.992 [main] UsersDAOTest - USERID131
[INFO ] 2021-02-16 19:48:10.110 [main] UsersDAOTest - USERID132
[INFO ] 2021-02-16 19:48:10.154 [main] UsersDAO - Save/Update: Users{userName='The Big Lebowski', password='bananas', id='132'}
[INFO ] 2021-02-16 19:48:10.488 [main] UsersDAOTest - Test updatedUser: [Users{userName='The Big Lebowski', password='bananas', id='132'}]
[INFO ] 2021-02-16 19:48:10.516 [main] UsersDAOTest - USERID133
[INFO ] 2021-02-16 19:48:10.522 [main] UsersDAOTest - username: [Users{userName='Manji', password='bananas', id='133'}]
[INFO ] 2021-02-16 19:48:10.553 [main] UsersDAOTest - USERID134
[INFO ] 2021-02-16 19:48:10.657 [main] UsersDAOTest - USERID136
[INFO ] 2021-02-16 19:48:10.707 [main] UsersDAOTest - USERID137
[INFO ] 2021-02-16 19:56:54.258 [main] UsersDAOTest - USERID1
[INFO ] 2021-02-16 19:56:54.339 [main] UsersDAOTest - USERID2
[INFO ] 2021-02-16 19:56:54.363 [main] UsersDAO - Save/Update: Users{userName='The Big Lebowski', password='bananas', id='2'}
[INFO ] 2021-02-16 19:56:54.710 [main] UsersDAOTest - Test updatedUser: [Users{userName='The Big Lebowski', password='bananas', id='2'}]
[INFO ] 2021-02-16 19:56:54.743 [main] UsersDAOTest - USERID3
[INFO ] 2021-02-16 19:56:54.750 [main] UsersDAOTest - username: [Users{userName='Manji', password='bananas', id='3'}]
[INFO ] 2021-02-16 19:56:54.776 [main] UsersDAOTest - USERID4
[INFO ] 2021-02-16 19:56:54.843 [main] UsersDAOTest - USERID6
[INFO ] 2021-02-16 19:56:54.876 [main] UsersDAOTest - USERID7
[INFO ] 2021-02-20 16:08:57.181 [main] UsersDAOTest - USERID8
[INFO ] 2021-02-20 16:15:55.729 [main] UsersDAOTest - USERID10
[INFO ] 2021-02-20 16:18:45.641 [main] UsersDAOTest - USERID12
[INFO ] 2021-02-20 16:23:05.676 [main] UsersDAOTest - USERID14
[INFO ] 2021-02-20 16:23:55.773 [main] UsersDAOTest - USERID15
[INFO ] 2021-02-20 16:28:01.005 [main] UsersDAOTest - USERID16
[INFO ] 2021-02-20 16:40:10.701 [main] UsersDAOTest - USERID17
[INFO ] 2021-02-20 16:45:19.174 [main] UsersDAOTest - USERID18
[INFO ] 2021-02-20 16:52:06.146 [main] UsersDAOTest - USERID20
[INFO ] 2021-02-20 16:53:54.059 [main] UsersDAOTest - USERID21
[INFO ] 2021-02-20 16:53:54.347 [main] UsersDAOTest - username: [Users{userName='Manji', password='bananas', id='8'}, Users{userName='Manji', password='bananas', id='10'}, Users{userName='Manji', password='bananas', id='12'}, Users{userName='Manji', password='bananas', id='14'}, Users{userName='Manji', password='bananas', id='15'}, Users{userName='Manji', password='bananas', id='16'}, Users{userName='Manji', password='bananas', id='17'}, Users{userName='Manji', password='bananas', id='20'}, Users{userName='Manji', password='bananas', id='21'}]
[INFO ] 2021-02-21 08:17:45.725 [main] UsersDAOTest - USERID22
[INFO ] 2021-02-21 08:42:59.089 [main] UsersDAOTest - USERID23
[INFO ] 2021-02-21 08:49:01.911 [main] UsersDAOTest - USERID24
[INFO ] 2021-02-21 08:54:36.435 [main] UsersDAOTest - USERID25
[INFO ] 2021-02-21 08:56:29.270 [main] UsersDAOTest - USERID26
[INFO ] 2021-02-21 09:45:28.747 [main] UsersDAOTest - USERID28
[INFO ] 2021-02-21 09:51:43.211 [main] UsersDAOTest - USERID29
[INFO ] 2021-02-21 09:57:15.685 [main] UsersDAOTest - USERID30
[INFO ] 2021-02-21 12:23:41.120 [main] UsersDAOTest - USERID31
[INFO ] 2021-02-21 12:33:00.364 [main] UsersDAOTest - USERID32
[INFO ] 2021-02-21 12:45:30.488 [main] UsersDAOTest - USERID34
[INFO ] 2021-02-21 12:46:36.985 [main] UsersDAOTest - USERID36
[INFO ] 2021-02-21 13:11:23.980 [main] RecipesDAOTest - RECIPE ID3
[INFO ] 2021-02-21 13:22:15.549 [main] RecipesDAOTest - RECIPE ID4
[INFO ] 2021-02-21 13:24:13.174 [main] RecipesDAOTest - RECIPE ID5
[INFO ] 2021-02-21 13:30:38.683 [main] RecipesDAOTest - RECIPE ID6
[INFO ] 2021-02-21 13:36:16.086 [main] RecipesDAOTest - RECIPE ID7
[INFO ] 2021-02-21 13:38:39.338 [main] RecipesDAOTest - RECIPE ID8
[INFO ] 2021-02-21 13:48:48.750 [main] RecipesDAOTest - RECIPE ID9
[INFO ] 2021-02-21 13:51:10.307 [main] RecipesDAOTest - RECIPE ID10
[INFO ] 2021-02-21 13:52:07.371 [main] UsersDAOTest - USERID47
[INFO ] 2021-02-21 13:52:07.479 [main] UsersDAOTest - USERID48
[INFO ] 2021-02-21 13:52:07.507 [main] UsersDAO - Save/Update: Users{userName='The Big Lebowski', password='bananas', id='48'}
[INFO ] 2021-02-21 13:52:07.746 [main] UsersDAOTest - Test updatedUser: [Users{userName='The Big Lebowski', password='bananas', id='48'}]
[INFO ] 2021-02-21 13:52:07.774 [main] UsersDAOTest - USERID49
[INFO ] 2021-02-21 13:52:07.838 [main] UsersDAOTest - USERID51
[INFO ] 2021-02-21 13:52:07.857 [main] UsersDAOTest - username: [Users{userName='Manji', password='bananas', id='51'}]
[INFO ] 2021-02-21 13:52:07.896 [main] UsersDAOTest - USERID52
[INFO ] 2021-02-21 13:52:07.978 [main] UsersDAOTest - USERID54
[INFO ] 2021-02-21 13:52:08.025 [main] UsersDAOTest - USERID55
[INFO ] 2021-02-21 13:57:43.902 [main] UsersDAOTest - USERID56
[INFO ] 2021-02-21 13:57:43.994 [main] UsersDAOTest - USERID57
[INFO ] 2021-02-21 13:57:44.030 [main] UsersDAO - Save/Update: Users{userName='The Big Lebowski', password='bananas', id='57'}
[INFO ] 2021-02-21 13:57:44.313 [main] UsersDAOTest - Test updatedUser: [Users{userName='The Big Lebowski', password='bananas', id='57'}]
[INFO ] 2021-02-21 13:57:44.349 [main] UsersDAOTest - USERID58
[INFO ] 2021-02-21 13:57:44.359 [main] UsersDAOTest - username: [Users{userName='Manji', password='bananas', id='58'}]
[INFO ] 2021-02-21 13:57:44.395 [main] UsersDAOTest - USERID59
[INFO ] 2021-02-21 13:57:44.479 [main] UsersDAOTest - USERID61
[INFO ] 2021-02-21 13:57:44.521 [main] UsersDAOTest - USERID62
[INFO ] 2021-02-21 13:58:30.761 [main] RecipesDAOTest - RECIPE ID11
[INFO ] 2021-02-21 13:59:50.532 [main] RecipesDAOTest - RECIPE ID12
[INFO ] 2021-02-21 14:27:08.100 [main] RecipesDAOTest - RECIPE ID13
[INFO ] 2021-02-21 14:40:57.500 [main] RecipesDAOTest - RECIPE ID14
[INFO ] 2021-02-21 14:42:10.244 [main] RecipesDAOTest - RECIPE ID15
[INFO ] 2021-02-21 14:42:10.507 [main] RecipesDAOTest - recipe name: [Recipes{recipe_id=14, recipe_name='Chicken Tikka Masala', public_recipe=1, user=Users{userName='Lucy', password='bananas', id='66'}}, Recipes{recipe_id=15, recipe_name='Chicken Tikka Masala', public_recipe=1, user=Users{userName='Lucy', password='bananas', id='67'}}]
[INFO ] 2021-02-21 14:47:27.249 [main] RecipesDAOTest - after clean: 2
[INFO ] 2021-02-21 14:47:27.312 [main] RecipesDAOTest - after creating user: 2
[INFO ] 2021-02-21 14:47:27.343 [main] RecipesDAOTest - after created recipe3
[INFO ] 2021-02-21 14:47:27.425 [main] RecipesDAOTest - recipe name: [Recipes{recipe_id=14, recipe_name='Chicken Tikka Masala', public_recipe=1, user=Users{userName='Lucy', password='bananas', id='66'}}, Recipes{recipe_id=15, recipe_name='Chicken Tikka Masala', public_recipe=1, user=Users{userName='Lucy', password='bananas', id='67'}}, Recipes{recipe_id=16, recipe_name='Chicken Tikka Masala', public_recipe=1, user=Users{userName='Lucy', password='bananas', id='68'}}]
[INFO ] 2021-02-21 14:49:39.310 [main] RecipesDAOTest - after clean: 3
[INFO ] 2021-02-21 14:49:39.374 [main] RecipesDAOTest - after creating user: 3
[INFO ] 2021-02-21 14:49:39.411 [main] RecipesDAOTest - after created recipe4
[INFO ] 2021-02-21 14:49:39.499 [main] RecipesDAOTest - recipe name: [Recipes{recipe_id=14, recipe_name='Chicken Tikka Masala', public_recipe=1, user=Users{userName='Lucy', password='bananas', id='66'}}, Recipes{recipe_id=15, recipe_name='Chicken Tikka Masala', public_recipe=1, user=Users{userName='Lucy', password='bananas', id='67'}}, Recipes{recipe_id=16, recipe_name='Chicken Tikka Masala', public_recipe=1, user=Users{userName='Lucy', password='bananas', id='68'}}, Recipes{recipe_id=17, recipe_name='Chicken Tikka Masala', public_recipe=1, user=Users{userName='Lucy', password='bananas', id='69'}}]
[INFO ] 2021-02-21 14:50:38.093 [main] RecipesDAOTest - after clean: 4
[INFO ] 2021-02-21 14:50:38.169 [main] RecipesDAOTest - after creating user: 4
[INFO ] 2021-02-21 14:50:38.206 [main] RecipesDAOTest - after created recipe5
[INFO ] 2021-02-21 14:57:09.305 [main] RecipesDAOTest - after clean: 5
[INFO ] 2021-02-21 14:57:09.379 [main] RecipesDAOTest - after creating user: 5
[INFO ] 2021-02-21 14:57:09.426 [main] RecipesDAOTest - after created recipe6
[INFO ] 2021-02-21 14:58:09.346 [main] RecipesDAOTest - after clean: 6
[INFO ] 2021-02-21 14:58:09.426 [main] RecipesDAOTest - after creating user: 6
[INFO ] 2021-02-21 14:58:09.475 [main] RecipesDAOTest - after created recipe7
[INFO ] 2021-02-21 15:04:09.315 [main] RecipesDAOTest - after clean: 7
[INFO ] 2021-02-21 15:04:09.438 [main] RecipesDAOTest - after creating user: 7
[INFO ] 2021-02-21 15:04:09.498 [main] RecipesDAOTest - after created recipe8
[INFO ] 2021-02-21 15:04:44.622 [main] RecipesDAOTest - after clean: 8
[INFO ] 2021-02-21 15:04:44.744 [main] RecipesDAOTest - after creating user: 8
[INFO ] 2021-02-21 15:04:44.797 [main] RecipesDAOTest - after created recipe9
[INFO ] 2021-02-21 15:05:04.471 [main] RecipesDAOTest - after clean: 9
[INFO ] 2021-02-21 15:05:04.575 [main] RecipesDAOTest - after creating user: 9
[INFO ] 2021-02-21 15:05:04.642 [main] RecipesDAOTest - after created recipe10
[INFO ] 2021-02-21 15:06:52.832 [main] RecipesDAOTest - after clean: 10
[INFO ] 2021-02-21 15:06:52.935 [main] RecipesDAOTest - after creating user: 10
[INFO ] 2021-02-21 15:06:52.986 [main] RecipesDAOTest - after created recipe11
[INFO ] 2021-02-21 15:06:53.086 [main] RecipesDAOTest - recipe name: [Recipes{recipe_id=14, recipe_name='Chicken Tikka Masala', public_recipe=1, user=Users{userName='Lucy', password='bananas', id='66'}}, Recipes{recipe_id=15, recipe_name='Chicken Tikka Masala', public_recipe=1, user=Users{userName='Lucy', password='bananas', id='67'}}, Recipes{recipe_id=16, recipe_name='Chicken Tikka Masala', public_recipe=1, user=Users{userName='Lucy', password='bananas', id='68'}}, Recipes{recipe_id=17, recipe_name='Chicken Tikka Masala', public_recipe=1, user=Users{userName='Lucy', password='bananas', id='69'}}, Recipes{recipe_id=18, recipe_name='Chicken Tikka Masala', public_recipe=1, user=Users{userName='Lucy', password='bananas', id='70'}}, Recipes{recipe_id=19, recipe_name='Chicken Tikka Masala', public_recipe=1, user=Users{userName='Lucy', password='bananas', id='71'}}, Recipes{recipe_id=20, recipe_name='Chicken Tikka Masala', public_recipe=1, user=Users{userName='Lucy', password='bananas', id='72'}}, Recipes{recipe_id=21, recipe_name='Chicken Tikka Masala', public_recipe=1, user=Users{userName='Lucy', password='bananas', id='73'}}, Recipes{recipe_id=22, recipe_name='Chicken Tikka Masala', public_recipe=1, user=Users{userName='Lucy', password='bananas', id='74'}}, Recipes{recipe_id=23, recipe_name='Chicken Tikka Masala', public_recipe=1, user=Users{userName='Lucy', password='bananas', id='75'}}, Recipes{recipe_id=24, recipe_name='Chicken Tikka Masala', public_recipe=1, user=Users{userName='Lucy', password='bananas', id='76'}}]
[INFO ] 2021-02-21 15:07:24.001 [main] RecipesDAOTest - after clean: 11
[INFO ] 2021-02-21 15:07:24.099 [main] RecipesDAOTest - after creating user: 11
[INFO ] 2021-02-21 15:07:24.157 [main] RecipesDAOTest - after created recipe12
[INFO ] 2021-02-21 15:12:47.272 [main] RecipesDAOTest - after clean: 0
[INFO ] 2021-02-21 15:12:47.378 [main] RecipesDAOTest - after creating user: 0
[INFO ] 2021-02-21 15:12:47.407 [main] RecipesDAOTest - after created recipe1
[INFO ] 2021-02-21 15:12:47.493 [main] RecipesDAOTest - recipe name: [Recipes{recipe_id=26, recipe_name='Chicken Tikka Masala', public_recipe=1, user=Users{userName='Lucy', password='bananas', id='78'}}]
[INFO ] 2021-02-21 15:14:38.719 [main] RecipesDAOTest - after clean: 0
[INFO ] 2021-02-21 15:14:38.804 [main] RecipesDAOTest - after creating user: 0
[INFO ] 2021-02-21 15:14:38.826 [main] RecipesDAOTest - after created recipe1
[INFO ] 2021-02-21 15:17:54.561 [main] RecipesDAOTest - after clean: 1
[INFO ] 2021-02-21 15:17:54.632 [main] RecipesDAOTest - after creating user: 1
[INFO ] 2021-02-21 15:17:54.662 [main] RecipesDAOTest - after created recipe2
[INFO ] 2021-02-21 15:20:36.633 [main] RecipesDAOTest - after clean: 0
[INFO ] 2021-02-21 15:20:36.709 [main] RecipesDAOTest - after creating user: 0
[INFO ] 2021-02-21 15:20:36.727 [main] RecipesDAOTest - after created recipe1
[INFO ] 2021-02-21 15:20:36.772 [main] RecipesDAO - Save/Update: Recipes{recipe_id=30, recipe_name='The Big Lebowski's big, scary meal', public_recipe=1, user=Users{userName='Lucy', password='bananas', id='81'}}
[INFO ] 2021-02-21 15:20:36.824 [main] RecipesDAOTest - Test updatedUser: [Recipes{recipe_id=30, recipe_name='The Big Lebowski's big, scary meal', public_recipe=1, user=Users{userName='Lucy', password='bananas', id='81'}}]
[INFO ] 2021-02-21 15:23:07.211 [main] RecipesDAOTest - after clean: 0
[INFO ] 2021-02-21 15:23:07.297 [main] RecipesDAOTest - after creating user: 0
[INFO ] 2021-02-21 15:23:07.324 [main] RecipesDAOTest - after created recipe1
[INFO ] 2021-02-21 15:25:42.587 [main] RecipesDAOTest - after clean: 0
[INFO ] 2021-02-21 15:25:42.680 [main] RecipesDAOTest - after creating user: 0
[INFO ] 2021-02-21 15:25:42.703 [main] RecipesDAOTest - after created recipe1
[INFO ] 2021-02-21 15:25:42.738 [main] RecipesDAOTest - after clean: 1
[INFO ] 2021-02-21 15:25:42.765 [main] RecipesDAOTest - after creating user: 1
[INFO ] 2021-02-21 15:25:42.807 [main] RecipesDAOTest - after created recipe2
[INFO ] 2021-02-21 15:25:42.884 [main] RecipesDAOTest - recipe name: [Recipes{recipe_id=32, recipe_name='Chicken Tikka Masala', public_recipe=1, user=Users{userName='Lucy', password='bananas', id='83'}}, Recipes{recipe_id=33, recipe_name='Chicken Tikka Masala', public_recipe=1, user=Users{userName='Lucy', password='bananas', id='84'}}]
[INFO ] 2021-02-21 15:25:42.917 [main] RecipesDAOTest - after clean: 2
[INFO ] 2021-02-21 15:25:42.952 [main] RecipesDAOTest - after creating user: 2
[INFO ] 2021-02-21 15:25:42.980 [main] RecipesDAOTest - after created recipe3
[INFO ] 2021-02-21 15:25:42.991 [main] RecipesDAO - Save/Update: Recipes{recipe_id=34, recipe_name='The Big Lebowski's big, scary meal', public_recipe=1, user=Users{userName='Lucy', password='bananas', id='85'}}
[INFO ] 2021-02-21 15:25:43.013 [main] RecipesDAOTest - Test updatedUser: [Recipes{recipe_id=34, recipe_name='The Big Lebowski's big, scary meal', public_recipe=1, user=Users{userName='Lucy', password='bananas', id='85'}}]
[INFO ] 2021-02-21 15:25:43.038 [main] RecipesDAOTest - after clean: 3
[INFO ] 2021-02-21 15:25:43.070 [main] RecipesDAOTest - after creating user: 3
[INFO ] 2021-02-21 15:25:43.108 [main] RecipesDAOTest - after created recipe4
[INFO ] 2021-02-21 15:25:43.137 [main] RecipesDAOTest - after clean: 4
[INFO ] 2021-02-21 15:25:43.162 [main] RecipesDAOTest - after creating user: 4
[INFO ] 2021-02-21 15:25:43.204 [main] RecipesDAOTest - after created recipe5
[INFO ] 2021-02-21 15:25:43.255 [main] RecipesDAOTest - after clean: 4
[INFO ] 2021-02-21 15:25:43.281 [main] RecipesDAOTest - after creating user: 4
[INFO ] 2021-02-21 15:25:43.316 [main] RecipesDAOTest - after created recipe5
[INFO ] 2021-02-21 15:29:03.435 [main] RecipesDAOTest - after clean: 6
[INFO ] 2021-02-21 15:29:03.558 [main] RecipesDAOTest - after creating user: 6
[INFO ] 2021-02-21 15:29:03.642 [main] RecipesDAOTest - after created recipe7
[INFO ] 2021-02-21 15:29:03.754 [main] RecipesDAOTest - after clean: 7
[INFO ] 2021-02-21 15:29:03.801 [main] RecipesDAOTest - after creating user: 7
[INFO ] 2021-02-21 15:29:03.832 [main] RecipesDAOTest - after created recipe8
[INFO ] 2021-02-21 15:29:03.915 [main] RecipesDAOTest - recipe name: [Recipes{recipe_id=32, recipe_name='Chicken Tikka Masala', public_recipe=1, user=Users{userName='Lucy', password='bananas', id='83'}}, Recipes{recipe_id=33, recipe_name='Chicken Tikka Masala', public_recipe=1, user=Users{userName='Lucy', password='bananas', id='84'}}, Recipes{recipe_id=35, recipe_name='Chicken Tikka Masala', public_recipe=1, user=Users{userName='Lucy', password='bananas', id='86'}}, Recipes{recipe_id=37, recipe_name='Chicken Tikka Masala', public_recipe=1, user=Users{userName='Lucy', password='bananas', id='88'}}, Recipes{recipe_id=39, recipe_name='Chicken Tikka Masala', public_recipe=1, user=Users{userName='Lucy', password='bananas', id='89'}}, Recipes{recipe_id=40, recipe_name='Chicken Tikka Masala', public_recipe=1, user=Users{userName='Lucy', password='bananas', id='90'}}]
[INFO ] 2021-02-21 15:29:03.965 [main] RecipesDAOTest - after clean: 8
[INFO ] 2021-02-21 15:29:04.011 [main] RecipesDAOTest - after creating user: 8
[INFO ] 2021-02-21 15:29:04.040 [main] RecipesDAOTest - after created recipe9
[INFO ] 2021-02-21 15:29:04.049 [main] RecipesDAO - Save/Update: Recipes{recipe_id=41, recipe_name='The Big Lebowski's big, scary meal', public_recipe=1, user=Users{userName='Lucy', password='bananas', id='91'}}
[INFO ] 2021-02-21 15:29:04.070 [main] RecipesDAOTest - Test updatedUser: [Recipes{recipe_id=34, recipe_name='The Big Lebowski's big, scary meal', public_recipe=1, user=Users{userName='Lucy', password='bananas', id='85'}}, Recipes{recipe_id=41, recipe_name='The Big Lebowski's big, scary meal', public_recipe=1, user=Users{userName='Lucy', password='bananas', id='91'}}]
[INFO ] 2021-02-21 15:29:04.107 [main] RecipesDAOTest - after clean: 9
[INFO ] 2021-02-21 15:29:04.161 [main] RecipesDAOTest - after creating user: 9
[INFO ] 2021-02-21 15:29:04.202 [main] RecipesDAOTest - after created recipe10
[INFO ] 2021-02-21 15:29:04.259 [main] RecipesDAOTest - after clean: 10
[INFO ] 2021-02-21 15:29:04.316 [main] RecipesDAOTest - after creating user: 10
[INFO ] 2021-02-21 15:29:04.354 [main] RecipesDAOTest - after created recipe11
[INFO ] 2021-02-21 15:29:04.406 [main] RecipesDAOTest - after clean: 10
[INFO ] 2021-02-21 15:29:04.457 [main] RecipesDAOTest - after creating user: 10
[INFO ] 2021-02-21 15:29:04.490 [main] RecipesDAOTest - after created recipe11
[INFO ] 2021-02-21 15:39:03.781 [main] RecipesDAOTest - after clean: 0
[INFO ] 2021-02-21 15:39:03.862 [main] RecipesDAOTest - after creating user: 0
[INFO ] 2021-02-21 15:39:03.881 [main] RecipesDAOTest - after created recipe1
[INFO ] 2021-02-21 15:39:03.921 [main] RecipesDAOTest - after clean: 0
[INFO ] 2021-02-21 15:39:03.939 [main] RecipesDAOTest - after creating user: 0
[INFO ] 2021-02-21 15:39:03.954 [main] RecipesDAOTest - after created recipe1
[INFO ] 2021-02-21 15:39:04.031 [main] RecipesDAOTest - recipe name: [Recipes{recipe_id=47, recipe_name='Chicken Tikka Masala', public_recipe=1, user=Users{userName='Lucy', password='bananas', id='96'}}]
[INFO ] 2021-02-21 15:39:04.052 [main] RecipesDAOTest - after clean: 0
[INFO ] 2021-02-21 15:39:04.070 [main] RecipesDAOTest - after creating user: 0
[INFO ] 2021-02-21 15:39:04.091 [main] RecipesDAOTest - after created recipe1
[INFO ] 2021-02-21 15:39:04.110 [main] RecipesDAO - Save/Update: Recipes{recipe_id=48, recipe_name='The Big Lebowski's big, scary meal', public_recipe=1, user=Users{userName='Lucy', password='bananas', id='97'}}
[INFO ] 2021-02-21 15:39:04.140 [main] RecipesDAOTest - Test updatedUser: [Recipes{recipe_id=48, recipe_name='The Big Lebowski's big, scary meal', public_recipe=1, user=Users{userName='Lucy', password='bananas', id='97'}}]
[INFO ] 2021-02-21 15:39:04.161 [main] RecipesDAOTest - after clean: 0
[INFO ] 2021-02-21 15:39:04.180 [main] RecipesDAOTest - after creating user: 0
[INFO ] 2021-02-21 15:39:04.193 [main] RecipesDAOTest - after created recipe1
[INFO ] 2021-02-21 15:39:04.229 [main] RecipesDAOTest - after clean: 0
[INFO ] 2021-02-21 15:39:04.256 [main] RecipesDAOTest - after creating user: 0
[INFO ] 2021-02-21 15:39:04.282 [main] RecipesDAOTest - after created recipe1
[INFO ] 2021-02-21 15:39:04.341 [main] RecipesDAOTest - after clean: 0
[INFO ] 2021-02-21 15:39:04.357 [main] RecipesDAOTest - after creating user: 0
[INFO ] 2021-02-21 15:39:04.376 [main] RecipesDAOTest - after created recipe1
[INFO ] 2021-02-21 15:39:18.654 [main] RecipesDAOTest - after clean: 0
[INFO ] 2021-02-21 15:39:18.760 [main] RecipesDAOTest - after creating user: 0
[INFO ] 2021-02-21 15:39:18.780 [main] RecipesDAOTest - after created recipe1
[INFO ] 2021-02-21 15:39:18.832 [main] RecipesDAOTest - after clean: 0
[INFO ] 2021-02-21 15:39:18.850 [main] RecipesDAOTest - after creating user: 0
[INFO ] 2021-02-21 15:39:18.874 [main] RecipesDAOTest - after created recipe1
[INFO ] 2021-02-21 15:39:18.954 [main] RecipesDAOTest - recipe name: [Recipes{recipe_id=54, recipe_name='Chicken Tikka Masala', public_recipe=1, user=Users{userName='Lucy', password='bananas', id='102'}}]
[INFO ] 2021-02-21 15:39:18.980 [main] RecipesDAOTest - after clean: 0
[INFO ] 2021-02-21 15:39:18.997 [main] RecipesDAOTest - after creating user: 0
[INFO ] 2021-02-21 15:39:19.017 [main] RecipesDAOTest - after created recipe1
[INFO ] 2021-02-21 15:39:19.030 [main] RecipesDAO - Save/Update: Recipes{recipe_id=55, recipe_name='The Big Lebowski's big, scary meal', public_recipe=1, user=Users{userName='Lucy', password='bananas', id='103'}}
[INFO ] 2021-02-21 15:39:19.056 [main] RecipesDAOTest - Test updatedUser: [Recipes{recipe_id=55, recipe_name='The Big Lebowski's big, scary meal', public_recipe=1, user=Users{userName='Lucy', password='bananas', id='103'}}]
[INFO ] 2021-02-21 15:39:19.078 [main] RecipesDAOTest - after clean: 0
[INFO ] 2021-02-21 15:39:19.095 [main] RecipesDAOTest - after creating user: 0
[INFO ] 2021-02-21 15:39:19.109 [main] RecipesDAOTest - after created recipe1
[INFO ] 2021-02-21 15:39:19.151 [main] RecipesDAOTest - after clean: 0
[INFO ] 2021-02-21 15:39:19.167 [main] RecipesDAOTest - after creating user: 0
[INFO ] 2021-02-21 15:39:19.184 [main] RecipesDAOTest - after created recipe1
[INFO ] 2021-02-21 15:39:19.260 [main] RecipesDAOTest - after clean: 0
[INFO ] 2021-02-21 15:39:19.277 [main] RecipesDAOTest - after creating user: 0
[INFO ] 2021-02-21 15:39:19.291 [main] RecipesDAOTest - after created recipe1
[INFO ] 2021-02-21 15:40:13.193 [main] UsersDAOTest - USERID107
[INFO ] 2021-02-21 15:40:13.280 [main] UsersDAOTest - USERID108
[INFO ] 2021-02-21 15:40:13.311 [main] UsersDAO - Save/Update: Users{userName='The Big Lebowski', password='bananas', id='108'}
[INFO ] 2021-02-21 15:40:13.572 [main] UsersDAOTest - Test updatedUser: [Users{userName='The Big Lebowski', password='bananas', id='108'}]
[INFO ] 2021-02-21 15:40:13.608 [main] UsersDAOTest - USERID109
[INFO ] 2021-02-21 15:40:13.622 [main] UsersDAOTest - username: [Users{userName='Manji', password='bananas', id='109'}]
[INFO ] 2021-02-21 15:40:13.658 [main] UsersDAOTest - USERID110
[INFO ] 2021-02-21 15:40:13.776 [main] UsersDAOTest - USERID112
[INFO ] 2021-02-21 15:40:13.835 [main] UsersDAOTest - USERID113
[INFO ] 2021-02-21 15:43:41.424 [main] RecipesDAOTest - after clean: 0
[INFO ] 2021-02-21 15:43:41.509 [main] RecipesDAOTest - after creating user: 0
[INFO ] 2021-02-21 15:43:41.529 [main] RecipesDAOTest - after created recipe1
[INFO ] 2021-02-21 15:43:41.569 [main] RecipesDAOTest - after clean: 0
[INFO ] 2021-02-21 15:43:41.591 [main] RecipesDAOTest - after creating user: 0
[INFO ] 2021-02-21 15:43:41.622 [main] RecipesDAOTest - after created recipe1
[INFO ] 2021-02-21 15:43:41.700 [main] RecipesDAOTest - recipe name: [Recipes{recipe_id=61, recipe_name='Chicken Tikka Masala', public_recipe=1, user=Users{userName='Lucy', password='bananas', id='115'}}]
[INFO ] 2021-02-21 15:43:41.721 [main] RecipesDAOTest - after clean: 0
[INFO ] 2021-02-21 15:43:41.744 [main] RecipesDAOTest - after creating user: 0
[INFO ] 2021-02-21 15:43:41.767 [main] RecipesDAOTest - after created recipe1
[INFO ] 2021-02-21 15:43:41.779 [main] RecipesDAO - Save/Update: Recipes{recipe_id=62, recipe_name='The Big Lebowski's big, scary meal', public_recipe=1, user=Users{userName='Lucy', password='bananas', id='116'}}
[INFO ] 2021-02-21 15:43:41.801 [main] RecipesDAOTest - Test updatedUser: [Recipes{recipe_id=62, recipe_name='The Big Lebowski's big, scary meal', public_recipe=1, user=Users{userName='Lucy', password='bananas', id='116'}}]
[INFO ] 2021-02-21 15:43:41.821 [main] RecipesDAOTest - after clean: 0
[INFO ] 2021-02-21 15:43:41.838 [main] RecipesDAOTest - after creating user: 0
[INFO ] 2021-02-21 15:43:41.852 [main] RecipesDAOTest - after created recipe1
[INFO ] 2021-02-21 15:43:41.882 [main] RecipesDAOTest - after clean: 0
[INFO ] 2021-02-21 15:43:41.910 [main] RecipesDAOTest - after creating user: 0
[INFO ] 2021-02-21 15:43:41.931 [main] RecipesDAOTest - after created recipe1
[INFO ] 2021-02-21 15:43:41.979 [main] RecipesDAOTest - after clean: 0
[INFO ] 2021-02-21 15:43:41.995 [main] RecipesDAOTest - after creating user: 0
[INFO ] 2021-02-21 15:43:42.012 [main] RecipesDAOTest - after created recipe1
